[2024-07-17T08:14:06.720+0000] {processor.py:161} INFO - Started process (PID=80) to work on /home/airflow/.local/lib/python3.12/site-packages/airflow/example_dags/example_python_operator.py
[2024-07-17T08:14:06.723+0000] {processor.py:830} INFO - Processing file /home/airflow/.local/lib/python3.12/site-packages/airflow/example_dags/example_python_operator.py for tasks to queue
[2024-07-17T08:14:06.726+0000] {logging_mixin.py:188} INFO - [2024-07-17T08:14:06.725+0000] {dagbag.py:545} INFO - Filling up the DagBag from /home/airflow/.local/lib/python3.12/site-packages/airflow/example_dags/example_python_operator.py
[2024-07-17T08:14:06.744+0000] {processor.py:840} INFO - DAG(s) 'example_python_operator' retrieved from /home/airflow/.local/lib/python3.12/site-packages/airflow/example_dags/example_python_operator.py
[2024-07-17T08:14:06.912+0000] {logging_mixin.py:188} INFO - [2024-07-17T08:14:06.911+0000] {dag.py:3089} INFO - Sync 1 DAGs
[2024-07-17T08:14:06.935+0000] {logging_mixin.py:188} INFO - [2024-07-17T08:14:06.935+0000] {dag.py:3947} INFO - Setting next_dagrun for example_python_operator to None, run_after=None
[2024-07-17T08:14:07.054+0000] {processor.py:183} INFO - Processing /home/airflow/.local/lib/python3.12/site-packages/airflow/example_dags/example_python_operator.py took 0.345 seconds
[2024-07-17T08:14:37.287+0000] {processor.py:161} INFO - Started process (PID=138) to work on /home/airflow/.local/lib/python3.12/site-packages/airflow/example_dags/example_python_operator.py
[2024-07-17T08:14:37.288+0000] {processor.py:830} INFO - Processing file /home/airflow/.local/lib/python3.12/site-packages/airflow/example_dags/example_python_operator.py for tasks to queue
[2024-07-17T08:14:37.291+0000] {logging_mixin.py:188} INFO - [2024-07-17T08:14:37.291+0000] {dagbag.py:545} INFO - Filling up the DagBag from /home/airflow/.local/lib/python3.12/site-packages/airflow/example_dags/example_python_operator.py
[2024-07-17T08:14:37.306+0000] {processor.py:840} INFO - DAG(s) 'example_python_operator' retrieved from /home/airflow/.local/lib/python3.12/site-packages/airflow/example_dags/example_python_operator.py
[2024-07-17T08:14:37.338+0000] {logging_mixin.py:188} INFO - [2024-07-17T08:14:37.338+0000] {dag.py:3089} INFO - Sync 1 DAGs
[2024-07-17T08:14:37.355+0000] {logging_mixin.py:188} INFO - [2024-07-17T08:14:37.355+0000] {dag.py:3947} INFO - Setting next_dagrun for example_python_operator to None, run_after=None
[2024-07-17T08:14:37.492+0000] {processor.py:183} INFO - Processing /home/airflow/.local/lib/python3.12/site-packages/airflow/example_dags/example_python_operator.py took 0.213 seconds
[2024-07-17T08:15:07.577+0000] {processor.py:161} INFO - Started process (PID=194) to work on /home/airflow/.local/lib/python3.12/site-packages/airflow/example_dags/example_python_operator.py
[2024-07-17T08:15:07.579+0000] {processor.py:830} INFO - Processing file /home/airflow/.local/lib/python3.12/site-packages/airflow/example_dags/example_python_operator.py for tasks to queue
[2024-07-17T08:15:07.587+0000] {logging_mixin.py:188} INFO - [2024-07-17T08:15:07.587+0000] {dagbag.py:545} INFO - Filling up the DagBag from /home/airflow/.local/lib/python3.12/site-packages/airflow/example_dags/example_python_operator.py
[2024-07-17T08:15:07.602+0000] {processor.py:840} INFO - DAG(s) 'example_python_operator' retrieved from /home/airflow/.local/lib/python3.12/site-packages/airflow/example_dags/example_python_operator.py
[2024-07-17T08:15:07.634+0000] {logging_mixin.py:188} INFO - [2024-07-17T08:15:07.634+0000] {dag.py:3089} INFO - Sync 1 DAGs
[2024-07-17T08:15:07.656+0000] {logging_mixin.py:188} INFO - [2024-07-17T08:15:07.655+0000] {dag.py:3947} INFO - Setting next_dagrun for example_python_operator to None, run_after=None
[2024-07-17T08:15:07.756+0000] {processor.py:183} INFO - Processing /home/airflow/.local/lib/python3.12/site-packages/airflow/example_dags/example_python_operator.py took 0.187 seconds
[2024-07-17T08:15:38.467+0000] {processor.py:161} INFO - Started process (PID=252) to work on /home/airflow/.local/lib/python3.12/site-packages/airflow/example_dags/example_python_operator.py
[2024-07-17T08:15:38.469+0000] {processor.py:830} INFO - Processing file /home/airflow/.local/lib/python3.12/site-packages/airflow/example_dags/example_python_operator.py for tasks to queue
[2024-07-17T08:15:38.474+0000] {logging_mixin.py:188} INFO - [2024-07-17T08:15:38.473+0000] {dagbag.py:545} INFO - Filling up the DagBag from /home/airflow/.local/lib/python3.12/site-packages/airflow/example_dags/example_python_operator.py
[2024-07-17T08:15:38.494+0000] {processor.py:840} INFO - DAG(s) 'example_python_operator' retrieved from /home/airflow/.local/lib/python3.12/site-packages/airflow/example_dags/example_python_operator.py
[2024-07-17T08:15:38.526+0000] {logging_mixin.py:188} INFO - [2024-07-17T08:15:38.525+0000] {dag.py:3089} INFO - Sync 1 DAGs
[2024-07-17T08:15:38.545+0000] {logging_mixin.py:188} INFO - [2024-07-17T08:15:38.545+0000] {dag.py:3947} INFO - Setting next_dagrun for example_python_operator to None, run_after=None
[2024-07-17T08:15:38.624+0000] {processor.py:183} INFO - Processing /home/airflow/.local/lib/python3.12/site-packages/airflow/example_dags/example_python_operator.py took 0.171 seconds
[2024-07-17T08:16:09.650+0000] {processor.py:161} INFO - Started process (PID=310) to work on /home/airflow/.local/lib/python3.12/site-packages/airflow/example_dags/example_python_operator.py
[2024-07-17T08:16:09.651+0000] {processor.py:830} INFO - Processing file /home/airflow/.local/lib/python3.12/site-packages/airflow/example_dags/example_python_operator.py for tasks to queue
[2024-07-17T08:16:09.654+0000] {logging_mixin.py:188} INFO - [2024-07-17T08:16:09.654+0000] {dagbag.py:545} INFO - Filling up the DagBag from /home/airflow/.local/lib/python3.12/site-packages/airflow/example_dags/example_python_operator.py
[2024-07-17T08:16:09.668+0000] {processor.py:840} INFO - DAG(s) 'example_python_operator' retrieved from /home/airflow/.local/lib/python3.12/site-packages/airflow/example_dags/example_python_operator.py
[2024-07-17T08:16:09.705+0000] {logging_mixin.py:188} INFO - [2024-07-17T08:16:09.705+0000] {dag.py:3089} INFO - Sync 1 DAGs
[2024-07-17T08:16:09.728+0000] {logging_mixin.py:188} INFO - [2024-07-17T08:16:09.727+0000] {dag.py:3947} INFO - Setting next_dagrun for example_python_operator to None, run_after=None
[2024-07-17T08:16:10.019+0000] {processor.py:183} INFO - Processing /home/airflow/.local/lib/python3.12/site-packages/airflow/example_dags/example_python_operator.py took 0.378 seconds
[2024-07-17T08:16:41.876+0000] {processor.py:161} INFO - Started process (PID=368) to work on /home/airflow/.local/lib/python3.12/site-packages/airflow/example_dags/example_python_operator.py
[2024-07-17T08:16:41.878+0000] {processor.py:830} INFO - Processing file /home/airflow/.local/lib/python3.12/site-packages/airflow/example_dags/example_python_operator.py for tasks to queue
[2024-07-17T08:16:41.881+0000] {logging_mixin.py:188} INFO - [2024-07-17T08:16:41.881+0000] {dagbag.py:545} INFO - Filling up the DagBag from /home/airflow/.local/lib/python3.12/site-packages/airflow/example_dags/example_python_operator.py
[2024-07-17T08:16:41.898+0000] {processor.py:840} INFO - DAG(s) 'example_python_operator' retrieved from /home/airflow/.local/lib/python3.12/site-packages/airflow/example_dags/example_python_operator.py
[2024-07-17T08:16:41.932+0000] {logging_mixin.py:188} INFO - [2024-07-17T08:16:41.931+0000] {dag.py:3089} INFO - Sync 1 DAGs
[2024-07-17T08:16:41.951+0000] {logging_mixin.py:188} INFO - [2024-07-17T08:16:41.951+0000] {dag.py:3947} INFO - Setting next_dagrun for example_python_operator to None, run_after=None
[2024-07-17T08:16:42.305+0000] {processor.py:183} INFO - Processing /home/airflow/.local/lib/python3.12/site-packages/airflow/example_dags/example_python_operator.py took 0.438 seconds
[2024-07-17T08:17:13.787+0000] {processor.py:161} INFO - Started process (PID=426) to work on /home/airflow/.local/lib/python3.12/site-packages/airflow/example_dags/example_python_operator.py
[2024-07-17T08:17:13.789+0000] {processor.py:830} INFO - Processing file /home/airflow/.local/lib/python3.12/site-packages/airflow/example_dags/example_python_operator.py for tasks to queue
[2024-07-17T08:17:13.792+0000] {logging_mixin.py:188} INFO - [2024-07-17T08:17:13.792+0000] {dagbag.py:545} INFO - Filling up the DagBag from /home/airflow/.local/lib/python3.12/site-packages/airflow/example_dags/example_python_operator.py
[2024-07-17T08:17:13.812+0000] {processor.py:840} INFO - DAG(s) 'example_python_operator' retrieved from /home/airflow/.local/lib/python3.12/site-packages/airflow/example_dags/example_python_operator.py
[2024-07-17T08:17:13.852+0000] {logging_mixin.py:188} INFO - [2024-07-17T08:17:13.852+0000] {dag.py:3089} INFO - Sync 1 DAGs
[2024-07-17T08:17:13.873+0000] {logging_mixin.py:188} INFO - [2024-07-17T08:17:13.873+0000] {dag.py:3947} INFO - Setting next_dagrun for example_python_operator to None, run_after=None
[2024-07-17T08:17:14.733+0000] {processor.py:183} INFO - Processing /home/airflow/.local/lib/python3.12/site-packages/airflow/example_dags/example_python_operator.py took 0.955 seconds
[2024-07-17T08:17:45.692+0000] {processor.py:161} INFO - Started process (PID=484) to work on /home/airflow/.local/lib/python3.12/site-packages/airflow/example_dags/example_python_operator.py
[2024-07-17T08:17:45.693+0000] {processor.py:830} INFO - Processing file /home/airflow/.local/lib/python3.12/site-packages/airflow/example_dags/example_python_operator.py for tasks to queue
[2024-07-17T08:17:45.696+0000] {logging_mixin.py:188} INFO - [2024-07-17T08:17:45.696+0000] {dagbag.py:545} INFO - Filling up the DagBag from /home/airflow/.local/lib/python3.12/site-packages/airflow/example_dags/example_python_operator.py
[2024-07-17T08:17:45.709+0000] {processor.py:840} INFO - DAG(s) 'example_python_operator' retrieved from /home/airflow/.local/lib/python3.12/site-packages/airflow/example_dags/example_python_operator.py
[2024-07-17T08:17:45.749+0000] {logging_mixin.py:188} INFO - [2024-07-17T08:17:45.748+0000] {dag.py:3089} INFO - Sync 1 DAGs
[2024-07-17T08:17:45.783+0000] {logging_mixin.py:188} INFO - [2024-07-17T08:17:45.782+0000] {dag.py:3947} INFO - Setting next_dagrun for example_python_operator to None, run_after=None
[2024-07-17T08:17:45.854+0000] {processor.py:183} INFO - Processing /home/airflow/.local/lib/python3.12/site-packages/airflow/example_dags/example_python_operator.py took 0.171 seconds
