[2024-07-17T08:14:09.303+0000] {processor.py:161} INFO - Started process (PID=89) to work on /home/airflow/.local/lib/python3.12/site-packages/airflow/example_dags/example_latest_only_with_trigger.py
[2024-07-17T08:14:09.305+0000] {processor.py:830} INFO - Processing file /home/airflow/.local/lib/python3.12/site-packages/airflow/example_dags/example_latest_only_with_trigger.py for tasks to queue
[2024-07-17T08:14:09.310+0000] {logging_mixin.py:188} INFO - [2024-07-17T08:14:09.309+0000] {dagbag.py:545} INFO - Filling up the DagBag from /home/airflow/.local/lib/python3.12/site-packages/airflow/example_dags/example_latest_only_with_trigger.py
[2024-07-17T08:14:09.323+0000] {processor.py:840} INFO - DAG(s) 'latest_only_with_trigger' retrieved from /home/airflow/.local/lib/python3.12/site-packages/airflow/example_dags/example_latest_only_with_trigger.py
[2024-07-17T08:14:09.532+0000] {logging_mixin.py:188} INFO - [2024-07-17T08:14:09.531+0000] {dag.py:3089} INFO - Sync 1 DAGs
[2024-07-17T08:14:09.569+0000] {logging_mixin.py:188} INFO - [2024-07-17T08:14:09.569+0000] {dag.py:3947} INFO - Setting next_dagrun for latest_only_with_trigger to 2024-07-17 04:00:00+00:00, run_after=2024-07-17 08:00:00+00:00
[2024-07-17T08:14:09.671+0000] {processor.py:183} INFO - Processing /home/airflow/.local/lib/python3.12/site-packages/airflow/example_dags/example_latest_only_with_trigger.py took 0.379 seconds
[2024-07-17T08:14:41.500+0000] {processor.py:161} INFO - Started process (PID=147) to work on /home/airflow/.local/lib/python3.12/site-packages/airflow/example_dags/example_latest_only_with_trigger.py
[2024-07-17T08:14:41.502+0000] {processor.py:830} INFO - Processing file /home/airflow/.local/lib/python3.12/site-packages/airflow/example_dags/example_latest_only_with_trigger.py for tasks to queue
[2024-07-17T08:14:41.505+0000] {logging_mixin.py:188} INFO - [2024-07-17T08:14:41.504+0000] {dagbag.py:545} INFO - Filling up the DagBag from /home/airflow/.local/lib/python3.12/site-packages/airflow/example_dags/example_latest_only_with_trigger.py
[2024-07-17T08:14:41.512+0000] {processor.py:840} INFO - DAG(s) 'latest_only_with_trigger' retrieved from /home/airflow/.local/lib/python3.12/site-packages/airflow/example_dags/example_latest_only_with_trigger.py
[2024-07-17T08:14:41.541+0000] {logging_mixin.py:188} INFO - [2024-07-17T08:14:41.540+0000] {dag.py:3089} INFO - Sync 1 DAGs
[2024-07-17T08:14:41.582+0000] {logging_mixin.py:188} INFO - [2024-07-17T08:14:41.581+0000] {dag.py:3947} INFO - Setting next_dagrun for latest_only_with_trigger to 2024-07-17 04:00:00+00:00, run_after=2024-07-17 08:00:00+00:00
[2024-07-17T08:14:41.665+0000] {processor.py:183} INFO - Processing /home/airflow/.local/lib/python3.12/site-packages/airflow/example_dags/example_latest_only_with_trigger.py took 0.173 seconds
[2024-07-17T08:15:11.839+0000] {processor.py:161} INFO - Started process (PID=203) to work on /home/airflow/.local/lib/python3.12/site-packages/airflow/example_dags/example_latest_only_with_trigger.py
[2024-07-17T08:15:11.840+0000] {processor.py:830} INFO - Processing file /home/airflow/.local/lib/python3.12/site-packages/airflow/example_dags/example_latest_only_with_trigger.py for tasks to queue
[2024-07-17T08:15:11.844+0000] {logging_mixin.py:188} INFO - [2024-07-17T08:15:11.843+0000] {dagbag.py:545} INFO - Filling up the DagBag from /home/airflow/.local/lib/python3.12/site-packages/airflow/example_dags/example_latest_only_with_trigger.py
[2024-07-17T08:15:11.852+0000] {processor.py:840} INFO - DAG(s) 'latest_only_with_trigger' retrieved from /home/airflow/.local/lib/python3.12/site-packages/airflow/example_dags/example_latest_only_with_trigger.py
[2024-07-17T08:15:11.887+0000] {logging_mixin.py:188} INFO - [2024-07-17T08:15:11.887+0000] {dag.py:3089} INFO - Sync 1 DAGs
[2024-07-17T08:15:11.921+0000] {logging_mixin.py:188} INFO - [2024-07-17T08:15:11.921+0000] {dag.py:3947} INFO - Setting next_dagrun for latest_only_with_trigger to 2024-07-17 04:00:00+00:00, run_after=2024-07-17 08:00:00+00:00
[2024-07-17T08:15:11.971+0000] {processor.py:183} INFO - Processing /home/airflow/.local/lib/python3.12/site-packages/airflow/example_dags/example_latest_only_with_trigger.py took 0.140 seconds
[2024-07-17T08:15:42.546+0000] {processor.py:161} INFO - Started process (PID=261) to work on /home/airflow/.local/lib/python3.12/site-packages/airflow/example_dags/example_latest_only_with_trigger.py
[2024-07-17T08:15:42.548+0000] {processor.py:830} INFO - Processing file /home/airflow/.local/lib/python3.12/site-packages/airflow/example_dags/example_latest_only_with_trigger.py for tasks to queue
[2024-07-17T08:15:42.551+0000] {logging_mixin.py:188} INFO - [2024-07-17T08:15:42.550+0000] {dagbag.py:545} INFO - Filling up the DagBag from /home/airflow/.local/lib/python3.12/site-packages/airflow/example_dags/example_latest_only_with_trigger.py
[2024-07-17T08:15:42.559+0000] {processor.py:840} INFO - DAG(s) 'latest_only_with_trigger' retrieved from /home/airflow/.local/lib/python3.12/site-packages/airflow/example_dags/example_latest_only_with_trigger.py
[2024-07-17T08:15:42.586+0000] {logging_mixin.py:188} INFO - [2024-07-17T08:15:42.586+0000] {dag.py:3089} INFO - Sync 1 DAGs
[2024-07-17T08:15:42.618+0000] {logging_mixin.py:188} INFO - [2024-07-17T08:15:42.617+0000] {dag.py:3947} INFO - Setting next_dagrun for latest_only_with_trigger to 2024-07-17 04:00:00+00:00, run_after=2024-07-17 08:00:00+00:00
[2024-07-17T08:15:42.657+0000] {processor.py:183} INFO - Processing /home/airflow/.local/lib/python3.12/site-packages/airflow/example_dags/example_latest_only_with_trigger.py took 0.119 seconds
[2024-07-17T08:16:13.931+0000] {processor.py:161} INFO - Started process (PID=319) to work on /home/airflow/.local/lib/python3.12/site-packages/airflow/example_dags/example_latest_only_with_trigger.py
[2024-07-17T08:16:13.932+0000] {processor.py:830} INFO - Processing file /home/airflow/.local/lib/python3.12/site-packages/airflow/example_dags/example_latest_only_with_trigger.py for tasks to queue
[2024-07-17T08:16:13.934+0000] {logging_mixin.py:188} INFO - [2024-07-17T08:16:13.934+0000] {dagbag.py:545} INFO - Filling up the DagBag from /home/airflow/.local/lib/python3.12/site-packages/airflow/example_dags/example_latest_only_with_trigger.py
[2024-07-17T08:16:13.943+0000] {processor.py:840} INFO - DAG(s) 'latest_only_with_trigger' retrieved from /home/airflow/.local/lib/python3.12/site-packages/airflow/example_dags/example_latest_only_with_trigger.py
[2024-07-17T08:16:13.970+0000] {logging_mixin.py:188} INFO - [2024-07-17T08:16:13.969+0000] {dag.py:3089} INFO - Sync 1 DAGs
[2024-07-17T08:16:13.997+0000] {logging_mixin.py:188} INFO - [2024-07-17T08:16:13.997+0000] {dag.py:3947} INFO - Setting next_dagrun for latest_only_with_trigger to 2024-07-17 04:00:00+00:00, run_after=2024-07-17 08:00:00+00:00
[2024-07-17T08:16:14.231+0000] {processor.py:183} INFO - Processing /home/airflow/.local/lib/python3.12/site-packages/airflow/example_dags/example_latest_only_with_trigger.py took 0.307 seconds
[2024-07-17T08:16:45.794+0000] {processor.py:161} INFO - Started process (PID=379) to work on /home/airflow/.local/lib/python3.12/site-packages/airflow/example_dags/example_latest_only_with_trigger.py
[2024-07-17T08:16:45.795+0000] {processor.py:830} INFO - Processing file /home/airflow/.local/lib/python3.12/site-packages/airflow/example_dags/example_latest_only_with_trigger.py for tasks to queue
[2024-07-17T08:16:45.798+0000] {logging_mixin.py:188} INFO - [2024-07-17T08:16:45.798+0000] {dagbag.py:545} INFO - Filling up the DagBag from /home/airflow/.local/lib/python3.12/site-packages/airflow/example_dags/example_latest_only_with_trigger.py
[2024-07-17T08:16:45.806+0000] {processor.py:840} INFO - DAG(s) 'latest_only_with_trigger' retrieved from /home/airflow/.local/lib/python3.12/site-packages/airflow/example_dags/example_latest_only_with_trigger.py
[2024-07-17T08:16:45.840+0000] {logging_mixin.py:188} INFO - [2024-07-17T08:16:45.839+0000] {dag.py:3089} INFO - Sync 1 DAGs
[2024-07-17T08:16:45.881+0000] {logging_mixin.py:188} INFO - [2024-07-17T08:16:45.880+0000] {dag.py:3947} INFO - Setting next_dagrun for latest_only_with_trigger to 2024-07-17 04:00:00+00:00, run_after=2024-07-17 08:00:00+00:00
[2024-07-17T08:16:46.247+0000] {processor.py:183} INFO - Processing /home/airflow/.local/lib/python3.12/site-packages/airflow/example_dags/example_latest_only_with_trigger.py took 0.462 seconds
[2024-07-17T08:17:20.617+0000] {processor.py:161} INFO - Started process (PID=437) to work on /home/airflow/.local/lib/python3.12/site-packages/airflow/example_dags/example_latest_only_with_trigger.py
[2024-07-17T08:17:20.619+0000] {processor.py:830} INFO - Processing file /home/airflow/.local/lib/python3.12/site-packages/airflow/example_dags/example_latest_only_with_trigger.py for tasks to queue
[2024-07-17T08:17:20.622+0000] {logging_mixin.py:188} INFO - [2024-07-17T08:17:20.622+0000] {dagbag.py:545} INFO - Filling up the DagBag from /home/airflow/.local/lib/python3.12/site-packages/airflow/example_dags/example_latest_only_with_trigger.py
[2024-07-17T08:17:20.629+0000] {processor.py:840} INFO - DAG(s) 'latest_only_with_trigger' retrieved from /home/airflow/.local/lib/python3.12/site-packages/airflow/example_dags/example_latest_only_with_trigger.py
[2024-07-17T08:17:20.660+0000] {logging_mixin.py:188} INFO - [2024-07-17T08:17:20.659+0000] {dag.py:3089} INFO - Sync 1 DAGs
[2024-07-17T08:17:20.691+0000] {logging_mixin.py:188} INFO - [2024-07-17T08:17:20.690+0000] {dag.py:3947} INFO - Setting next_dagrun for latest_only_with_trigger to 2024-07-17 04:00:00+00:00, run_after=2024-07-17 08:00:00+00:00
[2024-07-17T08:17:21.617+0000] {processor.py:183} INFO - Processing /home/airflow/.local/lib/python3.12/site-packages/airflow/example_dags/example_latest_only_with_trigger.py took 1.007 seconds
