[2024-07-17T08:13:28.166+0000] {processor.py:161} INFO - Started process (PID=50) to work on /home/airflow/.local/lib/python3.12/site-packages/airflow/example_dags/example_latest_only.py
[2024-07-17T08:13:28.167+0000] {processor.py:830} INFO - Processing file /home/airflow/.local/lib/python3.12/site-packages/airflow/example_dags/example_latest_only.py for tasks to queue
[2024-07-17T08:13:28.170+0000] {logging_mixin.py:188} INFO - [2024-07-17T08:13:28.169+0000] {dagbag.py:545} INFO - Filling up the DagBag from /home/airflow/.local/lib/python3.12/site-packages/airflow/example_dags/example_latest_only.py
[2024-07-17T08:13:28.181+0000] {processor.py:840} INFO - DAG(s) 'latest_only' retrieved from /home/airflow/.local/lib/python3.12/site-packages/airflow/example_dags/example_latest_only.py
[2024-07-17T08:13:28.363+0000] {logging_mixin.py:188} INFO - [2024-07-17T08:13:28.362+0000] {dag.py:3089} INFO - Sync 1 DAGs
[2024-07-17T08:13:28.395+0000] {logging_mixin.py:188} INFO - [2024-07-17T08:13:28.395+0000] {dag.py:3947} INFO - Setting next_dagrun for latest_only to 2024-07-17 04:00:00+00:00, run_after=2024-07-17 08:00:00+00:00
[2024-07-17T08:13:29.443+0000] {processor.py:183} INFO - Processing /home/airflow/.local/lib/python3.12/site-packages/airflow/example_dags/example_latest_only.py took 1.286 seconds
[2024-07-17T08:14:14.490+0000] {processor.py:161} INFO - Started process (PID=107) to work on /home/airflow/.local/lib/python3.12/site-packages/airflow/example_dags/example_latest_only.py
[2024-07-17T08:14:14.492+0000] {processor.py:830} INFO - Processing file /home/airflow/.local/lib/python3.12/site-packages/airflow/example_dags/example_latest_only.py for tasks to queue
[2024-07-17T08:14:14.494+0000] {logging_mixin.py:188} INFO - [2024-07-17T08:14:14.494+0000] {dagbag.py:545} INFO - Filling up the DagBag from /home/airflow/.local/lib/python3.12/site-packages/airflow/example_dags/example_latest_only.py
[2024-07-17T08:14:14.502+0000] {processor.py:840} INFO - DAG(s) 'latest_only' retrieved from /home/airflow/.local/lib/python3.12/site-packages/airflow/example_dags/example_latest_only.py
[2024-07-17T08:14:14.533+0000] {logging_mixin.py:188} INFO - [2024-07-17T08:14:14.533+0000] {dag.py:3089} INFO - Sync 1 DAGs
[2024-07-17T08:14:14.569+0000] {logging_mixin.py:188} INFO - [2024-07-17T08:14:14.569+0000] {dag.py:3947} INFO - Setting next_dagrun for latest_only to 2024-07-17 04:00:00+00:00, run_after=2024-07-17 08:00:00+00:00
[2024-07-17T08:14:14.671+0000] {processor.py:183} INFO - Processing /home/airflow/.local/lib/python3.12/site-packages/airflow/example_dags/example_latest_only.py took 0.189 seconds
[2024-07-17T08:14:44.942+0000] {processor.py:161} INFO - Started process (PID=164) to work on /home/airflow/.local/lib/python3.12/site-packages/airflow/example_dags/example_latest_only.py
[2024-07-17T08:14:44.944+0000] {processor.py:830} INFO - Processing file /home/airflow/.local/lib/python3.12/site-packages/airflow/example_dags/example_latest_only.py for tasks to queue
[2024-07-17T08:14:44.947+0000] {logging_mixin.py:188} INFO - [2024-07-17T08:14:44.946+0000] {dagbag.py:545} INFO - Filling up the DagBag from /home/airflow/.local/lib/python3.12/site-packages/airflow/example_dags/example_latest_only.py
[2024-07-17T08:14:44.998+0000] {processor.py:840} INFO - DAG(s) 'latest_only' retrieved from /home/airflow/.local/lib/python3.12/site-packages/airflow/example_dags/example_latest_only.py
[2024-07-17T08:14:45.034+0000] {logging_mixin.py:188} INFO - [2024-07-17T08:14:45.033+0000] {dag.py:3089} INFO - Sync 1 DAGs
[2024-07-17T08:14:45.069+0000] {logging_mixin.py:188} INFO - [2024-07-17T08:14:45.068+0000] {dag.py:3947} INFO - Setting next_dagrun for latest_only to 2024-07-17 04:00:00+00:00, run_after=2024-07-17 08:00:00+00:00
[2024-07-17T08:14:45.157+0000] {processor.py:183} INFO - Processing /home/airflow/.local/lib/python3.12/site-packages/airflow/example_dags/example_latest_only.py took 0.222 seconds
[2024-07-17T08:15:15.393+0000] {processor.py:161} INFO - Started process (PID=220) to work on /home/airflow/.local/lib/python3.12/site-packages/airflow/example_dags/example_latest_only.py
[2024-07-17T08:15:15.395+0000] {processor.py:830} INFO - Processing file /home/airflow/.local/lib/python3.12/site-packages/airflow/example_dags/example_latest_only.py for tasks to queue
[2024-07-17T08:15:15.397+0000] {logging_mixin.py:188} INFO - [2024-07-17T08:15:15.397+0000] {dagbag.py:545} INFO - Filling up the DagBag from /home/airflow/.local/lib/python3.12/site-packages/airflow/example_dags/example_latest_only.py
[2024-07-17T08:15:15.406+0000] {processor.py:840} INFO - DAG(s) 'latest_only' retrieved from /home/airflow/.local/lib/python3.12/site-packages/airflow/example_dags/example_latest_only.py
[2024-07-17T08:15:15.432+0000] {logging_mixin.py:188} INFO - [2024-07-17T08:15:15.432+0000] {dag.py:3089} INFO - Sync 1 DAGs
[2024-07-17T08:15:15.464+0000] {logging_mixin.py:188} INFO - [2024-07-17T08:15:15.463+0000] {dag.py:3947} INFO - Setting next_dagrun for latest_only to 2024-07-17 04:00:00+00:00, run_after=2024-07-17 08:00:00+00:00
[2024-07-17T08:15:15.523+0000] {processor.py:183} INFO - Processing /home/airflow/.local/lib/python3.12/site-packages/airflow/example_dags/example_latest_only.py took 0.138 seconds
[2024-07-17T08:15:46.352+0000] {processor.py:161} INFO - Started process (PID=278) to work on /home/airflow/.local/lib/python3.12/site-packages/airflow/example_dags/example_latest_only.py
[2024-07-17T08:15:46.354+0000] {processor.py:830} INFO - Processing file /home/airflow/.local/lib/python3.12/site-packages/airflow/example_dags/example_latest_only.py for tasks to queue
[2024-07-17T08:15:46.356+0000] {logging_mixin.py:188} INFO - [2024-07-17T08:15:46.356+0000] {dagbag.py:545} INFO - Filling up the DagBag from /home/airflow/.local/lib/python3.12/site-packages/airflow/example_dags/example_latest_only.py
[2024-07-17T08:15:46.363+0000] {processor.py:840} INFO - DAG(s) 'latest_only' retrieved from /home/airflow/.local/lib/python3.12/site-packages/airflow/example_dags/example_latest_only.py
[2024-07-17T08:15:46.392+0000] {logging_mixin.py:188} INFO - [2024-07-17T08:15:46.391+0000] {dag.py:3089} INFO - Sync 1 DAGs
[2024-07-17T08:15:46.426+0000] {logging_mixin.py:188} INFO - [2024-07-17T08:15:46.426+0000] {dag.py:3947} INFO - Setting next_dagrun for latest_only to 2024-07-17 04:00:00+00:00, run_after=2024-07-17 08:00:00+00:00
[2024-07-17T08:15:46.464+0000] {processor.py:183} INFO - Processing /home/airflow/.local/lib/python3.12/site-packages/airflow/example_dags/example_latest_only.py took 0.119 seconds
[2024-07-17T08:16:17.628+0000] {processor.py:161} INFO - Started process (PID=336) to work on /home/airflow/.local/lib/python3.12/site-packages/airflow/example_dags/example_latest_only.py
[2024-07-17T08:16:17.629+0000] {processor.py:830} INFO - Processing file /home/airflow/.local/lib/python3.12/site-packages/airflow/example_dags/example_latest_only.py for tasks to queue
[2024-07-17T08:16:17.633+0000] {logging_mixin.py:188} INFO - [2024-07-17T08:16:17.632+0000] {dagbag.py:545} INFO - Filling up the DagBag from /home/airflow/.local/lib/python3.12/site-packages/airflow/example_dags/example_latest_only.py
[2024-07-17T08:16:17.639+0000] {processor.py:840} INFO - DAG(s) 'latest_only' retrieved from /home/airflow/.local/lib/python3.12/site-packages/airflow/example_dags/example_latest_only.py
[2024-07-17T08:16:17.669+0000] {logging_mixin.py:188} INFO - [2024-07-17T08:16:17.669+0000] {dag.py:3089} INFO - Sync 1 DAGs
[2024-07-17T08:16:17.706+0000] {logging_mixin.py:188} INFO - [2024-07-17T08:16:17.705+0000] {dag.py:3947} INFO - Setting next_dagrun for latest_only to 2024-07-17 04:00:00+00:00, run_after=2024-07-17 08:00:00+00:00
[2024-07-17T08:16:18.094+0000] {processor.py:183} INFO - Processing /home/airflow/.local/lib/python3.12/site-packages/airflow/example_dags/example_latest_only.py took 0.475 seconds
[2024-07-17T08:16:48.642+0000] {processor.py:161} INFO - Started process (PID=394) to work on /home/airflow/.local/lib/python3.12/site-packages/airflow/example_dags/example_latest_only.py
[2024-07-17T08:16:48.644+0000] {processor.py:830} INFO - Processing file /home/airflow/.local/lib/python3.12/site-packages/airflow/example_dags/example_latest_only.py for tasks to queue
[2024-07-17T08:16:48.647+0000] {logging_mixin.py:188} INFO - [2024-07-17T08:16:48.646+0000] {dagbag.py:545} INFO - Filling up the DagBag from /home/airflow/.local/lib/python3.12/site-packages/airflow/example_dags/example_latest_only.py
[2024-07-17T08:16:48.654+0000] {processor.py:840} INFO - DAG(s) 'latest_only' retrieved from /home/airflow/.local/lib/python3.12/site-packages/airflow/example_dags/example_latest_only.py
[2024-07-17T08:16:48.682+0000] {logging_mixin.py:188} INFO - [2024-07-17T08:16:48.682+0000] {dag.py:3089} INFO - Sync 1 DAGs
[2024-07-17T08:16:48.718+0000] {logging_mixin.py:188} INFO - [2024-07-17T08:16:48.718+0000] {dag.py:3947} INFO - Setting next_dagrun for latest_only to 2024-07-17 04:00:00+00:00, run_after=2024-07-17 08:00:00+00:00
[2024-07-17T08:16:48.968+0000] {processor.py:183} INFO - Processing /home/airflow/.local/lib/python3.12/site-packages/airflow/example_dags/example_latest_only.py took 0.335 seconds
[2024-07-17T08:17:24.718+0000] {processor.py:161} INFO - Started process (PID=446) to work on /home/airflow/.local/lib/python3.12/site-packages/airflow/example_dags/example_latest_only.py
[2024-07-17T08:17:24.719+0000] {processor.py:830} INFO - Processing file /home/airflow/.local/lib/python3.12/site-packages/airflow/example_dags/example_latest_only.py for tasks to queue
[2024-07-17T08:17:24.722+0000] {logging_mixin.py:188} INFO - [2024-07-17T08:17:24.722+0000] {dagbag.py:545} INFO - Filling up the DagBag from /home/airflow/.local/lib/python3.12/site-packages/airflow/example_dags/example_latest_only.py
[2024-07-17T08:17:24.730+0000] {processor.py:840} INFO - DAG(s) 'latest_only' retrieved from /home/airflow/.local/lib/python3.12/site-packages/airflow/example_dags/example_latest_only.py
[2024-07-17T08:17:24.760+0000] {logging_mixin.py:188} INFO - [2024-07-17T08:17:24.760+0000] {dag.py:3089} INFO - Sync 1 DAGs
[2024-07-17T08:17:24.795+0000] {logging_mixin.py:188} INFO - [2024-07-17T08:17:24.795+0000] {dag.py:3947} INFO - Setting next_dagrun for latest_only to 2024-07-17 04:00:00+00:00, run_after=2024-07-17 08:00:00+00:00
[2024-07-17T08:17:25.341+0000] {processor.py:183} INFO - Processing /home/airflow/.local/lib/python3.12/site-packages/airflow/example_dags/example_latest_only.py took 0.631 seconds
