[2024-07-17T08:14:03.645+0000] {processor.py:161} INFO - Started process (PID=72) to work on /home/airflow/.local/lib/python3.12/site-packages/airflow/example_dags/example_branch_python_dop_operator_3.py
[2024-07-17T08:14:03.646+0000] {processor.py:830} INFO - Processing file /home/airflow/.local/lib/python3.12/site-packages/airflow/example_dags/example_branch_python_dop_operator_3.py for tasks to queue
[2024-07-17T08:14:03.649+0000] {logging_mixin.py:188} INFO - [2024-07-17T08:14:03.649+0000] {dagbag.py:545} INFO - Filling up the DagBag from /home/airflow/.local/lib/python3.12/site-packages/airflow/example_dags/example_branch_python_dop_operator_3.py
[2024-07-17T08:14:03.665+0000] {processor.py:840} INFO - DAG(s) 'example_branch_dop_operator_v3' retrieved from /home/airflow/.local/lib/python3.12/site-packages/airflow/example_dags/example_branch_python_dop_operator_3.py
[2024-07-17T08:14:03.893+0000] {logging_mixin.py:188} INFO - [2024-07-17T08:14:03.893+0000] {dag.py:3089} INFO - Sync 1 DAGs
[2024-07-17T08:14:03.936+0000] {logging_mixin.py:188} INFO - [2024-07-17T08:14:03.935+0000] {dag.py:3947} INFO - Setting next_dagrun for example_branch_dop_operator_v3 to 2024-07-17 08:13:00+00:00, run_after=2024-07-17 08:14:00+00:00
[2024-07-17T08:14:04.257+0000] {processor.py:183} INFO - Processing /home/airflow/.local/lib/python3.12/site-packages/airflow/example_dags/example_branch_python_dop_operator_3.py took 0.621 seconds
[2024-07-17T08:14:35.053+0000] {processor.py:161} INFO - Started process (PID=130) to work on /home/airflow/.local/lib/python3.12/site-packages/airflow/example_dags/example_branch_python_dop_operator_3.py
[2024-07-17T08:14:35.055+0000] {processor.py:830} INFO - Processing file /home/airflow/.local/lib/python3.12/site-packages/airflow/example_dags/example_branch_python_dop_operator_3.py for tasks to queue
[2024-07-17T08:14:35.057+0000] {logging_mixin.py:188} INFO - [2024-07-17T08:14:35.057+0000] {dagbag.py:545} INFO - Filling up the DagBag from /home/airflow/.local/lib/python3.12/site-packages/airflow/example_dags/example_branch_python_dop_operator_3.py
[2024-07-17T08:14:35.069+0000] {processor.py:840} INFO - DAG(s) 'example_branch_dop_operator_v3' retrieved from /home/airflow/.local/lib/python3.12/site-packages/airflow/example_dags/example_branch_python_dop_operator_3.py
[2024-07-17T08:14:35.099+0000] {logging_mixin.py:188} INFO - [2024-07-17T08:14:35.099+0000] {dag.py:3089} INFO - Sync 1 DAGs
[2024-07-17T08:14:35.142+0000] {logging_mixin.py:188} INFO - [2024-07-17T08:14:35.142+0000] {dag.py:3947} INFO - Setting next_dagrun for example_branch_dop_operator_v3 to 2024-07-17 08:13:00+00:00, run_after=2024-07-17 08:14:00+00:00
[2024-07-17T08:14:35.243+0000] {processor.py:183} INFO - Processing /home/airflow/.local/lib/python3.12/site-packages/airflow/example_dags/example_branch_python_dop_operator_3.py took 0.198 seconds
[2024-07-17T08:15:05.724+0000] {processor.py:161} INFO - Started process (PID=186) to work on /home/airflow/.local/lib/python3.12/site-packages/airflow/example_dags/example_branch_python_dop_operator_3.py
[2024-07-17T08:15:05.726+0000] {processor.py:830} INFO - Processing file /home/airflow/.local/lib/python3.12/site-packages/airflow/example_dags/example_branch_python_dop_operator_3.py for tasks to queue
[2024-07-17T08:15:05.729+0000] {logging_mixin.py:188} INFO - [2024-07-17T08:15:05.728+0000] {dagbag.py:545} INFO - Filling up the DagBag from /home/airflow/.local/lib/python3.12/site-packages/airflow/example_dags/example_branch_python_dop_operator_3.py
[2024-07-17T08:15:05.739+0000] {processor.py:840} INFO - DAG(s) 'example_branch_dop_operator_v3' retrieved from /home/airflow/.local/lib/python3.12/site-packages/airflow/example_dags/example_branch_python_dop_operator_3.py
[2024-07-17T08:15:05.766+0000] {logging_mixin.py:188} INFO - [2024-07-17T08:15:05.765+0000] {dag.py:3089} INFO - Sync 1 DAGs
[2024-07-17T08:15:05.800+0000] {logging_mixin.py:188} INFO - [2024-07-17T08:15:05.800+0000] {dag.py:3947} INFO - Setting next_dagrun for example_branch_dop_operator_v3 to 2024-07-17 08:14:00+00:00, run_after=2024-07-17 08:15:00+00:00
[2024-07-17T08:15:05.841+0000] {processor.py:183} INFO - Processing /home/airflow/.local/lib/python3.12/site-packages/airflow/example_dags/example_branch_python_dop_operator_3.py took 0.128 seconds
[2024-07-17T08:15:36.257+0000] {processor.py:161} INFO - Started process (PID=244) to work on /home/airflow/.local/lib/python3.12/site-packages/airflow/example_dags/example_branch_python_dop_operator_3.py
[2024-07-17T08:15:36.259+0000] {processor.py:830} INFO - Processing file /home/airflow/.local/lib/python3.12/site-packages/airflow/example_dags/example_branch_python_dop_operator_3.py for tasks to queue
[2024-07-17T08:15:36.261+0000] {logging_mixin.py:188} INFO - [2024-07-17T08:15:36.261+0000] {dagbag.py:545} INFO - Filling up the DagBag from /home/airflow/.local/lib/python3.12/site-packages/airflow/example_dags/example_branch_python_dop_operator_3.py
[2024-07-17T08:15:36.273+0000] {processor.py:840} INFO - DAG(s) 'example_branch_dop_operator_v3' retrieved from /home/airflow/.local/lib/python3.12/site-packages/airflow/example_dags/example_branch_python_dop_operator_3.py
[2024-07-17T08:15:36.302+0000] {logging_mixin.py:188} INFO - [2024-07-17T08:15:36.301+0000] {dag.py:3089} INFO - Sync 1 DAGs
[2024-07-17T08:15:36.336+0000] {logging_mixin.py:188} INFO - [2024-07-17T08:15:36.336+0000] {dag.py:3947} INFO - Setting next_dagrun for example_branch_dop_operator_v3 to 2024-07-17 08:14:00+00:00, run_after=2024-07-17 08:15:00+00:00
[2024-07-17T08:15:36.397+0000] {processor.py:183} INFO - Processing /home/airflow/.local/lib/python3.12/site-packages/airflow/example_dags/example_branch_python_dop_operator_3.py took 0.148 seconds
[2024-07-17T08:16:06.789+0000] {processor.py:161} INFO - Started process (PID=302) to work on /home/airflow/.local/lib/python3.12/site-packages/airflow/example_dags/example_branch_python_dop_operator_3.py
[2024-07-17T08:16:06.791+0000] {processor.py:830} INFO - Processing file /home/airflow/.local/lib/python3.12/site-packages/airflow/example_dags/example_branch_python_dop_operator_3.py for tasks to queue
[2024-07-17T08:16:06.793+0000] {logging_mixin.py:188} INFO - [2024-07-17T08:16:06.793+0000] {dagbag.py:545} INFO - Filling up the DagBag from /home/airflow/.local/lib/python3.12/site-packages/airflow/example_dags/example_branch_python_dop_operator_3.py
[2024-07-17T08:16:06.803+0000] {processor.py:840} INFO - DAG(s) 'example_branch_dop_operator_v3' retrieved from /home/airflow/.local/lib/python3.12/site-packages/airflow/example_dags/example_branch_python_dop_operator_3.py
[2024-07-17T08:16:06.943+0000] {logging_mixin.py:188} INFO - [2024-07-17T08:16:06.943+0000] {dag.py:3089} INFO - Sync 1 DAGs
[2024-07-17T08:16:06.984+0000] {logging_mixin.py:188} INFO - [2024-07-17T08:16:06.983+0000] {dag.py:3947} INFO - Setting next_dagrun for example_branch_dop_operator_v3 to 2024-07-17 08:15:00+00:00, run_after=2024-07-17 08:16:00+00:00
[2024-07-17T08:16:07.232+0000] {processor.py:183} INFO - Processing /home/airflow/.local/lib/python3.12/site-packages/airflow/example_dags/example_branch_python_dop_operator_3.py took 0.449 seconds
[2024-07-17T08:16:38.851+0000] {processor.py:161} INFO - Started process (PID=360) to work on /home/airflow/.local/lib/python3.12/site-packages/airflow/example_dags/example_branch_python_dop_operator_3.py
[2024-07-17T08:16:38.852+0000] {processor.py:830} INFO - Processing file /home/airflow/.local/lib/python3.12/site-packages/airflow/example_dags/example_branch_python_dop_operator_3.py for tasks to queue
[2024-07-17T08:16:38.855+0000] {logging_mixin.py:188} INFO - [2024-07-17T08:16:38.855+0000] {dagbag.py:545} INFO - Filling up the DagBag from /home/airflow/.local/lib/python3.12/site-packages/airflow/example_dags/example_branch_python_dop_operator_3.py
[2024-07-17T08:16:38.868+0000] {processor.py:840} INFO - DAG(s) 'example_branch_dop_operator_v3' retrieved from /home/airflow/.local/lib/python3.12/site-packages/airflow/example_dags/example_branch_python_dop_operator_3.py
[2024-07-17T08:16:38.906+0000] {logging_mixin.py:188} INFO - [2024-07-17T08:16:38.906+0000] {dag.py:3089} INFO - Sync 1 DAGs
[2024-07-17T08:16:38.955+0000] {logging_mixin.py:188} INFO - [2024-07-17T08:16:38.954+0000] {dag.py:3947} INFO - Setting next_dagrun for example_branch_dop_operator_v3 to 2024-07-17 08:15:00+00:00, run_after=2024-07-17 08:16:00+00:00
[2024-07-17T08:16:39.127+0000] {processor.py:183} INFO - Processing /home/airflow/.local/lib/python3.12/site-packages/airflow/example_dags/example_branch_python_dop_operator_3.py took 0.290 seconds
[2024-07-17T08:17:10.841+0000] {processor.py:161} INFO - Started process (PID=418) to work on /home/airflow/.local/lib/python3.12/site-packages/airflow/example_dags/example_branch_python_dop_operator_3.py
[2024-07-17T08:17:10.843+0000] {processor.py:830} INFO - Processing file /home/airflow/.local/lib/python3.12/site-packages/airflow/example_dags/example_branch_python_dop_operator_3.py for tasks to queue
[2024-07-17T08:17:10.846+0000] {logging_mixin.py:188} INFO - [2024-07-17T08:17:10.845+0000] {dagbag.py:545} INFO - Filling up the DagBag from /home/airflow/.local/lib/python3.12/site-packages/airflow/example_dags/example_branch_python_dop_operator_3.py
[2024-07-17T08:17:10.856+0000] {processor.py:840} INFO - DAG(s) 'example_branch_dop_operator_v3' retrieved from /home/airflow/.local/lib/python3.12/site-packages/airflow/example_dags/example_branch_python_dop_operator_3.py
[2024-07-17T08:17:10.886+0000] {logging_mixin.py:188} INFO - [2024-07-17T08:17:10.885+0000] {dag.py:3089} INFO - Sync 1 DAGs
[2024-07-17T08:17:10.924+0000] {logging_mixin.py:188} INFO - [2024-07-17T08:17:10.924+0000] {dag.py:3947} INFO - Setting next_dagrun for example_branch_dop_operator_v3 to 2024-07-17 08:16:00+00:00, run_after=2024-07-17 08:17:00+00:00
[2024-07-17T08:17:11.469+0000] {processor.py:183} INFO - Processing /home/airflow/.local/lib/python3.12/site-packages/airflow/example_dags/example_branch_python_dop_operator_3.py took 0.635 seconds
[2024-07-17T08:17:41.884+0000] {processor.py:161} INFO - Started process (PID=476) to work on /home/airflow/.local/lib/python3.12/site-packages/airflow/example_dags/example_branch_python_dop_operator_3.py
[2024-07-17T08:17:41.885+0000] {processor.py:830} INFO - Processing file /home/airflow/.local/lib/python3.12/site-packages/airflow/example_dags/example_branch_python_dop_operator_3.py for tasks to queue
[2024-07-17T08:17:41.888+0000] {logging_mixin.py:188} INFO - [2024-07-17T08:17:41.888+0000] {dagbag.py:545} INFO - Filling up the DagBag from /home/airflow/.local/lib/python3.12/site-packages/airflow/example_dags/example_branch_python_dop_operator_3.py
[2024-07-17T08:17:41.902+0000] {processor.py:840} INFO - DAG(s) 'example_branch_dop_operator_v3' retrieved from /home/airflow/.local/lib/python3.12/site-packages/airflow/example_dags/example_branch_python_dop_operator_3.py
[2024-07-17T08:17:41.935+0000] {logging_mixin.py:188} INFO - [2024-07-17T08:17:41.935+0000] {dag.py:3089} INFO - Sync 1 DAGs
[2024-07-17T08:17:41.975+0000] {logging_mixin.py:188} INFO - [2024-07-17T08:17:41.974+0000] {dag.py:3947} INFO - Setting next_dagrun for example_branch_dop_operator_v3 to 2024-07-17 08:16:00+00:00, run_after=2024-07-17 08:17:00+00:00
[2024-07-17T08:17:42.145+0000] {processor.py:183} INFO - Processing /home/airflow/.local/lib/python3.12/site-packages/airflow/example_dags/example_branch_python_dop_operator_3.py took 0.270 seconds
