[2024-07-17T08:14:03.203+0000] {processor.py:161} INFO - Started process (PID=70) to work on /home/airflow/.local/lib/python3.12/site-packages/airflow/example_dags/example_bash_operator.py
[2024-07-17T08:14:03.205+0000] {processor.py:830} INFO - Processing file /home/airflow/.local/lib/python3.12/site-packages/airflow/example_dags/example_bash_operator.py for tasks to queue
[2024-07-17T08:14:03.208+0000] {logging_mixin.py:188} INFO - [2024-07-17T08:14:03.208+0000] {dagbag.py:545} INFO - Filling up the DagBag from /home/airflow/.local/lib/python3.12/site-packages/airflow/example_dags/example_bash_operator.py
[2024-07-17T08:14:03.226+0000] {processor.py:840} INFO - DAG(s) 'example_bash_operator' retrieved from /home/airflow/.local/lib/python3.12/site-packages/airflow/example_dags/example_bash_operator.py
[2024-07-17T08:14:03.418+0000] {logging_mixin.py:188} INFO - [2024-07-17T08:14:03.417+0000] {dag.py:3089} INFO - Sync 1 DAGs
[2024-07-17T08:14:03.452+0000] {logging_mixin.py:188} INFO - [2024-07-17T08:14:03.451+0000] {dag.py:3947} INFO - Setting next_dagrun for example_bash_operator to 2024-07-16 00:00:00+00:00, run_after=2024-07-17 00:00:00+00:00
[2024-07-17T08:14:03.586+0000] {processor.py:183} INFO - Processing /home/airflow/.local/lib/python3.12/site-packages/airflow/example_dags/example_bash_operator.py took 0.392 seconds
[2024-07-17T08:14:34.439+0000] {processor.py:161} INFO - Started process (PID=128) to work on /home/airflow/.local/lib/python3.12/site-packages/airflow/example_dags/example_bash_operator.py
[2024-07-17T08:14:34.441+0000] {processor.py:830} INFO - Processing file /home/airflow/.local/lib/python3.12/site-packages/airflow/example_dags/example_bash_operator.py for tasks to queue
[2024-07-17T08:14:34.443+0000] {logging_mixin.py:188} INFO - [2024-07-17T08:14:34.443+0000] {dagbag.py:545} INFO - Filling up the DagBag from /home/airflow/.local/lib/python3.12/site-packages/airflow/example_dags/example_bash_operator.py
[2024-07-17T08:14:34.486+0000] {processor.py:840} INFO - DAG(s) 'example_bash_operator' retrieved from /home/airflow/.local/lib/python3.12/site-packages/airflow/example_dags/example_bash_operator.py
[2024-07-17T08:14:34.527+0000] {logging_mixin.py:188} INFO - [2024-07-17T08:14:34.526+0000] {dag.py:3089} INFO - Sync 1 DAGs
[2024-07-17T08:14:34.562+0000] {logging_mixin.py:188} INFO - [2024-07-17T08:14:34.562+0000] {dag.py:3947} INFO - Setting next_dagrun for example_bash_operator to 2024-07-16 00:00:00+00:00, run_after=2024-07-17 00:00:00+00:00
[2024-07-17T08:14:34.701+0000] {processor.py:183} INFO - Processing /home/airflow/.local/lib/python3.12/site-packages/airflow/example_dags/example_bash_operator.py took 0.269 seconds
[2024-07-17T08:15:05.515+0000] {processor.py:161} INFO - Started process (PID=184) to work on /home/airflow/.local/lib/python3.12/site-packages/airflow/example_dags/example_bash_operator.py
[2024-07-17T08:15:05.517+0000] {processor.py:830} INFO - Processing file /home/airflow/.local/lib/python3.12/site-packages/airflow/example_dags/example_bash_operator.py for tasks to queue
[2024-07-17T08:15:05.520+0000] {logging_mixin.py:188} INFO - [2024-07-17T08:15:05.519+0000] {dagbag.py:545} INFO - Filling up the DagBag from /home/airflow/.local/lib/python3.12/site-packages/airflow/example_dags/example_bash_operator.py
[2024-07-17T08:15:05.536+0000] {processor.py:840} INFO - DAG(s) 'example_bash_operator' retrieved from /home/airflow/.local/lib/python3.12/site-packages/airflow/example_dags/example_bash_operator.py
[2024-07-17T08:15:05.579+0000] {logging_mixin.py:188} INFO - [2024-07-17T08:15:05.579+0000] {dag.py:3089} INFO - Sync 1 DAGs
[2024-07-17T08:15:05.622+0000] {logging_mixin.py:188} INFO - [2024-07-17T08:15:05.622+0000] {dag.py:3947} INFO - Setting next_dagrun for example_bash_operator to 2024-07-16 00:00:00+00:00, run_after=2024-07-17 00:00:00+00:00
[2024-07-17T08:15:05.675+0000] {processor.py:183} INFO - Processing /home/airflow/.local/lib/python3.12/site-packages/airflow/example_dags/example_bash_operator.py took 0.168 seconds
[2024-07-17T08:15:36.031+0000] {processor.py:161} INFO - Started process (PID=242) to work on /home/airflow/.local/lib/python3.12/site-packages/airflow/example_dags/example_bash_operator.py
[2024-07-17T08:15:36.033+0000] {processor.py:830} INFO - Processing file /home/airflow/.local/lib/python3.12/site-packages/airflow/example_dags/example_bash_operator.py for tasks to queue
[2024-07-17T08:15:36.037+0000] {logging_mixin.py:188} INFO - [2024-07-17T08:15:36.036+0000] {dagbag.py:545} INFO - Filling up the DagBag from /home/airflow/.local/lib/python3.12/site-packages/airflow/example_dags/example_bash_operator.py
[2024-07-17T08:15:36.055+0000] {processor.py:840} INFO - DAG(s) 'example_bash_operator' retrieved from /home/airflow/.local/lib/python3.12/site-packages/airflow/example_dags/example_bash_operator.py
[2024-07-17T08:15:36.104+0000] {logging_mixin.py:188} INFO - [2024-07-17T08:15:36.104+0000] {dag.py:3089} INFO - Sync 1 DAGs
[2024-07-17T08:15:36.143+0000] {logging_mixin.py:188} INFO - [2024-07-17T08:15:36.142+0000] {dag.py:3947} INFO - Setting next_dagrun for example_bash_operator to 2024-07-16 00:00:00+00:00, run_after=2024-07-17 00:00:00+00:00
[2024-07-17T08:15:36.195+0000] {processor.py:183} INFO - Processing /home/airflow/.local/lib/python3.12/site-packages/airflow/example_dags/example_bash_operator.py took 0.173 seconds
[2024-07-17T08:16:06.326+0000] {processor.py:161} INFO - Started process (PID=300) to work on /home/airflow/.local/lib/python3.12/site-packages/airflow/example_dags/example_bash_operator.py
[2024-07-17T08:16:06.327+0000] {processor.py:830} INFO - Processing file /home/airflow/.local/lib/python3.12/site-packages/airflow/example_dags/example_bash_operator.py for tasks to queue
[2024-07-17T08:16:06.330+0000] {logging_mixin.py:188} INFO - [2024-07-17T08:16:06.330+0000] {dagbag.py:545} INFO - Filling up the DagBag from /home/airflow/.local/lib/python3.12/site-packages/airflow/example_dags/example_bash_operator.py
[2024-07-17T08:16:06.345+0000] {processor.py:840} INFO - DAG(s) 'example_bash_operator' retrieved from /home/airflow/.local/lib/python3.12/site-packages/airflow/example_dags/example_bash_operator.py
[2024-07-17T08:16:06.386+0000] {logging_mixin.py:188} INFO - [2024-07-17T08:16:06.386+0000] {dag.py:3089} INFO - Sync 1 DAGs
[2024-07-17T08:16:06.422+0000] {logging_mixin.py:188} INFO - [2024-07-17T08:16:06.422+0000] {dag.py:3947} INFO - Setting next_dagrun for example_bash_operator to 2024-07-16 00:00:00+00:00, run_after=2024-07-17 00:00:00+00:00
[2024-07-17T08:16:06.748+0000] {processor.py:183} INFO - Processing /home/airflow/.local/lib/python3.12/site-packages/airflow/example_dags/example_bash_operator.py took 0.429 seconds
[2024-07-17T08:16:38.498+0000] {processor.py:161} INFO - Started process (PID=358) to work on /home/airflow/.local/lib/python3.12/site-packages/airflow/example_dags/example_bash_operator.py
[2024-07-17T08:16:38.500+0000] {processor.py:830} INFO - Processing file /home/airflow/.local/lib/python3.12/site-packages/airflow/example_dags/example_bash_operator.py for tasks to queue
[2024-07-17T08:16:38.503+0000] {logging_mixin.py:188} INFO - [2024-07-17T08:16:38.503+0000] {dagbag.py:545} INFO - Filling up the DagBag from /home/airflow/.local/lib/python3.12/site-packages/airflow/example_dags/example_bash_operator.py
[2024-07-17T08:16:38.521+0000] {processor.py:840} INFO - DAG(s) 'example_bash_operator' retrieved from /home/airflow/.local/lib/python3.12/site-packages/airflow/example_dags/example_bash_operator.py
[2024-07-17T08:16:38.565+0000] {logging_mixin.py:188} INFO - [2024-07-17T08:16:38.564+0000] {dag.py:3089} INFO - Sync 1 DAGs
[2024-07-17T08:16:38.624+0000] {logging_mixin.py:188} INFO - [2024-07-17T08:16:38.624+0000] {dag.py:3947} INFO - Setting next_dagrun for example_bash_operator to 2024-07-16 00:00:00+00:00, run_after=2024-07-17 00:00:00+00:00
[2024-07-17T08:16:38.775+0000] {processor.py:183} INFO - Processing /home/airflow/.local/lib/python3.12/site-packages/airflow/example_dags/example_bash_operator.py took 0.285 seconds
[2024-07-17T08:17:09.813+0000] {processor.py:161} INFO - Started process (PID=416) to work on /home/airflow/.local/lib/python3.12/site-packages/airflow/example_dags/example_bash_operator.py
[2024-07-17T08:17:09.815+0000] {processor.py:830} INFO - Processing file /home/airflow/.local/lib/python3.12/site-packages/airflow/example_dags/example_bash_operator.py for tasks to queue
[2024-07-17T08:17:09.819+0000] {logging_mixin.py:188} INFO - [2024-07-17T08:17:09.818+0000] {dagbag.py:545} INFO - Filling up the DagBag from /home/airflow/.local/lib/python3.12/site-packages/airflow/example_dags/example_bash_operator.py
[2024-07-17T08:17:09.835+0000] {processor.py:840} INFO - DAG(s) 'example_bash_operator' retrieved from /home/airflow/.local/lib/python3.12/site-packages/airflow/example_dags/example_bash_operator.py
[2024-07-17T08:17:09.881+0000] {logging_mixin.py:188} INFO - [2024-07-17T08:17:09.881+0000] {dag.py:3089} INFO - Sync 1 DAGs
[2024-07-17T08:17:09.920+0000] {logging_mixin.py:188} INFO - [2024-07-17T08:17:09.920+0000] {dag.py:3947} INFO - Setting next_dagrun for example_bash_operator to 2024-07-16 00:00:00+00:00, run_after=2024-07-17 00:00:00+00:00
[2024-07-17T08:17:10.801+0000] {processor.py:183} INFO - Processing /home/airflow/.local/lib/python3.12/site-packages/airflow/example_dags/example_bash_operator.py took 0.995 seconds
[2024-07-17T08:17:41.523+0000] {processor.py:161} INFO - Started process (PID=474) to work on /home/airflow/.local/lib/python3.12/site-packages/airflow/example_dags/example_bash_operator.py
[2024-07-17T08:17:41.525+0000] {processor.py:830} INFO - Processing file /home/airflow/.local/lib/python3.12/site-packages/airflow/example_dags/example_bash_operator.py for tasks to queue
[2024-07-17T08:17:41.528+0000] {logging_mixin.py:188} INFO - [2024-07-17T08:17:41.528+0000] {dagbag.py:545} INFO - Filling up the DagBag from /home/airflow/.local/lib/python3.12/site-packages/airflow/example_dags/example_bash_operator.py
[2024-07-17T08:17:41.545+0000] {processor.py:840} INFO - DAG(s) 'example_bash_operator' retrieved from /home/airflow/.local/lib/python3.12/site-packages/airflow/example_dags/example_bash_operator.py
[2024-07-17T08:17:41.586+0000] {logging_mixin.py:188} INFO - [2024-07-17T08:17:41.586+0000] {dag.py:3089} INFO - Sync 1 DAGs
[2024-07-17T08:17:41.616+0000] {logging_mixin.py:188} INFO - [2024-07-17T08:17:41.616+0000] {dag.py:3947} INFO - Setting next_dagrun for example_bash_operator to 2024-07-16 00:00:00+00:00, run_after=2024-07-17 00:00:00+00:00
[2024-07-17T08:17:41.828+0000] {processor.py:183} INFO - Processing /home/airflow/.local/lib/python3.12/site-packages/airflow/example_dags/example_bash_operator.py took 0.312 seconds
