[2024-07-17T08:14:08.818+0000] {processor.py:161} INFO - Started process (PID=88) to work on /home/airflow/.local/lib/python3.12/site-packages/airflow/example_dags/example_subdag_operator.py
[2024-07-17T08:14:08.819+0000] {processor.py:830} INFO - Processing file /home/airflow/.local/lib/python3.12/site-packages/airflow/example_dags/example_subdag_operator.py for tasks to queue
[2024-07-17T08:14:08.823+0000] {logging_mixin.py:188} INFO - [2024-07-17T08:14:08.822+0000] {dagbag.py:545} INFO - Filling up the DagBag from /home/airflow/.local/lib/python3.12/site-packages/airflow/example_dags/example_subdag_operator.py
[2024-07-17T08:14:08.929+0000] {processor.py:840} INFO - DAG(s) 'example_subdag_operator.section-1', 'example_subdag_operator.section-2', 'example_subdag_operator' retrieved from /home/airflow/.local/lib/python3.12/site-packages/airflow/example_dags/example_subdag_operator.py
[2024-07-17T08:14:09.119+0000] {logging_mixin.py:188} INFO - [2024-07-17T08:14:09.119+0000] {dag.py:3089} INFO - Sync 3 DAGs
[2024-07-17T08:14:09.166+0000] {logging_mixin.py:188} INFO - [2024-07-17T08:14:09.166+0000] {dag.py:3947} INFO - Setting next_dagrun for example_subdag_operator to 2022-01-01 00:00:00+00:00, run_after=2022-01-01 00:00:00+00:00
[2024-07-17T08:14:09.175+0000] {logging_mixin.py:188} INFO - [2024-07-17T08:14:09.174+0000] {dag.py:3947} INFO - Setting next_dagrun for example_subdag_operator.section-1 to None, run_after=None
[2024-07-17T08:14:09.178+0000] {logging_mixin.py:188} INFO - [2024-07-17T08:14:09.178+0000] {dag.py:3947} INFO - Setting next_dagrun for example_subdag_operator.section-2 to None, run_after=None
[2024-07-17T08:14:09.196+0000] {logging_mixin.py:188} INFO - [2024-07-17T08:14:09.196+0000] {dag.py:3089} INFO - Sync 2 DAGs
[2024-07-17T08:14:09.208+0000] {logging_mixin.py:188} INFO - [2024-07-17T08:14:09.207+0000] {dag.py:3947} INFO - Setting next_dagrun for example_subdag_operator.section-1 to None, run_after=None
[2024-07-17T08:14:09.209+0000] {logging_mixin.py:188} INFO - [2024-07-17T08:14:09.209+0000] {dag.py:3947} INFO - Setting next_dagrun for example_subdag_operator.section-2 to None, run_after=None
[2024-07-17T08:14:09.321+0000] {processor.py:183} INFO - Processing /home/airflow/.local/lib/python3.12/site-packages/airflow/example_dags/example_subdag_operator.py took 0.512 seconds
[2024-07-17T08:14:41.161+0000] {processor.py:161} INFO - Started process (PID=146) to work on /home/airflow/.local/lib/python3.12/site-packages/airflow/example_dags/example_subdag_operator.py
[2024-07-17T08:14:41.163+0000] {processor.py:830} INFO - Processing file /home/airflow/.local/lib/python3.12/site-packages/airflow/example_dags/example_subdag_operator.py for tasks to queue
[2024-07-17T08:14:41.166+0000] {logging_mixin.py:188} INFO - [2024-07-17T08:14:41.166+0000] {dagbag.py:545} INFO - Filling up the DagBag from /home/airflow/.local/lib/python3.12/site-packages/airflow/example_dags/example_subdag_operator.py
[2024-07-17T08:14:41.247+0000] {processor.py:840} INFO - DAG(s) 'example_subdag_operator.section-1', 'example_subdag_operator.section-2', 'example_subdag_operator' retrieved from /home/airflow/.local/lib/python3.12/site-packages/airflow/example_dags/example_subdag_operator.py
[2024-07-17T08:14:41.289+0000] {logging_mixin.py:188} INFO - [2024-07-17T08:14:41.288+0000] {dag.py:3089} INFO - Sync 3 DAGs
[2024-07-17T08:14:41.334+0000] {logging_mixin.py:188} INFO - [2024-07-17T08:14:41.334+0000] {dag.py:3947} INFO - Setting next_dagrun for example_subdag_operator to 2022-01-01 00:00:00+00:00, run_after=2022-01-01 00:00:00+00:00
[2024-07-17T08:14:41.343+0000] {logging_mixin.py:188} INFO - [2024-07-17T08:14:41.343+0000] {dag.py:3947} INFO - Setting next_dagrun for example_subdag_operator.section-1 to None, run_after=None
[2024-07-17T08:14:41.347+0000] {logging_mixin.py:188} INFO - [2024-07-17T08:14:41.347+0000] {dag.py:3947} INFO - Setting next_dagrun for example_subdag_operator.section-2 to None, run_after=None
[2024-07-17T08:14:41.360+0000] {logging_mixin.py:188} INFO - [2024-07-17T08:14:41.360+0000] {dag.py:3089} INFO - Sync 2 DAGs
[2024-07-17T08:14:41.369+0000] {logging_mixin.py:188} INFO - [2024-07-17T08:14:41.369+0000] {dag.py:3947} INFO - Setting next_dagrun for example_subdag_operator.section-1 to None, run_after=None
[2024-07-17T08:14:41.371+0000] {logging_mixin.py:188} INFO - [2024-07-17T08:14:41.371+0000] {dag.py:3947} INFO - Setting next_dagrun for example_subdag_operator.section-2 to None, run_after=None
[2024-07-17T08:14:41.455+0000] {processor.py:183} INFO - Processing /home/airflow/.local/lib/python3.12/site-packages/airflow/example_dags/example_subdag_operator.py took 0.303 seconds
[2024-07-17T08:15:11.597+0000] {processor.py:161} INFO - Started process (PID=202) to work on /home/airflow/.local/lib/python3.12/site-packages/airflow/example_dags/example_subdag_operator.py
[2024-07-17T08:15:11.598+0000] {processor.py:830} INFO - Processing file /home/airflow/.local/lib/python3.12/site-packages/airflow/example_dags/example_subdag_operator.py for tasks to queue
[2024-07-17T08:15:11.602+0000] {logging_mixin.py:188} INFO - [2024-07-17T08:15:11.601+0000] {dagbag.py:545} INFO - Filling up the DagBag from /home/airflow/.local/lib/python3.12/site-packages/airflow/example_dags/example_subdag_operator.py
[2024-07-17T08:15:11.633+0000] {processor.py:840} INFO - DAG(s) 'example_subdag_operator.section-1', 'example_subdag_operator.section-2', 'example_subdag_operator' retrieved from /home/airflow/.local/lib/python3.12/site-packages/airflow/example_dags/example_subdag_operator.py
[2024-07-17T08:15:11.656+0000] {logging_mixin.py:188} INFO - [2024-07-17T08:15:11.655+0000] {dag.py:3089} INFO - Sync 3 DAGs
[2024-07-17T08:15:11.696+0000] {logging_mixin.py:188} INFO - [2024-07-17T08:15:11.695+0000] {dag.py:3947} INFO - Setting next_dagrun for example_subdag_operator to 2022-01-01 00:00:00+00:00, run_after=2022-01-01 00:00:00+00:00
[2024-07-17T08:15:11.705+0000] {logging_mixin.py:188} INFO - [2024-07-17T08:15:11.704+0000] {dag.py:3947} INFO - Setting next_dagrun for example_subdag_operator.section-1 to None, run_after=None
[2024-07-17T08:15:11.709+0000] {logging_mixin.py:188} INFO - [2024-07-17T08:15:11.708+0000] {dag.py:3947} INFO - Setting next_dagrun for example_subdag_operator.section-2 to None, run_after=None
[2024-07-17T08:15:11.725+0000] {logging_mixin.py:188} INFO - [2024-07-17T08:15:11.724+0000] {dag.py:3089} INFO - Sync 2 DAGs
[2024-07-17T08:15:11.737+0000] {logging_mixin.py:188} INFO - [2024-07-17T08:15:11.737+0000] {dag.py:3947} INFO - Setting next_dagrun for example_subdag_operator.section-1 to None, run_after=None
[2024-07-17T08:15:11.738+0000] {logging_mixin.py:188} INFO - [2024-07-17T08:15:11.738+0000] {dag.py:3947} INFO - Setting next_dagrun for example_subdag_operator.section-2 to None, run_after=None
[2024-07-17T08:15:11.773+0000] {processor.py:183} INFO - Processing /home/airflow/.local/lib/python3.12/site-packages/airflow/example_dags/example_subdag_operator.py took 0.183 seconds
[2024-07-17T08:15:42.546+0000] {processor.py:161} INFO - Started process (PID=260) to work on /home/airflow/.local/lib/python3.12/site-packages/airflow/example_dags/example_subdag_operator.py
[2024-07-17T08:15:42.547+0000] {processor.py:830} INFO - Processing file /home/airflow/.local/lib/python3.12/site-packages/airflow/example_dags/example_subdag_operator.py for tasks to queue
[2024-07-17T08:15:42.551+0000] {logging_mixin.py:188} INFO - [2024-07-17T08:15:42.550+0000] {dagbag.py:545} INFO - Filling up the DagBag from /home/airflow/.local/lib/python3.12/site-packages/airflow/example_dags/example_subdag_operator.py
[2024-07-17T08:15:42.587+0000] {processor.py:840} INFO - DAG(s) 'example_subdag_operator.section-1', 'example_subdag_operator.section-2', 'example_subdag_operator' retrieved from /home/airflow/.local/lib/python3.12/site-packages/airflow/example_dags/example_subdag_operator.py
[2024-07-17T08:15:42.617+0000] {logging_mixin.py:188} INFO - [2024-07-17T08:15:42.616+0000] {dag.py:3089} INFO - Sync 3 DAGs
[2024-07-17T08:15:42.656+0000] {logging_mixin.py:188} INFO - [2024-07-17T08:15:42.656+0000] {dag.py:3947} INFO - Setting next_dagrun for example_subdag_operator to 2022-01-01 00:00:00+00:00, run_after=2022-01-01 00:00:00+00:00
[2024-07-17T08:15:42.664+0000] {logging_mixin.py:188} INFO - [2024-07-17T08:15:42.663+0000] {dag.py:3947} INFO - Setting next_dagrun for example_subdag_operator.section-1 to None, run_after=None
[2024-07-17T08:15:42.667+0000] {logging_mixin.py:188} INFO - [2024-07-17T08:15:42.667+0000] {dag.py:3947} INFO - Setting next_dagrun for example_subdag_operator.section-2 to None, run_after=None
[2024-07-17T08:15:42.682+0000] {logging_mixin.py:188} INFO - [2024-07-17T08:15:42.681+0000] {dag.py:3089} INFO - Sync 2 DAGs
[2024-07-17T08:15:42.693+0000] {logging_mixin.py:188} INFO - [2024-07-17T08:15:42.693+0000] {dag.py:3947} INFO - Setting next_dagrun for example_subdag_operator.section-1 to None, run_after=None
[2024-07-17T08:15:42.694+0000] {logging_mixin.py:188} INFO - [2024-07-17T08:15:42.694+0000] {dag.py:3947} INFO - Setting next_dagrun for example_subdag_operator.section-2 to None, run_after=None
[2024-07-17T08:15:42.725+0000] {processor.py:183} INFO - Processing /home/airflow/.local/lib/python3.12/site-packages/airflow/example_dags/example_subdag_operator.py took 0.187 seconds
[2024-07-17T08:16:13.784+0000] {processor.py:161} INFO - Started process (PID=318) to work on /home/airflow/.local/lib/python3.12/site-packages/airflow/example_dags/example_subdag_operator.py
[2024-07-17T08:16:13.785+0000] {processor.py:830} INFO - Processing file /home/airflow/.local/lib/python3.12/site-packages/airflow/example_dags/example_subdag_operator.py for tasks to queue
[2024-07-17T08:16:13.788+0000] {logging_mixin.py:188} INFO - [2024-07-17T08:16:13.788+0000] {dagbag.py:545} INFO - Filling up the DagBag from /home/airflow/.local/lib/python3.12/site-packages/airflow/example_dags/example_subdag_operator.py
[2024-07-17T08:16:13.823+0000] {processor.py:840} INFO - DAG(s) 'example_subdag_operator.section-1', 'example_subdag_operator.section-2', 'example_subdag_operator' retrieved from /home/airflow/.local/lib/python3.12/site-packages/airflow/example_dags/example_subdag_operator.py
[2024-07-17T08:16:13.845+0000] {logging_mixin.py:188} INFO - [2024-07-17T08:16:13.845+0000] {dag.py:3089} INFO - Sync 3 DAGs
[2024-07-17T08:16:13.883+0000] {logging_mixin.py:188} INFO - [2024-07-17T08:16:13.883+0000] {dag.py:3947} INFO - Setting next_dagrun for example_subdag_operator to 2022-01-01 00:00:00+00:00, run_after=2022-01-01 00:00:00+00:00
[2024-07-17T08:16:13.890+0000] {logging_mixin.py:188} INFO - [2024-07-17T08:16:13.890+0000] {dag.py:3947} INFO - Setting next_dagrun for example_subdag_operator.section-1 to None, run_after=None
[2024-07-17T08:16:13.893+0000] {logging_mixin.py:188} INFO - [2024-07-17T08:16:13.893+0000] {dag.py:3947} INFO - Setting next_dagrun for example_subdag_operator.section-2 to None, run_after=None
[2024-07-17T08:16:13.913+0000] {logging_mixin.py:188} INFO - [2024-07-17T08:16:13.913+0000] {dag.py:3089} INFO - Sync 2 DAGs
[2024-07-17T08:16:13.925+0000] {logging_mixin.py:188} INFO - [2024-07-17T08:16:13.924+0000] {dag.py:3947} INFO - Setting next_dagrun for example_subdag_operator.section-1 to None, run_after=None
[2024-07-17T08:16:13.926+0000] {logging_mixin.py:188} INFO - [2024-07-17T08:16:13.926+0000] {dag.py:3947} INFO - Setting next_dagrun for example_subdag_operator.section-2 to None, run_after=None
[2024-07-17T08:16:14.228+0000] {processor.py:183} INFO - Processing /home/airflow/.local/lib/python3.12/site-packages/airflow/example_dags/example_subdag_operator.py took 0.453 seconds
[2024-07-17T08:16:45.576+0000] {processor.py:161} INFO - Started process (PID=378) to work on /home/airflow/.local/lib/python3.12/site-packages/airflow/example_dags/example_subdag_operator.py
[2024-07-17T08:16:45.578+0000] {processor.py:830} INFO - Processing file /home/airflow/.local/lib/python3.12/site-packages/airflow/example_dags/example_subdag_operator.py for tasks to queue
[2024-07-17T08:16:45.581+0000] {logging_mixin.py:188} INFO - [2024-07-17T08:16:45.581+0000] {dagbag.py:545} INFO - Filling up the DagBag from /home/airflow/.local/lib/python3.12/site-packages/airflow/example_dags/example_subdag_operator.py
[2024-07-17T08:16:45.622+0000] {processor.py:840} INFO - DAG(s) 'example_subdag_operator.section-1', 'example_subdag_operator.section-2', 'example_subdag_operator' retrieved from /home/airflow/.local/lib/python3.12/site-packages/airflow/example_dags/example_subdag_operator.py
[2024-07-17T08:16:45.652+0000] {logging_mixin.py:188} INFO - [2024-07-17T08:16:45.652+0000] {dag.py:3089} INFO - Sync 3 DAGs
[2024-07-17T08:16:45.692+0000] {logging_mixin.py:188} INFO - [2024-07-17T08:16:45.691+0000] {dag.py:3947} INFO - Setting next_dagrun for example_subdag_operator to 2022-01-01 00:00:00+00:00, run_after=2022-01-01 00:00:00+00:00
[2024-07-17T08:16:45.703+0000] {logging_mixin.py:188} INFO - [2024-07-17T08:16:45.703+0000] {dag.py:3947} INFO - Setting next_dagrun for example_subdag_operator.section-1 to None, run_after=None
[2024-07-17T08:16:45.706+0000] {logging_mixin.py:188} INFO - [2024-07-17T08:16:45.706+0000] {dag.py:3947} INFO - Setting next_dagrun for example_subdag_operator.section-2 to None, run_after=None
[2024-07-17T08:16:45.718+0000] {logging_mixin.py:188} INFO - [2024-07-17T08:16:45.718+0000] {dag.py:3089} INFO - Sync 2 DAGs
[2024-07-17T08:16:45.729+0000] {logging_mixin.py:188} INFO - [2024-07-17T08:16:45.729+0000] {dag.py:3947} INFO - Setting next_dagrun for example_subdag_operator.section-1 to None, run_after=None
[2024-07-17T08:16:45.731+0000] {logging_mixin.py:188} INFO - [2024-07-17T08:16:45.730+0000] {dag.py:3947} INFO - Setting next_dagrun for example_subdag_operator.section-2 to None, run_after=None
[2024-07-17T08:16:46.086+0000] {processor.py:183} INFO - Processing /home/airflow/.local/lib/python3.12/site-packages/airflow/example_dags/example_subdag_operator.py took 0.518 seconds
[2024-07-17T08:17:20.121+0000] {processor.py:161} INFO - Started process (PID=436) to work on /home/airflow/.local/lib/python3.12/site-packages/airflow/example_dags/example_subdag_operator.py
[2024-07-17T08:17:20.122+0000] {processor.py:830} INFO - Processing file /home/airflow/.local/lib/python3.12/site-packages/airflow/example_dags/example_subdag_operator.py for tasks to queue
[2024-07-17T08:17:20.126+0000] {logging_mixin.py:188} INFO - [2024-07-17T08:17:20.125+0000] {dagbag.py:545} INFO - Filling up the DagBag from /home/airflow/.local/lib/python3.12/site-packages/airflow/example_dags/example_subdag_operator.py
[2024-07-17T08:17:20.161+0000] {processor.py:840} INFO - DAG(s) 'example_subdag_operator.section-1', 'example_subdag_operator.section-2', 'example_subdag_operator' retrieved from /home/airflow/.local/lib/python3.12/site-packages/airflow/example_dags/example_subdag_operator.py
[2024-07-17T08:17:20.188+0000] {logging_mixin.py:188} INFO - [2024-07-17T08:17:20.188+0000] {dag.py:3089} INFO - Sync 3 DAGs
[2024-07-17T08:17:20.223+0000] {logging_mixin.py:188} INFO - [2024-07-17T08:17:20.222+0000] {dag.py:3947} INFO - Setting next_dagrun for example_subdag_operator to 2022-01-01 00:00:00+00:00, run_after=2022-01-01 00:00:00+00:00
[2024-07-17T08:17:20.229+0000] {logging_mixin.py:188} INFO - [2024-07-17T08:17:20.229+0000] {dag.py:3947} INFO - Setting next_dagrun for example_subdag_operator.section-1 to None, run_after=None
[2024-07-17T08:17:20.232+0000] {logging_mixin.py:188} INFO - [2024-07-17T08:17:20.232+0000] {dag.py:3947} INFO - Setting next_dagrun for example_subdag_operator.section-2 to None, run_after=None
[2024-07-17T08:17:20.245+0000] {logging_mixin.py:188} INFO - [2024-07-17T08:17:20.244+0000] {dag.py:3089} INFO - Sync 2 DAGs
[2024-07-17T08:17:20.253+0000] {logging_mixin.py:188} INFO - [2024-07-17T08:17:20.253+0000] {dag.py:3947} INFO - Setting next_dagrun for example_subdag_operator.section-1 to None, run_after=None
[2024-07-17T08:17:20.255+0000] {logging_mixin.py:188} INFO - [2024-07-17T08:17:20.254+0000] {dag.py:3947} INFO - Setting next_dagrun for example_subdag_operator.section-2 to None, run_after=None
[2024-07-17T08:17:21.047+0000] {processor.py:183} INFO - Processing /home/airflow/.local/lib/python3.12/site-packages/airflow/example_dags/example_subdag_operator.py took 0.933 seconds
