[2024-07-17T08:14:09.394+0000] {processor.py:161} INFO - Started process (PID=90) to work on /home/airflow/.local/lib/python3.12/site-packages/airflow/example_dags/example_bash_decorator.py
[2024-07-17T08:14:09.396+0000] {processor.py:830} INFO - Processing file /home/airflow/.local/lib/python3.12/site-packages/airflow/example_dags/example_bash_decorator.py for tasks to queue
[2024-07-17T08:14:09.401+0000] {logging_mixin.py:188} INFO - [2024-07-17T08:14:09.399+0000] {dagbag.py:545} INFO - Filling up the DagBag from /home/airflow/.local/lib/python3.12/site-packages/airflow/example_dags/example_bash_decorator.py
[2024-07-17T08:14:09.424+0000] {processor.py:840} INFO - DAG(s) 'example_bash_decorator' retrieved from /home/airflow/.local/lib/python3.12/site-packages/airflow/example_dags/example_bash_decorator.py
[2024-07-17T08:14:09.631+0000] {logging_mixin.py:188} INFO - [2024-07-17T08:14:09.631+0000] {dag.py:3089} INFO - Sync 1 DAGs
[2024-07-17T08:14:09.654+0000] {logging_mixin.py:188} INFO - [2024-07-17T08:14:09.653+0000] {dag.py:3947} INFO - Setting next_dagrun for example_bash_decorator to None, run_after=None
[2024-07-17T08:14:09.765+0000] {processor.py:183} INFO - Processing /home/airflow/.local/lib/python3.12/site-packages/airflow/example_dags/example_bash_decorator.py took 0.379 seconds
[2024-07-17T08:14:41.711+0000] {processor.py:161} INFO - Started process (PID=148) to work on /home/airflow/.local/lib/python3.12/site-packages/airflow/example_dags/example_bash_decorator.py
[2024-07-17T08:14:41.713+0000] {processor.py:830} INFO - Processing file /home/airflow/.local/lib/python3.12/site-packages/airflow/example_dags/example_bash_decorator.py for tasks to queue
[2024-07-17T08:14:41.716+0000] {logging_mixin.py:188} INFO - [2024-07-17T08:14:41.715+0000] {dagbag.py:545} INFO - Filling up the DagBag from /home/airflow/.local/lib/python3.12/site-packages/airflow/example_dags/example_bash_decorator.py
[2024-07-17T08:14:41.734+0000] {processor.py:840} INFO - DAG(s) 'example_bash_decorator' retrieved from /home/airflow/.local/lib/python3.12/site-packages/airflow/example_dags/example_bash_decorator.py
[2024-07-17T08:14:41.766+0000] {logging_mixin.py:188} INFO - [2024-07-17T08:14:41.766+0000] {dag.py:3089} INFO - Sync 1 DAGs
[2024-07-17T08:14:41.787+0000] {logging_mixin.py:188} INFO - [2024-07-17T08:14:41.786+0000] {dag.py:3947} INFO - Setting next_dagrun for example_bash_decorator to None, run_after=None
[2024-07-17T08:14:41.880+0000] {processor.py:183} INFO - Processing /home/airflow/.local/lib/python3.12/site-packages/airflow/example_dags/example_bash_decorator.py took 0.176 seconds
[2024-07-17T08:15:12.027+0000] {processor.py:161} INFO - Started process (PID=204) to work on /home/airflow/.local/lib/python3.12/site-packages/airflow/example_dags/example_bash_decorator.py
[2024-07-17T08:15:12.028+0000] {processor.py:830} INFO - Processing file /home/airflow/.local/lib/python3.12/site-packages/airflow/example_dags/example_bash_decorator.py for tasks to queue
[2024-07-17T08:15:12.031+0000] {logging_mixin.py:188} INFO - [2024-07-17T08:15:12.031+0000] {dagbag.py:545} INFO - Filling up the DagBag from /home/airflow/.local/lib/python3.12/site-packages/airflow/example_dags/example_bash_decorator.py
[2024-07-17T08:15:12.049+0000] {processor.py:840} INFO - DAG(s) 'example_bash_decorator' retrieved from /home/airflow/.local/lib/python3.12/site-packages/airflow/example_dags/example_bash_decorator.py
[2024-07-17T08:15:12.090+0000] {logging_mixin.py:188} INFO - [2024-07-17T08:15:12.089+0000] {dag.py:3089} INFO - Sync 1 DAGs
[2024-07-17T08:15:12.108+0000] {logging_mixin.py:188} INFO - [2024-07-17T08:15:12.108+0000] {dag.py:3947} INFO - Setting next_dagrun for example_bash_decorator to None, run_after=None
[2024-07-17T08:15:12.146+0000] {processor.py:183} INFO - Processing /home/airflow/.local/lib/python3.12/site-packages/airflow/example_dags/example_bash_decorator.py took 0.127 seconds
[2024-07-17T08:15:42.700+0000] {processor.py:161} INFO - Started process (PID=262) to work on /home/airflow/.local/lib/python3.12/site-packages/airflow/example_dags/example_bash_decorator.py
[2024-07-17T08:15:42.701+0000] {processor.py:830} INFO - Processing file /home/airflow/.local/lib/python3.12/site-packages/airflow/example_dags/example_bash_decorator.py for tasks to queue
[2024-07-17T08:15:42.704+0000] {logging_mixin.py:188} INFO - [2024-07-17T08:15:42.704+0000] {dagbag.py:545} INFO - Filling up the DagBag from /home/airflow/.local/lib/python3.12/site-packages/airflow/example_dags/example_bash_decorator.py
[2024-07-17T08:15:42.720+0000] {processor.py:840} INFO - DAG(s) 'example_bash_decorator' retrieved from /home/airflow/.local/lib/python3.12/site-packages/airflow/example_dags/example_bash_decorator.py
[2024-07-17T08:15:42.763+0000] {logging_mixin.py:188} INFO - [2024-07-17T08:15:42.762+0000] {dag.py:3089} INFO - Sync 1 DAGs
[2024-07-17T08:15:42.783+0000] {logging_mixin.py:188} INFO - [2024-07-17T08:15:42.783+0000] {dag.py:3947} INFO - Setting next_dagrun for example_bash_decorator to None, run_after=None
[2024-07-17T08:15:42.905+0000] {processor.py:183} INFO - Processing /home/airflow/.local/lib/python3.12/site-packages/airflow/example_dags/example_bash_decorator.py took 0.213 seconds
[2024-07-17T08:16:14.286+0000] {processor.py:161} INFO - Started process (PID=320) to work on /home/airflow/.local/lib/python3.12/site-packages/airflow/example_dags/example_bash_decorator.py
[2024-07-17T08:16:14.288+0000] {processor.py:830} INFO - Processing file /home/airflow/.local/lib/python3.12/site-packages/airflow/example_dags/example_bash_decorator.py for tasks to queue
[2024-07-17T08:16:14.291+0000] {logging_mixin.py:188} INFO - [2024-07-17T08:16:14.291+0000] {dagbag.py:545} INFO - Filling up the DagBag from /home/airflow/.local/lib/python3.12/site-packages/airflow/example_dags/example_bash_decorator.py
[2024-07-17T08:16:14.309+0000] {processor.py:840} INFO - DAG(s) 'example_bash_decorator' retrieved from /home/airflow/.local/lib/python3.12/site-packages/airflow/example_dags/example_bash_decorator.py
[2024-07-17T08:16:14.345+0000] {logging_mixin.py:188} INFO - [2024-07-17T08:16:14.345+0000] {dag.py:3089} INFO - Sync 1 DAGs
[2024-07-17T08:16:14.365+0000] {logging_mixin.py:188} INFO - [2024-07-17T08:16:14.365+0000] {dag.py:3947} INFO - Setting next_dagrun for example_bash_decorator to None, run_after=None
[2024-07-17T08:16:14.589+0000] {processor.py:183} INFO - Processing /home/airflow/.local/lib/python3.12/site-packages/airflow/example_dags/example_bash_decorator.py took 0.310 seconds
[2024-07-17T08:16:46.131+0000] {processor.py:161} INFO - Started process (PID=380) to work on /home/airflow/.local/lib/python3.12/site-packages/airflow/example_dags/example_bash_decorator.py
[2024-07-17T08:16:46.132+0000] {processor.py:830} INFO - Processing file /home/airflow/.local/lib/python3.12/site-packages/airflow/example_dags/example_bash_decorator.py for tasks to queue
[2024-07-17T08:16:46.136+0000] {logging_mixin.py:188} INFO - [2024-07-17T08:16:46.135+0000] {dagbag.py:545} INFO - Filling up the DagBag from /home/airflow/.local/lib/python3.12/site-packages/airflow/example_dags/example_bash_decorator.py
[2024-07-17T08:16:46.161+0000] {processor.py:840} INFO - DAG(s) 'example_bash_decorator' retrieved from /home/airflow/.local/lib/python3.12/site-packages/airflow/example_dags/example_bash_decorator.py
[2024-07-17T08:16:46.199+0000] {logging_mixin.py:188} INFO - [2024-07-17T08:16:46.199+0000] {dag.py:3089} INFO - Sync 1 DAGs
[2024-07-17T08:16:46.218+0000] {logging_mixin.py:188} INFO - [2024-07-17T08:16:46.218+0000] {dag.py:3947} INFO - Setting next_dagrun for example_bash_decorator to None, run_after=None
[2024-07-17T08:16:46.448+0000] {processor.py:183} INFO - Processing /home/airflow/.local/lib/python3.12/site-packages/airflow/example_dags/example_bash_decorator.py took 0.325 seconds
[2024-07-17T08:17:21.091+0000] {processor.py:161} INFO - Started process (PID=438) to work on /home/airflow/.local/lib/python3.12/site-packages/airflow/example_dags/example_bash_decorator.py
[2024-07-17T08:17:21.092+0000] {processor.py:830} INFO - Processing file /home/airflow/.local/lib/python3.12/site-packages/airflow/example_dags/example_bash_decorator.py for tasks to queue
[2024-07-17T08:17:21.095+0000] {logging_mixin.py:188} INFO - [2024-07-17T08:17:21.095+0000] {dagbag.py:545} INFO - Filling up the DagBag from /home/airflow/.local/lib/python3.12/site-packages/airflow/example_dags/example_bash_decorator.py
[2024-07-17T08:17:21.115+0000] {processor.py:840} INFO - DAG(s) 'example_bash_decorator' retrieved from /home/airflow/.local/lib/python3.12/site-packages/airflow/example_dags/example_bash_decorator.py
[2024-07-17T08:17:21.147+0000] {logging_mixin.py:188} INFO - [2024-07-17T08:17:21.147+0000] {dag.py:3089} INFO - Sync 1 DAGs
[2024-07-17T08:17:21.166+0000] {logging_mixin.py:188} INFO - [2024-07-17T08:17:21.165+0000] {dag.py:3947} INFO - Setting next_dagrun for example_bash_decorator to None, run_after=None
[2024-07-17T08:17:22.119+0000] {processor.py:183} INFO - Processing /home/airflow/.local/lib/python3.12/site-packages/airflow/example_dags/example_bash_decorator.py took 1.035 seconds
