[2024-07-17T08:13:27.103+0000] {processor.py:161} INFO - Started process (PID=48) to work on /home/airflow/.local/lib/python3.12/site-packages/airflow/example_dags/example_sla_dag.py
[2024-07-17T08:13:27.105+0000] {processor.py:830} INFO - Processing file /home/airflow/.local/lib/python3.12/site-packages/airflow/example_dags/example_sla_dag.py for tasks to queue
[2024-07-17T08:13:27.109+0000] {logging_mixin.py:188} INFO - [2024-07-17T08:13:27.108+0000] {dagbag.py:545} INFO - Filling up the DagBag from /home/airflow/.local/lib/python3.12/site-packages/airflow/example_dags/example_sla_dag.py
[2024-07-17T08:13:27.125+0000] {processor.py:840} INFO - DAG(s) 'example_sla_dag' retrieved from /home/airflow/.local/lib/python3.12/site-packages/airflow/example_dags/example_sla_dag.py
[2024-07-17T08:13:27.357+0000] {logging_mixin.py:188} INFO - [2024-07-17T08:13:27.356+0000] {dag.py:3089} INFO - Sync 1 DAGs
[2024-07-17T08:13:27.392+0000] {logging_mixin.py:188} INFO - [2024-07-17T08:13:27.391+0000] {dag.py:3947} INFO - Setting next_dagrun for example_sla_dag to 2024-07-17 08:10:00+00:00, run_after=2024-07-17 08:12:00+00:00
[2024-07-17T08:13:27.711+0000] {processor.py:183} INFO - Processing /home/airflow/.local/lib/python3.12/site-packages/airflow/example_dags/example_sla_dag.py took 0.618 seconds
[2024-07-17T08:14:13.809+0000] {processor.py:161} INFO - Started process (PID=105) to work on /home/airflow/.local/lib/python3.12/site-packages/airflow/example_dags/example_sla_dag.py
[2024-07-17T08:14:13.810+0000] {processor.py:830} INFO - Processing file /home/airflow/.local/lib/python3.12/site-packages/airflow/example_dags/example_sla_dag.py for tasks to queue
[2024-07-17T08:14:13.813+0000] {logging_mixin.py:188} INFO - [2024-07-17T08:14:13.813+0000] {dagbag.py:545} INFO - Filling up the DagBag from /home/airflow/.local/lib/python3.12/site-packages/airflow/example_dags/example_sla_dag.py
[2024-07-17T08:14:13.824+0000] {processor.py:840} INFO - DAG(s) 'example_sla_dag' retrieved from /home/airflow/.local/lib/python3.12/site-packages/airflow/example_dags/example_sla_dag.py
[2024-07-17T08:14:13.856+0000] {logging_mixin.py:188} INFO - [2024-07-17T08:14:13.856+0000] {dag.py:3089} INFO - Sync 1 DAGs
[2024-07-17T08:14:13.895+0000] {logging_mixin.py:188} INFO - [2024-07-17T08:14:13.894+0000] {dag.py:3947} INFO - Setting next_dagrun for example_sla_dag to 2024-07-17 08:12:00+00:00, run_after=2024-07-17 08:14:00+00:00
[2024-07-17T08:14:14.044+0000] {processor.py:183} INFO - Processing /home/airflow/.local/lib/python3.12/site-packages/airflow/example_dags/example_sla_dag.py took 0.243 seconds
[2024-07-17T08:14:44.547+0000] {processor.py:161} INFO - Started process (PID=162) to work on /home/airflow/.local/lib/python3.12/site-packages/airflow/example_dags/example_sla_dag.py
[2024-07-17T08:14:44.549+0000] {processor.py:830} INFO - Processing file /home/airflow/.local/lib/python3.12/site-packages/airflow/example_dags/example_sla_dag.py for tasks to queue
[2024-07-17T08:14:44.552+0000] {logging_mixin.py:188} INFO - [2024-07-17T08:14:44.551+0000] {dagbag.py:545} INFO - Filling up the DagBag from /home/airflow/.local/lib/python3.12/site-packages/airflow/example_dags/example_sla_dag.py
[2024-07-17T08:14:44.563+0000] {processor.py:840} INFO - DAG(s) 'example_sla_dag' retrieved from /home/airflow/.local/lib/python3.12/site-packages/airflow/example_dags/example_sla_dag.py
[2024-07-17T08:14:44.594+0000] {logging_mixin.py:188} INFO - [2024-07-17T08:14:44.594+0000] {dag.py:3089} INFO - Sync 1 DAGs
[2024-07-17T08:14:44.636+0000] {logging_mixin.py:188} INFO - [2024-07-17T08:14:44.635+0000] {dag.py:3947} INFO - Setting next_dagrun for example_sla_dag to 2024-07-17 08:12:00+00:00, run_after=2024-07-17 08:14:00+00:00
[2024-07-17T08:14:44.722+0000] {processor.py:183} INFO - Processing /home/airflow/.local/lib/python3.12/site-packages/airflow/example_dags/example_sla_dag.py took 0.183 seconds
[2024-07-17T08:15:15.210+0000] {processor.py:161} INFO - Started process (PID=218) to work on /home/airflow/.local/lib/python3.12/site-packages/airflow/example_dags/example_sla_dag.py
[2024-07-17T08:15:15.212+0000] {processor.py:830} INFO - Processing file /home/airflow/.local/lib/python3.12/site-packages/airflow/example_dags/example_sla_dag.py for tasks to queue
[2024-07-17T08:15:15.215+0000] {logging_mixin.py:188} INFO - [2024-07-17T08:15:15.214+0000] {dagbag.py:545} INFO - Filling up the DagBag from /home/airflow/.local/lib/python3.12/site-packages/airflow/example_dags/example_sla_dag.py
[2024-07-17T08:15:15.224+0000] {processor.py:840} INFO - DAG(s) 'example_sla_dag' retrieved from /home/airflow/.local/lib/python3.12/site-packages/airflow/example_dags/example_sla_dag.py
[2024-07-17T08:15:15.251+0000] {logging_mixin.py:188} INFO - [2024-07-17T08:15:15.251+0000] {dag.py:3089} INFO - Sync 1 DAGs
[2024-07-17T08:15:15.283+0000] {logging_mixin.py:188} INFO - [2024-07-17T08:15:15.283+0000] {dag.py:3947} INFO - Setting next_dagrun for example_sla_dag to 2024-07-17 08:12:00+00:00, run_after=2024-07-17 08:14:00+00:00
[2024-07-17T08:15:15.336+0000] {processor.py:183} INFO - Processing /home/airflow/.local/lib/python3.12/site-packages/airflow/example_dags/example_sla_dag.py took 0.135 seconds
[2024-07-17T08:15:46.030+0000] {processor.py:161} INFO - Started process (PID=276) to work on /home/airflow/.local/lib/python3.12/site-packages/airflow/example_dags/example_sla_dag.py
[2024-07-17T08:15:46.032+0000] {processor.py:830} INFO - Processing file /home/airflow/.local/lib/python3.12/site-packages/airflow/example_dags/example_sla_dag.py for tasks to queue
[2024-07-17T08:15:46.035+0000] {logging_mixin.py:188} INFO - [2024-07-17T08:15:46.034+0000] {dagbag.py:545} INFO - Filling up the DagBag from /home/airflow/.local/lib/python3.12/site-packages/airflow/example_dags/example_sla_dag.py
[2024-07-17T08:15:46.046+0000] {processor.py:840} INFO - DAG(s) 'example_sla_dag' retrieved from /home/airflow/.local/lib/python3.12/site-packages/airflow/example_dags/example_sla_dag.py
[2024-07-17T08:15:46.076+0000] {logging_mixin.py:188} INFO - [2024-07-17T08:15:46.076+0000] {dag.py:3089} INFO - Sync 1 DAGs
[2024-07-17T08:15:46.116+0000] {logging_mixin.py:188} INFO - [2024-07-17T08:15:46.115+0000] {dag.py:3947} INFO - Setting next_dagrun for example_sla_dag to 2024-07-17 08:12:00+00:00, run_after=2024-07-17 08:14:00+00:00
[2024-07-17T08:15:46.231+0000] {processor.py:183} INFO - Processing /home/airflow/.local/lib/python3.12/site-packages/airflow/example_dags/example_sla_dag.py took 0.208 seconds
[2024-07-17T08:16:17.250+0000] {processor.py:161} INFO - Started process (PID=334) to work on /home/airflow/.local/lib/python3.12/site-packages/airflow/example_dags/example_sla_dag.py
[2024-07-17T08:16:17.252+0000] {processor.py:830} INFO - Processing file /home/airflow/.local/lib/python3.12/site-packages/airflow/example_dags/example_sla_dag.py for tasks to queue
[2024-07-17T08:16:17.255+0000] {logging_mixin.py:188} INFO - [2024-07-17T08:16:17.254+0000] {dagbag.py:545} INFO - Filling up the DagBag from /home/airflow/.local/lib/python3.12/site-packages/airflow/example_dags/example_sla_dag.py
[2024-07-17T08:16:17.266+0000] {processor.py:840} INFO - DAG(s) 'example_sla_dag' retrieved from /home/airflow/.local/lib/python3.12/site-packages/airflow/example_dags/example_sla_dag.py
[2024-07-17T08:16:17.296+0000] {logging_mixin.py:188} INFO - [2024-07-17T08:16:17.296+0000] {dag.py:3089} INFO - Sync 1 DAGs
[2024-07-17T08:16:17.330+0000] {logging_mixin.py:188} INFO - [2024-07-17T08:16:17.330+0000] {dag.py:3947} INFO - Setting next_dagrun for example_sla_dag to 2024-07-17 08:14:00+00:00, run_after=2024-07-17 08:16:00+00:00
[2024-07-17T08:16:17.584+0000] {processor.py:183} INFO - Processing /home/airflow/.local/lib/python3.12/site-packages/airflow/example_dags/example_sla_dag.py took 0.341 seconds
[2024-07-17T08:16:48.313+0000] {processor.py:161} INFO - Started process (PID=392) to work on /home/airflow/.local/lib/python3.12/site-packages/airflow/example_dags/example_sla_dag.py
[2024-07-17T08:16:48.315+0000] {processor.py:830} INFO - Processing file /home/airflow/.local/lib/python3.12/site-packages/airflow/example_dags/example_sla_dag.py for tasks to queue
[2024-07-17T08:16:48.318+0000] {logging_mixin.py:188} INFO - [2024-07-17T08:16:48.318+0000] {dagbag.py:545} INFO - Filling up the DagBag from /home/airflow/.local/lib/python3.12/site-packages/airflow/example_dags/example_sla_dag.py
[2024-07-17T08:16:48.330+0000] {processor.py:840} INFO - DAG(s) 'example_sla_dag' retrieved from /home/airflow/.local/lib/python3.12/site-packages/airflow/example_dags/example_sla_dag.py
[2024-07-17T08:16:48.357+0000] {logging_mixin.py:188} INFO - [2024-07-17T08:16:48.357+0000] {dag.py:3089} INFO - Sync 1 DAGs
[2024-07-17T08:16:48.393+0000] {logging_mixin.py:188} INFO - [2024-07-17T08:16:48.393+0000] {dag.py:3947} INFO - Setting next_dagrun for example_sla_dag to 2024-07-17 08:14:00+00:00, run_after=2024-07-17 08:16:00+00:00
[2024-07-17T08:16:48.589+0000] {processor.py:183} INFO - Processing /home/airflow/.local/lib/python3.12/site-packages/airflow/example_dags/example_sla_dag.py took 0.285 seconds
[2024-07-17T08:17:23.522+0000] {processor.py:161} INFO - Started process (PID=444) to work on /home/airflow/.local/lib/python3.12/site-packages/airflow/example_dags/example_sla_dag.py
[2024-07-17T08:17:23.524+0000] {processor.py:830} INFO - Processing file /home/airflow/.local/lib/python3.12/site-packages/airflow/example_dags/example_sla_dag.py for tasks to queue
[2024-07-17T08:17:23.527+0000] {logging_mixin.py:188} INFO - [2024-07-17T08:17:23.526+0000] {dagbag.py:545} INFO - Filling up the DagBag from /home/airflow/.local/lib/python3.12/site-packages/airflow/example_dags/example_sla_dag.py
[2024-07-17T08:17:23.538+0000] {processor.py:840} INFO - DAG(s) 'example_sla_dag' retrieved from /home/airflow/.local/lib/python3.12/site-packages/airflow/example_dags/example_sla_dag.py
[2024-07-17T08:17:23.565+0000] {logging_mixin.py:188} INFO - [2024-07-17T08:17:23.565+0000] {dag.py:3089} INFO - Sync 1 DAGs
[2024-07-17T08:17:23.602+0000] {logging_mixin.py:188} INFO - [2024-07-17T08:17:23.602+0000] {dag.py:3947} INFO - Setting next_dagrun for example_sla_dag to 2024-07-17 08:14:00+00:00, run_after=2024-07-17 08:16:00+00:00
[2024-07-17T08:17:24.676+0000] {processor.py:183} INFO - Processing /home/airflow/.local/lib/python3.12/site-packages/airflow/example_dags/example_sla_dag.py took 1.162 seconds
