[2024-07-17T08:13:57.431+0000] {processor.py:161} INFO - Started process (PID=56) to work on /home/airflow/.local/lib/python3.12/site-packages/airflow/example_dags/example_datasets.py
[2024-07-17T08:13:57.433+0000] {processor.py:830} INFO - Processing file /home/airflow/.local/lib/python3.12/site-packages/airflow/example_dags/example_datasets.py for tasks to queue
[2024-07-17T08:13:57.435+0000] {logging_mixin.py:188} INFO - [2024-07-17T08:13:57.435+0000] {dagbag.py:545} INFO - Filling up the DagBag from /home/airflow/.local/lib/python3.12/site-packages/airflow/example_dags/example_datasets.py
[2024-07-17T08:13:58.111+0000] {processor.py:840} INFO - DAG(s) 'dataset_consumes_1_never_scheduled', 'dataset_produces_2', 'consume_1_or_2_with_dataset_expressions', 'dataset_consumes_1', 'dataset_produces_1', 'dataset_consumes_unknown_never_scheduled', 'dataset_consumes_1_and_2', 'consume_1_or_both_2_and_3_with_dataset_expressions', 'consume_1_and_2_with_dataset_expressions', 'conditional_dataset_and_time_based_timetable' retrieved from /home/airflow/.local/lib/python3.12/site-packages/airflow/example_dags/example_datasets.py
[2024-07-17T08:13:58.826+0000] {logging_mixin.py:188} INFO - [2024-07-17T08:13:58.825+0000] {dag.py:3089} INFO - Sync 10 DAGs
[2024-07-17T08:14:00.202+0000] {logging_mixin.py:188} INFO - [2024-07-17T08:14:00.201+0000] {dag.py:3947} INFO - Setting next_dagrun for conditional_dataset_and_time_based_timetable to 2024-07-17 01:00:00+00:00, run_after=2024-07-17 01:00:00+00:00
[2024-07-17T08:14:00.208+0000] {logging_mixin.py:188} INFO - [2024-07-17T08:14:00.207+0000] {dag.py:3947} INFO - Setting next_dagrun for consume_1_and_2_with_dataset_expressions to None, run_after=None
[2024-07-17T08:14:00.212+0000] {logging_mixin.py:188} INFO - [2024-07-17T08:14:00.211+0000] {dag.py:3947} INFO - Setting next_dagrun for consume_1_or_2_with_dataset_expressions to None, run_after=None
[2024-07-17T08:14:00.214+0000] {logging_mixin.py:188} INFO - [2024-07-17T08:14:00.214+0000] {dag.py:3947} INFO - Setting next_dagrun for consume_1_or_both_2_and_3_with_dataset_expressions to None, run_after=None
[2024-07-17T08:14:00.217+0000] {logging_mixin.py:188} INFO - [2024-07-17T08:14:00.217+0000] {dag.py:3947} INFO - Setting next_dagrun for dataset_consumes_1 to None, run_after=None
[2024-07-17T08:14:00.221+0000] {logging_mixin.py:188} INFO - [2024-07-17T08:14:00.220+0000] {dag.py:3947} INFO - Setting next_dagrun for dataset_consumes_1_and_2 to None, run_after=None
[2024-07-17T08:14:00.224+0000] {logging_mixin.py:188} INFO - [2024-07-17T08:14:00.223+0000] {dag.py:3947} INFO - Setting next_dagrun for dataset_consumes_1_never_scheduled to None, run_after=None
[2024-07-17T08:14:00.227+0000] {logging_mixin.py:188} INFO - [2024-07-17T08:14:00.226+0000] {dag.py:3947} INFO - Setting next_dagrun for dataset_consumes_unknown_never_scheduled to None, run_after=None
[2024-07-17T08:14:00.232+0000] {logging_mixin.py:188} INFO - [2024-07-17T08:14:00.232+0000] {dag.py:3947} INFO - Setting next_dagrun for dataset_produces_1 to 2024-07-16 00:00:00+00:00, run_after=2024-07-17 00:00:00+00:00
[2024-07-17T08:14:00.236+0000] {logging_mixin.py:188} INFO - [2024-07-17T08:14:00.235+0000] {dag.py:3947} INFO - Setting next_dagrun for dataset_produces_2 to None, run_after=None
[2024-07-17T08:14:00.624+0000] {processor.py:183} INFO - Processing /home/airflow/.local/lib/python3.12/site-packages/airflow/example_dags/example_datasets.py took 3.200 seconds
[2024-07-17T08:14:31.224+0000] {processor.py:161} INFO - Started process (PID=121) to work on /home/airflow/.local/lib/python3.12/site-packages/airflow/example_dags/example_datasets.py
[2024-07-17T08:14:31.225+0000] {processor.py:830} INFO - Processing file /home/airflow/.local/lib/python3.12/site-packages/airflow/example_dags/example_datasets.py for tasks to queue
[2024-07-17T08:14:31.228+0000] {logging_mixin.py:188} INFO - [2024-07-17T08:14:31.228+0000] {dagbag.py:545} INFO - Filling up the DagBag from /home/airflow/.local/lib/python3.12/site-packages/airflow/example_dags/example_datasets.py
[2024-07-17T08:14:31.258+0000] {processor.py:840} INFO - DAG(s) 'dataset_consumes_unknown_never_scheduled', 'dataset_consumes_1', 'dataset_produces_2', 'consume_1_or_both_2_and_3_with_dataset_expressions', 'conditional_dataset_and_time_based_timetable', 'dataset_produces_1', 'consume_1_or_2_with_dataset_expressions', 'dataset_consumes_1_never_scheduled', 'consume_1_and_2_with_dataset_expressions', 'dataset_consumes_1_and_2' retrieved from /home/airflow/.local/lib/python3.12/site-packages/airflow/example_dags/example_datasets.py
[2024-07-17T08:14:31.340+0000] {logging_mixin.py:188} INFO - [2024-07-17T08:14:31.340+0000] {dag.py:3089} INFO - Sync 10 DAGs
[2024-07-17T08:14:31.380+0000] {logging_mixin.py:188} INFO - [2024-07-17T08:14:31.380+0000] {dag.py:3947} INFO - Setting next_dagrun for conditional_dataset_and_time_based_timetable to 2024-07-17 01:00:00+00:00, run_after=2024-07-17 01:00:00+00:00
[2024-07-17T08:14:31.387+0000] {logging_mixin.py:188} INFO - [2024-07-17T08:14:31.387+0000] {dag.py:3947} INFO - Setting next_dagrun for consume_1_and_2_with_dataset_expressions to None, run_after=None
[2024-07-17T08:14:31.390+0000] {logging_mixin.py:188} INFO - [2024-07-17T08:14:31.389+0000] {dag.py:3947} INFO - Setting next_dagrun for consume_1_or_2_with_dataset_expressions to None, run_after=None
[2024-07-17T08:14:31.394+0000] {logging_mixin.py:188} INFO - [2024-07-17T08:14:31.393+0000] {dag.py:3947} INFO - Setting next_dagrun for consume_1_or_both_2_and_3_with_dataset_expressions to None, run_after=None
[2024-07-17T08:14:31.397+0000] {logging_mixin.py:188} INFO - [2024-07-17T08:14:31.396+0000] {dag.py:3947} INFO - Setting next_dagrun for dataset_consumes_1 to None, run_after=None
[2024-07-17T08:14:31.400+0000] {logging_mixin.py:188} INFO - [2024-07-17T08:14:31.400+0000] {dag.py:3947} INFO - Setting next_dagrun for dataset_consumes_1_and_2 to None, run_after=None
[2024-07-17T08:14:31.403+0000] {logging_mixin.py:188} INFO - [2024-07-17T08:14:31.403+0000] {dag.py:3947} INFO - Setting next_dagrun for dataset_consumes_1_never_scheduled to None, run_after=None
[2024-07-17T08:14:31.406+0000] {logging_mixin.py:188} INFO - [2024-07-17T08:14:31.406+0000] {dag.py:3947} INFO - Setting next_dagrun for dataset_consumes_unknown_never_scheduled to None, run_after=None
[2024-07-17T08:14:31.411+0000] {logging_mixin.py:188} INFO - [2024-07-17T08:14:31.411+0000] {dag.py:3947} INFO - Setting next_dagrun for dataset_produces_1 to 2024-07-16 00:00:00+00:00, run_after=2024-07-17 00:00:00+00:00
[2024-07-17T08:14:31.414+0000] {logging_mixin.py:188} INFO - [2024-07-17T08:14:31.413+0000] {dag.py:3947} INFO - Setting next_dagrun for dataset_produces_2 to None, run_after=None
[2024-07-17T08:14:31.548+0000] {processor.py:183} INFO - Processing /home/airflow/.local/lib/python3.12/site-packages/airflow/example_dags/example_datasets.py took 0.331 seconds
[2024-07-17T08:15:01.801+0000] {processor.py:161} INFO - Started process (PID=176) to work on /home/airflow/.local/lib/python3.12/site-packages/airflow/example_dags/example_datasets.py
[2024-07-17T08:15:01.803+0000] {processor.py:830} INFO - Processing file /home/airflow/.local/lib/python3.12/site-packages/airflow/example_dags/example_datasets.py for tasks to queue
[2024-07-17T08:15:01.806+0000] {logging_mixin.py:188} INFO - [2024-07-17T08:15:01.805+0000] {dagbag.py:545} INFO - Filling up the DagBag from /home/airflow/.local/lib/python3.12/site-packages/airflow/example_dags/example_datasets.py
[2024-07-17T08:15:01.827+0000] {processor.py:840} INFO - DAG(s) 'dataset_produces_1', 'dataset_consumes_unknown_never_scheduled', 'consume_1_or_both_2_and_3_with_dataset_expressions', 'consume_1_and_2_with_dataset_expressions', 'dataset_consumes_1_never_scheduled', 'dataset_consumes_1_and_2', 'dataset_consumes_1', 'consume_1_or_2_with_dataset_expressions', 'conditional_dataset_and_time_based_timetable', 'dataset_produces_2' retrieved from /home/airflow/.local/lib/python3.12/site-packages/airflow/example_dags/example_datasets.py
[2024-07-17T08:15:01.913+0000] {logging_mixin.py:188} INFO - [2024-07-17T08:15:01.912+0000] {dag.py:3089} INFO - Sync 10 DAGs
[2024-07-17T08:15:01.960+0000] {logging_mixin.py:188} INFO - [2024-07-17T08:15:01.959+0000] {dag.py:3947} INFO - Setting next_dagrun for conditional_dataset_and_time_based_timetable to 2024-07-17 01:00:00+00:00, run_after=2024-07-17 01:00:00+00:00
[2024-07-17T08:15:01.968+0000] {logging_mixin.py:188} INFO - [2024-07-17T08:15:01.967+0000] {dag.py:3947} INFO - Setting next_dagrun for consume_1_and_2_with_dataset_expressions to None, run_after=None
[2024-07-17T08:15:01.971+0000] {logging_mixin.py:188} INFO - [2024-07-17T08:15:01.971+0000] {dag.py:3947} INFO - Setting next_dagrun for consume_1_or_2_with_dataset_expressions to None, run_after=None
[2024-07-17T08:15:01.974+0000] {logging_mixin.py:188} INFO - [2024-07-17T08:15:01.974+0000] {dag.py:3947} INFO - Setting next_dagrun for consume_1_or_both_2_and_3_with_dataset_expressions to None, run_after=None
[2024-07-17T08:15:01.977+0000] {logging_mixin.py:188} INFO - [2024-07-17T08:15:01.977+0000] {dag.py:3947} INFO - Setting next_dagrun for dataset_consumes_1 to None, run_after=None
[2024-07-17T08:15:01.980+0000] {logging_mixin.py:188} INFO - [2024-07-17T08:15:01.980+0000] {dag.py:3947} INFO - Setting next_dagrun for dataset_consumes_1_and_2 to None, run_after=None
[2024-07-17T08:15:01.983+0000] {logging_mixin.py:188} INFO - [2024-07-17T08:15:01.982+0000] {dag.py:3947} INFO - Setting next_dagrun for dataset_consumes_1_never_scheduled to None, run_after=None
[2024-07-17T08:15:01.985+0000] {logging_mixin.py:188} INFO - [2024-07-17T08:15:01.985+0000] {dag.py:3947} INFO - Setting next_dagrun for dataset_consumes_unknown_never_scheduled to None, run_after=None
[2024-07-17T08:15:01.990+0000] {logging_mixin.py:188} INFO - [2024-07-17T08:15:01.989+0000] {dag.py:3947} INFO - Setting next_dagrun for dataset_produces_1 to 2024-07-16 00:00:00+00:00, run_after=2024-07-17 00:00:00+00:00
[2024-07-17T08:15:01.992+0000] {logging_mixin.py:188} INFO - [2024-07-17T08:15:01.992+0000] {dag.py:3947} INFO - Setting next_dagrun for dataset_produces_2 to None, run_after=None
[2024-07-17T08:15:02.082+0000] {processor.py:183} INFO - Processing /home/airflow/.local/lib/python3.12/site-packages/airflow/example_dags/example_datasets.py took 0.288 seconds
[2024-07-17T08:15:32.314+0000] {processor.py:161} INFO - Started process (PID=234) to work on /home/airflow/.local/lib/python3.12/site-packages/airflow/example_dags/example_datasets.py
[2024-07-17T08:15:32.315+0000] {processor.py:830} INFO - Processing file /home/airflow/.local/lib/python3.12/site-packages/airflow/example_dags/example_datasets.py for tasks to queue
[2024-07-17T08:15:32.318+0000] {logging_mixin.py:188} INFO - [2024-07-17T08:15:32.318+0000] {dagbag.py:545} INFO - Filling up the DagBag from /home/airflow/.local/lib/python3.12/site-packages/airflow/example_dags/example_datasets.py
[2024-07-17T08:15:32.339+0000] {processor.py:840} INFO - DAG(s) 'dataset_consumes_1', 'consume_1_and_2_with_dataset_expressions', 'consume_1_or_both_2_and_3_with_dataset_expressions', 'dataset_consumes_unknown_never_scheduled', 'dataset_produces_1', 'dataset_consumes_1_never_scheduled', 'dataset_produces_2', 'conditional_dataset_and_time_based_timetable', 'consume_1_or_2_with_dataset_expressions', 'dataset_consumes_1_and_2' retrieved from /home/airflow/.local/lib/python3.12/site-packages/airflow/example_dags/example_datasets.py
[2024-07-17T08:15:32.416+0000] {logging_mixin.py:188} INFO - [2024-07-17T08:15:32.416+0000] {dag.py:3089} INFO - Sync 10 DAGs
[2024-07-17T08:15:32.462+0000] {logging_mixin.py:188} INFO - [2024-07-17T08:15:32.461+0000] {dag.py:3947} INFO - Setting next_dagrun for conditional_dataset_and_time_based_timetable to 2024-07-17 01:00:00+00:00, run_after=2024-07-17 01:00:00+00:00
[2024-07-17T08:15:32.469+0000] {logging_mixin.py:188} INFO - [2024-07-17T08:15:32.469+0000] {dag.py:3947} INFO - Setting next_dagrun for consume_1_and_2_with_dataset_expressions to None, run_after=None
[2024-07-17T08:15:32.472+0000] {logging_mixin.py:188} INFO - [2024-07-17T08:15:32.472+0000] {dag.py:3947} INFO - Setting next_dagrun for consume_1_or_2_with_dataset_expressions to None, run_after=None
[2024-07-17T08:15:32.476+0000] {logging_mixin.py:188} INFO - [2024-07-17T08:15:32.475+0000] {dag.py:3947} INFO - Setting next_dagrun for consume_1_or_both_2_and_3_with_dataset_expressions to None, run_after=None
[2024-07-17T08:15:32.479+0000] {logging_mixin.py:188} INFO - [2024-07-17T08:15:32.479+0000] {dag.py:3947} INFO - Setting next_dagrun for dataset_consumes_1 to None, run_after=None
[2024-07-17T08:15:32.482+0000] {logging_mixin.py:188} INFO - [2024-07-17T08:15:32.481+0000] {dag.py:3947} INFO - Setting next_dagrun for dataset_consumes_1_and_2 to None, run_after=None
[2024-07-17T08:15:32.485+0000] {logging_mixin.py:188} INFO - [2024-07-17T08:15:32.485+0000] {dag.py:3947} INFO - Setting next_dagrun for dataset_consumes_1_never_scheduled to None, run_after=None
[2024-07-17T08:15:32.488+0000] {logging_mixin.py:188} INFO - [2024-07-17T08:15:32.488+0000] {dag.py:3947} INFO - Setting next_dagrun for dataset_consumes_unknown_never_scheduled to None, run_after=None
[2024-07-17T08:15:32.494+0000] {logging_mixin.py:188} INFO - [2024-07-17T08:15:32.494+0000] {dag.py:3947} INFO - Setting next_dagrun for dataset_produces_1 to 2024-07-16 00:00:00+00:00, run_after=2024-07-17 00:00:00+00:00
[2024-07-17T08:15:32.497+0000] {logging_mixin.py:188} INFO - [2024-07-17T08:15:32.497+0000] {dag.py:3947} INFO - Setting next_dagrun for dataset_produces_2 to None, run_after=None
[2024-07-17T08:15:32.583+0000] {processor.py:183} INFO - Processing /home/airflow/.local/lib/python3.12/site-packages/airflow/example_dags/example_datasets.py took 0.277 seconds
[2024-07-17T08:16:03.013+0000] {processor.py:161} INFO - Started process (PID=292) to work on /home/airflow/.local/lib/python3.12/site-packages/airflow/example_dags/example_datasets.py
[2024-07-17T08:16:03.014+0000] {processor.py:830} INFO - Processing file /home/airflow/.local/lib/python3.12/site-packages/airflow/example_dags/example_datasets.py for tasks to queue
[2024-07-17T08:16:03.018+0000] {logging_mixin.py:188} INFO - [2024-07-17T08:16:03.017+0000] {dagbag.py:545} INFO - Filling up the DagBag from /home/airflow/.local/lib/python3.12/site-packages/airflow/example_dags/example_datasets.py
[2024-07-17T08:16:03.047+0000] {processor.py:840} INFO - DAG(s) 'consume_1_or_2_with_dataset_expressions', 'dataset_consumes_unknown_never_scheduled', 'consume_1_or_both_2_and_3_with_dataset_expressions', 'consume_1_and_2_with_dataset_expressions', 'dataset_consumes_1_and_2', 'dataset_consumes_1', 'conditional_dataset_and_time_based_timetable', 'dataset_consumes_1_never_scheduled', 'dataset_produces_1', 'dataset_produces_2' retrieved from /home/airflow/.local/lib/python3.12/site-packages/airflow/example_dags/example_datasets.py
[2024-07-17T08:16:03.141+0000] {logging_mixin.py:188} INFO - [2024-07-17T08:16:03.141+0000] {dag.py:3089} INFO - Sync 10 DAGs
[2024-07-17T08:16:03.179+0000] {logging_mixin.py:188} INFO - [2024-07-17T08:16:03.179+0000] {dag.py:3947} INFO - Setting next_dagrun for conditional_dataset_and_time_based_timetable to 2024-07-17 01:00:00+00:00, run_after=2024-07-17 01:00:00+00:00
[2024-07-17T08:16:03.185+0000] {logging_mixin.py:188} INFO - [2024-07-17T08:16:03.185+0000] {dag.py:3947} INFO - Setting next_dagrun for consume_1_and_2_with_dataset_expressions to None, run_after=None
[2024-07-17T08:16:03.189+0000] {logging_mixin.py:188} INFO - [2024-07-17T08:16:03.188+0000] {dag.py:3947} INFO - Setting next_dagrun for consume_1_or_2_with_dataset_expressions to None, run_after=None
[2024-07-17T08:16:03.191+0000] {logging_mixin.py:188} INFO - [2024-07-17T08:16:03.191+0000] {dag.py:3947} INFO - Setting next_dagrun for consume_1_or_both_2_and_3_with_dataset_expressions to None, run_after=None
[2024-07-17T08:16:03.195+0000] {logging_mixin.py:188} INFO - [2024-07-17T08:16:03.194+0000] {dag.py:3947} INFO - Setting next_dagrun for dataset_consumes_1 to None, run_after=None
[2024-07-17T08:16:03.198+0000] {logging_mixin.py:188} INFO - [2024-07-17T08:16:03.197+0000] {dag.py:3947} INFO - Setting next_dagrun for dataset_consumes_1_and_2 to None, run_after=None
[2024-07-17T08:16:03.201+0000] {logging_mixin.py:188} INFO - [2024-07-17T08:16:03.201+0000] {dag.py:3947} INFO - Setting next_dagrun for dataset_consumes_1_never_scheduled to None, run_after=None
[2024-07-17T08:16:03.204+0000] {logging_mixin.py:188} INFO - [2024-07-17T08:16:03.204+0000] {dag.py:3947} INFO - Setting next_dagrun for dataset_consumes_unknown_never_scheduled to None, run_after=None
[2024-07-17T08:16:03.209+0000] {logging_mixin.py:188} INFO - [2024-07-17T08:16:03.208+0000] {dag.py:3947} INFO - Setting next_dagrun for dataset_produces_1 to 2024-07-16 00:00:00+00:00, run_after=2024-07-17 00:00:00+00:00
[2024-07-17T08:16:03.212+0000] {logging_mixin.py:188} INFO - [2024-07-17T08:16:03.212+0000] {dag.py:3947} INFO - Setting next_dagrun for dataset_produces_2 to None, run_after=None
[2024-07-17T08:16:04.176+0000] {processor.py:183} INFO - Processing /home/airflow/.local/lib/python3.12/site-packages/airflow/example_dags/example_datasets.py took 1.172 seconds
[2024-07-17T08:16:34.379+0000] {processor.py:161} INFO - Started process (PID=344) to work on /home/airflow/.local/lib/python3.12/site-packages/airflow/example_dags/example_datasets.py
[2024-07-17T08:16:34.381+0000] {processor.py:830} INFO - Processing file /home/airflow/.local/lib/python3.12/site-packages/airflow/example_dags/example_datasets.py for tasks to queue
[2024-07-17T08:16:34.384+0000] {logging_mixin.py:188} INFO - [2024-07-17T08:16:34.383+0000] {dagbag.py:545} INFO - Filling up the DagBag from /home/airflow/.local/lib/python3.12/site-packages/airflow/example_dags/example_datasets.py
[2024-07-17T08:16:34.406+0000] {processor.py:840} INFO - DAG(s) 'dataset_consumes_1_never_scheduled', 'dataset_produces_1', 'dataset_consumes_1', 'consume_1_and_2_with_dataset_expressions', 'consume_1_or_both_2_and_3_with_dataset_expressions', 'dataset_consumes_1_and_2', 'dataset_produces_2', 'conditional_dataset_and_time_based_timetable', 'dataset_consumes_unknown_never_scheduled', 'consume_1_or_2_with_dataset_expressions' retrieved from /home/airflow/.local/lib/python3.12/site-packages/airflow/example_dags/example_datasets.py
[2024-07-17T08:16:34.485+0000] {logging_mixin.py:188} INFO - [2024-07-17T08:16:34.485+0000] {dag.py:3089} INFO - Sync 10 DAGs
[2024-07-17T08:16:34.523+0000] {logging_mixin.py:188} INFO - [2024-07-17T08:16:34.522+0000] {dag.py:3947} INFO - Setting next_dagrun for conditional_dataset_and_time_based_timetable to 2024-07-17 01:00:00+00:00, run_after=2024-07-17 01:00:00+00:00
[2024-07-17T08:16:34.531+0000] {logging_mixin.py:188} INFO - [2024-07-17T08:16:34.530+0000] {dag.py:3947} INFO - Setting next_dagrun for consume_1_and_2_with_dataset_expressions to None, run_after=None
[2024-07-17T08:16:34.534+0000] {logging_mixin.py:188} INFO - [2024-07-17T08:16:34.533+0000] {dag.py:3947} INFO - Setting next_dagrun for consume_1_or_2_with_dataset_expressions to None, run_after=None
[2024-07-17T08:16:34.537+0000] {logging_mixin.py:188} INFO - [2024-07-17T08:16:34.537+0000] {dag.py:3947} INFO - Setting next_dagrun for consume_1_or_both_2_and_3_with_dataset_expressions to None, run_after=None
[2024-07-17T08:16:34.540+0000] {logging_mixin.py:188} INFO - [2024-07-17T08:16:34.540+0000] {dag.py:3947} INFO - Setting next_dagrun for dataset_consumes_1 to None, run_after=None
[2024-07-17T08:16:34.543+0000] {logging_mixin.py:188} INFO - [2024-07-17T08:16:34.543+0000] {dag.py:3947} INFO - Setting next_dagrun for dataset_consumes_1_and_2 to None, run_after=None
[2024-07-17T08:16:34.546+0000] {logging_mixin.py:188} INFO - [2024-07-17T08:16:34.546+0000] {dag.py:3947} INFO - Setting next_dagrun for dataset_consumes_1_never_scheduled to None, run_after=None
[2024-07-17T08:16:34.549+0000] {logging_mixin.py:188} INFO - [2024-07-17T08:16:34.549+0000] {dag.py:3947} INFO - Setting next_dagrun for dataset_consumes_unknown_never_scheduled to None, run_after=None
[2024-07-17T08:16:34.554+0000] {logging_mixin.py:188} INFO - [2024-07-17T08:16:34.554+0000] {dag.py:3947} INFO - Setting next_dagrun for dataset_produces_1 to 2024-07-16 00:00:00+00:00, run_after=2024-07-17 00:00:00+00:00
[2024-07-17T08:16:34.558+0000] {logging_mixin.py:188} INFO - [2024-07-17T08:16:34.557+0000] {dag.py:3947} INFO - Setting next_dagrun for dataset_produces_2 to None, run_after=None
[2024-07-17T08:16:34.794+0000] {processor.py:183} INFO - Processing /home/airflow/.local/lib/python3.12/site-packages/airflow/example_dags/example_datasets.py took 0.425 seconds
[2024-07-17T08:17:04.943+0000] {processor.py:161} INFO - Started process (PID=402) to work on /home/airflow/.local/lib/python3.12/site-packages/airflow/example_dags/example_datasets.py
[2024-07-17T08:17:04.945+0000] {processor.py:830} INFO - Processing file /home/airflow/.local/lib/python3.12/site-packages/airflow/example_dags/example_datasets.py for tasks to queue
[2024-07-17T08:17:04.949+0000] {logging_mixin.py:188} INFO - [2024-07-17T08:17:04.948+0000] {dagbag.py:545} INFO - Filling up the DagBag from /home/airflow/.local/lib/python3.12/site-packages/airflow/example_dags/example_datasets.py
[2024-07-17T08:17:04.970+0000] {processor.py:840} INFO - DAG(s) 'dataset_consumes_1', 'consume_1_or_2_with_dataset_expressions', 'dataset_consumes_unknown_never_scheduled', 'dataset_produces_2', 'consume_1_and_2_with_dataset_expressions', 'dataset_consumes_1_never_scheduled', 'consume_1_or_both_2_and_3_with_dataset_expressions', 'dataset_consumes_1_and_2', 'dataset_produces_1', 'conditional_dataset_and_time_based_timetable' retrieved from /home/airflow/.local/lib/python3.12/site-packages/airflow/example_dags/example_datasets.py
[2024-07-17T08:17:05.054+0000] {logging_mixin.py:188} INFO - [2024-07-17T08:17:05.053+0000] {dag.py:3089} INFO - Sync 10 DAGs
[2024-07-17T08:17:05.088+0000] {logging_mixin.py:188} INFO - [2024-07-17T08:17:05.087+0000] {dag.py:3947} INFO - Setting next_dagrun for conditional_dataset_and_time_based_timetable to 2024-07-17 01:00:00+00:00, run_after=2024-07-17 01:00:00+00:00
[2024-07-17T08:17:05.095+0000] {logging_mixin.py:188} INFO - [2024-07-17T08:17:05.095+0000] {dag.py:3947} INFO - Setting next_dagrun for consume_1_and_2_with_dataset_expressions to None, run_after=None
[2024-07-17T08:17:05.099+0000] {logging_mixin.py:188} INFO - [2024-07-17T08:17:05.098+0000] {dag.py:3947} INFO - Setting next_dagrun for consume_1_or_2_with_dataset_expressions to None, run_after=None
[2024-07-17T08:17:05.102+0000] {logging_mixin.py:188} INFO - [2024-07-17T08:17:05.101+0000] {dag.py:3947} INFO - Setting next_dagrun for consume_1_or_both_2_and_3_with_dataset_expressions to None, run_after=None
[2024-07-17T08:17:05.105+0000] {logging_mixin.py:188} INFO - [2024-07-17T08:17:05.104+0000] {dag.py:3947} INFO - Setting next_dagrun for dataset_consumes_1 to None, run_after=None
[2024-07-17T08:17:05.107+0000] {logging_mixin.py:188} INFO - [2024-07-17T08:17:05.107+0000] {dag.py:3947} INFO - Setting next_dagrun for dataset_consumes_1_and_2 to None, run_after=None
[2024-07-17T08:17:05.111+0000] {logging_mixin.py:188} INFO - [2024-07-17T08:17:05.110+0000] {dag.py:3947} INFO - Setting next_dagrun for dataset_consumes_1_never_scheduled to None, run_after=None
[2024-07-17T08:17:05.113+0000] {logging_mixin.py:188} INFO - [2024-07-17T08:17:05.113+0000] {dag.py:3947} INFO - Setting next_dagrun for dataset_consumes_unknown_never_scheduled to None, run_after=None
[2024-07-17T08:17:05.117+0000] {logging_mixin.py:188} INFO - [2024-07-17T08:17:05.117+0000] {dag.py:3947} INFO - Setting next_dagrun for dataset_produces_1 to 2024-07-16 00:00:00+00:00, run_after=2024-07-17 00:00:00+00:00
[2024-07-17T08:17:05.121+0000] {logging_mixin.py:188} INFO - [2024-07-17T08:17:05.121+0000] {dag.py:3947} INFO - Setting next_dagrun for dataset_produces_2 to None, run_after=None
[2024-07-17T08:17:05.349+0000] {processor.py:183} INFO - Processing /home/airflow/.local/lib/python3.12/site-packages/airflow/example_dags/example_datasets.py took 0.414 seconds
[2024-07-17T08:17:36.319+0000] {processor.py:161} INFO - Started process (PID=460) to work on /home/airflow/.local/lib/python3.12/site-packages/airflow/example_dags/example_datasets.py
[2024-07-17T08:17:36.321+0000] {processor.py:830} INFO - Processing file /home/airflow/.local/lib/python3.12/site-packages/airflow/example_dags/example_datasets.py for tasks to queue
[2024-07-17T08:17:36.324+0000] {logging_mixin.py:188} INFO - [2024-07-17T08:17:36.324+0000] {dagbag.py:545} INFO - Filling up the DagBag from /home/airflow/.local/lib/python3.12/site-packages/airflow/example_dags/example_datasets.py
[2024-07-17T08:17:36.352+0000] {processor.py:840} INFO - DAG(s) 'consume_1_or_both_2_and_3_with_dataset_expressions', 'dataset_consumes_1_never_scheduled', 'dataset_produces_2', 'dataset_consumes_unknown_never_scheduled', 'consume_1_and_2_with_dataset_expressions', 'conditional_dataset_and_time_based_timetable', 'consume_1_or_2_with_dataset_expressions', 'dataset_consumes_1', 'dataset_consumes_1_and_2', 'dataset_produces_1' retrieved from /home/airflow/.local/lib/python3.12/site-packages/airflow/example_dags/example_datasets.py
[2024-07-17T08:17:36.441+0000] {logging_mixin.py:188} INFO - [2024-07-17T08:17:36.440+0000] {dag.py:3089} INFO - Sync 10 DAGs
[2024-07-17T08:17:36.476+0000] {logging_mixin.py:188} INFO - [2024-07-17T08:17:36.475+0000] {dag.py:3947} INFO - Setting next_dagrun for conditional_dataset_and_time_based_timetable to 2024-07-17 01:00:00+00:00, run_after=2024-07-17 01:00:00+00:00
[2024-07-17T08:17:36.483+0000] {logging_mixin.py:188} INFO - [2024-07-17T08:17:36.483+0000] {dag.py:3947} INFO - Setting next_dagrun for consume_1_and_2_with_dataset_expressions to None, run_after=None
[2024-07-17T08:17:36.486+0000] {logging_mixin.py:188} INFO - [2024-07-17T08:17:36.486+0000] {dag.py:3947} INFO - Setting next_dagrun for consume_1_or_2_with_dataset_expressions to None, run_after=None
[2024-07-17T08:17:36.490+0000] {logging_mixin.py:188} INFO - [2024-07-17T08:17:36.489+0000] {dag.py:3947} INFO - Setting next_dagrun for consume_1_or_both_2_and_3_with_dataset_expressions to None, run_after=None
[2024-07-17T08:17:36.493+0000] {logging_mixin.py:188} INFO - [2024-07-17T08:17:36.492+0000] {dag.py:3947} INFO - Setting next_dagrun for dataset_consumes_1 to None, run_after=None
[2024-07-17T08:17:36.496+0000] {logging_mixin.py:188} INFO - [2024-07-17T08:17:36.496+0000] {dag.py:3947} INFO - Setting next_dagrun for dataset_consumes_1_and_2 to None, run_after=None
[2024-07-17T08:17:36.501+0000] {logging_mixin.py:188} INFO - [2024-07-17T08:17:36.500+0000] {dag.py:3947} INFO - Setting next_dagrun for dataset_consumes_1_never_scheduled to None, run_after=None
[2024-07-17T08:17:36.505+0000] {logging_mixin.py:188} INFO - [2024-07-17T08:17:36.504+0000] {dag.py:3947} INFO - Setting next_dagrun for dataset_consumes_unknown_never_scheduled to None, run_after=None
[2024-07-17T08:17:36.512+0000] {logging_mixin.py:188} INFO - [2024-07-17T08:17:36.511+0000] {dag.py:3947} INFO - Setting next_dagrun for dataset_produces_1 to 2024-07-16 00:00:00+00:00, run_after=2024-07-17 00:00:00+00:00
[2024-07-17T08:17:36.516+0000] {logging_mixin.py:188} INFO - [2024-07-17T08:17:36.515+0000] {dag.py:3947} INFO - Setting next_dagrun for dataset_produces_2 to None, run_after=None
[2024-07-17T08:17:37.057+0000] {processor.py:183} INFO - Processing /home/airflow/.local/lib/python3.12/site-packages/airflow/example_dags/example_datasets.py took 0.746 seconds
