[2024-07-17T08:13:27.999+0000] {processor.py:161} INFO - Started process (PID=49) to work on /home/airflow/.local/lib/python3.12/site-packages/airflow/example_dags/example_xcomargs.py
[2024-07-17T08:13:28.001+0000] {processor.py:830} INFO - Processing file /home/airflow/.local/lib/python3.12/site-packages/airflow/example_dags/example_xcomargs.py for tasks to queue
[2024-07-17T08:13:28.003+0000] {logging_mixin.py:188} INFO - [2024-07-17T08:13:28.003+0000] {dagbag.py:545} INFO - Filling up the DagBag from /home/airflow/.local/lib/python3.12/site-packages/airflow/example_dags/example_xcomargs.py
[2024-07-17T08:13:28.087+0000] {processor.py:840} INFO - DAG(s) 'example_xcom_args_with_operators', 'example_xcom_args' retrieved from /home/airflow/.local/lib/python3.12/site-packages/airflow/example_dags/example_xcomargs.py
[2024-07-17T08:13:28.288+0000] {logging_mixin.py:188} INFO - [2024-07-17T08:13:28.288+0000] {dag.py:3089} INFO - Sync 2 DAGs
[2024-07-17T08:13:28.309+0000] {logging_mixin.py:188} INFO - [2024-07-17T08:13:28.309+0000] {dag.py:3947} INFO - Setting next_dagrun for example_xcom_args to None, run_after=None
[2024-07-17T08:13:28.315+0000] {logging_mixin.py:188} INFO - [2024-07-17T08:13:28.315+0000] {dag.py:3947} INFO - Setting next_dagrun for example_xcom_args_with_operators to None, run_after=None
[2024-07-17T08:13:29.203+0000] {processor.py:183} INFO - Processing /home/airflow/.local/lib/python3.12/site-packages/airflow/example_dags/example_xcomargs.py took 1.212 seconds
[2024-07-17T08:14:14.088+0000] {processor.py:161} INFO - Started process (PID=106) to work on /home/airflow/.local/lib/python3.12/site-packages/airflow/example_dags/example_xcomargs.py
[2024-07-17T08:14:14.090+0000] {processor.py:830} INFO - Processing file /home/airflow/.local/lib/python3.12/site-packages/airflow/example_dags/example_xcomargs.py for tasks to queue
[2024-07-17T08:14:14.093+0000] {logging_mixin.py:188} INFO - [2024-07-17T08:14:14.092+0000] {dagbag.py:545} INFO - Filling up the DagBag from /home/airflow/.local/lib/python3.12/site-packages/airflow/example_dags/example_xcomargs.py
[2024-07-17T08:14:14.104+0000] {processor.py:840} INFO - DAG(s) 'example_xcom_args_with_operators', 'example_xcom_args' retrieved from /home/airflow/.local/lib/python3.12/site-packages/airflow/example_dags/example_xcomargs.py
[2024-07-17T08:14:14.287+0000] {logging_mixin.py:188} INFO - [2024-07-17T08:14:14.287+0000] {dag.py:3089} INFO - Sync 2 DAGs
[2024-07-17T08:14:14.308+0000] {logging_mixin.py:188} INFO - [2024-07-17T08:14:14.308+0000] {dag.py:3947} INFO - Setting next_dagrun for example_xcom_args to None, run_after=None
[2024-07-17T08:14:14.314+0000] {logging_mixin.py:188} INFO - [2024-07-17T08:14:14.314+0000] {dag.py:3947} INFO - Setting next_dagrun for example_xcom_args_with_operators to None, run_after=None
[2024-07-17T08:14:14.447+0000] {processor.py:183} INFO - Processing /home/airflow/.local/lib/python3.12/site-packages/airflow/example_dags/example_xcomargs.py took 0.367 seconds
[2024-07-17T08:14:44.769+0000] {processor.py:161} INFO - Started process (PID=163) to work on /home/airflow/.local/lib/python3.12/site-packages/airflow/example_dags/example_xcomargs.py
[2024-07-17T08:14:44.770+0000] {processor.py:830} INFO - Processing file /home/airflow/.local/lib/python3.12/site-packages/airflow/example_dags/example_xcomargs.py for tasks to queue
[2024-07-17T08:14:44.773+0000] {logging_mixin.py:188} INFO - [2024-07-17T08:14:44.772+0000] {dagbag.py:545} INFO - Filling up the DagBag from /home/airflow/.local/lib/python3.12/site-packages/airflow/example_dags/example_xcomargs.py
[2024-07-17T08:14:44.783+0000] {processor.py:840} INFO - DAG(s) 'example_xcom_args_with_operators', 'example_xcom_args' retrieved from /home/airflow/.local/lib/python3.12/site-packages/airflow/example_dags/example_xcomargs.py
[2024-07-17T08:14:44.821+0000] {logging_mixin.py:188} INFO - [2024-07-17T08:14:44.820+0000] {dag.py:3089} INFO - Sync 2 DAGs
[2024-07-17T08:14:44.839+0000] {logging_mixin.py:188} INFO - [2024-07-17T08:14:44.839+0000] {dag.py:3947} INFO - Setting next_dagrun for example_xcom_args to None, run_after=None
[2024-07-17T08:14:44.845+0000] {logging_mixin.py:188} INFO - [2024-07-17T08:14:44.845+0000] {dag.py:3947} INFO - Setting next_dagrun for example_xcom_args_with_operators to None, run_after=None
[2024-07-17T08:14:44.900+0000] {processor.py:183} INFO - Processing /home/airflow/.local/lib/python3.12/site-packages/airflow/example_dags/example_xcomargs.py took 0.140 seconds
[2024-07-17T08:15:15.391+0000] {processor.py:161} INFO - Started process (PID=219) to work on /home/airflow/.local/lib/python3.12/site-packages/airflow/example_dags/example_xcomargs.py
[2024-07-17T08:15:15.393+0000] {processor.py:830} INFO - Processing file /home/airflow/.local/lib/python3.12/site-packages/airflow/example_dags/example_xcomargs.py for tasks to queue
[2024-07-17T08:15:15.396+0000] {logging_mixin.py:188} INFO - [2024-07-17T08:15:15.396+0000] {dagbag.py:545} INFO - Filling up the DagBag from /home/airflow/.local/lib/python3.12/site-packages/airflow/example_dags/example_xcomargs.py
[2024-07-17T08:15:15.406+0000] {processor.py:840} INFO - DAG(s) 'example_xcom_args', 'example_xcom_args_with_operators' retrieved from /home/airflow/.local/lib/python3.12/site-packages/airflow/example_dags/example_xcomargs.py
[2024-07-17T08:15:15.442+0000] {logging_mixin.py:188} INFO - [2024-07-17T08:15:15.442+0000] {dag.py:3089} INFO - Sync 2 DAGs
[2024-07-17T08:15:15.463+0000] {logging_mixin.py:188} INFO - [2024-07-17T08:15:15.463+0000] {dag.py:3947} INFO - Setting next_dagrun for example_xcom_args to None, run_after=None
[2024-07-17T08:15:15.471+0000] {logging_mixin.py:188} INFO - [2024-07-17T08:15:15.470+0000] {dag.py:3947} INFO - Setting next_dagrun for example_xcom_args_with_operators to None, run_after=None
[2024-07-17T08:15:15.545+0000] {processor.py:183} INFO - Processing /home/airflow/.local/lib/python3.12/site-packages/airflow/example_dags/example_xcomargs.py took 0.160 seconds
[2024-07-17T08:15:46.271+0000] {processor.py:161} INFO - Started process (PID=277) to work on /home/airflow/.local/lib/python3.12/site-packages/airflow/example_dags/example_xcomargs.py
[2024-07-17T08:15:46.273+0000] {processor.py:830} INFO - Processing file /home/airflow/.local/lib/python3.12/site-packages/airflow/example_dags/example_xcomargs.py for tasks to queue
[2024-07-17T08:15:46.275+0000] {logging_mixin.py:188} INFO - [2024-07-17T08:15:46.275+0000] {dagbag.py:545} INFO - Filling up the DagBag from /home/airflow/.local/lib/python3.12/site-packages/airflow/example_dags/example_xcomargs.py
[2024-07-17T08:15:46.286+0000] {processor.py:840} INFO - DAG(s) 'example_xcom_args_with_operators', 'example_xcom_args' retrieved from /home/airflow/.local/lib/python3.12/site-packages/airflow/example_dags/example_xcomargs.py
[2024-07-17T08:15:46.325+0000] {logging_mixin.py:188} INFO - [2024-07-17T08:15:46.324+0000] {dag.py:3089} INFO - Sync 2 DAGs
[2024-07-17T08:15:46.348+0000] {logging_mixin.py:188} INFO - [2024-07-17T08:15:46.348+0000] {dag.py:3947} INFO - Setting next_dagrun for example_xcom_args to None, run_after=None
[2024-07-17T08:15:46.355+0000] {logging_mixin.py:188} INFO - [2024-07-17T08:15:46.355+0000] {dag.py:3947} INFO - Setting next_dagrun for example_xcom_args_with_operators to None, run_after=None
[2024-07-17T08:15:46.388+0000] {processor.py:183} INFO - Processing /home/airflow/.local/lib/python3.12/site-packages/airflow/example_dags/example_xcomargs.py took 0.124 seconds
[2024-07-17T08:16:17.447+0000] {processor.py:161} INFO - Started process (PID=335) to work on /home/airflow/.local/lib/python3.12/site-packages/airflow/example_dags/example_xcomargs.py
[2024-07-17T08:16:17.448+0000] {processor.py:830} INFO - Processing file /home/airflow/.local/lib/python3.12/site-packages/airflow/example_dags/example_xcomargs.py for tasks to queue
[2024-07-17T08:16:17.451+0000] {logging_mixin.py:188} INFO - [2024-07-17T08:16:17.451+0000] {dagbag.py:545} INFO - Filling up the DagBag from /home/airflow/.local/lib/python3.12/site-packages/airflow/example_dags/example_xcomargs.py
[2024-07-17T08:16:17.463+0000] {processor.py:840} INFO - DAG(s) 'example_xcom_args_with_operators', 'example_xcom_args' retrieved from /home/airflow/.local/lib/python3.12/site-packages/airflow/example_dags/example_xcomargs.py
[2024-07-17T08:16:17.501+0000] {logging_mixin.py:188} INFO - [2024-07-17T08:16:17.501+0000] {dag.py:3089} INFO - Sync 2 DAGs
[2024-07-17T08:16:17.522+0000] {logging_mixin.py:188} INFO - [2024-07-17T08:16:17.521+0000] {dag.py:3947} INFO - Setting next_dagrun for example_xcom_args to None, run_after=None
[2024-07-17T08:16:17.529+0000] {logging_mixin.py:188} INFO - [2024-07-17T08:16:17.529+0000] {dag.py:3947} INFO - Setting next_dagrun for example_xcom_args_with_operators to None, run_after=None
[2024-07-17T08:16:17.782+0000] {processor.py:183} INFO - Processing /home/airflow/.local/lib/python3.12/site-packages/airflow/example_dags/example_xcomargs.py took 0.343 seconds
[2024-07-17T08:16:48.485+0000] {processor.py:161} INFO - Started process (PID=393) to work on /home/airflow/.local/lib/python3.12/site-packages/airflow/example_dags/example_xcomargs.py
[2024-07-17T08:16:48.486+0000] {processor.py:830} INFO - Processing file /home/airflow/.local/lib/python3.12/site-packages/airflow/example_dags/example_xcomargs.py for tasks to queue
[2024-07-17T08:16:48.489+0000] {logging_mixin.py:188} INFO - [2024-07-17T08:16:48.489+0000] {dagbag.py:545} INFO - Filling up the DagBag from /home/airflow/.local/lib/python3.12/site-packages/airflow/example_dags/example_xcomargs.py
[2024-07-17T08:16:48.500+0000] {processor.py:840} INFO - DAG(s) 'example_xcom_args_with_operators', 'example_xcom_args' retrieved from /home/airflow/.local/lib/python3.12/site-packages/airflow/example_dags/example_xcomargs.py
[2024-07-17T08:16:48.536+0000] {logging_mixin.py:188} INFO - [2024-07-17T08:16:48.536+0000] {dag.py:3089} INFO - Sync 2 DAGs
[2024-07-17T08:16:48.556+0000] {logging_mixin.py:188} INFO - [2024-07-17T08:16:48.556+0000] {dag.py:3947} INFO - Setting next_dagrun for example_xcom_args to None, run_after=None
[2024-07-17T08:16:48.563+0000] {logging_mixin.py:188} INFO - [2024-07-17T08:16:48.563+0000] {dag.py:3947} INFO - Setting next_dagrun for example_xcom_args_with_operators to None, run_after=None
[2024-07-17T08:16:48.784+0000] {processor.py:183} INFO - Processing /home/airflow/.local/lib/python3.12/site-packages/airflow/example_dags/example_xcomargs.py took 0.306 seconds
[2024-07-17T08:17:23.864+0000] {processor.py:161} INFO - Started process (PID=445) to work on /home/airflow/.local/lib/python3.12/site-packages/airflow/example_dags/example_xcomargs.py
[2024-07-17T08:17:23.866+0000] {processor.py:830} INFO - Processing file /home/airflow/.local/lib/python3.12/site-packages/airflow/example_dags/example_xcomargs.py for tasks to queue
[2024-07-17T08:17:23.869+0000] {logging_mixin.py:188} INFO - [2024-07-17T08:17:23.868+0000] {dagbag.py:545} INFO - Filling up the DagBag from /home/airflow/.local/lib/python3.12/site-packages/airflow/example_dags/example_xcomargs.py
[2024-07-17T08:17:23.880+0000] {processor.py:840} INFO - DAG(s) 'example_xcom_args_with_operators', 'example_xcom_args' retrieved from /home/airflow/.local/lib/python3.12/site-packages/airflow/example_dags/example_xcomargs.py
[2024-07-17T08:17:23.917+0000] {logging_mixin.py:188} INFO - [2024-07-17T08:17:23.916+0000] {dag.py:3089} INFO - Sync 2 DAGs
[2024-07-17T08:17:23.937+0000] {logging_mixin.py:188} INFO - [2024-07-17T08:17:23.936+0000] {dag.py:3947} INFO - Setting next_dagrun for example_xcom_args to None, run_after=None
[2024-07-17T08:17:23.944+0000] {logging_mixin.py:188} INFO - [2024-07-17T08:17:23.944+0000] {dag.py:3947} INFO - Setting next_dagrun for example_xcom_args_with_operators to None, run_after=None
[2024-07-17T08:17:24.858+0000] {processor.py:183} INFO - Processing /home/airflow/.local/lib/python3.12/site-packages/airflow/example_dags/example_xcomargs.py took 1.001 seconds
