[2024-07-17T08:14:01.447+0000] {processor.py:161} INFO - Started process (PID=66) to work on /home/airflow/.local/lib/python3.12/site-packages/airflow/example_dags/example_external_task_marker_dag.py
[2024-07-17T08:14:01.448+0000] {processor.py:830} INFO - Processing file /home/airflow/.local/lib/python3.12/site-packages/airflow/example_dags/example_external_task_marker_dag.py for tasks to queue
[2024-07-17T08:14:01.451+0000] {logging_mixin.py:188} INFO - [2024-07-17T08:14:01.451+0000] {dagbag.py:545} INFO - Filling up the DagBag from /home/airflow/.local/lib/python3.12/site-packages/airflow/example_dags/example_external_task_marker_dag.py
[2024-07-17T08:14:01.464+0000] {processor.py:840} INFO - DAG(s) 'example_external_task_marker_parent', 'example_external_task_marker_child' retrieved from /home/airflow/.local/lib/python3.12/site-packages/airflow/example_dags/example_external_task_marker_dag.py
[2024-07-17T08:14:01.647+0000] {logging_mixin.py:188} INFO - [2024-07-17T08:14:01.647+0000] {dag.py:3089} INFO - Sync 2 DAGs
[2024-07-17T08:14:01.664+0000] {logging_mixin.py:188} INFO - [2024-07-17T08:14:01.663+0000] {dag.py:3947} INFO - Setting next_dagrun for example_external_task_marker_child to None, run_after=None
[2024-07-17T08:14:01.670+0000] {logging_mixin.py:188} INFO - [2024-07-17T08:14:01.669+0000] {dag.py:3947} INFO - Setting next_dagrun for example_external_task_marker_parent to None, run_after=None
[2024-07-17T08:14:01.935+0000] {processor.py:183} INFO - Processing /home/airflow/.local/lib/python3.12/site-packages/airflow/example_dags/example_external_task_marker_dag.py took 0.495 seconds
[2024-07-17T08:14:32.031+0000] {processor.py:161} INFO - Started process (PID=123) to work on /home/airflow/.local/lib/python3.12/site-packages/airflow/example_dags/example_external_task_marker_dag.py
[2024-07-17T08:14:32.033+0000] {processor.py:830} INFO - Processing file /home/airflow/.local/lib/python3.12/site-packages/airflow/example_dags/example_external_task_marker_dag.py for tasks to queue
[2024-07-17T08:14:32.036+0000] {logging_mixin.py:188} INFO - [2024-07-17T08:14:32.035+0000] {dagbag.py:545} INFO - Filling up the DagBag from /home/airflow/.local/lib/python3.12/site-packages/airflow/example_dags/example_external_task_marker_dag.py
[2024-07-17T08:14:32.044+0000] {processor.py:840} INFO - DAG(s) 'example_external_task_marker_child', 'example_external_task_marker_parent' retrieved from /home/airflow/.local/lib/python3.12/site-packages/airflow/example_dags/example_external_task_marker_dag.py
[2024-07-17T08:14:32.081+0000] {logging_mixin.py:188} INFO - [2024-07-17T08:14:32.081+0000] {dag.py:3089} INFO - Sync 2 DAGs
[2024-07-17T08:14:32.102+0000] {logging_mixin.py:188} INFO - [2024-07-17T08:14:32.102+0000] {dag.py:3947} INFO - Setting next_dagrun for example_external_task_marker_child to None, run_after=None
[2024-07-17T08:14:32.109+0000] {logging_mixin.py:188} INFO - [2024-07-17T08:14:32.108+0000] {dag.py:3947} INFO - Setting next_dagrun for example_external_task_marker_parent to None, run_after=None
[2024-07-17T08:14:32.478+0000] {processor.py:183} INFO - Processing /home/airflow/.local/lib/python3.12/site-packages/airflow/example_dags/example_external_task_marker_dag.py took 0.458 seconds
[2024-07-17T08:15:02.671+0000] {processor.py:161} INFO - Started process (PID=179) to work on /home/airflow/.local/lib/python3.12/site-packages/airflow/example_dags/example_external_task_marker_dag.py
[2024-07-17T08:15:02.672+0000] {processor.py:830} INFO - Processing file /home/airflow/.local/lib/python3.12/site-packages/airflow/example_dags/example_external_task_marker_dag.py for tasks to queue
[2024-07-17T08:15:02.675+0000] {logging_mixin.py:188} INFO - [2024-07-17T08:15:02.675+0000] {dagbag.py:545} INFO - Filling up the DagBag from /home/airflow/.local/lib/python3.12/site-packages/airflow/example_dags/example_external_task_marker_dag.py
[2024-07-17T08:15:02.683+0000] {processor.py:840} INFO - DAG(s) 'example_external_task_marker_parent', 'example_external_task_marker_child' retrieved from /home/airflow/.local/lib/python3.12/site-packages/airflow/example_dags/example_external_task_marker_dag.py
[2024-07-17T08:15:02.714+0000] {logging_mixin.py:188} INFO - [2024-07-17T08:15:02.714+0000] {dag.py:3089} INFO - Sync 2 DAGs
[2024-07-17T08:15:02.733+0000] {logging_mixin.py:188} INFO - [2024-07-17T08:15:02.732+0000] {dag.py:3947} INFO - Setting next_dagrun for example_external_task_marker_child to None, run_after=None
[2024-07-17T08:15:02.740+0000] {logging_mixin.py:188} INFO - [2024-07-17T08:15:02.739+0000] {dag.py:3947} INFO - Setting next_dagrun for example_external_task_marker_parent to None, run_after=None
[2024-07-17T08:15:02.793+0000] {processor.py:183} INFO - Processing /home/airflow/.local/lib/python3.12/site-packages/airflow/example_dags/example_external_task_marker_dag.py took 0.130 seconds
[2024-07-17T08:15:33.646+0000] {processor.py:161} INFO - Started process (PID=237) to work on /home/airflow/.local/lib/python3.12/site-packages/airflow/example_dags/example_external_task_marker_dag.py
[2024-07-17T08:15:33.648+0000] {processor.py:830} INFO - Processing file /home/airflow/.local/lib/python3.12/site-packages/airflow/example_dags/example_external_task_marker_dag.py for tasks to queue
[2024-07-17T08:15:33.651+0000] {logging_mixin.py:188} INFO - [2024-07-17T08:15:33.650+0000] {dagbag.py:545} INFO - Filling up the DagBag from /home/airflow/.local/lib/python3.12/site-packages/airflow/example_dags/example_external_task_marker_dag.py
[2024-07-17T08:15:33.659+0000] {processor.py:840} INFO - DAG(s) 'example_external_task_marker_parent', 'example_external_task_marker_child' retrieved from /home/airflow/.local/lib/python3.12/site-packages/airflow/example_dags/example_external_task_marker_dag.py
[2024-07-17T08:15:33.694+0000] {logging_mixin.py:188} INFO - [2024-07-17T08:15:33.693+0000] {dag.py:3089} INFO - Sync 2 DAGs
[2024-07-17T08:15:33.715+0000] {logging_mixin.py:188} INFO - [2024-07-17T08:15:33.715+0000] {dag.py:3947} INFO - Setting next_dagrun for example_external_task_marker_child to None, run_after=None
[2024-07-17T08:15:33.723+0000] {logging_mixin.py:188} INFO - [2024-07-17T08:15:33.722+0000] {dag.py:3947} INFO - Setting next_dagrun for example_external_task_marker_parent to None, run_after=None
[2024-07-17T08:15:33.939+0000] {processor.py:183} INFO - Processing /home/airflow/.local/lib/python3.12/site-packages/airflow/example_dags/example_external_task_marker_dag.py took 0.300 seconds
[2024-07-17T08:16:04.748+0000] {processor.py:161} INFO - Started process (PID=295) to work on /home/airflow/.local/lib/python3.12/site-packages/airflow/example_dags/example_external_task_marker_dag.py
[2024-07-17T08:16:04.749+0000] {processor.py:830} INFO - Processing file /home/airflow/.local/lib/python3.12/site-packages/airflow/example_dags/example_external_task_marker_dag.py for tasks to queue
[2024-07-17T08:16:04.753+0000] {logging_mixin.py:188} INFO - [2024-07-17T08:16:04.752+0000] {dagbag.py:545} INFO - Filling up the DagBag from /home/airflow/.local/lib/python3.12/site-packages/airflow/example_dags/example_external_task_marker_dag.py
[2024-07-17T08:16:04.760+0000] {processor.py:840} INFO - DAG(s) 'example_external_task_marker_parent', 'example_external_task_marker_child' retrieved from /home/airflow/.local/lib/python3.12/site-packages/airflow/example_dags/example_external_task_marker_dag.py
[2024-07-17T08:16:04.796+0000] {logging_mixin.py:188} INFO - [2024-07-17T08:16:04.795+0000] {dag.py:3089} INFO - Sync 2 DAGs
[2024-07-17T08:16:04.816+0000] {logging_mixin.py:188} INFO - [2024-07-17T08:16:04.816+0000] {dag.py:3947} INFO - Setting next_dagrun for example_external_task_marker_child to None, run_after=None
[2024-07-17T08:16:04.825+0000] {logging_mixin.py:188} INFO - [2024-07-17T08:16:04.824+0000] {dag.py:3947} INFO - Setting next_dagrun for example_external_task_marker_parent to None, run_after=None
[2024-07-17T08:16:05.502+0000] {processor.py:183} INFO - Processing /home/airflow/.local/lib/python3.12/site-packages/airflow/example_dags/example_external_task_marker_dag.py took 0.762 seconds
[2024-07-17T08:16:36.207+0000] {processor.py:161} INFO - Started process (PID=354) to work on /home/airflow/.local/lib/python3.12/site-packages/airflow/example_dags/example_external_task_marker_dag.py
[2024-07-17T08:16:36.209+0000] {processor.py:830} INFO - Processing file /home/airflow/.local/lib/python3.12/site-packages/airflow/example_dags/example_external_task_marker_dag.py for tasks to queue
[2024-07-17T08:16:36.213+0000] {logging_mixin.py:188} INFO - [2024-07-17T08:16:36.212+0000] {dagbag.py:545} INFO - Filling up the DagBag from /home/airflow/.local/lib/python3.12/site-packages/airflow/example_dags/example_external_task_marker_dag.py
[2024-07-17T08:16:36.222+0000] {processor.py:840} INFO - DAG(s) 'example_external_task_marker_parent', 'example_external_task_marker_child' retrieved from /home/airflow/.local/lib/python3.12/site-packages/airflow/example_dags/example_external_task_marker_dag.py
[2024-07-17T08:16:36.267+0000] {logging_mixin.py:188} INFO - [2024-07-17T08:16:36.267+0000] {dag.py:3089} INFO - Sync 2 DAGs
[2024-07-17T08:16:36.299+0000] {logging_mixin.py:188} INFO - [2024-07-17T08:16:36.299+0000] {dag.py:3947} INFO - Setting next_dagrun for example_external_task_marker_child to None, run_after=None
[2024-07-17T08:16:36.307+0000] {logging_mixin.py:188} INFO - [2024-07-17T08:16:36.306+0000] {dag.py:3947} INFO - Setting next_dagrun for example_external_task_marker_parent to None, run_after=None
[2024-07-17T08:16:36.874+0000] {processor.py:183} INFO - Processing /home/airflow/.local/lib/python3.12/site-packages/airflow/example_dags/example_external_task_marker_dag.py took 0.675 seconds
[2024-07-17T08:17:07.619+0000] {processor.py:161} INFO - Started process (PID=406) to work on /home/airflow/.local/lib/python3.12/site-packages/airflow/example_dags/example_external_task_marker_dag.py
[2024-07-17T08:17:07.620+0000] {processor.py:830} INFO - Processing file /home/airflow/.local/lib/python3.12/site-packages/airflow/example_dags/example_external_task_marker_dag.py for tasks to queue
[2024-07-17T08:17:07.624+0000] {logging_mixin.py:188} INFO - [2024-07-17T08:17:07.623+0000] {dagbag.py:545} INFO - Filling up the DagBag from /home/airflow/.local/lib/python3.12/site-packages/airflow/example_dags/example_external_task_marker_dag.py
[2024-07-17T08:17:07.633+0000] {processor.py:840} INFO - DAG(s) 'example_external_task_marker_child', 'example_external_task_marker_parent' retrieved from /home/airflow/.local/lib/python3.12/site-packages/airflow/example_dags/example_external_task_marker_dag.py
[2024-07-17T08:17:07.681+0000] {logging_mixin.py:188} INFO - [2024-07-17T08:17:07.681+0000] {dag.py:3089} INFO - Sync 2 DAGs
[2024-07-17T08:17:07.704+0000] {logging_mixin.py:188} INFO - [2024-07-17T08:17:07.703+0000] {dag.py:3947} INFO - Setting next_dagrun for example_external_task_marker_child to None, run_after=None
[2024-07-17T08:17:07.712+0000] {logging_mixin.py:188} INFO - [2024-07-17T08:17:07.712+0000] {dag.py:3947} INFO - Setting next_dagrun for example_external_task_marker_parent to None, run_after=None
[2024-07-17T08:17:08.062+0000] {processor.py:183} INFO - Processing /home/airflow/.local/lib/python3.12/site-packages/airflow/example_dags/example_external_task_marker_dag.py took 0.451 seconds
[2024-07-17T08:17:38.147+0000] {processor.py:161} INFO - Started process (PID=463) to work on /home/airflow/.local/lib/python3.12/site-packages/airflow/example_dags/example_external_task_marker_dag.py
[2024-07-17T08:17:38.163+0000] {processor.py:830} INFO - Processing file /home/airflow/.local/lib/python3.12/site-packages/airflow/example_dags/example_external_task_marker_dag.py for tasks to queue
[2024-07-17T08:17:38.173+0000] {logging_mixin.py:188} INFO - [2024-07-17T08:17:38.173+0000] {dagbag.py:545} INFO - Filling up the DagBag from /home/airflow/.local/lib/python3.12/site-packages/airflow/example_dags/example_external_task_marker_dag.py
[2024-07-17T08:17:38.188+0000] {processor.py:840} INFO - DAG(s) 'example_external_task_marker_parent', 'example_external_task_marker_child' retrieved from /home/airflow/.local/lib/python3.12/site-packages/airflow/example_dags/example_external_task_marker_dag.py
[2024-07-17T08:17:38.230+0000] {logging_mixin.py:188} INFO - [2024-07-17T08:17:38.229+0000] {dag.py:3089} INFO - Sync 2 DAGs
[2024-07-17T08:17:38.250+0000] {logging_mixin.py:188} INFO - [2024-07-17T08:17:38.250+0000] {dag.py:3947} INFO - Setting next_dagrun for example_external_task_marker_child to None, run_after=None
[2024-07-17T08:17:38.257+0000] {logging_mixin.py:188} INFO - [2024-07-17T08:17:38.256+0000] {dag.py:3947} INFO - Setting next_dagrun for example_external_task_marker_parent to None, run_after=None
[2024-07-17T08:17:38.585+0000] {processor.py:183} INFO - Processing /home/airflow/.local/lib/python3.12/site-packages/airflow/example_dags/example_external_task_marker_dag.py took 0.461 seconds
