[2024-07-17T08:14:08.766+0000] {processor.py:161} INFO - Started process (PID=87) to work on /home/airflow/.local/lib/python3.12/site-packages/airflow/example_dags/example_local_kubernetes_executor.py
[2024-07-17T08:14:08.769+0000] {processor.py:830} INFO - Processing file /home/airflow/.local/lib/python3.12/site-packages/airflow/example_dags/example_local_kubernetes_executor.py for tasks to queue
[2024-07-17T08:14:08.773+0000] {logging_mixin.py:188} INFO - [2024-07-17T08:14:08.772+0000] {dagbag.py:545} INFO - Filling up the DagBag from /home/airflow/.local/lib/python3.12/site-packages/airflow/example_dags/example_local_kubernetes_executor.py
[2024-07-17T08:14:08.792+0000] {processor.py:840} INFO - DAG(s) 'example_local_kubernetes_executor' retrieved from /home/airflow/.local/lib/python3.12/site-packages/airflow/example_dags/example_local_kubernetes_executor.py
[2024-07-17T08:14:09.041+0000] {logging_mixin.py:188} INFO - [2024-07-17T08:14:09.041+0000] {dag.py:3089} INFO - Sync 1 DAGs
[2024-07-17T08:14:09.060+0000] {logging_mixin.py:188} INFO - [2024-07-17T08:14:09.059+0000] {dag.py:3947} INFO - Setting next_dagrun for example_local_kubernetes_executor to None, run_after=None
[2024-07-17T08:14:09.141+0000] {processor.py:183} INFO - Processing /home/airflow/.local/lib/python3.12/site-packages/airflow/example_dags/example_local_kubernetes_executor.py took 0.384 seconds
[2024-07-17T08:14:40.910+0000] {processor.py:161} INFO - Started process (PID=145) to work on /home/airflow/.local/lib/python3.12/site-packages/airflow/example_dags/example_local_kubernetes_executor.py
[2024-07-17T08:14:40.911+0000] {processor.py:830} INFO - Processing file /home/airflow/.local/lib/python3.12/site-packages/airflow/example_dags/example_local_kubernetes_executor.py for tasks to queue
[2024-07-17T08:14:40.914+0000] {logging_mixin.py:188} INFO - [2024-07-17T08:14:40.914+0000] {dagbag.py:545} INFO - Filling up the DagBag from /home/airflow/.local/lib/python3.12/site-packages/airflow/example_dags/example_local_kubernetes_executor.py
[2024-07-17T08:14:40.925+0000] {processor.py:840} INFO - DAG(s) 'example_local_kubernetes_executor' retrieved from /home/airflow/.local/lib/python3.12/site-packages/airflow/example_dags/example_local_kubernetes_executor.py
[2024-07-17T08:14:40.983+0000] {logging_mixin.py:188} INFO - [2024-07-17T08:14:40.983+0000] {dag.py:3089} INFO - Sync 1 DAGs
[2024-07-17T08:14:41.013+0000] {logging_mixin.py:188} INFO - [2024-07-17T08:14:41.012+0000] {dag.py:3947} INFO - Setting next_dagrun for example_local_kubernetes_executor to None, run_after=None
[2024-07-17T08:14:41.100+0000] {processor.py:183} INFO - Processing /home/airflow/.local/lib/python3.12/site-packages/airflow/example_dags/example_local_kubernetes_executor.py took 0.199 seconds
[2024-07-17T08:15:11.397+0000] {processor.py:161} INFO - Started process (PID=201) to work on /home/airflow/.local/lib/python3.12/site-packages/airflow/example_dags/example_local_kubernetes_executor.py
[2024-07-17T08:15:11.398+0000] {processor.py:830} INFO - Processing file /home/airflow/.local/lib/python3.12/site-packages/airflow/example_dags/example_local_kubernetes_executor.py for tasks to queue
[2024-07-17T08:15:11.403+0000] {logging_mixin.py:188} INFO - [2024-07-17T08:15:11.402+0000] {dagbag.py:545} INFO - Filling up the DagBag from /home/airflow/.local/lib/python3.12/site-packages/airflow/example_dags/example_local_kubernetes_executor.py
[2024-07-17T08:15:11.414+0000] {processor.py:840} INFO - DAG(s) 'example_local_kubernetes_executor' retrieved from /home/airflow/.local/lib/python3.12/site-packages/airflow/example_dags/example_local_kubernetes_executor.py
[2024-07-17T08:15:11.464+0000] {logging_mixin.py:188} INFO - [2024-07-17T08:15:11.464+0000] {dag.py:3089} INFO - Sync 1 DAGs
[2024-07-17T08:15:11.488+0000] {logging_mixin.py:188} INFO - [2024-07-17T08:15:11.488+0000] {dag.py:3947} INFO - Setting next_dagrun for example_local_kubernetes_executor to None, run_after=None
[2024-07-17T08:15:11.541+0000] {processor.py:183} INFO - Processing /home/airflow/.local/lib/python3.12/site-packages/airflow/example_dags/example_local_kubernetes_executor.py took 0.154 seconds
[2024-07-17T08:15:42.333+0000] {processor.py:161} INFO - Started process (PID=259) to work on /home/airflow/.local/lib/python3.12/site-packages/airflow/example_dags/example_local_kubernetes_executor.py
[2024-07-17T08:15:42.335+0000] {processor.py:830} INFO - Processing file /home/airflow/.local/lib/python3.12/site-packages/airflow/example_dags/example_local_kubernetes_executor.py for tasks to queue
[2024-07-17T08:15:42.338+0000] {logging_mixin.py:188} INFO - [2024-07-17T08:15:42.337+0000] {dagbag.py:545} INFO - Filling up the DagBag from /home/airflow/.local/lib/python3.12/site-packages/airflow/example_dags/example_local_kubernetes_executor.py
[2024-07-17T08:15:42.347+0000] {processor.py:840} INFO - DAG(s) 'example_local_kubernetes_executor' retrieved from /home/airflow/.local/lib/python3.12/site-packages/airflow/example_dags/example_local_kubernetes_executor.py
[2024-07-17T08:15:42.393+0000] {logging_mixin.py:188} INFO - [2024-07-17T08:15:42.393+0000] {dag.py:3089} INFO - Sync 1 DAGs
[2024-07-17T08:15:42.414+0000] {logging_mixin.py:188} INFO - [2024-07-17T08:15:42.414+0000] {dag.py:3947} INFO - Setting next_dagrun for example_local_kubernetes_executor to None, run_after=None
[2024-07-17T08:15:42.491+0000] {processor.py:183} INFO - Processing /home/airflow/.local/lib/python3.12/site-packages/airflow/example_dags/example_local_kubernetes_executor.py took 0.165 seconds
[2024-07-17T08:16:13.588+0000] {processor.py:161} INFO - Started process (PID=317) to work on /home/airflow/.local/lib/python3.12/site-packages/airflow/example_dags/example_local_kubernetes_executor.py
[2024-07-17T08:16:13.590+0000] {processor.py:830} INFO - Processing file /home/airflow/.local/lib/python3.12/site-packages/airflow/example_dags/example_local_kubernetes_executor.py for tasks to queue
[2024-07-17T08:16:13.593+0000] {logging_mixin.py:188} INFO - [2024-07-17T08:16:13.593+0000] {dagbag.py:545} INFO - Filling up the DagBag from /home/airflow/.local/lib/python3.12/site-packages/airflow/example_dags/example_local_kubernetes_executor.py
[2024-07-17T08:16:13.603+0000] {processor.py:840} INFO - DAG(s) 'example_local_kubernetes_executor' retrieved from /home/airflow/.local/lib/python3.12/site-packages/airflow/example_dags/example_local_kubernetes_executor.py
[2024-07-17T08:16:13.652+0000] {logging_mixin.py:188} INFO - [2024-07-17T08:16:13.651+0000] {dag.py:3089} INFO - Sync 1 DAGs
[2024-07-17T08:16:13.672+0000] {logging_mixin.py:188} INFO - [2024-07-17T08:16:13.672+0000] {dag.py:3947} INFO - Setting next_dagrun for example_local_kubernetes_executor to None, run_after=None
[2024-07-17T08:16:13.885+0000] {processor.py:183} INFO - Processing /home/airflow/.local/lib/python3.12/site-packages/airflow/example_dags/example_local_kubernetes_executor.py took 0.304 seconds
[2024-07-17T08:16:44.445+0000] {processor.py:161} INFO - Started process (PID=375) to work on /home/airflow/.local/lib/python3.12/site-packages/airflow/example_dags/example_local_kubernetes_executor.py
[2024-07-17T08:16:44.446+0000] {processor.py:830} INFO - Processing file /home/airflow/.local/lib/python3.12/site-packages/airflow/example_dags/example_local_kubernetes_executor.py for tasks to queue
[2024-07-17T08:16:44.449+0000] {logging_mixin.py:188} INFO - [2024-07-17T08:16:44.449+0000] {dagbag.py:545} INFO - Filling up the DagBag from /home/airflow/.local/lib/python3.12/site-packages/airflow/example_dags/example_local_kubernetes_executor.py
[2024-07-17T08:16:44.458+0000] {processor.py:840} INFO - DAG(s) 'example_local_kubernetes_executor' retrieved from /home/airflow/.local/lib/python3.12/site-packages/airflow/example_dags/example_local_kubernetes_executor.py
[2024-07-17T08:16:44.507+0000] {logging_mixin.py:188} INFO - [2024-07-17T08:16:44.506+0000] {dag.py:3089} INFO - Sync 1 DAGs
[2024-07-17T08:16:44.526+0000] {logging_mixin.py:188} INFO - [2024-07-17T08:16:44.525+0000] {dag.py:3947} INFO - Setting next_dagrun for example_local_kubernetes_executor to None, run_after=None
[2024-07-17T08:16:45.356+0000] {processor.py:183} INFO - Processing /home/airflow/.local/lib/python3.12/site-packages/airflow/example_dags/example_local_kubernetes_executor.py took 0.919 seconds
[2024-07-17T08:17:19.474+0000] {processor.py:161} INFO - Started process (PID=435) to work on /home/airflow/.local/lib/python3.12/site-packages/airflow/example_dags/example_local_kubernetes_executor.py
[2024-07-17T08:17:19.476+0000] {processor.py:830} INFO - Processing file /home/airflow/.local/lib/python3.12/site-packages/airflow/example_dags/example_local_kubernetes_executor.py for tasks to queue
[2024-07-17T08:17:19.479+0000] {logging_mixin.py:188} INFO - [2024-07-17T08:17:19.479+0000] {dagbag.py:545} INFO - Filling up the DagBag from /home/airflow/.local/lib/python3.12/site-packages/airflow/example_dags/example_local_kubernetes_executor.py
[2024-07-17T08:17:19.488+0000] {processor.py:840} INFO - DAG(s) 'example_local_kubernetes_executor' retrieved from /home/airflow/.local/lib/python3.12/site-packages/airflow/example_dags/example_local_kubernetes_executor.py
[2024-07-17T08:17:19.538+0000] {logging_mixin.py:188} INFO - [2024-07-17T08:17:19.537+0000] {dag.py:3089} INFO - Sync 1 DAGs
[2024-07-17T08:17:19.557+0000] {logging_mixin.py:188} INFO - [2024-07-17T08:17:19.556+0000] {dag.py:3947} INFO - Setting next_dagrun for example_local_kubernetes_executor to None, run_after=None
[2024-07-17T08:17:20.573+0000] {processor.py:183} INFO - Processing /home/airflow/.local/lib/python3.12/site-packages/airflow/example_dags/example_local_kubernetes_executor.py took 1.107 seconds
