[2024-07-17T08:14:07.483+0000] {processor.py:161} INFO - Started process (PID=83) to work on /home/airflow/.local/lib/python3.12/site-packages/airflow/example_dags/example_task_group.py
[2024-07-17T08:14:07.485+0000] {processor.py:830} INFO - Processing file /home/airflow/.local/lib/python3.12/site-packages/airflow/example_dags/example_task_group.py for tasks to queue
[2024-07-17T08:14:07.489+0000] {logging_mixin.py:188} INFO - [2024-07-17T08:14:07.489+0000] {dagbag.py:545} INFO - Filling up the DagBag from /home/airflow/.local/lib/python3.12/site-packages/airflow/example_dags/example_task_group.py
[2024-07-17T08:14:07.508+0000] {processor.py:840} INFO - DAG(s) 'example_task_group' retrieved from /home/airflow/.local/lib/python3.12/site-packages/airflow/example_dags/example_task_group.py
[2024-07-17T08:14:07.695+0000] {logging_mixin.py:188} INFO - [2024-07-17T08:14:07.694+0000] {dag.py:3089} INFO - Sync 1 DAGs
[2024-07-17T08:14:07.729+0000] {logging_mixin.py:188} INFO - [2024-07-17T08:14:07.729+0000] {dag.py:3947} INFO - Setting next_dagrun for example_task_group to 2024-07-16 00:00:00+00:00, run_after=2024-07-17 00:00:00+00:00
[2024-07-17T08:14:07.814+0000] {processor.py:183} INFO - Processing /home/airflow/.local/lib/python3.12/site-packages/airflow/example_dags/example_task_group.py took 0.340 seconds
[2024-07-17T08:14:39.063+0000] {processor.py:161} INFO - Started process (PID=141) to work on /home/airflow/.local/lib/python3.12/site-packages/airflow/example_dags/example_task_group.py
[2024-07-17T08:14:39.065+0000] {processor.py:830} INFO - Processing file /home/airflow/.local/lib/python3.12/site-packages/airflow/example_dags/example_task_group.py for tasks to queue
[2024-07-17T08:14:39.068+0000] {logging_mixin.py:188} INFO - [2024-07-17T08:14:39.067+0000] {dagbag.py:545} INFO - Filling up the DagBag from /home/airflow/.local/lib/python3.12/site-packages/airflow/example_dags/example_task_group.py
[2024-07-17T08:14:39.079+0000] {processor.py:840} INFO - DAG(s) 'example_task_group' retrieved from /home/airflow/.local/lib/python3.12/site-packages/airflow/example_dags/example_task_group.py
[2024-07-17T08:14:39.112+0000] {logging_mixin.py:188} INFO - [2024-07-17T08:14:39.111+0000] {dag.py:3089} INFO - Sync 1 DAGs
[2024-07-17T08:14:39.146+0000] {logging_mixin.py:188} INFO - [2024-07-17T08:14:39.146+0000] {dag.py:3947} INFO - Setting next_dagrun for example_task_group to 2024-07-16 00:00:00+00:00, run_after=2024-07-17 00:00:00+00:00
[2024-07-17T08:14:39.330+0000] {processor.py:183} INFO - Processing /home/airflow/.local/lib/python3.12/site-packages/airflow/example_dags/example_task_group.py took 0.275 seconds
[2024-07-17T08:15:09.845+0000] {processor.py:161} INFO - Started process (PID=197) to work on /home/airflow/.local/lib/python3.12/site-packages/airflow/example_dags/example_task_group.py
[2024-07-17T08:15:09.847+0000] {processor.py:830} INFO - Processing file /home/airflow/.local/lib/python3.12/site-packages/airflow/example_dags/example_task_group.py for tasks to queue
[2024-07-17T08:15:09.850+0000] {logging_mixin.py:188} INFO - [2024-07-17T08:15:09.850+0000] {dagbag.py:545} INFO - Filling up the DagBag from /home/airflow/.local/lib/python3.12/site-packages/airflow/example_dags/example_task_group.py
[2024-07-17T08:15:09.865+0000] {processor.py:840} INFO - DAG(s) 'example_task_group' retrieved from /home/airflow/.local/lib/python3.12/site-packages/airflow/example_dags/example_task_group.py
[2024-07-17T08:15:09.902+0000] {logging_mixin.py:188} INFO - [2024-07-17T08:15:09.902+0000] {dag.py:3089} INFO - Sync 1 DAGs
[2024-07-17T08:15:09.942+0000] {logging_mixin.py:188} INFO - [2024-07-17T08:15:09.942+0000] {dag.py:3947} INFO - Setting next_dagrun for example_task_group to 2024-07-16 00:00:00+00:00, run_after=2024-07-17 00:00:00+00:00
[2024-07-17T08:15:09.994+0000] {processor.py:183} INFO - Processing /home/airflow/.local/lib/python3.12/site-packages/airflow/example_dags/example_task_group.py took 0.159 seconds
[2024-07-17T08:15:40.693+0000] {processor.py:161} INFO - Started process (PID=255) to work on /home/airflow/.local/lib/python3.12/site-packages/airflow/example_dags/example_task_group.py
[2024-07-17T08:15:40.694+0000] {processor.py:830} INFO - Processing file /home/airflow/.local/lib/python3.12/site-packages/airflow/example_dags/example_task_group.py for tasks to queue
[2024-07-17T08:15:40.697+0000] {logging_mixin.py:188} INFO - [2024-07-17T08:15:40.697+0000] {dagbag.py:545} INFO - Filling up the DagBag from /home/airflow/.local/lib/python3.12/site-packages/airflow/example_dags/example_task_group.py
[2024-07-17T08:15:40.707+0000] {processor.py:840} INFO - DAG(s) 'example_task_group' retrieved from /home/airflow/.local/lib/python3.12/site-packages/airflow/example_dags/example_task_group.py
[2024-07-17T08:15:40.740+0000] {logging_mixin.py:188} INFO - [2024-07-17T08:15:40.739+0000] {dag.py:3089} INFO - Sync 1 DAGs
[2024-07-17T08:15:40.770+0000] {logging_mixin.py:188} INFO - [2024-07-17T08:15:40.770+0000] {dag.py:3947} INFO - Setting next_dagrun for example_task_group to 2024-07-16 00:00:00+00:00, run_after=2024-07-17 00:00:00+00:00
[2024-07-17T08:15:40.863+0000] {processor.py:183} INFO - Processing /home/airflow/.local/lib/python3.12/site-packages/airflow/example_dags/example_task_group.py took 0.178 seconds
[2024-07-17T08:16:11.086+0000] {processor.py:161} INFO - Started process (PID=312) to work on /home/airflow/.local/lib/python3.12/site-packages/airflow/example_dags/example_task_group.py
[2024-07-17T08:16:11.087+0000] {processor.py:830} INFO - Processing file /home/airflow/.local/lib/python3.12/site-packages/airflow/example_dags/example_task_group.py for tasks to queue
[2024-07-17T08:16:11.092+0000] {logging_mixin.py:188} INFO - [2024-07-17T08:16:11.091+0000] {dagbag.py:545} INFO - Filling up the DagBag from /home/airflow/.local/lib/python3.12/site-packages/airflow/example_dags/example_task_group.py
[2024-07-17T08:16:11.101+0000] {processor.py:840} INFO - DAG(s) 'example_task_group' retrieved from /home/airflow/.local/lib/python3.12/site-packages/airflow/example_dags/example_task_group.py
[2024-07-17T08:16:11.133+0000] {logging_mixin.py:188} INFO - [2024-07-17T08:16:11.133+0000] {dag.py:3089} INFO - Sync 1 DAGs
[2024-07-17T08:16:11.165+0000] {logging_mixin.py:188} INFO - [2024-07-17T08:16:11.164+0000] {dag.py:3947} INFO - Setting next_dagrun for example_task_group to 2024-07-16 00:00:00+00:00, run_after=2024-07-17 00:00:00+00:00
[2024-07-17T08:16:11.416+0000] {processor.py:183} INFO - Processing /home/airflow/.local/lib/python3.12/site-packages/airflow/example_dags/example_task_group.py took 0.338 seconds
[2024-07-17T08:16:42.528+0000] {processor.py:161} INFO - Started process (PID=371) to work on /home/airflow/.local/lib/python3.12/site-packages/airflow/example_dags/example_task_group.py
[2024-07-17T08:16:42.530+0000] {processor.py:830} INFO - Processing file /home/airflow/.local/lib/python3.12/site-packages/airflow/example_dags/example_task_group.py for tasks to queue
[2024-07-17T08:16:42.532+0000] {logging_mixin.py:188} INFO - [2024-07-17T08:16:42.532+0000] {dagbag.py:545} INFO - Filling up the DagBag from /home/airflow/.local/lib/python3.12/site-packages/airflow/example_dags/example_task_group.py
[2024-07-17T08:16:42.541+0000] {processor.py:840} INFO - DAG(s) 'example_task_group' retrieved from /home/airflow/.local/lib/python3.12/site-packages/airflow/example_dags/example_task_group.py
[2024-07-17T08:16:42.577+0000] {logging_mixin.py:188} INFO - [2024-07-17T08:16:42.576+0000] {dag.py:3089} INFO - Sync 1 DAGs
[2024-07-17T08:16:42.617+0000] {logging_mixin.py:188} INFO - [2024-07-17T08:16:42.616+0000] {dag.py:3947} INFO - Setting next_dagrun for example_task_group to 2024-07-16 00:00:00+00:00, run_after=2024-07-17 00:00:00+00:00
[2024-07-17T08:16:42.818+0000] {processor.py:183} INFO - Processing /home/airflow/.local/lib/python3.12/site-packages/airflow/example_dags/example_task_group.py took 0.300 seconds
[2024-07-17T08:17:15.588+0000] {processor.py:161} INFO - Started process (PID=429) to work on /home/airflow/.local/lib/python3.12/site-packages/airflow/example_dags/example_task_group.py
[2024-07-17T08:17:15.589+0000] {processor.py:830} INFO - Processing file /home/airflow/.local/lib/python3.12/site-packages/airflow/example_dags/example_task_group.py for tasks to queue
[2024-07-17T08:17:15.592+0000] {logging_mixin.py:188} INFO - [2024-07-17T08:17:15.591+0000] {dagbag.py:545} INFO - Filling up the DagBag from /home/airflow/.local/lib/python3.12/site-packages/airflow/example_dags/example_task_group.py
[2024-07-17T08:17:15.600+0000] {processor.py:840} INFO - DAG(s) 'example_task_group' retrieved from /home/airflow/.local/lib/python3.12/site-packages/airflow/example_dags/example_task_group.py
[2024-07-17T08:17:15.637+0000] {logging_mixin.py:188} INFO - [2024-07-17T08:17:15.637+0000] {dag.py:3089} INFO - Sync 1 DAGs
[2024-07-17T08:17:15.678+0000] {logging_mixin.py:188} INFO - [2024-07-17T08:17:15.677+0000] {dag.py:3947} INFO - Setting next_dagrun for example_task_group to 2024-07-16 00:00:00+00:00, run_after=2024-07-17 00:00:00+00:00
[2024-07-17T08:17:17.176+0000] {processor.py:183} INFO - Processing /home/airflow/.local/lib/python3.12/site-packages/airflow/example_dags/example_task_group.py took 1.596 seconds
[2024-07-17T08:17:47.931+0000] {processor.py:161} INFO - Started process (PID=487) to work on /home/airflow/.local/lib/python3.12/site-packages/airflow/example_dags/example_task_group.py
[2024-07-17T08:17:47.932+0000] {processor.py:830} INFO - Processing file /home/airflow/.local/lib/python3.12/site-packages/airflow/example_dags/example_task_group.py for tasks to queue
[2024-07-17T08:17:47.937+0000] {logging_mixin.py:188} INFO - [2024-07-17T08:17:47.936+0000] {dagbag.py:545} INFO - Filling up the DagBag from /home/airflow/.local/lib/python3.12/site-packages/airflow/example_dags/example_task_group.py
[2024-07-17T08:17:47.948+0000] {processor.py:840} INFO - DAG(s) 'example_task_group' retrieved from /home/airflow/.local/lib/python3.12/site-packages/airflow/example_dags/example_task_group.py
[2024-07-17T08:17:47.995+0000] {logging_mixin.py:188} INFO - [2024-07-17T08:17:47.994+0000] {dag.py:3089} INFO - Sync 1 DAGs
[2024-07-17T08:17:48.043+0000] {logging_mixin.py:188} INFO - [2024-07-17T08:17:48.043+0000] {dag.py:3947} INFO - Setting next_dagrun for example_task_group to 2024-07-16 00:00:00+00:00, run_after=2024-07-17 00:00:00+00:00
[2024-07-17T08:17:48.092+0000] {processor.py:183} INFO - Processing /home/airflow/.local/lib/python3.12/site-packages/airflow/example_dags/example_task_group.py took 0.169 seconds
