[2024-07-17T08:14:00.335+0000] {processor.py:161} INFO - Started process (PID=64) to work on /home/airflow/.local/lib/python3.12/site-packages/airflow/example_dags/example_short_circuit_operator.py
[2024-07-17T08:14:00.337+0000] {processor.py:830} INFO - Processing file /home/airflow/.local/lib/python3.12/site-packages/airflow/example_dags/example_short_circuit_operator.py for tasks to queue
[2024-07-17T08:14:00.340+0000] {logging_mixin.py:188} INFO - [2024-07-17T08:14:00.339+0000] {dagbag.py:545} INFO - Filling up the DagBag from /home/airflow/.local/lib/python3.12/site-packages/airflow/example_dags/example_short_circuit_operator.py
[2024-07-17T08:14:00.383+0000] {processor.py:840} INFO - DAG(s) 'example_short_circuit_operator' retrieved from /home/airflow/.local/lib/python3.12/site-packages/airflow/example_dags/example_short_circuit_operator.py
[2024-07-17T08:14:00.602+0000] {logging_mixin.py:188} INFO - [2024-07-17T08:14:00.601+0000] {dag.py:3089} INFO - Sync 1 DAGs
[2024-07-17T08:14:00.648+0000] {logging_mixin.py:188} INFO - [2024-07-17T08:14:00.648+0000] {dag.py:3947} INFO - Setting next_dagrun for example_short_circuit_operator to 2024-07-16 00:00:00+00:00, run_after=2024-07-17 00:00:00+00:00
[2024-07-17T08:14:00.732+0000] {processor.py:183} INFO - Processing /home/airflow/.local/lib/python3.12/site-packages/airflow/example_dags/example_short_circuit_operator.py took 0.405 seconds
[2024-07-17T08:14:31.591+0000] {processor.py:161} INFO - Started process (PID=122) to work on /home/airflow/.local/lib/python3.12/site-packages/airflow/example_dags/example_short_circuit_operator.py
[2024-07-17T08:14:31.593+0000] {processor.py:830} INFO - Processing file /home/airflow/.local/lib/python3.12/site-packages/airflow/example_dags/example_short_circuit_operator.py for tasks to queue
[2024-07-17T08:14:31.595+0000] {logging_mixin.py:188} INFO - [2024-07-17T08:14:31.595+0000] {dagbag.py:545} INFO - Filling up the DagBag from /home/airflow/.local/lib/python3.12/site-packages/airflow/example_dags/example_short_circuit_operator.py
[2024-07-17T08:14:31.606+0000] {processor.py:840} INFO - DAG(s) 'example_short_circuit_operator' retrieved from /home/airflow/.local/lib/python3.12/site-packages/airflow/example_dags/example_short_circuit_operator.py
[2024-07-17T08:14:31.646+0000] {logging_mixin.py:188} INFO - [2024-07-17T08:14:31.645+0000] {dag.py:3089} INFO - Sync 1 DAGs
[2024-07-17T08:14:31.687+0000] {logging_mixin.py:188} INFO - [2024-07-17T08:14:31.687+0000] {dag.py:3947} INFO - Setting next_dagrun for example_short_circuit_operator to 2024-07-16 00:00:00+00:00, run_after=2024-07-17 00:00:00+00:00
[2024-07-17T08:14:31.979+0000] {processor.py:183} INFO - Processing /home/airflow/.local/lib/python3.12/site-packages/airflow/example_dags/example_short_circuit_operator.py took 0.396 seconds
[2024-07-17T08:15:02.432+0000] {processor.py:161} INFO - Started process (PID=178) to work on /home/airflow/.local/lib/python3.12/site-packages/airflow/example_dags/example_short_circuit_operator.py
[2024-07-17T08:15:02.434+0000] {processor.py:830} INFO - Processing file /home/airflow/.local/lib/python3.12/site-packages/airflow/example_dags/example_short_circuit_operator.py for tasks to queue
[2024-07-17T08:15:02.436+0000] {logging_mixin.py:188} INFO - [2024-07-17T08:15:02.436+0000] {dagbag.py:545} INFO - Filling up the DagBag from /home/airflow/.local/lib/python3.12/site-packages/airflow/example_dags/example_short_circuit_operator.py
[2024-07-17T08:15:02.446+0000] {processor.py:840} INFO - DAG(s) 'example_short_circuit_operator' retrieved from /home/airflow/.local/lib/python3.12/site-packages/airflow/example_dags/example_short_circuit_operator.py
[2024-07-17T08:15:02.481+0000] {logging_mixin.py:188} INFO - [2024-07-17T08:15:02.480+0000] {dag.py:3089} INFO - Sync 1 DAGs
[2024-07-17T08:15:02.512+0000] {logging_mixin.py:188} INFO - [2024-07-17T08:15:02.511+0000] {dag.py:3947} INFO - Setting next_dagrun for example_short_circuit_operator to 2024-07-16 00:00:00+00:00, run_after=2024-07-17 00:00:00+00:00
[2024-07-17T08:15:02.614+0000] {processor.py:183} INFO - Processing /home/airflow/.local/lib/python3.12/site-packages/airflow/example_dags/example_short_circuit_operator.py took 0.190 seconds
[2024-07-17T08:15:33.646+0000] {processor.py:161} INFO - Started process (PID=236) to work on /home/airflow/.local/lib/python3.12/site-packages/airflow/example_dags/example_short_circuit_operator.py
[2024-07-17T08:15:33.648+0000] {processor.py:830} INFO - Processing file /home/airflow/.local/lib/python3.12/site-packages/airflow/example_dags/example_short_circuit_operator.py for tasks to queue
[2024-07-17T08:15:33.651+0000] {logging_mixin.py:188} INFO - [2024-07-17T08:15:33.650+0000] {dagbag.py:545} INFO - Filling up the DagBag from /home/airflow/.local/lib/python3.12/site-packages/airflow/example_dags/example_short_circuit_operator.py
[2024-07-17T08:15:33.661+0000] {processor.py:840} INFO - DAG(s) 'example_short_circuit_operator' retrieved from /home/airflow/.local/lib/python3.12/site-packages/airflow/example_dags/example_short_circuit_operator.py
[2024-07-17T08:15:33.694+0000] {logging_mixin.py:188} INFO - [2024-07-17T08:15:33.693+0000] {dag.py:3089} INFO - Sync 1 DAGs
[2024-07-17T08:15:33.725+0000] {logging_mixin.py:188} INFO - [2024-07-17T08:15:33.725+0000] {dag.py:3947} INFO - Setting next_dagrun for example_short_circuit_operator to 2024-07-16 00:00:00+00:00, run_after=2024-07-17 00:00:00+00:00
[2024-07-17T08:15:33.947+0000] {processor.py:183} INFO - Processing /home/airflow/.local/lib/python3.12/site-packages/airflow/example_dags/example_short_circuit_operator.py took 0.308 seconds
[2024-07-17T08:16:04.219+0000] {processor.py:161} INFO - Started process (PID=294) to work on /home/airflow/.local/lib/python3.12/site-packages/airflow/example_dags/example_short_circuit_operator.py
[2024-07-17T08:16:04.221+0000] {processor.py:830} INFO - Processing file /home/airflow/.local/lib/python3.12/site-packages/airflow/example_dags/example_short_circuit_operator.py for tasks to queue
[2024-07-17T08:16:04.224+0000] {logging_mixin.py:188} INFO - [2024-07-17T08:16:04.223+0000] {dagbag.py:545} INFO - Filling up the DagBag from /home/airflow/.local/lib/python3.12/site-packages/airflow/example_dags/example_short_circuit_operator.py
[2024-07-17T08:16:04.233+0000] {processor.py:840} INFO - DAG(s) 'example_short_circuit_operator' retrieved from /home/airflow/.local/lib/python3.12/site-packages/airflow/example_dags/example_short_circuit_operator.py
[2024-07-17T08:16:04.268+0000] {logging_mixin.py:188} INFO - [2024-07-17T08:16:04.268+0000] {dag.py:3089} INFO - Sync 1 DAGs
[2024-07-17T08:16:04.301+0000] {logging_mixin.py:188} INFO - [2024-07-17T08:16:04.301+0000] {dag.py:3947} INFO - Setting next_dagrun for example_short_circuit_operator to 2024-07-16 00:00:00+00:00, run_after=2024-07-17 00:00:00+00:00
[2024-07-17T08:16:04.864+0000] {processor.py:183} INFO - Processing /home/airflow/.local/lib/python3.12/site-packages/airflow/example_dags/example_short_circuit_operator.py took 0.653 seconds
[2024-07-17T08:16:35.228+0000] {processor.py:161} INFO - Started process (PID=352) to work on /home/airflow/.local/lib/python3.12/site-packages/airflow/example_dags/example_short_circuit_operator.py
[2024-07-17T08:16:35.230+0000] {processor.py:830} INFO - Processing file /home/airflow/.local/lib/python3.12/site-packages/airflow/example_dags/example_short_circuit_operator.py for tasks to queue
[2024-07-17T08:16:35.233+0000] {logging_mixin.py:188} INFO - [2024-07-17T08:16:35.233+0000] {dagbag.py:545} INFO - Filling up the DagBag from /home/airflow/.local/lib/python3.12/site-packages/airflow/example_dags/example_short_circuit_operator.py
[2024-07-17T08:16:35.244+0000] {processor.py:840} INFO - DAG(s) 'example_short_circuit_operator' retrieved from /home/airflow/.local/lib/python3.12/site-packages/airflow/example_dags/example_short_circuit_operator.py
[2024-07-17T08:16:35.282+0000] {logging_mixin.py:188} INFO - [2024-07-17T08:16:35.281+0000] {dag.py:3089} INFO - Sync 1 DAGs
[2024-07-17T08:16:35.319+0000] {logging_mixin.py:188} INFO - [2024-07-17T08:16:35.318+0000] {dag.py:3947} INFO - Setting next_dagrun for example_short_circuit_operator to 2024-07-16 00:00:00+00:00, run_after=2024-07-17 00:00:00+00:00
[2024-07-17T08:16:35.874+0000] {processor.py:183} INFO - Processing /home/airflow/.local/lib/python3.12/site-packages/airflow/example_dags/example_short_circuit_operator.py took 0.654 seconds
[2024-07-17T08:17:06.407+0000] {processor.py:161} INFO - Started process (PID=404) to work on /home/airflow/.local/lib/python3.12/site-packages/airflow/example_dags/example_short_circuit_operator.py
[2024-07-17T08:17:06.408+0000] {processor.py:830} INFO - Processing file /home/airflow/.local/lib/python3.12/site-packages/airflow/example_dags/example_short_circuit_operator.py for tasks to queue
[2024-07-17T08:17:06.411+0000] {logging_mixin.py:188} INFO - [2024-07-17T08:17:06.411+0000] {dagbag.py:545} INFO - Filling up the DagBag from /home/airflow/.local/lib/python3.12/site-packages/airflow/example_dags/example_short_circuit_operator.py
[2024-07-17T08:17:06.421+0000] {processor.py:840} INFO - DAG(s) 'example_short_circuit_operator' retrieved from /home/airflow/.local/lib/python3.12/site-packages/airflow/example_dags/example_short_circuit_operator.py
[2024-07-17T08:17:06.454+0000] {logging_mixin.py:188} INFO - [2024-07-17T08:17:06.454+0000] {dag.py:3089} INFO - Sync 1 DAGs
[2024-07-17T08:17:06.483+0000] {logging_mixin.py:188} INFO - [2024-07-17T08:17:06.483+0000] {dag.py:3947} INFO - Setting next_dagrun for example_short_circuit_operator to 2024-07-16 00:00:00+00:00, run_after=2024-07-17 00:00:00+00:00
[2024-07-17T08:17:06.664+0000] {processor.py:183} INFO - Processing /home/airflow/.local/lib/python3.12/site-packages/airflow/example_dags/example_short_circuit_operator.py took 0.264 seconds
[2024-07-17T08:17:37.110+0000] {processor.py:161} INFO - Started process (PID=462) to work on /home/airflow/.local/lib/python3.12/site-packages/airflow/example_dags/example_short_circuit_operator.py
[2024-07-17T08:17:37.111+0000] {processor.py:830} INFO - Processing file /home/airflow/.local/lib/python3.12/site-packages/airflow/example_dags/example_short_circuit_operator.py for tasks to queue
[2024-07-17T08:17:37.114+0000] {logging_mixin.py:188} INFO - [2024-07-17T08:17:37.114+0000] {dagbag.py:545} INFO - Filling up the DagBag from /home/airflow/.local/lib/python3.12/site-packages/airflow/example_dags/example_short_circuit_operator.py
[2024-07-17T08:17:37.125+0000] {processor.py:840} INFO - DAG(s) 'example_short_circuit_operator' retrieved from /home/airflow/.local/lib/python3.12/site-packages/airflow/example_dags/example_short_circuit_operator.py
[2024-07-17T08:17:37.161+0000] {logging_mixin.py:188} INFO - [2024-07-17T08:17:37.160+0000] {dag.py:3089} INFO - Sync 1 DAGs
[2024-07-17T08:17:37.193+0000] {logging_mixin.py:188} INFO - [2024-07-17T08:17:37.193+0000] {dag.py:3947} INFO - Setting next_dagrun for example_short_circuit_operator to 2024-07-16 00:00:00+00:00, run_after=2024-07-17 00:00:00+00:00
[2024-07-17T08:17:37.514+0000] {processor.py:183} INFO - Processing /home/airflow/.local/lib/python3.12/site-packages/airflow/example_dags/example_short_circuit_operator.py took 0.411 seconds
