[2024-07-17T08:14:07.131+0000] {processor.py:161} INFO - Started process (PID=82) to work on /home/airflow/.local/lib/python3.12/site-packages/airflow/example_dags/example_dag_decorator.py
[2024-07-17T08:14:07.133+0000] {processor.py:830} INFO - Processing file /home/airflow/.local/lib/python3.12/site-packages/airflow/example_dags/example_dag_decorator.py for tasks to queue
[2024-07-17T08:14:07.137+0000] {logging_mixin.py:188} INFO - [2024-07-17T08:14:07.137+0000] {dagbag.py:545} INFO - Filling up the DagBag from /home/airflow/.local/lib/python3.12/site-packages/airflow/example_dags/example_dag_decorator.py
[2024-07-17T08:14:07.951+0000] {processor.py:840} INFO - DAG(s) 'example_dag_decorator' retrieved from /home/airflow/.local/lib/python3.12/site-packages/airflow/example_dags/example_dag_decorator.py
[2024-07-17T08:14:08.196+0000] {logging_mixin.py:188} INFO - [2024-07-17T08:14:08.196+0000] {dag.py:3089} INFO - Sync 1 DAGs
[2024-07-17T08:14:08.216+0000] {logging_mixin.py:188} INFO - [2024-07-17T08:14:08.216+0000] {dag.py:3947} INFO - Setting next_dagrun for example_dag_decorator to None, run_after=None
[2024-07-17T08:14:08.361+0000] {processor.py:183} INFO - Processing /home/airflow/.local/lib/python3.12/site-packages/airflow/example_dags/example_dag_decorator.py took 1.238 seconds
[2024-07-17T08:14:38.545+0000] {processor.py:161} INFO - Started process (PID=140) to work on /home/airflow/.local/lib/python3.12/site-packages/airflow/example_dags/example_dag_decorator.py
[2024-07-17T08:14:38.546+0000] {processor.py:830} INFO - Processing file /home/airflow/.local/lib/python3.12/site-packages/airflow/example_dags/example_dag_decorator.py for tasks to queue
[2024-07-17T08:14:38.549+0000] {logging_mixin.py:188} INFO - [2024-07-17T08:14:38.548+0000] {dagbag.py:545} INFO - Filling up the DagBag from /home/airflow/.local/lib/python3.12/site-packages/airflow/example_dags/example_dag_decorator.py
[2024-07-17T08:14:38.714+0000] {processor.py:840} INFO - DAG(s) 'example_dag_decorator' retrieved from /home/airflow/.local/lib/python3.12/site-packages/airflow/example_dags/example_dag_decorator.py
[2024-07-17T08:14:38.868+0000] {logging_mixin.py:188} INFO - [2024-07-17T08:14:38.867+0000] {dag.py:3089} INFO - Sync 1 DAGs
[2024-07-17T08:14:38.885+0000] {logging_mixin.py:188} INFO - [2024-07-17T08:14:38.885+0000] {dag.py:3947} INFO - Setting next_dagrun for example_dag_decorator to None, run_after=None
[2024-07-17T08:14:39.022+0000] {processor.py:183} INFO - Processing /home/airflow/.local/lib/python3.12/site-packages/airflow/example_dags/example_dag_decorator.py took 0.483 seconds
[2024-07-17T08:15:09.845+0000] {processor.py:161} INFO - Started process (PID=196) to work on /home/airflow/.local/lib/python3.12/site-packages/airflow/example_dags/example_dag_decorator.py
[2024-07-17T08:15:09.847+0000] {processor.py:830} INFO - Processing file /home/airflow/.local/lib/python3.12/site-packages/airflow/example_dags/example_dag_decorator.py for tasks to queue
[2024-07-17T08:15:09.850+0000] {logging_mixin.py:188} INFO - [2024-07-17T08:15:09.850+0000] {dagbag.py:545} INFO - Filling up the DagBag from /home/airflow/.local/lib/python3.12/site-packages/airflow/example_dags/example_dag_decorator.py
[2024-07-17T08:15:10.014+0000] {processor.py:840} INFO - DAG(s) 'example_dag_decorator' retrieved from /home/airflow/.local/lib/python3.12/site-packages/airflow/example_dags/example_dag_decorator.py
[2024-07-17T08:15:10.186+0000] {logging_mixin.py:188} INFO - [2024-07-17T08:15:10.186+0000] {dag.py:3089} INFO - Sync 1 DAGs
[2024-07-17T08:15:10.205+0000] {logging_mixin.py:188} INFO - [2024-07-17T08:15:10.205+0000] {dag.py:3947} INFO - Setting next_dagrun for example_dag_decorator to None, run_after=None
[2024-07-17T08:15:10.245+0000] {processor.py:183} INFO - Processing /home/airflow/.local/lib/python3.12/site-packages/airflow/example_dags/example_dag_decorator.py took 0.410 seconds
[2024-07-17T08:15:40.691+0000] {processor.py:161} INFO - Started process (PID=254) to work on /home/airflow/.local/lib/python3.12/site-packages/airflow/example_dags/example_dag_decorator.py
[2024-07-17T08:15:40.693+0000] {processor.py:830} INFO - Processing file /home/airflow/.local/lib/python3.12/site-packages/airflow/example_dags/example_dag_decorator.py for tasks to queue
[2024-07-17T08:15:40.696+0000] {logging_mixin.py:188} INFO - [2024-07-17T08:15:40.695+0000] {dagbag.py:545} INFO - Filling up the DagBag from /home/airflow/.local/lib/python3.12/site-packages/airflow/example_dags/example_dag_decorator.py
[2024-07-17T08:15:40.849+0000] {processor.py:840} INFO - DAG(s) 'example_dag_decorator' retrieved from /home/airflow/.local/lib/python3.12/site-packages/airflow/example_dags/example_dag_decorator.py
[2024-07-17T08:15:41.011+0000] {logging_mixin.py:188} INFO - [2024-07-17T08:15:41.011+0000] {dag.py:3089} INFO - Sync 1 DAGs
[2024-07-17T08:15:41.025+0000] {logging_mixin.py:188} INFO - [2024-07-17T08:15:41.025+0000] {dag.py:3947} INFO - Setting next_dagrun for example_dag_decorator to None, run_after=None
[2024-07-17T08:15:41.062+0000] {processor.py:183} INFO - Processing /home/airflow/.local/lib/python3.12/site-packages/airflow/example_dags/example_dag_decorator.py took 0.378 seconds
[2024-07-17T08:16:11.420+0000] {processor.py:161} INFO - Started process (PID=313) to work on /home/airflow/.local/lib/python3.12/site-packages/airflow/example_dags/example_dag_decorator.py
[2024-07-17T08:16:11.421+0000] {processor.py:830} INFO - Processing file /home/airflow/.local/lib/python3.12/site-packages/airflow/example_dags/example_dag_decorator.py for tasks to queue
[2024-07-17T08:16:11.424+0000] {logging_mixin.py:188} INFO - [2024-07-17T08:16:11.424+0000] {dagbag.py:545} INFO - Filling up the DagBag from /home/airflow/.local/lib/python3.12/site-packages/airflow/example_dags/example_dag_decorator.py
[2024-07-17T08:16:11.577+0000] {processor.py:840} INFO - DAG(s) 'example_dag_decorator' retrieved from /home/airflow/.local/lib/python3.12/site-packages/airflow/example_dags/example_dag_decorator.py
[2024-07-17T08:16:11.699+0000] {logging_mixin.py:188} INFO - [2024-07-17T08:16:11.698+0000] {dag.py:3089} INFO - Sync 1 DAGs
[2024-07-17T08:16:11.738+0000] {logging_mixin.py:188} INFO - [2024-07-17T08:16:11.738+0000] {dag.py:3947} INFO - Setting next_dagrun for example_dag_decorator to None, run_after=None
[2024-07-17T08:16:12.064+0000] {processor.py:183} INFO - Processing /home/airflow/.local/lib/python3.12/site-packages/airflow/example_dags/example_dag_decorator.py took 0.652 seconds
[2024-07-17T08:16:42.347+0000] {processor.py:161} INFO - Started process (PID=370) to work on /home/airflow/.local/lib/python3.12/site-packages/airflow/example_dags/example_dag_decorator.py
[2024-07-17T08:16:42.348+0000] {processor.py:830} INFO - Processing file /home/airflow/.local/lib/python3.12/site-packages/airflow/example_dags/example_dag_decorator.py for tasks to queue
[2024-07-17T08:16:42.351+0000] {logging_mixin.py:188} INFO - [2024-07-17T08:16:42.351+0000] {dagbag.py:545} INFO - Filling up the DagBag from /home/airflow/.local/lib/python3.12/site-packages/airflow/example_dags/example_dag_decorator.py
[2024-07-17T08:16:42.485+0000] {processor.py:840} INFO - DAG(s) 'example_dag_decorator' retrieved from /home/airflow/.local/lib/python3.12/site-packages/airflow/example_dags/example_dag_decorator.py
[2024-07-17T08:16:42.645+0000] {logging_mixin.py:188} INFO - [2024-07-17T08:16:42.645+0000] {dag.py:3089} INFO - Sync 1 DAGs
[2024-07-17T08:16:42.661+0000] {logging_mixin.py:188} INFO - [2024-07-17T08:16:42.661+0000] {dag.py:3947} INFO - Setting next_dagrun for example_dag_decorator to None, run_after=None
[2024-07-17T08:16:42.991+0000] {processor.py:183} INFO - Processing /home/airflow/.local/lib/python3.12/site-packages/airflow/example_dags/example_dag_decorator.py took 0.652 seconds
[2024-07-17T08:17:14.783+0000] {processor.py:161} INFO - Started process (PID=428) to work on /home/airflow/.local/lib/python3.12/site-packages/airflow/example_dags/example_dag_decorator.py
[2024-07-17T08:17:14.784+0000] {processor.py:830} INFO - Processing file /home/airflow/.local/lib/python3.12/site-packages/airflow/example_dags/example_dag_decorator.py for tasks to queue
[2024-07-17T08:17:14.788+0000] {logging_mixin.py:188} INFO - [2024-07-17T08:17:14.787+0000] {dagbag.py:545} INFO - Filling up the DagBag from /home/airflow/.local/lib/python3.12/site-packages/airflow/example_dags/example_dag_decorator.py
[2024-07-17T08:17:14.957+0000] {processor.py:840} INFO - DAG(s) 'example_dag_decorator' retrieved from /home/airflow/.local/lib/python3.12/site-packages/airflow/example_dags/example_dag_decorator.py
[2024-07-17T08:17:15.105+0000] {logging_mixin.py:188} INFO - [2024-07-17T08:17:15.105+0000] {dag.py:3089} INFO - Sync 1 DAGs
[2024-07-17T08:17:15.127+0000] {logging_mixin.py:188} INFO - [2024-07-17T08:17:15.127+0000] {dag.py:3947} INFO - Setting next_dagrun for example_dag_decorator to None, run_after=None
[2024-07-17T08:17:16.495+0000] {processor.py:183} INFO - Processing /home/airflow/.local/lib/python3.12/site-packages/airflow/example_dags/example_dag_decorator.py took 1.721 seconds
[2024-07-17T08:17:46.731+0000] {processor.py:161} INFO - Started process (PID=486) to work on /home/airflow/.local/lib/python3.12/site-packages/airflow/example_dags/example_dag_decorator.py
[2024-07-17T08:17:46.732+0000] {processor.py:830} INFO - Processing file /home/airflow/.local/lib/python3.12/site-packages/airflow/example_dags/example_dag_decorator.py for tasks to queue
[2024-07-17T08:17:46.735+0000] {logging_mixin.py:188} INFO - [2024-07-17T08:17:46.734+0000] {dagbag.py:545} INFO - Filling up the DagBag from /home/airflow/.local/lib/python3.12/site-packages/airflow/example_dags/example_dag_decorator.py
[2024-07-17T08:17:46.889+0000] {processor.py:840} INFO - DAG(s) 'example_dag_decorator' retrieved from /home/airflow/.local/lib/python3.12/site-packages/airflow/example_dags/example_dag_decorator.py
[2024-07-17T08:17:47.041+0000] {logging_mixin.py:188} INFO - [2024-07-17T08:17:47.041+0000] {dag.py:3089} INFO - Sync 1 DAGs
[2024-07-17T08:17:47.056+0000] {logging_mixin.py:188} INFO - [2024-07-17T08:17:47.056+0000] {dag.py:3947} INFO - Setting next_dagrun for example_dag_decorator to None, run_after=None
[2024-07-17T08:17:47.110+0000] {processor.py:183} INFO - Processing /home/airflow/.local/lib/python3.12/site-packages/airflow/example_dags/example_dag_decorator.py took 0.389 seconds
