[2024-07-16T11:47:46.187+0000] {processor.py:161} INFO - Started process (PID=89) to work on /home/airflow/.local/lib/python3.12/site-packages/airflow/example_dags/example_sensors.py
[2024-07-16T11:47:46.189+0000] {processor.py:830} INFO - Processing file /home/airflow/.local/lib/python3.12/site-packages/airflow/example_dags/example_sensors.py for tasks to queue
[2024-07-16T11:47:46.192+0000] {logging_mixin.py:188} INFO - [2024-07-16T11:47:46.191+0000] {dagbag.py:545} INFO - Filling up the DagBag from /home/airflow/.local/lib/python3.12/site-packages/airflow/example_dags/example_sensors.py
[2024-07-16T11:47:46.206+0000] {processor.py:840} INFO - DAG(s) 'example_sensors' retrieved from /home/airflow/.local/lib/python3.12/site-packages/airflow/example_dags/example_sensors.py
[2024-07-16T11:47:46.344+0000] {logging_mixin.py:188} INFO - [2024-07-16T11:47:46.343+0000] {dag.py:3089} INFO - Sync 1 DAGs
[2024-07-16T11:47:46.358+0000] {logging_mixin.py:188} INFO - [2024-07-16T11:47:46.358+0000] {dag.py:3947} INFO - Setting next_dagrun for example_sensors to None, run_after=None
[2024-07-16T11:47:46.430+0000] {processor.py:183} INFO - Processing /home/airflow/.local/lib/python3.12/site-packages/airflow/example_dags/example_sensors.py took 0.251 seconds
[2024-07-16T11:48:19.606+0000] {processor.py:161} INFO - Started process (PID=148) to work on /home/airflow/.local/lib/python3.12/site-packages/airflow/example_dags/example_sensors.py
[2024-07-16T11:48:19.607+0000] {processor.py:830} INFO - Processing file /home/airflow/.local/lib/python3.12/site-packages/airflow/example_dags/example_sensors.py for tasks to queue
[2024-07-16T11:48:19.610+0000] {logging_mixin.py:188} INFO - [2024-07-16T11:48:19.610+0000] {dagbag.py:545} INFO - Filling up the DagBag from /home/airflow/.local/lib/python3.12/site-packages/airflow/example_dags/example_sensors.py
[2024-07-16T11:48:19.622+0000] {processor.py:840} INFO - DAG(s) 'example_sensors' retrieved from /home/airflow/.local/lib/python3.12/site-packages/airflow/example_dags/example_sensors.py
[2024-07-16T11:48:19.663+0000] {logging_mixin.py:188} INFO - [2024-07-16T11:48:19.663+0000] {dag.py:3089} INFO - Sync 1 DAGs
[2024-07-16T11:48:19.682+0000] {logging_mixin.py:188} INFO - [2024-07-16T11:48:19.682+0000] {dag.py:3947} INFO - Setting next_dagrun for example_sensors to None, run_after=None
[2024-07-16T11:48:20.027+0000] {processor.py:183} INFO - Processing /home/airflow/.local/lib/python3.12/site-packages/airflow/example_dags/example_sensors.py took 0.428 seconds
[2024-07-16T11:48:52.554+0000] {processor.py:161} INFO - Started process (PID=209) to work on /home/airflow/.local/lib/python3.12/site-packages/airflow/example_dags/example_sensors.py
[2024-07-16T11:48:52.556+0000] {processor.py:830} INFO - Processing file /home/airflow/.local/lib/python3.12/site-packages/airflow/example_dags/example_sensors.py for tasks to queue
[2024-07-16T11:48:52.560+0000] {logging_mixin.py:188} INFO - [2024-07-16T11:48:52.559+0000] {dagbag.py:545} INFO - Filling up the DagBag from /home/airflow/.local/lib/python3.12/site-packages/airflow/example_dags/example_sensors.py
[2024-07-16T11:48:52.574+0000] {processor.py:840} INFO - DAG(s) 'example_sensors' retrieved from /home/airflow/.local/lib/python3.12/site-packages/airflow/example_dags/example_sensors.py
[2024-07-16T11:48:52.621+0000] {logging_mixin.py:188} INFO - [2024-07-16T11:48:52.620+0000] {dag.py:3089} INFO - Sync 1 DAGs
[2024-07-16T11:48:52.644+0000] {logging_mixin.py:188} INFO - [2024-07-16T11:48:52.643+0000] {dag.py:3947} INFO - Setting next_dagrun for example_sensors to None, run_after=None
[2024-07-16T11:48:53.203+0000] {processor.py:183} INFO - Processing /home/airflow/.local/lib/python3.12/site-packages/airflow/example_dags/example_sensors.py took 0.655 seconds
[2024-07-16T11:49:23.853+0000] {processor.py:161} INFO - Started process (PID=269) to work on /home/airflow/.local/lib/python3.12/site-packages/airflow/example_dags/example_sensors.py
[2024-07-16T11:49:23.855+0000] {processor.py:830} INFO - Processing file /home/airflow/.local/lib/python3.12/site-packages/airflow/example_dags/example_sensors.py for tasks to queue
[2024-07-16T11:49:23.858+0000] {logging_mixin.py:188} INFO - [2024-07-16T11:49:23.857+0000] {dagbag.py:545} INFO - Filling up the DagBag from /home/airflow/.local/lib/python3.12/site-packages/airflow/example_dags/example_sensors.py
[2024-07-16T11:49:23.875+0000] {processor.py:840} INFO - DAG(s) 'example_sensors' retrieved from /home/airflow/.local/lib/python3.12/site-packages/airflow/example_dags/example_sensors.py
[2024-07-16T11:49:23.924+0000] {logging_mixin.py:188} INFO - [2024-07-16T11:49:23.924+0000] {dag.py:3089} INFO - Sync 1 DAGs
[2024-07-16T11:49:23.943+0000] {logging_mixin.py:188} INFO - [2024-07-16T11:49:23.942+0000] {dag.py:3947} INFO - Setting next_dagrun for example_sensors to None, run_after=None
[2024-07-16T11:49:24.363+0000] {processor.py:183} INFO - Processing /home/airflow/.local/lib/python3.12/site-packages/airflow/example_dags/example_sensors.py took 0.517 seconds
[2024-07-16T11:49:55.836+0000] {processor.py:161} INFO - Started process (PID=329) to work on /home/airflow/.local/lib/python3.12/site-packages/airflow/example_dags/example_sensors.py
[2024-07-16T11:49:55.837+0000] {processor.py:830} INFO - Processing file /home/airflow/.local/lib/python3.12/site-packages/airflow/example_dags/example_sensors.py for tasks to queue
[2024-07-16T11:49:55.840+0000] {logging_mixin.py:188} INFO - [2024-07-16T11:49:55.839+0000] {dagbag.py:545} INFO - Filling up the DagBag from /home/airflow/.local/lib/python3.12/site-packages/airflow/example_dags/example_sensors.py
[2024-07-16T11:49:55.852+0000] {processor.py:840} INFO - DAG(s) 'example_sensors' retrieved from /home/airflow/.local/lib/python3.12/site-packages/airflow/example_dags/example_sensors.py
[2024-07-16T11:49:55.891+0000] {logging_mixin.py:188} INFO - [2024-07-16T11:49:55.891+0000] {dag.py:3089} INFO - Sync 1 DAGs
[2024-07-16T11:49:55.910+0000] {logging_mixin.py:188} INFO - [2024-07-16T11:49:55.909+0000] {dag.py:3947} INFO - Setting next_dagrun for example_sensors to None, run_after=None
[2024-07-16T11:49:56.209+0000] {processor.py:183} INFO - Processing /home/airflow/.local/lib/python3.12/site-packages/airflow/example_dags/example_sensors.py took 0.381 seconds
[2024-07-16T11:50:27.702+0000] {processor.py:161} INFO - Started process (PID=389) to work on /home/airflow/.local/lib/python3.12/site-packages/airflow/example_dags/example_sensors.py
[2024-07-16T11:50:27.704+0000] {processor.py:830} INFO - Processing file /home/airflow/.local/lib/python3.12/site-packages/airflow/example_dags/example_sensors.py for tasks to queue
[2024-07-16T11:50:27.707+0000] {logging_mixin.py:188} INFO - [2024-07-16T11:50:27.706+0000] {dagbag.py:545} INFO - Filling up the DagBag from /home/airflow/.local/lib/python3.12/site-packages/airflow/example_dags/example_sensors.py
[2024-07-16T11:50:27.719+0000] {processor.py:840} INFO - DAG(s) 'example_sensors' retrieved from /home/airflow/.local/lib/python3.12/site-packages/airflow/example_dags/example_sensors.py
[2024-07-16T11:50:27.764+0000] {logging_mixin.py:188} INFO - [2024-07-16T11:50:27.764+0000] {dag.py:3089} INFO - Sync 1 DAGs
[2024-07-16T11:50:27.784+0000] {logging_mixin.py:188} INFO - [2024-07-16T11:50:27.784+0000] {dag.py:3947} INFO - Setting next_dagrun for example_sensors to None, run_after=None
[2024-07-16T11:50:27.959+0000] {processor.py:183} INFO - Processing /home/airflow/.local/lib/python3.12/site-packages/airflow/example_dags/example_sensors.py took 0.264 seconds
[2024-07-16T11:50:58.312+0000] {processor.py:161} INFO - Started process (PID=449) to work on /home/airflow/.local/lib/python3.12/site-packages/airflow/example_dags/example_sensors.py
[2024-07-16T11:50:58.314+0000] {processor.py:830} INFO - Processing file /home/airflow/.local/lib/python3.12/site-packages/airflow/example_dags/example_sensors.py for tasks to queue
[2024-07-16T11:50:58.317+0000] {logging_mixin.py:188} INFO - [2024-07-16T11:50:58.317+0000] {dagbag.py:545} INFO - Filling up the DagBag from /home/airflow/.local/lib/python3.12/site-packages/airflow/example_dags/example_sensors.py
[2024-07-16T11:50:58.329+0000] {processor.py:840} INFO - DAG(s) 'example_sensors' retrieved from /home/airflow/.local/lib/python3.12/site-packages/airflow/example_dags/example_sensors.py
[2024-07-16T11:50:58.365+0000] {logging_mixin.py:188} INFO - [2024-07-16T11:50:58.365+0000] {dag.py:3089} INFO - Sync 1 DAGs
[2024-07-16T11:50:58.385+0000] {logging_mixin.py:188} INFO - [2024-07-16T11:50:58.385+0000] {dag.py:3947} INFO - Setting next_dagrun for example_sensors to None, run_after=None
[2024-07-16T11:50:58.596+0000] {processor.py:183} INFO - Processing /home/airflow/.local/lib/python3.12/site-packages/airflow/example_dags/example_sensors.py took 0.291 seconds
[2024-07-16T11:52:16.649+0000] {processor.py:161} INFO - Started process (PID=528) to work on /home/airflow/.local/lib/python3.12/site-packages/airflow/example_dags/example_sensors.py
[2024-07-16T11:52:16.651+0000] {processor.py:830} INFO - Processing file /home/airflow/.local/lib/python3.12/site-packages/airflow/example_dags/example_sensors.py for tasks to queue
[2024-07-16T11:52:16.654+0000] {logging_mixin.py:188} INFO - [2024-07-16T11:52:16.654+0000] {dagbag.py:545} INFO - Filling up the DagBag from /home/airflow/.local/lib/python3.12/site-packages/airflow/example_dags/example_sensors.py
[2024-07-16T11:52:16.665+0000] {processor.py:840} INFO - DAG(s) 'example_sensors' retrieved from /home/airflow/.local/lib/python3.12/site-packages/airflow/example_dags/example_sensors.py
[2024-07-16T11:52:16.711+0000] {logging_mixin.py:188} INFO - [2024-07-16T11:52:16.710+0000] {dag.py:3089} INFO - Sync 1 DAGs
[2024-07-16T11:52:16.734+0000] {logging_mixin.py:188} INFO - [2024-07-16T11:52:16.734+0000] {dag.py:3947} INFO - Setting next_dagrun for example_sensors to None, run_after=None
[2024-07-16T11:52:17.167+0000] {processor.py:183} INFO - Processing /home/airflow/.local/lib/python3.12/site-packages/airflow/example_dags/example_sensors.py took 0.524 seconds
