[2024-07-16T11:47:42.506+0000] {processor.py:161} INFO - Started process (PID=79) to work on /home/airflow/.local/lib/python3.12/site-packages/airflow/example_dags/example_dag_decorator.py
[2024-07-16T11:47:42.508+0000] {processor.py:830} INFO - Processing file /home/airflow/.local/lib/python3.12/site-packages/airflow/example_dags/example_dag_decorator.py for tasks to queue
[2024-07-16T11:47:42.511+0000] {logging_mixin.py:188} INFO - [2024-07-16T11:47:42.510+0000] {dagbag.py:545} INFO - Filling up the DagBag from /home/airflow/.local/lib/python3.12/site-packages/airflow/example_dags/example_dag_decorator.py
[2024-07-16T11:47:44.910+0000] {processor.py:840} INFO - DAG(s) 'example_dag_decorator' retrieved from /home/airflow/.local/lib/python3.12/site-packages/airflow/example_dags/example_dag_decorator.py
[2024-07-16T11:47:45.280+0000] {logging_mixin.py:188} INFO - [2024-07-16T11:47:45.280+0000] {dag.py:3089} INFO - Sync 1 DAGs
[2024-07-16T11:47:45.299+0000] {logging_mixin.py:188} INFO - [2024-07-16T11:47:45.298+0000] {dag.py:3947} INFO - Setting next_dagrun for example_dag_decorator to None, run_after=None
[2024-07-16T11:47:45.474+0000] {processor.py:183} INFO - Processing /home/airflow/.local/lib/python3.12/site-packages/airflow/example_dags/example_dag_decorator.py took 2.975 seconds
[2024-07-16T11:48:15.995+0000] {processor.py:161} INFO - Started process (PID=138) to work on /home/airflow/.local/lib/python3.12/site-packages/airflow/example_dags/example_dag_decorator.py
[2024-07-16T11:48:15.997+0000] {processor.py:830} INFO - Processing file /home/airflow/.local/lib/python3.12/site-packages/airflow/example_dags/example_dag_decorator.py for tasks to queue
[2024-07-16T11:48:16.001+0000] {logging_mixin.py:188} INFO - [2024-07-16T11:48:16.000+0000] {dagbag.py:545} INFO - Filling up the DagBag from /home/airflow/.local/lib/python3.12/site-packages/airflow/example_dags/example_dag_decorator.py
[2024-07-16T11:48:16.350+0000] {processor.py:840} INFO - DAG(s) 'example_dag_decorator' retrieved from /home/airflow/.local/lib/python3.12/site-packages/airflow/example_dags/example_dag_decorator.py
[2024-07-16T11:48:16.511+0000] {logging_mixin.py:188} INFO - [2024-07-16T11:48:16.510+0000] {dag.py:3089} INFO - Sync 1 DAGs
[2024-07-16T11:48:16.527+0000] {logging_mixin.py:188} INFO - [2024-07-16T11:48:16.527+0000] {dag.py:3947} INFO - Setting next_dagrun for example_dag_decorator to None, run_after=None
[2024-07-16T11:48:16.944+0000] {processor.py:183} INFO - Processing /home/airflow/.local/lib/python3.12/site-packages/airflow/example_dags/example_dag_decorator.py took 0.956 seconds
[2024-07-16T11:48:47.970+0000] {processor.py:161} INFO - Started process (PID=199) to work on /home/airflow/.local/lib/python3.12/site-packages/airflow/example_dags/example_dag_decorator.py
[2024-07-16T11:48:47.972+0000] {processor.py:830} INFO - Processing file /home/airflow/.local/lib/python3.12/site-packages/airflow/example_dags/example_dag_decorator.py for tasks to queue
[2024-07-16T11:48:47.975+0000] {logging_mixin.py:188} INFO - [2024-07-16T11:48:47.974+0000] {dagbag.py:545} INFO - Filling up the DagBag from /home/airflow/.local/lib/python3.12/site-packages/airflow/example_dags/example_dag_decorator.py
[2024-07-16T11:48:48.116+0000] {processor.py:840} INFO - DAG(s) 'example_dag_decorator' retrieved from /home/airflow/.local/lib/python3.12/site-packages/airflow/example_dags/example_dag_decorator.py
[2024-07-16T11:48:48.272+0000] {logging_mixin.py:188} INFO - [2024-07-16T11:48:48.271+0000] {dag.py:3089} INFO - Sync 1 DAGs
[2024-07-16T11:48:48.294+0000] {logging_mixin.py:188} INFO - [2024-07-16T11:48:48.293+0000] {dag.py:3947} INFO - Setting next_dagrun for example_dag_decorator to None, run_after=None
[2024-07-16T11:48:48.693+0000] {processor.py:183} INFO - Processing /home/airflow/.local/lib/python3.12/site-packages/airflow/example_dags/example_dag_decorator.py took 0.729 seconds
[2024-07-16T11:49:18.982+0000] {processor.py:161} INFO - Started process (PID=253) to work on /home/airflow/.local/lib/python3.12/site-packages/airflow/example_dags/example_dag_decorator.py
[2024-07-16T11:49:18.984+0000] {processor.py:830} INFO - Processing file /home/airflow/.local/lib/python3.12/site-packages/airflow/example_dags/example_dag_decorator.py for tasks to queue
[2024-07-16T11:49:18.987+0000] {logging_mixin.py:188} INFO - [2024-07-16T11:49:18.986+0000] {dagbag.py:545} INFO - Filling up the DagBag from /home/airflow/.local/lib/python3.12/site-packages/airflow/example_dags/example_dag_decorator.py
[2024-07-16T11:49:19.124+0000] {processor.py:840} INFO - DAG(s) 'example_dag_decorator' retrieved from /home/airflow/.local/lib/python3.12/site-packages/airflow/example_dags/example_dag_decorator.py
[2024-07-16T11:49:19.275+0000] {logging_mixin.py:188} INFO - [2024-07-16T11:49:19.275+0000] {dag.py:3089} INFO - Sync 1 DAGs
[2024-07-16T11:49:19.293+0000] {logging_mixin.py:188} INFO - [2024-07-16T11:49:19.292+0000] {dag.py:3947} INFO - Setting next_dagrun for example_dag_decorator to None, run_after=None
[2024-07-16T11:49:20.023+0000] {processor.py:183} INFO - Processing /home/airflow/.local/lib/python3.12/site-packages/airflow/example_dags/example_dag_decorator.py took 1.048 seconds
[2024-07-16T11:49:52.396+0000] {processor.py:161} INFO - Started process (PID=319) to work on /home/airflow/.local/lib/python3.12/site-packages/airflow/example_dags/example_dag_decorator.py
[2024-07-16T11:49:52.397+0000] {processor.py:830} INFO - Processing file /home/airflow/.local/lib/python3.12/site-packages/airflow/example_dags/example_dag_decorator.py for tasks to queue
[2024-07-16T11:49:52.400+0000] {logging_mixin.py:188} INFO - [2024-07-16T11:49:52.400+0000] {dagbag.py:545} INFO - Filling up the DagBag from /home/airflow/.local/lib/python3.12/site-packages/airflow/example_dags/example_dag_decorator.py
[2024-07-16T11:49:52.537+0000] {processor.py:840} INFO - DAG(s) 'example_dag_decorator' retrieved from /home/airflow/.local/lib/python3.12/site-packages/airflow/example_dags/example_dag_decorator.py
[2024-07-16T11:49:52.677+0000] {logging_mixin.py:188} INFO - [2024-07-16T11:49:52.676+0000] {dag.py:3089} INFO - Sync 1 DAGs
[2024-07-16T11:49:52.700+0000] {logging_mixin.py:188} INFO - [2024-07-16T11:49:52.700+0000] {dag.py:3947} INFO - Setting next_dagrun for example_dag_decorator to None, run_after=None
[2024-07-16T11:49:54.198+0000] {processor.py:183} INFO - Processing /home/airflow/.local/lib/python3.12/site-packages/airflow/example_dags/example_dag_decorator.py took 1.810 seconds
[2024-07-16T11:50:24.257+0000] {processor.py:161} INFO - Started process (PID=373) to work on /home/airflow/.local/lib/python3.12/site-packages/airflow/example_dags/example_dag_decorator.py
[2024-07-16T11:50:24.259+0000] {processor.py:830} INFO - Processing file /home/airflow/.local/lib/python3.12/site-packages/airflow/example_dags/example_dag_decorator.py for tasks to queue
[2024-07-16T11:50:24.262+0000] {logging_mixin.py:188} INFO - [2024-07-16T11:50:24.261+0000] {dagbag.py:545} INFO - Filling up the DagBag from /home/airflow/.local/lib/python3.12/site-packages/airflow/example_dags/example_dag_decorator.py
[2024-07-16T11:50:24.392+0000] {processor.py:840} INFO - DAG(s) 'example_dag_decorator' retrieved from /home/airflow/.local/lib/python3.12/site-packages/airflow/example_dags/example_dag_decorator.py
[2024-07-16T11:50:24.544+0000] {logging_mixin.py:188} INFO - [2024-07-16T11:50:24.543+0000] {dag.py:3089} INFO - Sync 1 DAGs
[2024-07-16T11:50:24.559+0000] {logging_mixin.py:188} INFO - [2024-07-16T11:50:24.559+0000] {dag.py:3947} INFO - Setting next_dagrun for example_dag_decorator to None, run_after=None
[2024-07-16T11:50:24.874+0000] {processor.py:183} INFO - Processing /home/airflow/.local/lib/python3.12/site-packages/airflow/example_dags/example_dag_decorator.py took 0.625 seconds
[2024-07-16T11:50:54.981+0000] {processor.py:161} INFO - Started process (PID=433) to work on /home/airflow/.local/lib/python3.12/site-packages/airflow/example_dags/example_dag_decorator.py
[2024-07-16T11:50:54.982+0000] {processor.py:830} INFO - Processing file /home/airflow/.local/lib/python3.12/site-packages/airflow/example_dags/example_dag_decorator.py for tasks to queue
[2024-07-16T11:50:54.985+0000] {logging_mixin.py:188} INFO - [2024-07-16T11:50:54.984+0000] {dagbag.py:545} INFO - Filling up the DagBag from /home/airflow/.local/lib/python3.12/site-packages/airflow/example_dags/example_dag_decorator.py
[2024-07-16T11:50:55.128+0000] {processor.py:840} INFO - DAG(s) 'example_dag_decorator' retrieved from /home/airflow/.local/lib/python3.12/site-packages/airflow/example_dags/example_dag_decorator.py
[2024-07-16T11:50:55.248+0000] {logging_mixin.py:188} INFO - [2024-07-16T11:50:55.248+0000] {dag.py:3089} INFO - Sync 1 DAGs
[2024-07-16T11:50:55.261+0000] {logging_mixin.py:188} INFO - [2024-07-16T11:50:55.261+0000] {dag.py:3947} INFO - Setting next_dagrun for example_dag_decorator to None, run_after=None
[2024-07-16T11:50:55.618+0000] {processor.py:183} INFO - Processing /home/airflow/.local/lib/python3.12/site-packages/airflow/example_dags/example_dag_decorator.py took 0.645 seconds
[2024-07-16T11:52:10.336+0000] {processor.py:161} INFO - Started process (PID=518) to work on /home/airflow/.local/lib/python3.12/site-packages/airflow/example_dags/example_dag_decorator.py
[2024-07-16T11:52:10.337+0000] {processor.py:830} INFO - Processing file /home/airflow/.local/lib/python3.12/site-packages/airflow/example_dags/example_dag_decorator.py for tasks to queue
[2024-07-16T11:52:10.340+0000] {logging_mixin.py:188} INFO - [2024-07-16T11:52:10.340+0000] {dagbag.py:545} INFO - Filling up the DagBag from /home/airflow/.local/lib/python3.12/site-packages/airflow/example_dags/example_dag_decorator.py
[2024-07-16T11:52:11.484+0000] {processor.py:840} INFO - DAG(s) 'example_dag_decorator' retrieved from /home/airflow/.local/lib/python3.12/site-packages/airflow/example_dags/example_dag_decorator.py
[2024-07-16T11:52:12.249+0000] {logging_mixin.py:188} INFO - [2024-07-16T11:52:12.249+0000] {dag.py:3089} INFO - Sync 1 DAGs
[2024-07-16T11:52:14.935+0000] {logging_mixin.py:188} INFO - [2024-07-16T11:52:14.934+0000] {dag.py:3947} INFO - Setting next_dagrun for example_dag_decorator to None, run_after=None
[2024-07-16T11:52:15.763+0000] {processor.py:183} INFO - Processing /home/airflow/.local/lib/python3.12/site-packages/airflow/example_dags/example_dag_decorator.py took 5.435 seconds
