[2024-07-16T11:47:35.759+0000] {processor.py:161} INFO - Started process (PID=55) to work on /home/airflow/.local/lib/python3.12/site-packages/airflow/example_dags/example_short_circuit_operator.py
[2024-07-16T11:47:35.761+0000] {processor.py:830} INFO - Processing file /home/airflow/.local/lib/python3.12/site-packages/airflow/example_dags/example_short_circuit_operator.py for tasks to queue
[2024-07-16T11:47:35.764+0000] {logging_mixin.py:188} INFO - [2024-07-16T11:47:35.764+0000] {dagbag.py:545} INFO - Filling up the DagBag from /home/airflow/.local/lib/python3.12/site-packages/airflow/example_dags/example_short_circuit_operator.py
[2024-07-16T11:47:35.784+0000] {processor.py:840} INFO - DAG(s) 'example_short_circuit_operator' retrieved from /home/airflow/.local/lib/python3.12/site-packages/airflow/example_dags/example_short_circuit_operator.py
[2024-07-16T11:47:35.962+0000] {logging_mixin.py:188} INFO - [2024-07-16T11:47:35.962+0000] {dag.py:3089} INFO - Sync 1 DAGs
[2024-07-16T11:47:35.994+0000] {logging_mixin.py:188} INFO - [2024-07-16T11:47:35.994+0000] {dag.py:3947} INFO - Setting next_dagrun for example_short_circuit_operator to 2024-07-15 00:00:00+00:00, run_after=2024-07-16 00:00:00+00:00
[2024-07-16T11:47:36.176+0000] {processor.py:183} INFO - Processing /home/airflow/.local/lib/python3.12/site-packages/airflow/example_dags/example_short_circuit_operator.py took 0.424 seconds
[2024-07-16T11:48:06.442+0000] {processor.py:161} INFO - Started process (PID=113) to work on /home/airflow/.local/lib/python3.12/site-packages/airflow/example_dags/example_short_circuit_operator.py
[2024-07-16T11:48:06.444+0000] {processor.py:830} INFO - Processing file /home/airflow/.local/lib/python3.12/site-packages/airflow/example_dags/example_short_circuit_operator.py for tasks to queue
[2024-07-16T11:48:06.447+0000] {logging_mixin.py:188} INFO - [2024-07-16T11:48:06.446+0000] {dagbag.py:545} INFO - Filling up the DagBag from /home/airflow/.local/lib/python3.12/site-packages/airflow/example_dags/example_short_circuit_operator.py
[2024-07-16T11:48:06.460+0000] {processor.py:840} INFO - DAG(s) 'example_short_circuit_operator' retrieved from /home/airflow/.local/lib/python3.12/site-packages/airflow/example_dags/example_short_circuit_operator.py
[2024-07-16T11:48:06.506+0000] {logging_mixin.py:188} INFO - [2024-07-16T11:48:06.506+0000] {dag.py:3089} INFO - Sync 1 DAGs
[2024-07-16T11:48:06.536+0000] {logging_mixin.py:188} INFO - [2024-07-16T11:48:06.536+0000] {dag.py:3947} INFO - Setting next_dagrun for example_short_circuit_operator to 2024-07-15 00:00:00+00:00, run_after=2024-07-16 00:00:00+00:00
[2024-07-16T11:48:06.911+0000] {processor.py:183} INFO - Processing /home/airflow/.local/lib/python3.12/site-packages/airflow/example_dags/example_short_circuit_operator.py took 0.478 seconds
[2024-07-16T11:48:37.761+0000] {processor.py:161} INFO - Started process (PID=172) to work on /home/airflow/.local/lib/python3.12/site-packages/airflow/example_dags/example_short_circuit_operator.py
[2024-07-16T11:48:37.763+0000] {processor.py:830} INFO - Processing file /home/airflow/.local/lib/python3.12/site-packages/airflow/example_dags/example_short_circuit_operator.py for tasks to queue
[2024-07-16T11:48:37.766+0000] {logging_mixin.py:188} INFO - [2024-07-16T11:48:37.765+0000] {dagbag.py:545} INFO - Filling up the DagBag from /home/airflow/.local/lib/python3.12/site-packages/airflow/example_dags/example_short_circuit_operator.py
[2024-07-16T11:48:37.775+0000] {processor.py:840} INFO - DAG(s) 'example_short_circuit_operator' retrieved from /home/airflow/.local/lib/python3.12/site-packages/airflow/example_dags/example_short_circuit_operator.py
[2024-07-16T11:48:37.810+0000] {logging_mixin.py:188} INFO - [2024-07-16T11:48:37.810+0000] {dag.py:3089} INFO - Sync 1 DAGs
[2024-07-16T11:48:37.841+0000] {logging_mixin.py:188} INFO - [2024-07-16T11:48:37.840+0000] {dag.py:3947} INFO - Setting next_dagrun for example_short_circuit_operator to 2024-07-15 00:00:00+00:00, run_after=2024-07-16 00:00:00+00:00
[2024-07-16T11:48:37.966+0000] {processor.py:183} INFO - Processing /home/airflow/.local/lib/python3.12/site-packages/airflow/example_dags/example_short_circuit_operator.py took 0.213 seconds
[2024-07-16T11:49:08.163+0000] {processor.py:161} INFO - Started process (PID=233) to work on /home/airflow/.local/lib/python3.12/site-packages/airflow/example_dags/example_short_circuit_operator.py
[2024-07-16T11:49:08.165+0000] {processor.py:830} INFO - Processing file /home/airflow/.local/lib/python3.12/site-packages/airflow/example_dags/example_short_circuit_operator.py for tasks to queue
[2024-07-16T11:49:08.168+0000] {logging_mixin.py:188} INFO - [2024-07-16T11:49:08.167+0000] {dagbag.py:545} INFO - Filling up the DagBag from /home/airflow/.local/lib/python3.12/site-packages/airflow/example_dags/example_short_circuit_operator.py
[2024-07-16T11:49:08.178+0000] {processor.py:840} INFO - DAG(s) 'example_short_circuit_operator' retrieved from /home/airflow/.local/lib/python3.12/site-packages/airflow/example_dags/example_short_circuit_operator.py
[2024-07-16T11:49:08.211+0000] {logging_mixin.py:188} INFO - [2024-07-16T11:49:08.211+0000] {dag.py:3089} INFO - Sync 1 DAGs
[2024-07-16T11:49:08.241+0000] {logging_mixin.py:188} INFO - [2024-07-16T11:49:08.241+0000] {dag.py:3947} INFO - Setting next_dagrun for example_short_circuit_operator to 2024-07-15 00:00:00+00:00, run_after=2024-07-16 00:00:00+00:00
[2024-07-16T11:49:08.388+0000] {processor.py:183} INFO - Processing /home/airflow/.local/lib/python3.12/site-packages/airflow/example_dags/example_short_circuit_operator.py took 0.233 seconds
[2024-07-16T11:49:38.545+0000] {processor.py:161} INFO - Started process (PID=293) to work on /home/airflow/.local/lib/python3.12/site-packages/airflow/example_dags/example_short_circuit_operator.py
[2024-07-16T11:49:38.546+0000] {processor.py:830} INFO - Processing file /home/airflow/.local/lib/python3.12/site-packages/airflow/example_dags/example_short_circuit_operator.py for tasks to queue
[2024-07-16T11:49:38.549+0000] {logging_mixin.py:188} INFO - [2024-07-16T11:49:38.548+0000] {dagbag.py:545} INFO - Filling up the DagBag from /home/airflow/.local/lib/python3.12/site-packages/airflow/example_dags/example_short_circuit_operator.py
[2024-07-16T11:49:38.558+0000] {processor.py:840} INFO - DAG(s) 'example_short_circuit_operator' retrieved from /home/airflow/.local/lib/python3.12/site-packages/airflow/example_dags/example_short_circuit_operator.py
[2024-07-16T11:49:38.843+0000] {logging_mixin.py:188} INFO - [2024-07-16T11:49:38.842+0000] {dag.py:3089} INFO - Sync 1 DAGs
[2024-07-16T11:49:38.879+0000] {logging_mixin.py:188} INFO - [2024-07-16T11:49:38.878+0000] {dag.py:3947} INFO - Setting next_dagrun for example_short_circuit_operator to 2024-07-15 00:00:00+00:00, run_after=2024-07-16 00:00:00+00:00
[2024-07-16T11:49:39.886+0000] {processor.py:183} INFO - Processing /home/airflow/.local/lib/python3.12/site-packages/airflow/example_dags/example_short_circuit_operator.py took 1.349 seconds
[2024-07-16T11:50:10.368+0000] {processor.py:161} INFO - Started process (PID=353) to work on /home/airflow/.local/lib/python3.12/site-packages/airflow/example_dags/example_short_circuit_operator.py
[2024-07-16T11:50:10.370+0000] {processor.py:830} INFO - Processing file /home/airflow/.local/lib/python3.12/site-packages/airflow/example_dags/example_short_circuit_operator.py for tasks to queue
[2024-07-16T11:50:10.373+0000] {logging_mixin.py:188} INFO - [2024-07-16T11:50:10.372+0000] {dagbag.py:545} INFO - Filling up the DagBag from /home/airflow/.local/lib/python3.12/site-packages/airflow/example_dags/example_short_circuit_operator.py
[2024-07-16T11:50:10.382+0000] {processor.py:840} INFO - DAG(s) 'example_short_circuit_operator' retrieved from /home/airflow/.local/lib/python3.12/site-packages/airflow/example_dags/example_short_circuit_operator.py
[2024-07-16T11:50:10.416+0000] {logging_mixin.py:188} INFO - [2024-07-16T11:50:10.416+0000] {dag.py:3089} INFO - Sync 1 DAGs
[2024-07-16T11:50:10.447+0000] {logging_mixin.py:188} INFO - [2024-07-16T11:50:10.447+0000] {dag.py:3947} INFO - Setting next_dagrun for example_short_circuit_operator to 2024-07-15 00:00:00+00:00, run_after=2024-07-16 00:00:00+00:00
[2024-07-16T11:50:11.278+0000] {processor.py:183} INFO - Processing /home/airflow/.local/lib/python3.12/site-packages/airflow/example_dags/example_short_circuit_operator.py took 0.917 seconds
[2024-07-16T11:50:41.419+0000] {processor.py:161} INFO - Started process (PID=413) to work on /home/airflow/.local/lib/python3.12/site-packages/airflow/example_dags/example_short_circuit_operator.py
[2024-07-16T11:50:41.421+0000] {processor.py:830} INFO - Processing file /home/airflow/.local/lib/python3.12/site-packages/airflow/example_dags/example_short_circuit_operator.py for tasks to queue
[2024-07-16T11:50:41.424+0000] {logging_mixin.py:188} INFO - [2024-07-16T11:50:41.423+0000] {dagbag.py:545} INFO - Filling up the DagBag from /home/airflow/.local/lib/python3.12/site-packages/airflow/example_dags/example_short_circuit_operator.py
[2024-07-16T11:50:41.437+0000] {processor.py:840} INFO - DAG(s) 'example_short_circuit_operator' retrieved from /home/airflow/.local/lib/python3.12/site-packages/airflow/example_dags/example_short_circuit_operator.py
[2024-07-16T11:50:41.474+0000] {logging_mixin.py:188} INFO - [2024-07-16T11:50:41.474+0000] {dag.py:3089} INFO - Sync 1 DAGs
[2024-07-16T11:50:41.513+0000] {logging_mixin.py:188} INFO - [2024-07-16T11:50:41.512+0000] {dag.py:3947} INFO - Setting next_dagrun for example_short_circuit_operator to 2024-07-15 00:00:00+00:00, run_after=2024-07-16 00:00:00+00:00
[2024-07-16T11:50:41.767+0000] {processor.py:183} INFO - Processing /home/airflow/.local/lib/python3.12/site-packages/airflow/example_dags/example_short_circuit_operator.py took 0.358 seconds
[2024-07-16T11:51:12.290+0000] {processor.py:161} INFO - Started process (PID=473) to work on /home/airflow/.local/lib/python3.12/site-packages/airflow/example_dags/example_short_circuit_operator.py
[2024-07-16T11:51:12.292+0000] {processor.py:830} INFO - Processing file /home/airflow/.local/lib/python3.12/site-packages/airflow/example_dags/example_short_circuit_operator.py for tasks to queue
[2024-07-16T11:51:12.296+0000] {logging_mixin.py:188} INFO - [2024-07-16T11:51:12.296+0000] {dagbag.py:545} INFO - Filling up the DagBag from /home/airflow/.local/lib/python3.12/site-packages/airflow/example_dags/example_short_circuit_operator.py
[2024-07-16T11:51:12.312+0000] {processor.py:840} INFO - DAG(s) 'example_short_circuit_operator' retrieved from /home/airflow/.local/lib/python3.12/site-packages/airflow/example_dags/example_short_circuit_operator.py
[2024-07-16T11:51:12.352+0000] {logging_mixin.py:188} INFO - [2024-07-16T11:51:12.352+0000] {dag.py:3089} INFO - Sync 1 DAGs
[2024-07-16T11:51:12.393+0000] {logging_mixin.py:188} INFO - [2024-07-16T11:51:12.393+0000] {dag.py:3947} INFO - Setting next_dagrun for example_short_circuit_operator to 2024-07-15 00:00:00+00:00, run_after=2024-07-16 00:00:00+00:00
[2024-07-16T11:51:12.923+0000] {processor.py:183} INFO - Processing /home/airflow/.local/lib/python3.12/site-packages/airflow/example_dags/example_short_circuit_operator.py took 0.642 seconds
