[2024-07-16T11:47:38.579+0000] {processor.py:161} INFO - Started process (PID=64) to work on /home/airflow/.local/lib/python3.12/site-packages/airflow/example_dags/example_setup_teardown_taskflow.py
[2024-07-16T11:47:38.581+0000] {processor.py:830} INFO - Processing file /home/airflow/.local/lib/python3.12/site-packages/airflow/example_dags/example_setup_teardown_taskflow.py for tasks to queue
[2024-07-16T11:47:38.584+0000] {logging_mixin.py:188} INFO - [2024-07-16T11:47:38.584+0000] {dagbag.py:545} INFO - Filling up the DagBag from /home/airflow/.local/lib/python3.12/site-packages/airflow/example_dags/example_setup_teardown_taskflow.py
[2024-07-16T11:47:38.600+0000] {processor.py:840} INFO - DAG(s) 'example_setup_teardown_taskflow' retrieved from /home/airflow/.local/lib/python3.12/site-packages/airflow/example_dags/example_setup_teardown_taskflow.py
[2024-07-16T11:47:38.832+0000] {logging_mixin.py:188} INFO - [2024-07-16T11:47:38.831+0000] {dag.py:3089} INFO - Sync 1 DAGs
[2024-07-16T11:47:38.862+0000] {logging_mixin.py:188} INFO - [2024-07-16T11:47:38.862+0000] {dag.py:3947} INFO - Setting next_dagrun for example_setup_teardown_taskflow to 2024-07-15 00:00:00+00:00, run_after=2024-07-16 00:00:00+00:00
[2024-07-16T11:47:39.110+0000] {processor.py:183} INFO - Processing /home/airflow/.local/lib/python3.12/site-packages/airflow/example_dags/example_setup_teardown_taskflow.py took 0.538 seconds
[2024-07-16T11:48:09.324+0000] {processor.py:161} INFO - Started process (PID=116) to work on /home/airflow/.local/lib/python3.12/site-packages/airflow/example_dags/example_setup_teardown_taskflow.py
[2024-07-16T11:48:09.326+0000] {processor.py:830} INFO - Processing file /home/airflow/.local/lib/python3.12/site-packages/airflow/example_dags/example_setup_teardown_taskflow.py for tasks to queue
[2024-07-16T11:48:09.328+0000] {logging_mixin.py:188} INFO - [2024-07-16T11:48:09.328+0000] {dagbag.py:545} INFO - Filling up the DagBag from /home/airflow/.local/lib/python3.12/site-packages/airflow/example_dags/example_setup_teardown_taskflow.py
[2024-07-16T11:48:09.341+0000] {processor.py:840} INFO - DAG(s) 'example_setup_teardown_taskflow' retrieved from /home/airflow/.local/lib/python3.12/site-packages/airflow/example_dags/example_setup_teardown_taskflow.py
[2024-07-16T11:48:12.178+0000] {logging_mixin.py:188} INFO - [2024-07-16T11:48:12.178+0000] {dag.py:3089} INFO - Sync 1 DAGs
[2024-07-16T11:48:12.212+0000] {logging_mixin.py:188} INFO - [2024-07-16T11:48:12.212+0000] {dag.py:3947} INFO - Setting next_dagrun for example_setup_teardown_taskflow to 2024-07-15 00:00:00+00:00, run_after=2024-07-16 00:00:00+00:00
[2024-07-16T11:48:12.501+0000] {processor.py:183} INFO - Processing /home/airflow/.local/lib/python3.12/site-packages/airflow/example_dags/example_setup_teardown_taskflow.py took 3.185 seconds
[2024-07-16T11:48:43.085+0000] {processor.py:161} INFO - Started process (PID=176) to work on /home/airflow/.local/lib/python3.12/site-packages/airflow/example_dags/example_setup_teardown_taskflow.py
[2024-07-16T11:48:43.087+0000] {processor.py:830} INFO - Processing file /home/airflow/.local/lib/python3.12/site-packages/airflow/example_dags/example_setup_teardown_taskflow.py for tasks to queue
[2024-07-16T11:48:43.090+0000] {logging_mixin.py:188} INFO - [2024-07-16T11:48:43.089+0000] {dagbag.py:545} INFO - Filling up the DagBag from /home/airflow/.local/lib/python3.12/site-packages/airflow/example_dags/example_setup_teardown_taskflow.py
[2024-07-16T11:48:43.103+0000] {processor.py:840} INFO - DAG(s) 'example_setup_teardown_taskflow' retrieved from /home/airflow/.local/lib/python3.12/site-packages/airflow/example_dags/example_setup_teardown_taskflow.py
[2024-07-16T11:48:43.140+0000] {logging_mixin.py:188} INFO - [2024-07-16T11:48:43.139+0000] {dag.py:3089} INFO - Sync 1 DAGs
[2024-07-16T11:48:43.179+0000] {logging_mixin.py:188} INFO - [2024-07-16T11:48:43.179+0000] {dag.py:3947} INFO - Setting next_dagrun for example_setup_teardown_taskflow to 2024-07-15 00:00:00+00:00, run_after=2024-07-16 00:00:00+00:00
[2024-07-16T11:48:43.503+0000] {processor.py:183} INFO - Processing /home/airflow/.local/lib/python3.12/site-packages/airflow/example_dags/example_setup_teardown_taskflow.py took 0.425 seconds
[2024-07-16T11:49:13.589+0000] {processor.py:161} INFO - Started process (PID=236) to work on /home/airflow/.local/lib/python3.12/site-packages/airflow/example_dags/example_setup_teardown_taskflow.py
[2024-07-16T11:49:13.590+0000] {processor.py:830} INFO - Processing file /home/airflow/.local/lib/python3.12/site-packages/airflow/example_dags/example_setup_teardown_taskflow.py for tasks to queue
[2024-07-16T11:49:13.593+0000] {logging_mixin.py:188} INFO - [2024-07-16T11:49:13.593+0000] {dagbag.py:545} INFO - Filling up the DagBag from /home/airflow/.local/lib/python3.12/site-packages/airflow/example_dags/example_setup_teardown_taskflow.py
[2024-07-16T11:49:13.605+0000] {processor.py:840} INFO - DAG(s) 'example_setup_teardown_taskflow' retrieved from /home/airflow/.local/lib/python3.12/site-packages/airflow/example_dags/example_setup_teardown_taskflow.py
[2024-07-16T11:49:13.637+0000] {logging_mixin.py:188} INFO - [2024-07-16T11:49:13.637+0000] {dag.py:3089} INFO - Sync 1 DAGs
[2024-07-16T11:49:13.671+0000] {logging_mixin.py:188} INFO - [2024-07-16T11:49:13.671+0000] {dag.py:3947} INFO - Setting next_dagrun for example_setup_teardown_taskflow to 2024-07-15 00:00:00+00:00, run_after=2024-07-16 00:00:00+00:00
[2024-07-16T11:49:13.917+0000] {processor.py:183} INFO - Processing /home/airflow/.local/lib/python3.12/site-packages/airflow/example_dags/example_setup_teardown_taskflow.py took 0.336 seconds
[2024-07-16T11:49:44.163+0000] {processor.py:161} INFO - Started process (PID=296) to work on /home/airflow/.local/lib/python3.12/site-packages/airflow/example_dags/example_setup_teardown_taskflow.py
[2024-07-16T11:49:44.164+0000] {processor.py:830} INFO - Processing file /home/airflow/.local/lib/python3.12/site-packages/airflow/example_dags/example_setup_teardown_taskflow.py for tasks to queue
[2024-07-16T11:49:44.167+0000] {logging_mixin.py:188} INFO - [2024-07-16T11:49:44.166+0000] {dagbag.py:545} INFO - Filling up the DagBag from /home/airflow/.local/lib/python3.12/site-packages/airflow/example_dags/example_setup_teardown_taskflow.py
[2024-07-16T11:49:44.179+0000] {processor.py:840} INFO - DAG(s) 'example_setup_teardown_taskflow' retrieved from /home/airflow/.local/lib/python3.12/site-packages/airflow/example_dags/example_setup_teardown_taskflow.py
[2024-07-16T11:49:44.212+0000] {logging_mixin.py:188} INFO - [2024-07-16T11:49:44.212+0000] {dag.py:3089} INFO - Sync 1 DAGs
[2024-07-16T11:49:44.242+0000] {logging_mixin.py:188} INFO - [2024-07-16T11:49:44.242+0000] {dag.py:3947} INFO - Setting next_dagrun for example_setup_teardown_taskflow to 2024-07-15 00:00:00+00:00, run_after=2024-07-16 00:00:00+00:00
[2024-07-16T11:49:44.581+0000] {processor.py:183} INFO - Processing /home/airflow/.local/lib/python3.12/site-packages/airflow/example_dags/example_setup_teardown_taskflow.py took 0.426 seconds
[2024-07-16T11:50:14.721+0000] {processor.py:161} INFO - Started process (PID=356) to work on /home/airflow/.local/lib/python3.12/site-packages/airflow/example_dags/example_setup_teardown_taskflow.py
[2024-07-16T11:50:14.723+0000] {processor.py:830} INFO - Processing file /home/airflow/.local/lib/python3.12/site-packages/airflow/example_dags/example_setup_teardown_taskflow.py for tasks to queue
[2024-07-16T11:50:14.727+0000] {logging_mixin.py:188} INFO - [2024-07-16T11:50:14.726+0000] {dagbag.py:545} INFO - Filling up the DagBag from /home/airflow/.local/lib/python3.12/site-packages/airflow/example_dags/example_setup_teardown_taskflow.py
[2024-07-16T11:50:14.744+0000] {processor.py:840} INFO - DAG(s) 'example_setup_teardown_taskflow' retrieved from /home/airflow/.local/lib/python3.12/site-packages/airflow/example_dags/example_setup_teardown_taskflow.py
[2024-07-16T11:50:14.784+0000] {logging_mixin.py:188} INFO - [2024-07-16T11:50:14.783+0000] {dag.py:3089} INFO - Sync 1 DAGs
[2024-07-16T11:50:14.815+0000] {logging_mixin.py:188} INFO - [2024-07-16T11:50:14.815+0000] {dag.py:3947} INFO - Setting next_dagrun for example_setup_teardown_taskflow to 2024-07-15 00:00:00+00:00, run_after=2024-07-16 00:00:00+00:00
[2024-07-16T11:50:15.135+0000] {processor.py:183} INFO - Processing /home/airflow/.local/lib/python3.12/site-packages/airflow/example_dags/example_setup_teardown_taskflow.py took 0.423 seconds
[2024-07-16T11:50:45.488+0000] {processor.py:161} INFO - Started process (PID=416) to work on /home/airflow/.local/lib/python3.12/site-packages/airflow/example_dags/example_setup_teardown_taskflow.py
[2024-07-16T11:50:45.489+0000] {processor.py:830} INFO - Processing file /home/airflow/.local/lib/python3.12/site-packages/airflow/example_dags/example_setup_teardown_taskflow.py for tasks to queue
[2024-07-16T11:50:45.493+0000] {logging_mixin.py:188} INFO - [2024-07-16T11:50:45.492+0000] {dagbag.py:545} INFO - Filling up the DagBag from /home/airflow/.local/lib/python3.12/site-packages/airflow/example_dags/example_setup_teardown_taskflow.py
[2024-07-16T11:50:45.506+0000] {processor.py:840} INFO - DAG(s) 'example_setup_teardown_taskflow' retrieved from /home/airflow/.local/lib/python3.12/site-packages/airflow/example_dags/example_setup_teardown_taskflow.py
[2024-07-16T11:50:45.538+0000] {logging_mixin.py:188} INFO - [2024-07-16T11:50:45.537+0000] {dag.py:3089} INFO - Sync 1 DAGs
[2024-07-16T11:50:45.571+0000] {logging_mixin.py:188} INFO - [2024-07-16T11:50:45.570+0000] {dag.py:3947} INFO - Setting next_dagrun for example_setup_teardown_taskflow to 2024-07-15 00:00:00+00:00, run_after=2024-07-16 00:00:00+00:00
[2024-07-16T11:50:46.238+0000] {processor.py:183} INFO - Processing /home/airflow/.local/lib/python3.12/site-packages/airflow/example_dags/example_setup_teardown_taskflow.py took 0.758 seconds
[2024-07-16T11:51:16.689+0000] {processor.py:161} INFO - Started process (PID=476) to work on /home/airflow/.local/lib/python3.12/site-packages/airflow/example_dags/example_setup_teardown_taskflow.py
[2024-07-16T11:51:16.690+0000] {processor.py:830} INFO - Processing file /home/airflow/.local/lib/python3.12/site-packages/airflow/example_dags/example_setup_teardown_taskflow.py for tasks to queue
[2024-07-16T11:51:16.694+0000] {logging_mixin.py:188} INFO - [2024-07-16T11:51:16.693+0000] {dagbag.py:545} INFO - Filling up the DagBag from /home/airflow/.local/lib/python3.12/site-packages/airflow/example_dags/example_setup_teardown_taskflow.py
[2024-07-16T11:51:16.708+0000] {processor.py:840} INFO - DAG(s) 'example_setup_teardown_taskflow' retrieved from /home/airflow/.local/lib/python3.12/site-packages/airflow/example_dags/example_setup_teardown_taskflow.py
[2024-07-16T11:51:16.746+0000] {logging_mixin.py:188} INFO - [2024-07-16T11:51:16.746+0000] {dag.py:3089} INFO - Sync 1 DAGs
[2024-07-16T11:51:16.811+0000] {logging_mixin.py:188} INFO - [2024-07-16T11:51:16.810+0000] {dag.py:3947} INFO - Setting next_dagrun for example_setup_teardown_taskflow to 2024-07-15 00:00:00+00:00, run_after=2024-07-16 00:00:00+00:00
[2024-07-16T11:51:17.627+0000] {processor.py:183} INFO - Processing /home/airflow/.local/lib/python3.12/site-packages/airflow/example_dags/example_setup_teardown_taskflow.py took 0.947 seconds
