[2024-07-16T11:47:40.421+0000] {processor.py:161} INFO - Started process (PID=69) to work on /home/airflow/.local/lib/python3.12/site-packages/airflow/example_dags/example_branch_python_dop_operator_3.py
[2024-07-16T11:47:40.423+0000] {processor.py:830} INFO - Processing file /home/airflow/.local/lib/python3.12/site-packages/airflow/example_dags/example_branch_python_dop_operator_3.py for tasks to queue
[2024-07-16T11:47:40.426+0000] {logging_mixin.py:188} INFO - [2024-07-16T11:47:40.426+0000] {dagbag.py:545} INFO - Filling up the DagBag from /home/airflow/.local/lib/python3.12/site-packages/airflow/example_dags/example_branch_python_dop_operator_3.py
[2024-07-16T11:47:40.445+0000] {processor.py:840} INFO - DAG(s) 'example_branch_dop_operator_v3' retrieved from /home/airflow/.local/lib/python3.12/site-packages/airflow/example_dags/example_branch_python_dop_operator_3.py
[2024-07-16T11:47:40.631+0000] {logging_mixin.py:188} INFO - [2024-07-16T11:47:40.630+0000] {dag.py:3089} INFO - Sync 1 DAGs
[2024-07-16T11:47:40.672+0000] {logging_mixin.py:188} INFO - [2024-07-16T11:47:40.672+0000] {dag.py:3947} INFO - Setting next_dagrun for example_branch_dop_operator_v3 to 2024-07-16 11:46:00+00:00, run_after=2024-07-16 11:47:00+00:00
[2024-07-16T11:47:40.831+0000] {processor.py:183} INFO - Processing /home/airflow/.local/lib/python3.12/site-packages/airflow/example_dags/example_branch_python_dop_operator_3.py took 0.420 seconds
[2024-07-16T11:48:13.223+0000] {processor.py:161} INFO - Started process (PID=123) to work on /home/airflow/.local/lib/python3.12/site-packages/airflow/example_dags/example_branch_python_dop_operator_3.py
[2024-07-16T11:48:13.224+0000] {processor.py:830} INFO - Processing file /home/airflow/.local/lib/python3.12/site-packages/airflow/example_dags/example_branch_python_dop_operator_3.py for tasks to queue
[2024-07-16T11:48:13.228+0000] {logging_mixin.py:188} INFO - [2024-07-16T11:48:13.227+0000] {dagbag.py:545} INFO - Filling up the DagBag from /home/airflow/.local/lib/python3.12/site-packages/airflow/example_dags/example_branch_python_dop_operator_3.py
[2024-07-16T11:48:13.241+0000] {processor.py:840} INFO - DAG(s) 'example_branch_dop_operator_v3' retrieved from /home/airflow/.local/lib/python3.12/site-packages/airflow/example_dags/example_branch_python_dop_operator_3.py
[2024-07-16T11:48:13.283+0000] {logging_mixin.py:188} INFO - [2024-07-16T11:48:13.282+0000] {dag.py:3089} INFO - Sync 1 DAGs
[2024-07-16T11:48:13.317+0000] {logging_mixin.py:188} INFO - [2024-07-16T11:48:13.317+0000] {dag.py:3947} INFO - Setting next_dagrun for example_branch_dop_operator_v3 to 2024-07-16 11:47:00+00:00, run_after=2024-07-16 11:48:00+00:00
[2024-07-16T11:48:13.521+0000] {processor.py:183} INFO - Processing /home/airflow/.local/lib/python3.12/site-packages/airflow/example_dags/example_branch_python_dop_operator_3.py took 0.306 seconds
[2024-07-16T11:48:44.447+0000] {processor.py:161} INFO - Started process (PID=182) to work on /home/airflow/.local/lib/python3.12/site-packages/airflow/example_dags/example_branch_python_dop_operator_3.py
[2024-07-16T11:48:44.449+0000] {processor.py:830} INFO - Processing file /home/airflow/.local/lib/python3.12/site-packages/airflow/example_dags/example_branch_python_dop_operator_3.py for tasks to queue
[2024-07-16T11:48:44.452+0000] {logging_mixin.py:188} INFO - [2024-07-16T11:48:44.451+0000] {dagbag.py:545} INFO - Filling up the DagBag from /home/airflow/.local/lib/python3.12/site-packages/airflow/example_dags/example_branch_python_dop_operator_3.py
[2024-07-16T11:48:44.465+0000] {processor.py:840} INFO - DAG(s) 'example_branch_dop_operator_v3' retrieved from /home/airflow/.local/lib/python3.12/site-packages/airflow/example_dags/example_branch_python_dop_operator_3.py
[2024-07-16T11:48:44.496+0000] {logging_mixin.py:188} INFO - [2024-07-16T11:48:44.495+0000] {dag.py:3089} INFO - Sync 1 DAGs
[2024-07-16T11:48:44.535+0000] {logging_mixin.py:188} INFO - [2024-07-16T11:48:44.534+0000] {dag.py:3947} INFO - Setting next_dagrun for example_branch_dop_operator_v3 to 2024-07-16 11:47:00+00:00, run_after=2024-07-16 11:48:00+00:00
[2024-07-16T11:48:44.908+0000] {processor.py:183} INFO - Processing /home/airflow/.local/lib/python3.12/site-packages/airflow/example_dags/example_branch_python_dop_operator_3.py took 0.468 seconds
[2024-07-16T11:49:15.350+0000] {processor.py:161} INFO - Started process (PID=243) to work on /home/airflow/.local/lib/python3.12/site-packages/airflow/example_dags/example_branch_python_dop_operator_3.py
[2024-07-16T11:49:15.351+0000] {processor.py:830} INFO - Processing file /home/airflow/.local/lib/python3.12/site-packages/airflow/example_dags/example_branch_python_dop_operator_3.py for tasks to queue
[2024-07-16T11:49:15.355+0000] {logging_mixin.py:188} INFO - [2024-07-16T11:49:15.354+0000] {dagbag.py:545} INFO - Filling up the DagBag from /home/airflow/.local/lib/python3.12/site-packages/airflow/example_dags/example_branch_python_dop_operator_3.py
[2024-07-16T11:49:15.369+0000] {processor.py:840} INFO - DAG(s) 'example_branch_dop_operator_v3' retrieved from /home/airflow/.local/lib/python3.12/site-packages/airflow/example_dags/example_branch_python_dop_operator_3.py
[2024-07-16T11:49:15.411+0000] {logging_mixin.py:188} INFO - [2024-07-16T11:49:15.411+0000] {dag.py:3089} INFO - Sync 1 DAGs
[2024-07-16T11:49:15.454+0000] {logging_mixin.py:188} INFO - [2024-07-16T11:49:15.453+0000] {dag.py:3947} INFO - Setting next_dagrun for example_branch_dop_operator_v3 to 2024-07-16 11:48:00+00:00, run_after=2024-07-16 11:49:00+00:00
[2024-07-16T11:49:15.499+0000] {processor.py:183} INFO - Processing /home/airflow/.local/lib/python3.12/site-packages/airflow/example_dags/example_branch_python_dop_operator_3.py took 0.158 seconds
[2024-07-16T11:49:47.826+0000] {processor.py:161} INFO - Started process (PID=303) to work on /home/airflow/.local/lib/python3.12/site-packages/airflow/example_dags/example_branch_python_dop_operator_3.py
[2024-07-16T11:49:47.828+0000] {processor.py:830} INFO - Processing file /home/airflow/.local/lib/python3.12/site-packages/airflow/example_dags/example_branch_python_dop_operator_3.py for tasks to queue
[2024-07-16T11:49:47.831+0000] {logging_mixin.py:188} INFO - [2024-07-16T11:49:47.830+0000] {dagbag.py:545} INFO - Filling up the DagBag from /home/airflow/.local/lib/python3.12/site-packages/airflow/example_dags/example_branch_python_dop_operator_3.py
[2024-07-16T11:49:47.842+0000] {processor.py:840} INFO - DAG(s) 'example_branch_dop_operator_v3' retrieved from /home/airflow/.local/lib/python3.12/site-packages/airflow/example_dags/example_branch_python_dop_operator_3.py
[2024-07-16T11:49:47.872+0000] {logging_mixin.py:188} INFO - [2024-07-16T11:49:47.872+0000] {dag.py:3089} INFO - Sync 1 DAGs
[2024-07-16T11:49:47.912+0000] {logging_mixin.py:188} INFO - [2024-07-16T11:49:47.912+0000] {dag.py:3947} INFO - Setting next_dagrun for example_branch_dop_operator_v3 to 2024-07-16 11:48:00+00:00, run_after=2024-07-16 11:49:00+00:00
[2024-07-16T11:49:48.645+0000] {processor.py:183} INFO - Processing /home/airflow/.local/lib/python3.12/site-packages/airflow/example_dags/example_branch_python_dop_operator_3.py took 0.826 seconds
[2024-07-16T11:50:19.163+0000] {processor.py:161} INFO - Started process (PID=363) to work on /home/airflow/.local/lib/python3.12/site-packages/airflow/example_dags/example_branch_python_dop_operator_3.py
[2024-07-16T11:50:19.165+0000] {processor.py:830} INFO - Processing file /home/airflow/.local/lib/python3.12/site-packages/airflow/example_dags/example_branch_python_dop_operator_3.py for tasks to queue
[2024-07-16T11:50:19.169+0000] {logging_mixin.py:188} INFO - [2024-07-16T11:50:19.168+0000] {dagbag.py:545} INFO - Filling up the DagBag from /home/airflow/.local/lib/python3.12/site-packages/airflow/example_dags/example_branch_python_dop_operator_3.py
[2024-07-16T11:50:19.183+0000] {processor.py:840} INFO - DAG(s) 'example_branch_dop_operator_v3' retrieved from /home/airflow/.local/lib/python3.12/site-packages/airflow/example_dags/example_branch_python_dop_operator_3.py
[2024-07-16T11:50:19.213+0000] {logging_mixin.py:188} INFO - [2024-07-16T11:50:19.212+0000] {dag.py:3089} INFO - Sync 1 DAGs
[2024-07-16T11:50:19.255+0000] {logging_mixin.py:188} INFO - [2024-07-16T11:50:19.255+0000] {dag.py:3947} INFO - Setting next_dagrun for example_branch_dop_operator_v3 to 2024-07-16 11:49:00+00:00, run_after=2024-07-16 11:50:00+00:00
[2024-07-16T11:50:19.504+0000] {processor.py:183} INFO - Processing /home/airflow/.local/lib/python3.12/site-packages/airflow/example_dags/example_branch_python_dop_operator_3.py took 0.350 seconds
[2024-07-16T11:50:51.055+0000] {processor.py:161} INFO - Started process (PID=423) to work on /home/airflow/.local/lib/python3.12/site-packages/airflow/example_dags/example_branch_python_dop_operator_3.py
[2024-07-16T11:50:51.057+0000] {processor.py:830} INFO - Processing file /home/airflow/.local/lib/python3.12/site-packages/airflow/example_dags/example_branch_python_dop_operator_3.py for tasks to queue
[2024-07-16T11:50:51.059+0000] {logging_mixin.py:188} INFO - [2024-07-16T11:50:51.059+0000] {dagbag.py:545} INFO - Filling up the DagBag from /home/airflow/.local/lib/python3.12/site-packages/airflow/example_dags/example_branch_python_dop_operator_3.py
[2024-07-16T11:50:51.073+0000] {processor.py:840} INFO - DAG(s) 'example_branch_dop_operator_v3' retrieved from /home/airflow/.local/lib/python3.12/site-packages/airflow/example_dags/example_branch_python_dop_operator_3.py
[2024-07-16T11:50:51.103+0000] {logging_mixin.py:188} INFO - [2024-07-16T11:50:51.102+0000] {dag.py:3089} INFO - Sync 1 DAGs
[2024-07-16T11:50:51.145+0000] {logging_mixin.py:188} INFO - [2024-07-16T11:50:51.145+0000] {dag.py:3947} INFO - Setting next_dagrun for example_branch_dop_operator_v3 to 2024-07-16 11:49:00+00:00, run_after=2024-07-16 11:50:00+00:00
[2024-07-16T11:50:51.617+0000] {processor.py:183} INFO - Processing /home/airflow/.local/lib/python3.12/site-packages/airflow/example_dags/example_branch_python_dop_operator_3.py took 0.570 seconds
[2024-07-16T11:52:07.080+0000] {processor.py:161} INFO - Started process (PID=508) to work on /home/airflow/.local/lib/python3.12/site-packages/airflow/example_dags/example_branch_python_dop_operator_3.py
[2024-07-16T11:52:07.081+0000] {processor.py:830} INFO - Processing file /home/airflow/.local/lib/python3.12/site-packages/airflow/example_dags/example_branch_python_dop_operator_3.py for tasks to queue
[2024-07-16T11:52:07.084+0000] {logging_mixin.py:188} INFO - [2024-07-16T11:52:07.084+0000] {dagbag.py:545} INFO - Filling up the DagBag from /home/airflow/.local/lib/python3.12/site-packages/airflow/example_dags/example_branch_python_dop_operator_3.py
[2024-07-16T11:52:07.097+0000] {processor.py:840} INFO - DAG(s) 'example_branch_dop_operator_v3' retrieved from /home/airflow/.local/lib/python3.12/site-packages/airflow/example_dags/example_branch_python_dop_operator_3.py
[2024-07-16T11:52:07.128+0000] {logging_mixin.py:188} INFO - [2024-07-16T11:52:07.127+0000] {dag.py:3089} INFO - Sync 1 DAGs
[2024-07-16T11:52:07.171+0000] {logging_mixin.py:188} INFO - [2024-07-16T11:52:07.171+0000] {dag.py:3947} INFO - Setting next_dagrun for example_branch_dop_operator_v3 to 2024-07-16 11:51:00+00:00, run_after=2024-07-16 11:52:00+00:00
[2024-07-16T11:52:07.512+0000] {processor.py:183} INFO - Processing /home/airflow/.local/lib/python3.12/site-packages/airflow/example_dags/example_branch_python_dop_operator_3.py took 0.440 seconds
