[2024-07-16T11:47:38.104+0000] {processor.py:161} INFO - Started process (PID=63) to work on /home/airflow/.local/lib/python3.12/site-packages/airflow/example_dags/example_external_task_marker_dag.py
[2024-07-16T11:47:38.106+0000] {processor.py:830} INFO - Processing file /home/airflow/.local/lib/python3.12/site-packages/airflow/example_dags/example_external_task_marker_dag.py for tasks to queue
[2024-07-16T11:47:38.109+0000] {logging_mixin.py:188} INFO - [2024-07-16T11:47:38.108+0000] {dagbag.py:545} INFO - Filling up the DagBag from /home/airflow/.local/lib/python3.12/site-packages/airflow/example_dags/example_external_task_marker_dag.py
[2024-07-16T11:47:38.123+0000] {processor.py:840} INFO - DAG(s) 'example_external_task_marker_parent', 'example_external_task_marker_child' retrieved from /home/airflow/.local/lib/python3.12/site-packages/airflow/example_dags/example_external_task_marker_dag.py
[2024-07-16T11:47:38.315+0000] {logging_mixin.py:188} INFO - [2024-07-16T11:47:38.315+0000] {dag.py:3089} INFO - Sync 2 DAGs
[2024-07-16T11:47:38.336+0000] {logging_mixin.py:188} INFO - [2024-07-16T11:47:38.336+0000] {dag.py:3947} INFO - Setting next_dagrun for example_external_task_marker_child to None, run_after=None
[2024-07-16T11:47:38.343+0000] {logging_mixin.py:188} INFO - [2024-07-16T11:47:38.343+0000] {dag.py:3947} INFO - Setting next_dagrun for example_external_task_marker_parent to None, run_after=None
[2024-07-16T11:47:38.519+0000] {processor.py:183} INFO - Processing /home/airflow/.local/lib/python3.12/site-packages/airflow/example_dags/example_external_task_marker_dag.py took 0.423 seconds
[2024-07-16T11:48:09.001+0000] {processor.py:161} INFO - Started process (PID=115) to work on /home/airflow/.local/lib/python3.12/site-packages/airflow/example_dags/example_external_task_marker_dag.py
[2024-07-16T11:48:09.003+0000] {processor.py:830} INFO - Processing file /home/airflow/.local/lib/python3.12/site-packages/airflow/example_dags/example_external_task_marker_dag.py for tasks to queue
[2024-07-16T11:48:09.005+0000] {logging_mixin.py:188} INFO - [2024-07-16T11:48:09.005+0000] {dagbag.py:545} INFO - Filling up the DagBag from /home/airflow/.local/lib/python3.12/site-packages/airflow/example_dags/example_external_task_marker_dag.py
[2024-07-16T11:48:09.013+0000] {processor.py:840} INFO - DAG(s) 'example_external_task_marker_child', 'example_external_task_marker_parent' retrieved from /home/airflow/.local/lib/python3.12/site-packages/airflow/example_dags/example_external_task_marker_dag.py
[2024-07-16T11:48:09.047+0000] {logging_mixin.py:188} INFO - [2024-07-16T11:48:09.047+0000] {dag.py:3089} INFO - Sync 2 DAGs
[2024-07-16T11:48:09.066+0000] {logging_mixin.py:188} INFO - [2024-07-16T11:48:09.066+0000] {dag.py:3947} INFO - Setting next_dagrun for example_external_task_marker_child to None, run_after=None
[2024-07-16T11:48:09.073+0000] {logging_mixin.py:188} INFO - [2024-07-16T11:48:09.072+0000] {dag.py:3947} INFO - Setting next_dagrun for example_external_task_marker_parent to None, run_after=None
[2024-07-16T11:48:10.205+0000] {processor.py:183} INFO - Processing /home/airflow/.local/lib/python3.12/site-packages/airflow/example_dags/example_external_task_marker_dag.py took 1.211 seconds
[2024-07-16T11:48:40.748+0000] {processor.py:161} INFO - Started process (PID=174) to work on /home/airflow/.local/lib/python3.12/site-packages/airflow/example_dags/example_external_task_marker_dag.py
[2024-07-16T11:48:40.750+0000] {processor.py:830} INFO - Processing file /home/airflow/.local/lib/python3.12/site-packages/airflow/example_dags/example_external_task_marker_dag.py for tasks to queue
[2024-07-16T11:48:40.753+0000] {logging_mixin.py:188} INFO - [2024-07-16T11:48:40.752+0000] {dagbag.py:545} INFO - Filling up the DagBag from /home/airflow/.local/lib/python3.12/site-packages/airflow/example_dags/example_external_task_marker_dag.py
[2024-07-16T11:48:40.760+0000] {processor.py:840} INFO - DAG(s) 'example_external_task_marker_parent', 'example_external_task_marker_child' retrieved from /home/airflow/.local/lib/python3.12/site-packages/airflow/example_dags/example_external_task_marker_dag.py
[2024-07-16T11:48:40.798+0000] {logging_mixin.py:188} INFO - [2024-07-16T11:48:40.798+0000] {dag.py:3089} INFO - Sync 2 DAGs
[2024-07-16T11:48:40.815+0000] {logging_mixin.py:188} INFO - [2024-07-16T11:48:40.815+0000] {dag.py:3947} INFO - Setting next_dagrun for example_external_task_marker_child to None, run_after=None
[2024-07-16T11:48:40.822+0000] {logging_mixin.py:188} INFO - [2024-07-16T11:48:40.822+0000] {dag.py:3947} INFO - Setting next_dagrun for example_external_task_marker_parent to None, run_after=None
[2024-07-16T11:48:41.210+0000] {processor.py:183} INFO - Processing /home/airflow/.local/lib/python3.12/site-packages/airflow/example_dags/example_external_task_marker_dag.py took 0.468 seconds
[2024-07-16T11:49:11.472+0000] {processor.py:161} INFO - Started process (PID=235) to work on /home/airflow/.local/lib/python3.12/site-packages/airflow/example_dags/example_external_task_marker_dag.py
[2024-07-16T11:49:11.474+0000] {processor.py:830} INFO - Processing file /home/airflow/.local/lib/python3.12/site-packages/airflow/example_dags/example_external_task_marker_dag.py for tasks to queue
[2024-07-16T11:49:11.477+0000] {logging_mixin.py:188} INFO - [2024-07-16T11:49:11.476+0000] {dagbag.py:545} INFO - Filling up the DagBag from /home/airflow/.local/lib/python3.12/site-packages/airflow/example_dags/example_external_task_marker_dag.py
[2024-07-16T11:49:11.484+0000] {processor.py:840} INFO - DAG(s) 'example_external_task_marker_parent', 'example_external_task_marker_child' retrieved from /home/airflow/.local/lib/python3.12/site-packages/airflow/example_dags/example_external_task_marker_dag.py
[2024-07-16T11:49:11.519+0000] {logging_mixin.py:188} INFO - [2024-07-16T11:49:11.519+0000] {dag.py:3089} INFO - Sync 2 DAGs
[2024-07-16T11:49:11.540+0000] {logging_mixin.py:188} INFO - [2024-07-16T11:49:11.539+0000] {dag.py:3947} INFO - Setting next_dagrun for example_external_task_marker_child to None, run_after=None
[2024-07-16T11:49:11.547+0000] {logging_mixin.py:188} INFO - [2024-07-16T11:49:11.547+0000] {dag.py:3947} INFO - Setting next_dagrun for example_external_task_marker_parent to None, run_after=None
[2024-07-16T11:49:11.581+0000] {processor.py:183} INFO - Processing /home/airflow/.local/lib/python3.12/site-packages/airflow/example_dags/example_external_task_marker_dag.py took 0.116 seconds
[2024-07-16T11:49:41.971+0000] {processor.py:161} INFO - Started process (PID=295) to work on /home/airflow/.local/lib/python3.12/site-packages/airflow/example_dags/example_external_task_marker_dag.py
[2024-07-16T11:49:41.973+0000] {processor.py:830} INFO - Processing file /home/airflow/.local/lib/python3.12/site-packages/airflow/example_dags/example_external_task_marker_dag.py for tasks to queue
[2024-07-16T11:49:41.975+0000] {logging_mixin.py:188} INFO - [2024-07-16T11:49:41.975+0000] {dagbag.py:545} INFO - Filling up the DagBag from /home/airflow/.local/lib/python3.12/site-packages/airflow/example_dags/example_external_task_marker_dag.py
[2024-07-16T11:49:41.983+0000] {processor.py:840} INFO - DAG(s) 'example_external_task_marker_child', 'example_external_task_marker_parent' retrieved from /home/airflow/.local/lib/python3.12/site-packages/airflow/example_dags/example_external_task_marker_dag.py
[2024-07-16T11:49:42.017+0000] {logging_mixin.py:188} INFO - [2024-07-16T11:49:42.017+0000] {dag.py:3089} INFO - Sync 2 DAGs
[2024-07-16T11:49:42.037+0000] {logging_mixin.py:188} INFO - [2024-07-16T11:49:42.037+0000] {dag.py:3947} INFO - Setting next_dagrun for example_external_task_marker_child to None, run_after=None
[2024-07-16T11:49:42.043+0000] {logging_mixin.py:188} INFO - [2024-07-16T11:49:42.043+0000] {dag.py:3947} INFO - Setting next_dagrun for example_external_task_marker_parent to None, run_after=None
[2024-07-16T11:49:42.628+0000] {processor.py:183} INFO - Processing /home/airflow/.local/lib/python3.12/site-packages/airflow/example_dags/example_external_task_marker_dag.py took 0.665 seconds
[2024-07-16T11:50:12.701+0000] {processor.py:161} INFO - Started process (PID=355) to work on /home/airflow/.local/lib/python3.12/site-packages/airflow/example_dags/example_external_task_marker_dag.py
[2024-07-16T11:50:12.704+0000] {processor.py:830} INFO - Processing file /home/airflow/.local/lib/python3.12/site-packages/airflow/example_dags/example_external_task_marker_dag.py for tasks to queue
[2024-07-16T11:50:12.709+0000] {logging_mixin.py:188} INFO - [2024-07-16T11:50:12.708+0000] {dagbag.py:545} INFO - Filling up the DagBag from /home/airflow/.local/lib/python3.12/site-packages/airflow/example_dags/example_external_task_marker_dag.py
[2024-07-16T11:50:12.719+0000] {processor.py:840} INFO - DAG(s) 'example_external_task_marker_child', 'example_external_task_marker_parent' retrieved from /home/airflow/.local/lib/python3.12/site-packages/airflow/example_dags/example_external_task_marker_dag.py
[2024-07-16T11:50:12.762+0000] {logging_mixin.py:188} INFO - [2024-07-16T11:50:12.762+0000] {dag.py:3089} INFO - Sync 2 DAGs
[2024-07-16T11:50:12.788+0000] {logging_mixin.py:188} INFO - [2024-07-16T11:50:12.787+0000] {dag.py:3947} INFO - Setting next_dagrun for example_external_task_marker_child to None, run_after=None
[2024-07-16T11:50:12.796+0000] {logging_mixin.py:188} INFO - [2024-07-16T11:50:12.795+0000] {dag.py:3947} INFO - Setting next_dagrun for example_external_task_marker_parent to None, run_after=None
[2024-07-16T11:50:12.909+0000] {processor.py:183} INFO - Processing /home/airflow/.local/lib/python3.12/site-packages/airflow/example_dags/example_external_task_marker_dag.py took 0.217 seconds
[2024-07-16T11:50:43.470+0000] {processor.py:161} INFO - Started process (PID=415) to work on /home/airflow/.local/lib/python3.12/site-packages/airflow/example_dags/example_external_task_marker_dag.py
[2024-07-16T11:50:43.472+0000] {processor.py:830} INFO - Processing file /home/airflow/.local/lib/python3.12/site-packages/airflow/example_dags/example_external_task_marker_dag.py for tasks to queue
[2024-07-16T11:50:43.476+0000] {logging_mixin.py:188} INFO - [2024-07-16T11:50:43.475+0000] {dagbag.py:545} INFO - Filling up the DagBag from /home/airflow/.local/lib/python3.12/site-packages/airflow/example_dags/example_external_task_marker_dag.py
[2024-07-16T11:50:43.485+0000] {processor.py:840} INFO - DAG(s) 'example_external_task_marker_parent', 'example_external_task_marker_child' retrieved from /home/airflow/.local/lib/python3.12/site-packages/airflow/example_dags/example_external_task_marker_dag.py
[2024-07-16T11:50:43.528+0000] {logging_mixin.py:188} INFO - [2024-07-16T11:50:43.527+0000] {dag.py:3089} INFO - Sync 2 DAGs
[2024-07-16T11:50:43.550+0000] {logging_mixin.py:188} INFO - [2024-07-16T11:50:43.549+0000] {dag.py:3947} INFO - Setting next_dagrun for example_external_task_marker_child to None, run_after=None
[2024-07-16T11:50:43.557+0000] {logging_mixin.py:188} INFO - [2024-07-16T11:50:43.556+0000] {dag.py:3947} INFO - Setting next_dagrun for example_external_task_marker_parent to None, run_after=None
[2024-07-16T11:50:43.961+0000] {processor.py:183} INFO - Processing /home/airflow/.local/lib/python3.12/site-packages/airflow/example_dags/example_external_task_marker_dag.py took 0.499 seconds
[2024-07-16T11:51:14.323+0000] {processor.py:161} INFO - Started process (PID=475) to work on /home/airflow/.local/lib/python3.12/site-packages/airflow/example_dags/example_external_task_marker_dag.py
[2024-07-16T11:51:14.325+0000] {processor.py:830} INFO - Processing file /home/airflow/.local/lib/python3.12/site-packages/airflow/example_dags/example_external_task_marker_dag.py for tasks to queue
[2024-07-16T11:51:14.327+0000] {logging_mixin.py:188} INFO - [2024-07-16T11:51:14.327+0000] {dagbag.py:545} INFO - Filling up the DagBag from /home/airflow/.local/lib/python3.12/site-packages/airflow/example_dags/example_external_task_marker_dag.py
[2024-07-16T11:51:14.335+0000] {processor.py:840} INFO - DAG(s) 'example_external_task_marker_child', 'example_external_task_marker_parent' retrieved from /home/airflow/.local/lib/python3.12/site-packages/airflow/example_dags/example_external_task_marker_dag.py
[2024-07-16T11:51:14.375+0000] {logging_mixin.py:188} INFO - [2024-07-16T11:51:14.374+0000] {dag.py:3089} INFO - Sync 2 DAGs
[2024-07-16T11:51:14.398+0000] {logging_mixin.py:188} INFO - [2024-07-16T11:51:14.397+0000] {dag.py:3947} INFO - Setting next_dagrun for example_external_task_marker_child to None, run_after=None
[2024-07-16T11:51:14.406+0000] {logging_mixin.py:188} INFO - [2024-07-16T11:51:14.405+0000] {dag.py:3947} INFO - Setting next_dagrun for example_external_task_marker_parent to None, run_after=None
[2024-07-16T11:51:14.739+0000] {processor.py:183} INFO - Processing /home/airflow/.local/lib/python3.12/site-packages/airflow/example_dags/example_external_task_marker_dag.py took 0.424 seconds
