[2024-07-16T11:47:40.022+0000] {processor.py:161} INFO - Started process (PID=67) to work on /home/airflow/.local/lib/python3.12/site-packages/airflow/example_dags/example_bash_operator.py
[2024-07-16T11:47:40.023+0000] {processor.py:830} INFO - Processing file /home/airflow/.local/lib/python3.12/site-packages/airflow/example_dags/example_bash_operator.py for tasks to queue
[2024-07-16T11:47:40.026+0000] {logging_mixin.py:188} INFO - [2024-07-16T11:47:40.026+0000] {dagbag.py:545} INFO - Filling up the DagBag from /home/airflow/.local/lib/python3.12/site-packages/airflow/example_dags/example_bash_operator.py
[2024-07-16T11:47:40.044+0000] {processor.py:840} INFO - DAG(s) 'example_bash_operator' retrieved from /home/airflow/.local/lib/python3.12/site-packages/airflow/example_dags/example_bash_operator.py
[2024-07-16T11:47:40.225+0000] {logging_mixin.py:188} INFO - [2024-07-16T11:47:40.225+0000] {dag.py:3089} INFO - Sync 1 DAGs
[2024-07-16T11:47:40.258+0000] {logging_mixin.py:188} INFO - [2024-07-16T11:47:40.257+0000] {dag.py:3947} INFO - Setting next_dagrun for example_bash_operator to 2024-07-15 00:00:00+00:00, run_after=2024-07-16 00:00:00+00:00
[2024-07-16T11:47:40.365+0000] {processor.py:183} INFO - Processing /home/airflow/.local/lib/python3.12/site-packages/airflow/example_dags/example_bash_operator.py took 0.350 seconds
[2024-07-16T11:48:12.722+0000] {processor.py:161} INFO - Started process (PID=121) to work on /home/airflow/.local/lib/python3.12/site-packages/airflow/example_dags/example_bash_operator.py
[2024-07-16T11:48:12.724+0000] {processor.py:830} INFO - Processing file /home/airflow/.local/lib/python3.12/site-packages/airflow/example_dags/example_bash_operator.py for tasks to queue
[2024-07-16T11:48:12.727+0000] {logging_mixin.py:188} INFO - [2024-07-16T11:48:12.727+0000] {dagbag.py:545} INFO - Filling up the DagBag from /home/airflow/.local/lib/python3.12/site-packages/airflow/example_dags/example_bash_operator.py
[2024-07-16T11:48:12.744+0000] {processor.py:840} INFO - DAG(s) 'example_bash_operator' retrieved from /home/airflow/.local/lib/python3.12/site-packages/airflow/example_dags/example_bash_operator.py
[2024-07-16T11:48:12.784+0000] {logging_mixin.py:188} INFO - [2024-07-16T11:48:12.784+0000] {dag.py:3089} INFO - Sync 1 DAGs
[2024-07-16T11:48:12.825+0000] {logging_mixin.py:188} INFO - [2024-07-16T11:48:12.824+0000] {dag.py:3947} INFO - Setting next_dagrun for example_bash_operator to 2024-07-15 00:00:00+00:00, run_after=2024-07-16 00:00:00+00:00
[2024-07-16T11:48:13.175+0000] {processor.py:183} INFO - Processing /home/airflow/.local/lib/python3.12/site-packages/airflow/example_dags/example_bash_operator.py took 0.462 seconds
[2024-07-16T11:48:44.157+0000] {processor.py:161} INFO - Started process (PID=180) to work on /home/airflow/.local/lib/python3.12/site-packages/airflow/example_dags/example_bash_operator.py
[2024-07-16T11:48:44.158+0000] {processor.py:830} INFO - Processing file /home/airflow/.local/lib/python3.12/site-packages/airflow/example_dags/example_bash_operator.py for tasks to queue
[2024-07-16T11:48:44.161+0000] {logging_mixin.py:188} INFO - [2024-07-16T11:48:44.160+0000] {dagbag.py:545} INFO - Filling up the DagBag from /home/airflow/.local/lib/python3.12/site-packages/airflow/example_dags/example_bash_operator.py
[2024-07-16T11:48:44.176+0000] {processor.py:840} INFO - DAG(s) 'example_bash_operator' retrieved from /home/airflow/.local/lib/python3.12/site-packages/airflow/example_dags/example_bash_operator.py
[2024-07-16T11:48:44.222+0000] {logging_mixin.py:188} INFO - [2024-07-16T11:48:44.222+0000] {dag.py:3089} INFO - Sync 1 DAGs
[2024-07-16T11:48:44.257+0000] {logging_mixin.py:188} INFO - [2024-07-16T11:48:44.256+0000] {dag.py:3947} INFO - Setting next_dagrun for example_bash_operator to 2024-07-15 00:00:00+00:00, run_after=2024-07-16 00:00:00+00:00
[2024-07-16T11:48:44.400+0000] {processor.py:183} INFO - Processing /home/airflow/.local/lib/python3.12/site-packages/airflow/example_dags/example_bash_operator.py took 0.250 seconds
[2024-07-16T11:49:14.871+0000] {processor.py:161} INFO - Started process (PID=241) to work on /home/airflow/.local/lib/python3.12/site-packages/airflow/example_dags/example_bash_operator.py
[2024-07-16T11:49:14.873+0000] {processor.py:830} INFO - Processing file /home/airflow/.local/lib/python3.12/site-packages/airflow/example_dags/example_bash_operator.py for tasks to queue
[2024-07-16T11:49:14.876+0000] {logging_mixin.py:188} INFO - [2024-07-16T11:49:14.875+0000] {dagbag.py:545} INFO - Filling up the DagBag from /home/airflow/.local/lib/python3.12/site-packages/airflow/example_dags/example_bash_operator.py
[2024-07-16T11:49:14.889+0000] {processor.py:840} INFO - DAG(s) 'example_bash_operator' retrieved from /home/airflow/.local/lib/python3.12/site-packages/airflow/example_dags/example_bash_operator.py
[2024-07-16T11:49:14.936+0000] {logging_mixin.py:188} INFO - [2024-07-16T11:49:14.935+0000] {dag.py:3089} INFO - Sync 1 DAGs
[2024-07-16T11:49:14.973+0000] {logging_mixin.py:188} INFO - [2024-07-16T11:49:14.973+0000] {dag.py:3947} INFO - Setting next_dagrun for example_bash_operator to 2024-07-15 00:00:00+00:00, run_after=2024-07-16 00:00:00+00:00
[2024-07-16T11:49:15.092+0000] {processor.py:183} INFO - Processing /home/airflow/.local/lib/python3.12/site-packages/airflow/example_dags/example_bash_operator.py took 0.227 seconds
[2024-07-16T11:49:46.820+0000] {processor.py:161} INFO - Started process (PID=301) to work on /home/airflow/.local/lib/python3.12/site-packages/airflow/example_dags/example_bash_operator.py
[2024-07-16T11:49:46.823+0000] {processor.py:830} INFO - Processing file /home/airflow/.local/lib/python3.12/site-packages/airflow/example_dags/example_bash_operator.py for tasks to queue
[2024-07-16T11:49:46.826+0000] {logging_mixin.py:188} INFO - [2024-07-16T11:49:46.825+0000] {dagbag.py:545} INFO - Filling up the DagBag from /home/airflow/.local/lib/python3.12/site-packages/airflow/example_dags/example_bash_operator.py
[2024-07-16T11:49:46.840+0000] {processor.py:840} INFO - DAG(s) 'example_bash_operator' retrieved from /home/airflow/.local/lib/python3.12/site-packages/airflow/example_dags/example_bash_operator.py
[2024-07-16T11:49:46.881+0000] {logging_mixin.py:188} INFO - [2024-07-16T11:49:46.881+0000] {dag.py:3089} INFO - Sync 1 DAGs
[2024-07-16T11:49:46.911+0000] {logging_mixin.py:188} INFO - [2024-07-16T11:49:46.911+0000] {dag.py:3947} INFO - Setting next_dagrun for example_bash_operator to 2024-07-15 00:00:00+00:00, run_after=2024-07-16 00:00:00+00:00
[2024-07-16T11:49:47.782+0000] {processor.py:183} INFO - Processing /home/airflow/.local/lib/python3.12/site-packages/airflow/example_dags/example_bash_operator.py took 0.971 seconds
[2024-07-16T11:50:18.279+0000] {processor.py:161} INFO - Started process (PID=361) to work on /home/airflow/.local/lib/python3.12/site-packages/airflow/example_dags/example_bash_operator.py
[2024-07-16T11:50:18.280+0000] {processor.py:830} INFO - Processing file /home/airflow/.local/lib/python3.12/site-packages/airflow/example_dags/example_bash_operator.py for tasks to queue
[2024-07-16T11:50:18.283+0000] {logging_mixin.py:188} INFO - [2024-07-16T11:50:18.283+0000] {dagbag.py:545} INFO - Filling up the DagBag from /home/airflow/.local/lib/python3.12/site-packages/airflow/example_dags/example_bash_operator.py
[2024-07-16T11:50:18.298+0000] {processor.py:840} INFO - DAG(s) 'example_bash_operator' retrieved from /home/airflow/.local/lib/python3.12/site-packages/airflow/example_dags/example_bash_operator.py
[2024-07-16T11:50:18.342+0000] {logging_mixin.py:188} INFO - [2024-07-16T11:50:18.341+0000] {dag.py:3089} INFO - Sync 1 DAGs
[2024-07-16T11:50:18.374+0000] {logging_mixin.py:188} INFO - [2024-07-16T11:50:18.374+0000] {dag.py:3947} INFO - Setting next_dagrun for example_bash_operator to 2024-07-15 00:00:00+00:00, run_after=2024-07-16 00:00:00+00:00
[2024-07-16T11:50:19.112+0000] {processor.py:183} INFO - Processing /home/airflow/.local/lib/python3.12/site-packages/airflow/example_dags/example_bash_operator.py took 0.841 seconds
[2024-07-16T11:50:49.713+0000] {processor.py:161} INFO - Started process (PID=421) to work on /home/airflow/.local/lib/python3.12/site-packages/airflow/example_dags/example_bash_operator.py
[2024-07-16T11:50:49.714+0000] {processor.py:830} INFO - Processing file /home/airflow/.local/lib/python3.12/site-packages/airflow/example_dags/example_bash_operator.py for tasks to queue
[2024-07-16T11:50:49.717+0000] {logging_mixin.py:188} INFO - [2024-07-16T11:50:49.716+0000] {dagbag.py:545} INFO - Filling up the DagBag from /home/airflow/.local/lib/python3.12/site-packages/airflow/example_dags/example_bash_operator.py
[2024-07-16T11:50:49.731+0000] {processor.py:840} INFO - DAG(s) 'example_bash_operator' retrieved from /home/airflow/.local/lib/python3.12/site-packages/airflow/example_dags/example_bash_operator.py
[2024-07-16T11:50:49.767+0000] {logging_mixin.py:188} INFO - [2024-07-16T11:50:49.767+0000] {dag.py:3089} INFO - Sync 1 DAGs
[2024-07-16T11:50:49.797+0000] {logging_mixin.py:188} INFO - [2024-07-16T11:50:49.797+0000] {dag.py:3947} INFO - Setting next_dagrun for example_bash_operator to 2024-07-15 00:00:00+00:00, run_after=2024-07-16 00:00:00+00:00
[2024-07-16T11:50:51.000+0000] {processor.py:183} INFO - Processing /home/airflow/.local/lib/python3.12/site-packages/airflow/example_dags/example_bash_operator.py took 1.295 seconds
[2024-07-16T11:52:06.120+0000] {processor.py:161} INFO - Started process (PID=506) to work on /home/airflow/.local/lib/python3.12/site-packages/airflow/example_dags/example_bash_operator.py
[2024-07-16T11:52:06.122+0000] {processor.py:830} INFO - Processing file /home/airflow/.local/lib/python3.12/site-packages/airflow/example_dags/example_bash_operator.py for tasks to queue
[2024-07-16T11:52:06.125+0000] {logging_mixin.py:188} INFO - [2024-07-16T11:52:06.124+0000] {dagbag.py:545} INFO - Filling up the DagBag from /home/airflow/.local/lib/python3.12/site-packages/airflow/example_dags/example_bash_operator.py
[2024-07-16T11:52:06.140+0000] {processor.py:840} INFO - DAG(s) 'example_bash_operator' retrieved from /home/airflow/.local/lib/python3.12/site-packages/airflow/example_dags/example_bash_operator.py
[2024-07-16T11:52:06.216+0000] {logging_mixin.py:188} INFO - [2024-07-16T11:52:06.215+0000] {dag.py:3089} INFO - Sync 1 DAGs
[2024-07-16T11:52:06.260+0000] {logging_mixin.py:188} INFO - [2024-07-16T11:52:06.259+0000] {dag.py:3947} INFO - Setting next_dagrun for example_bash_operator to 2024-07-15 00:00:00+00:00, run_after=2024-07-16 00:00:00+00:00
[2024-07-16T11:52:07.003+0000] {processor.py:183} INFO - Processing /home/airflow/.local/lib/python3.12/site-packages/airflow/example_dags/example_bash_operator.py took 0.890 seconds
