[2024-07-16T11:47:40.125+0000] {processor.py:161} INFO - Started process (PID=68) to work on /home/airflow/.local/lib/python3.12/site-packages/airflow/example_dags/example_params_ui_tutorial.py
[2024-07-16T11:47:40.127+0000] {processor.py:830} INFO - Processing file /home/airflow/.local/lib/python3.12/site-packages/airflow/example_dags/example_params_ui_tutorial.py for tasks to queue
[2024-07-16T11:47:40.130+0000] {logging_mixin.py:188} INFO - [2024-07-16T11:47:40.130+0000] {dagbag.py:545} INFO - Filling up the DagBag from /home/airflow/.local/lib/python3.12/site-packages/airflow/example_dags/example_params_ui_tutorial.py
[2024-07-16T11:47:40.144+0000] {processor.py:840} INFO - DAG(s) 'example_params_ui_tutorial' retrieved from /home/airflow/.local/lib/python3.12/site-packages/airflow/example_dags/example_params_ui_tutorial.py
[2024-07-16T11:47:40.364+0000] {logging_mixin.py:188} INFO - [2024-07-16T11:47:40.363+0000] {dag.py:3089} INFO - Sync 1 DAGs
[2024-07-16T11:47:40.382+0000] {logging_mixin.py:188} INFO - [2024-07-16T11:47:40.382+0000] {dag.py:3947} INFO - Setting next_dagrun for example_params_ui_tutorial to None, run_after=None
[2024-07-16T11:47:40.478+0000] {processor.py:183} INFO - Processing /home/airflow/.local/lib/python3.12/site-packages/airflow/example_dags/example_params_ui_tutorial.py took 0.361 seconds
[2024-07-16T11:48:12.889+0000] {processor.py:161} INFO - Started process (PID=122) to work on /home/airflow/.local/lib/python3.12/site-packages/airflow/example_dags/example_params_ui_tutorial.py
[2024-07-16T11:48:12.891+0000] {processor.py:830} INFO - Processing file /home/airflow/.local/lib/python3.12/site-packages/airflow/example_dags/example_params_ui_tutorial.py for tasks to queue
[2024-07-16T11:48:12.893+0000] {logging_mixin.py:188} INFO - [2024-07-16T11:48:12.893+0000] {dagbag.py:545} INFO - Filling up the DagBag from /home/airflow/.local/lib/python3.12/site-packages/airflow/example_dags/example_params_ui_tutorial.py
[2024-07-16T11:48:12.902+0000] {processor.py:840} INFO - DAG(s) 'example_params_ui_tutorial' retrieved from /home/airflow/.local/lib/python3.12/site-packages/airflow/example_dags/example_params_ui_tutorial.py
[2024-07-16T11:48:12.975+0000] {logging_mixin.py:188} INFO - [2024-07-16T11:48:12.975+0000] {dag.py:3089} INFO - Sync 1 DAGs
[2024-07-16T11:48:12.997+0000] {logging_mixin.py:188} INFO - [2024-07-16T11:48:12.996+0000] {dag.py:3947} INFO - Setting next_dagrun for example_params_ui_tutorial to None, run_after=None
[2024-07-16T11:48:13.345+0000] {processor.py:183} INFO - Processing /home/airflow/.local/lib/python3.12/site-packages/airflow/example_dags/example_params_ui_tutorial.py took 0.463 seconds
[2024-07-16T11:48:44.247+0000] {processor.py:161} INFO - Started process (PID=181) to work on /home/airflow/.local/lib/python3.12/site-packages/airflow/example_dags/example_params_ui_tutorial.py
[2024-07-16T11:48:44.249+0000] {processor.py:830} INFO - Processing file /home/airflow/.local/lib/python3.12/site-packages/airflow/example_dags/example_params_ui_tutorial.py for tasks to queue
[2024-07-16T11:48:44.252+0000] {logging_mixin.py:188} INFO - [2024-07-16T11:48:44.252+0000] {dagbag.py:545} INFO - Filling up the DagBag from /home/airflow/.local/lib/python3.12/site-packages/airflow/example_dags/example_params_ui_tutorial.py
[2024-07-16T11:48:44.262+0000] {processor.py:840} INFO - DAG(s) 'example_params_ui_tutorial' retrieved from /home/airflow/.local/lib/python3.12/site-packages/airflow/example_dags/example_params_ui_tutorial.py
[2024-07-16T11:48:44.330+0000] {logging_mixin.py:188} INFO - [2024-07-16T11:48:44.330+0000] {dag.py:3089} INFO - Sync 1 DAGs
[2024-07-16T11:48:44.346+0000] {logging_mixin.py:188} INFO - [2024-07-16T11:48:44.345+0000] {dag.py:3947} INFO - Setting next_dagrun for example_params_ui_tutorial to None, run_after=None
[2024-07-16T11:48:44.621+0000] {processor.py:183} INFO - Processing /home/airflow/.local/lib/python3.12/site-packages/airflow/example_dags/example_params_ui_tutorial.py took 0.382 seconds
[2024-07-16T11:49:15.137+0000] {processor.py:161} INFO - Started process (PID=242) to work on /home/airflow/.local/lib/python3.12/site-packages/airflow/example_dags/example_params_ui_tutorial.py
[2024-07-16T11:49:15.139+0000] {processor.py:830} INFO - Processing file /home/airflow/.local/lib/python3.12/site-packages/airflow/example_dags/example_params_ui_tutorial.py for tasks to queue
[2024-07-16T11:49:15.142+0000] {logging_mixin.py:188} INFO - [2024-07-16T11:49:15.141+0000] {dagbag.py:545} INFO - Filling up the DagBag from /home/airflow/.local/lib/python3.12/site-packages/airflow/example_dags/example_params_ui_tutorial.py
[2024-07-16T11:49:15.151+0000] {processor.py:840} INFO - DAG(s) 'example_params_ui_tutorial' retrieved from /home/airflow/.local/lib/python3.12/site-packages/airflow/example_dags/example_params_ui_tutorial.py
[2024-07-16T11:49:15.220+0000] {logging_mixin.py:188} INFO - [2024-07-16T11:49:15.220+0000] {dag.py:3089} INFO - Sync 1 DAGs
[2024-07-16T11:49:15.239+0000] {logging_mixin.py:188} INFO - [2024-07-16T11:49:15.239+0000] {dag.py:3947} INFO - Setting next_dagrun for example_params_ui_tutorial to None, run_after=None
[2024-07-16T11:49:15.290+0000] {processor.py:183} INFO - Processing /home/airflow/.local/lib/python3.12/site-packages/airflow/example_dags/example_params_ui_tutorial.py took 0.160 seconds
[2024-07-16T11:49:47.351+0000] {processor.py:161} INFO - Started process (PID=302) to work on /home/airflow/.local/lib/python3.12/site-packages/airflow/example_dags/example_params_ui_tutorial.py
[2024-07-16T11:49:47.352+0000] {processor.py:830} INFO - Processing file /home/airflow/.local/lib/python3.12/site-packages/airflow/example_dags/example_params_ui_tutorial.py for tasks to queue
[2024-07-16T11:49:47.355+0000] {logging_mixin.py:188} INFO - [2024-07-16T11:49:47.354+0000] {dagbag.py:545} INFO - Filling up the DagBag from /home/airflow/.local/lib/python3.12/site-packages/airflow/example_dags/example_params_ui_tutorial.py
[2024-07-16T11:49:47.364+0000] {processor.py:840} INFO - DAG(s) 'example_params_ui_tutorial' retrieved from /home/airflow/.local/lib/python3.12/site-packages/airflow/example_dags/example_params_ui_tutorial.py
[2024-07-16T11:49:47.446+0000] {logging_mixin.py:188} INFO - [2024-07-16T11:49:47.446+0000] {dag.py:3089} INFO - Sync 1 DAGs
[2024-07-16T11:49:47.467+0000] {logging_mixin.py:188} INFO - [2024-07-16T11:49:47.467+0000] {dag.py:3947} INFO - Setting next_dagrun for example_params_ui_tutorial to None, run_after=None
[2024-07-16T11:49:48.115+0000] {processor.py:183} INFO - Processing /home/airflow/.local/lib/python3.12/site-packages/airflow/example_dags/example_params_ui_tutorial.py took 0.771 seconds
[2024-07-16T11:50:18.723+0000] {processor.py:161} INFO - Started process (PID=362) to work on /home/airflow/.local/lib/python3.12/site-packages/airflow/example_dags/example_params_ui_tutorial.py
[2024-07-16T11:50:18.725+0000] {processor.py:830} INFO - Processing file /home/airflow/.local/lib/python3.12/site-packages/airflow/example_dags/example_params_ui_tutorial.py for tasks to queue
[2024-07-16T11:50:18.728+0000] {logging_mixin.py:188} INFO - [2024-07-16T11:50:18.727+0000] {dagbag.py:545} INFO - Filling up the DagBag from /home/airflow/.local/lib/python3.12/site-packages/airflow/example_dags/example_params_ui_tutorial.py
[2024-07-16T11:50:18.740+0000] {processor.py:840} INFO - DAG(s) 'example_params_ui_tutorial' retrieved from /home/airflow/.local/lib/python3.12/site-packages/airflow/example_dags/example_params_ui_tutorial.py
[2024-07-16T11:50:18.820+0000] {logging_mixin.py:188} INFO - [2024-07-16T11:50:18.819+0000] {dag.py:3089} INFO - Sync 1 DAGs
[2024-07-16T11:50:18.838+0000] {logging_mixin.py:188} INFO - [2024-07-16T11:50:18.838+0000] {dag.py:3947} INFO - Setting next_dagrun for example_params_ui_tutorial to None, run_after=None
[2024-07-16T11:50:19.274+0000] {processor.py:183} INFO - Processing /home/airflow/.local/lib/python3.12/site-packages/airflow/example_dags/example_params_ui_tutorial.py took 0.559 seconds
[2024-07-16T11:50:50.338+0000] {processor.py:161} INFO - Started process (PID=422) to work on /home/airflow/.local/lib/python3.12/site-packages/airflow/example_dags/example_params_ui_tutorial.py
[2024-07-16T11:50:50.339+0000] {processor.py:830} INFO - Processing file /home/airflow/.local/lib/python3.12/site-packages/airflow/example_dags/example_params_ui_tutorial.py for tasks to queue
[2024-07-16T11:50:50.342+0000] {logging_mixin.py:188} INFO - [2024-07-16T11:50:50.342+0000] {dagbag.py:545} INFO - Filling up the DagBag from /home/airflow/.local/lib/python3.12/site-packages/airflow/example_dags/example_params_ui_tutorial.py
[2024-07-16T11:50:50.351+0000] {processor.py:840} INFO - DAG(s) 'example_params_ui_tutorial' retrieved from /home/airflow/.local/lib/python3.12/site-packages/airflow/example_dags/example_params_ui_tutorial.py
[2024-07-16T11:50:50.429+0000] {logging_mixin.py:188} INFO - [2024-07-16T11:50:50.429+0000] {dag.py:3089} INFO - Sync 1 DAGs
[2024-07-16T11:50:50.447+0000] {logging_mixin.py:188} INFO - [2024-07-16T11:50:50.446+0000] {dag.py:3947} INFO - Setting next_dagrun for example_params_ui_tutorial to None, run_after=None
[2024-07-16T11:50:51.000+0000] {processor.py:183} INFO - Processing /home/airflow/.local/lib/python3.12/site-packages/airflow/example_dags/example_params_ui_tutorial.py took 0.670 seconds
[2024-07-16T11:52:06.410+0000] {processor.py:161} INFO - Started process (PID=507) to work on /home/airflow/.local/lib/python3.12/site-packages/airflow/example_dags/example_params_ui_tutorial.py
[2024-07-16T11:52:06.412+0000] {processor.py:830} INFO - Processing file /home/airflow/.local/lib/python3.12/site-packages/airflow/example_dags/example_params_ui_tutorial.py for tasks to queue
[2024-07-16T11:52:06.414+0000] {logging_mixin.py:188} INFO - [2024-07-16T11:52:06.414+0000] {dagbag.py:545} INFO - Filling up the DagBag from /home/airflow/.local/lib/python3.12/site-packages/airflow/example_dags/example_params_ui_tutorial.py
[2024-07-16T11:52:06.424+0000] {processor.py:840} INFO - DAG(s) 'example_params_ui_tutorial' retrieved from /home/airflow/.local/lib/python3.12/site-packages/airflow/example_dags/example_params_ui_tutorial.py
[2024-07-16T11:52:06.504+0000] {logging_mixin.py:188} INFO - [2024-07-16T11:52:06.504+0000] {dag.py:3089} INFO - Sync 1 DAGs
[2024-07-16T11:52:06.525+0000] {logging_mixin.py:188} INFO - [2024-07-16T11:52:06.525+0000] {dag.py:3947} INFO - Setting next_dagrun for example_params_ui_tutorial to None, run_after=None
[2024-07-16T11:52:07.003+0000] {processor.py:183} INFO - Processing /home/airflow/.local/lib/python3.12/site-packages/airflow/example_dags/example_params_ui_tutorial.py took 0.603 seconds
