[2024-07-16T11:47:45.735+0000] {processor.py:161} INFO - Started process (PID=88) to work on /home/airflow/.local/lib/python3.12/site-packages/airflow/example_dags/example_python_decorator.py
[2024-07-16T11:47:45.736+0000] {processor.py:830} INFO - Processing file /home/airflow/.local/lib/python3.12/site-packages/airflow/example_dags/example_python_decorator.py for tasks to queue
[2024-07-16T11:47:45.739+0000] {logging_mixin.py:188} INFO - [2024-07-16T11:47:45.739+0000] {dagbag.py:545} INFO - Filling up the DagBag from /home/airflow/.local/lib/python3.12/site-packages/airflow/example_dags/example_python_decorator.py
[2024-07-16T11:47:45.758+0000] {processor.py:840} INFO - DAG(s) 'example_python_decorator' retrieved from /home/airflow/.local/lib/python3.12/site-packages/airflow/example_dags/example_python_decorator.py
[2024-07-16T11:47:45.957+0000] {logging_mixin.py:188} INFO - [2024-07-16T11:47:45.956+0000] {dag.py:3089} INFO - Sync 1 DAGs
[2024-07-16T11:47:45.975+0000] {logging_mixin.py:188} INFO - [2024-07-16T11:47:45.975+0000] {dag.py:3947} INFO - Setting next_dagrun for example_python_decorator to None, run_after=None
[2024-07-16T11:47:46.115+0000] {processor.py:183} INFO - Processing /home/airflow/.local/lib/python3.12/site-packages/airflow/example_dags/example_python_decorator.py took 0.388 seconds
[2024-07-16T11:48:19.119+0000] {processor.py:161} INFO - Started process (PID=147) to work on /home/airflow/.local/lib/python3.12/site-packages/airflow/example_dags/example_python_decorator.py
[2024-07-16T11:48:19.120+0000] {processor.py:830} INFO - Processing file /home/airflow/.local/lib/python3.12/site-packages/airflow/example_dags/example_python_decorator.py for tasks to queue
[2024-07-16T11:48:19.123+0000] {logging_mixin.py:188} INFO - [2024-07-16T11:48:19.123+0000] {dagbag.py:545} INFO - Filling up the DagBag from /home/airflow/.local/lib/python3.12/site-packages/airflow/example_dags/example_python_decorator.py
[2024-07-16T11:48:19.141+0000] {processor.py:840} INFO - DAG(s) 'example_python_decorator' retrieved from /home/airflow/.local/lib/python3.12/site-packages/airflow/example_dags/example_python_decorator.py
[2024-07-16T11:48:19.178+0000] {logging_mixin.py:188} INFO - [2024-07-16T11:48:19.177+0000] {dag.py:3089} INFO - Sync 1 DAGs
[2024-07-16T11:48:19.196+0000] {logging_mixin.py:188} INFO - [2024-07-16T11:48:19.196+0000] {dag.py:3947} INFO - Setting next_dagrun for example_python_decorator to None, run_after=None
[2024-07-16T11:48:19.550+0000] {processor.py:183} INFO - Processing /home/airflow/.local/lib/python3.12/site-packages/airflow/example_dags/example_python_decorator.py took 0.438 seconds
[2024-07-16T11:48:52.029+0000] {processor.py:161} INFO - Started process (PID=208) to work on /home/airflow/.local/lib/python3.12/site-packages/airflow/example_dags/example_python_decorator.py
[2024-07-16T11:48:52.032+0000] {processor.py:830} INFO - Processing file /home/airflow/.local/lib/python3.12/site-packages/airflow/example_dags/example_python_decorator.py for tasks to queue
[2024-07-16T11:48:52.036+0000] {logging_mixin.py:188} INFO - [2024-07-16T11:48:52.036+0000] {dagbag.py:545} INFO - Filling up the DagBag from /home/airflow/.local/lib/python3.12/site-packages/airflow/example_dags/example_python_decorator.py
[2024-07-16T11:48:52.057+0000] {processor.py:840} INFO - DAG(s) 'example_python_decorator' retrieved from /home/airflow/.local/lib/python3.12/site-packages/airflow/example_dags/example_python_decorator.py
[2024-07-16T11:48:52.092+0000] {logging_mixin.py:188} INFO - [2024-07-16T11:48:52.091+0000] {dag.py:3089} INFO - Sync 1 DAGs
[2024-07-16T11:48:52.112+0000] {logging_mixin.py:188} INFO - [2024-07-16T11:48:52.112+0000] {dag.py:3947} INFO - Setting next_dagrun for example_python_decorator to None, run_after=None
[2024-07-16T11:48:52.857+0000] {processor.py:183} INFO - Processing /home/airflow/.local/lib/python3.12/site-packages/airflow/example_dags/example_python_decorator.py took 0.839 seconds
[2024-07-16T11:49:23.155+0000] {processor.py:161} INFO - Started process (PID=268) to work on /home/airflow/.local/lib/python3.12/site-packages/airflow/example_dags/example_python_decorator.py
[2024-07-16T11:49:23.157+0000] {processor.py:830} INFO - Processing file /home/airflow/.local/lib/python3.12/site-packages/airflow/example_dags/example_python_decorator.py for tasks to queue
[2024-07-16T11:49:23.160+0000] {logging_mixin.py:188} INFO - [2024-07-16T11:49:23.160+0000] {dagbag.py:545} INFO - Filling up the DagBag from /home/airflow/.local/lib/python3.12/site-packages/airflow/example_dags/example_python_decorator.py
[2024-07-16T11:49:23.178+0000] {processor.py:840} INFO - DAG(s) 'example_python_decorator' retrieved from /home/airflow/.local/lib/python3.12/site-packages/airflow/example_dags/example_python_decorator.py
[2024-07-16T11:49:23.217+0000] {logging_mixin.py:188} INFO - [2024-07-16T11:49:23.217+0000] {dag.py:3089} INFO - Sync 1 DAGs
[2024-07-16T11:49:23.237+0000] {logging_mixin.py:188} INFO - [2024-07-16T11:49:23.236+0000] {dag.py:3947} INFO - Setting next_dagrun for example_python_decorator to None, run_after=None
[2024-07-16T11:49:23.857+0000] {processor.py:183} INFO - Processing /home/airflow/.local/lib/python3.12/site-packages/airflow/example_dags/example_python_decorator.py took 0.711 seconds
[2024-07-16T11:49:55.674+0000] {processor.py:161} INFO - Started process (PID=328) to work on /home/airflow/.local/lib/python3.12/site-packages/airflow/example_dags/example_python_decorator.py
[2024-07-16T11:49:55.676+0000] {processor.py:830} INFO - Processing file /home/airflow/.local/lib/python3.12/site-packages/airflow/example_dags/example_python_decorator.py for tasks to queue
[2024-07-16T11:49:55.679+0000] {logging_mixin.py:188} INFO - [2024-07-16T11:49:55.678+0000] {dagbag.py:545} INFO - Filling up the DagBag from /home/airflow/.local/lib/python3.12/site-packages/airflow/example_dags/example_python_decorator.py
[2024-07-16T11:49:55.700+0000] {processor.py:840} INFO - DAG(s) 'example_python_decorator' retrieved from /home/airflow/.local/lib/python3.12/site-packages/airflow/example_dags/example_python_decorator.py
[2024-07-16T11:49:55.734+0000] {logging_mixin.py:188} INFO - [2024-07-16T11:49:55.733+0000] {dag.py:3089} INFO - Sync 1 DAGs
[2024-07-16T11:49:55.752+0000] {logging_mixin.py:188} INFO - [2024-07-16T11:49:55.752+0000] {dag.py:3947} INFO - Setting next_dagrun for example_python_decorator to None, run_after=None
[2024-07-16T11:49:56.034+0000] {processor.py:183} INFO - Processing /home/airflow/.local/lib/python3.12/site-packages/airflow/example_dags/example_python_decorator.py took 0.367 seconds
[2024-07-16T11:50:27.370+0000] {processor.py:161} INFO - Started process (PID=388) to work on /home/airflow/.local/lib/python3.12/site-packages/airflow/example_dags/example_python_decorator.py
[2024-07-16T11:50:27.372+0000] {processor.py:830} INFO - Processing file /home/airflow/.local/lib/python3.12/site-packages/airflow/example_dags/example_python_decorator.py for tasks to queue
[2024-07-16T11:50:27.374+0000] {logging_mixin.py:188} INFO - [2024-07-16T11:50:27.374+0000] {dagbag.py:545} INFO - Filling up the DagBag from /home/airflow/.local/lib/python3.12/site-packages/airflow/example_dags/example_python_decorator.py
[2024-07-16T11:50:27.391+0000] {processor.py:840} INFO - DAG(s) 'example_python_decorator' retrieved from /home/airflow/.local/lib/python3.12/site-packages/airflow/example_dags/example_python_decorator.py
[2024-07-16T11:50:27.424+0000] {logging_mixin.py:188} INFO - [2024-07-16T11:50:27.423+0000] {dag.py:3089} INFO - Sync 1 DAGs
[2024-07-16T11:50:27.442+0000] {logging_mixin.py:188} INFO - [2024-07-16T11:50:27.442+0000] {dag.py:3947} INFO - Setting next_dagrun for example_python_decorator to None, run_after=None
[2024-07-16T11:50:27.825+0000] {processor.py:183} INFO - Processing /home/airflow/.local/lib/python3.12/site-packages/airflow/example_dags/example_python_decorator.py took 0.462 seconds
[2024-07-16T11:50:58.150+0000] {processor.py:161} INFO - Started process (PID=448) to work on /home/airflow/.local/lib/python3.12/site-packages/airflow/example_dags/example_python_decorator.py
[2024-07-16T11:50:58.153+0000] {processor.py:830} INFO - Processing file /home/airflow/.local/lib/python3.12/site-packages/airflow/example_dags/example_python_decorator.py for tasks to queue
[2024-07-16T11:50:58.156+0000] {logging_mixin.py:188} INFO - [2024-07-16T11:50:58.156+0000] {dagbag.py:545} INFO - Filling up the DagBag from /home/airflow/.local/lib/python3.12/site-packages/airflow/example_dags/example_python_decorator.py
[2024-07-16T11:50:58.173+0000] {processor.py:840} INFO - DAG(s) 'example_python_decorator' retrieved from /home/airflow/.local/lib/python3.12/site-packages/airflow/example_dags/example_python_decorator.py
[2024-07-16T11:50:58.207+0000] {logging_mixin.py:188} INFO - [2024-07-16T11:50:58.207+0000] {dag.py:3089} INFO - Sync 1 DAGs
[2024-07-16T11:50:58.226+0000] {logging_mixin.py:188} INFO - [2024-07-16T11:50:58.225+0000] {dag.py:3947} INFO - Setting next_dagrun for example_python_decorator to None, run_after=None
[2024-07-16T11:50:58.441+0000] {processor.py:183} INFO - Processing /home/airflow/.local/lib/python3.12/site-packages/airflow/example_dags/example_python_decorator.py took 0.300 seconds
[2024-07-16T11:52:16.181+0000] {processor.py:161} INFO - Started process (PID=527) to work on /home/airflow/.local/lib/python3.12/site-packages/airflow/example_dags/example_python_decorator.py
[2024-07-16T11:52:16.184+0000] {processor.py:830} INFO - Processing file /home/airflow/.local/lib/python3.12/site-packages/airflow/example_dags/example_python_decorator.py for tasks to queue
[2024-07-16T11:52:16.188+0000] {logging_mixin.py:188} INFO - [2024-07-16T11:52:16.187+0000] {dagbag.py:545} INFO - Filling up the DagBag from /home/airflow/.local/lib/python3.12/site-packages/airflow/example_dags/example_python_decorator.py
[2024-07-16T11:52:16.208+0000] {processor.py:840} INFO - DAG(s) 'example_python_decorator' retrieved from /home/airflow/.local/lib/python3.12/site-packages/airflow/example_dags/example_python_decorator.py
[2024-07-16T11:52:16.256+0000] {logging_mixin.py:188} INFO - [2024-07-16T11:52:16.256+0000] {dag.py:3089} INFO - Sync 1 DAGs
[2024-07-16T11:52:16.278+0000] {logging_mixin.py:188} INFO - [2024-07-16T11:52:16.277+0000] {dag.py:3947} INFO - Setting next_dagrun for example_python_decorator to None, run_after=None
[2024-07-16T11:52:16.881+0000] {processor.py:183} INFO - Processing /home/airflow/.local/lib/python3.12/site-packages/airflow/example_dags/example_python_decorator.py took 0.709 seconds
