[2024-07-16T11:47:39.735+0000] {processor.py:161} INFO - Started process (PID=66) to work on /home/airflow/.local/lib/python3.12/site-packages/airflow/example_dags/example_setup_teardown.py
[2024-07-16T11:47:39.738+0000] {processor.py:830} INFO - Processing file /home/airflow/.local/lib/python3.12/site-packages/airflow/example_dags/example_setup_teardown.py for tasks to queue
[2024-07-16T11:47:39.741+0000] {logging_mixin.py:188} INFO - [2024-07-16T11:47:39.740+0000] {dagbag.py:545} INFO - Filling up the DagBag from /home/airflow/.local/lib/python3.12/site-packages/airflow/example_dags/example_setup_teardown.py
[2024-07-16T11:47:39.753+0000] {processor.py:840} INFO - DAG(s) 'example_setup_teardown' retrieved from /home/airflow/.local/lib/python3.12/site-packages/airflow/example_dags/example_setup_teardown.py
[2024-07-16T11:47:39.928+0000] {logging_mixin.py:188} INFO - [2024-07-16T11:47:39.927+0000] {dag.py:3089} INFO - Sync 1 DAGs
[2024-07-16T11:47:39.957+0000] {logging_mixin.py:188} INFO - [2024-07-16T11:47:39.957+0000] {dag.py:3947} INFO - Setting next_dagrun for example_setup_teardown to 2024-07-15 00:00:00+00:00, run_after=2024-07-16 00:00:00+00:00
[2024-07-16T11:47:40.077+0000] {processor.py:183} INFO - Processing /home/airflow/.local/lib/python3.12/site-packages/airflow/example_dags/example_setup_teardown.py took 0.351 seconds
[2024-07-16T11:48:12.545+0000] {processor.py:161} INFO - Started process (PID=120) to work on /home/airflow/.local/lib/python3.12/site-packages/airflow/example_dags/example_setup_teardown.py
[2024-07-16T11:48:12.546+0000] {processor.py:830} INFO - Processing file /home/airflow/.local/lib/python3.12/site-packages/airflow/example_dags/example_setup_teardown.py for tasks to queue
[2024-07-16T11:48:12.549+0000] {logging_mixin.py:188} INFO - [2024-07-16T11:48:12.549+0000] {dagbag.py:545} INFO - Filling up the DagBag from /home/airflow/.local/lib/python3.12/site-packages/airflow/example_dags/example_setup_teardown.py
[2024-07-16T11:48:12.560+0000] {processor.py:840} INFO - DAG(s) 'example_setup_teardown' retrieved from /home/airflow/.local/lib/python3.12/site-packages/airflow/example_dags/example_setup_teardown.py
[2024-07-16T11:48:12.596+0000] {logging_mixin.py:188} INFO - [2024-07-16T11:48:12.596+0000] {dag.py:3089} INFO - Sync 1 DAGs
[2024-07-16T11:48:12.627+0000] {logging_mixin.py:188} INFO - [2024-07-16T11:48:12.627+0000] {dag.py:3947} INFO - Setting next_dagrun for example_setup_teardown to 2024-07-15 00:00:00+00:00, run_after=2024-07-16 00:00:00+00:00
[2024-07-16T11:48:12.838+0000] {processor.py:183} INFO - Processing /home/airflow/.local/lib/python3.12/site-packages/airflow/example_dags/example_setup_teardown.py took 0.300 seconds
[2024-07-16T11:48:43.893+0000] {processor.py:161} INFO - Started process (PID=179) to work on /home/airflow/.local/lib/python3.12/site-packages/airflow/example_dags/example_setup_teardown.py
[2024-07-16T11:48:43.895+0000] {processor.py:830} INFO - Processing file /home/airflow/.local/lib/python3.12/site-packages/airflow/example_dags/example_setup_teardown.py for tasks to queue
[2024-07-16T11:48:43.898+0000] {logging_mixin.py:188} INFO - [2024-07-16T11:48:43.897+0000] {dagbag.py:545} INFO - Filling up the DagBag from /home/airflow/.local/lib/python3.12/site-packages/airflow/example_dags/example_setup_teardown.py
[2024-07-16T11:48:43.906+0000] {processor.py:840} INFO - DAG(s) 'example_setup_teardown' retrieved from /home/airflow/.local/lib/python3.12/site-packages/airflow/example_dags/example_setup_teardown.py
[2024-07-16T11:48:43.937+0000] {logging_mixin.py:188} INFO - [2024-07-16T11:48:43.937+0000] {dag.py:3089} INFO - Sync 1 DAGs
[2024-07-16T11:48:43.969+0000] {logging_mixin.py:188} INFO - [2024-07-16T11:48:43.969+0000] {dag.py:3947} INFO - Setting next_dagrun for example_setup_teardown to 2024-07-15 00:00:00+00:00, run_after=2024-07-16 00:00:00+00:00
[2024-07-16T11:48:44.199+0000] {processor.py:183} INFO - Processing /home/airflow/.local/lib/python3.12/site-packages/airflow/example_dags/example_setup_teardown.py took 0.314 seconds
[2024-07-16T11:49:14.871+0000] {processor.py:161} INFO - Started process (PID=240) to work on /home/airflow/.local/lib/python3.12/site-packages/airflow/example_dags/example_setup_teardown.py
[2024-07-16T11:49:14.873+0000] {processor.py:830} INFO - Processing file /home/airflow/.local/lib/python3.12/site-packages/airflow/example_dags/example_setup_teardown.py for tasks to queue
[2024-07-16T11:49:14.876+0000] {logging_mixin.py:188} INFO - [2024-07-16T11:49:14.876+0000] {dagbag.py:545} INFO - Filling up the DagBag from /home/airflow/.local/lib/python3.12/site-packages/airflow/example_dags/example_setup_teardown.py
[2024-07-16T11:49:14.886+0000] {processor.py:840} INFO - DAG(s) 'example_setup_teardown' retrieved from /home/airflow/.local/lib/python3.12/site-packages/airflow/example_dags/example_setup_teardown.py
[2024-07-16T11:49:14.920+0000] {logging_mixin.py:188} INFO - [2024-07-16T11:49:14.920+0000] {dag.py:3089} INFO - Sync 1 DAGs
[2024-07-16T11:49:14.955+0000] {logging_mixin.py:188} INFO - [2024-07-16T11:49:14.954+0000] {dag.py:3947} INFO - Setting next_dagrun for example_setup_teardown to 2024-07-15 00:00:00+00:00, run_after=2024-07-16 00:00:00+00:00
[2024-07-16T11:49:15.082+0000] {processor.py:183} INFO - Processing /home/airflow/.local/lib/python3.12/site-packages/airflow/example_dags/example_setup_teardown.py took 0.219 seconds
[2024-07-16T11:49:46.484+0000] {processor.py:161} INFO - Started process (PID=300) to work on /home/airflow/.local/lib/python3.12/site-packages/airflow/example_dags/example_setup_teardown.py
[2024-07-16T11:49:46.485+0000] {processor.py:830} INFO - Processing file /home/airflow/.local/lib/python3.12/site-packages/airflow/example_dags/example_setup_teardown.py for tasks to queue
[2024-07-16T11:49:46.488+0000] {logging_mixin.py:188} INFO - [2024-07-16T11:49:46.488+0000] {dagbag.py:545} INFO - Filling up the DagBag from /home/airflow/.local/lib/python3.12/site-packages/airflow/example_dags/example_setup_teardown.py
[2024-07-16T11:49:46.497+0000] {processor.py:840} INFO - DAG(s) 'example_setup_teardown' retrieved from /home/airflow/.local/lib/python3.12/site-packages/airflow/example_dags/example_setup_teardown.py
[2024-07-16T11:49:46.527+0000] {logging_mixin.py:188} INFO - [2024-07-16T11:49:46.526+0000] {dag.py:3089} INFO - Sync 1 DAGs
[2024-07-16T11:49:46.557+0000] {logging_mixin.py:188} INFO - [2024-07-16T11:49:46.557+0000] {dag.py:3947} INFO - Setting next_dagrun for example_setup_teardown to 2024-07-15 00:00:00+00:00, run_after=2024-07-16 00:00:00+00:00
[2024-07-16T11:49:47.304+0000] {processor.py:183} INFO - Processing /home/airflow/.local/lib/python3.12/site-packages/airflow/example_dags/example_setup_teardown.py took 0.827 seconds
[2024-07-16T11:50:17.745+0000] {processor.py:161} INFO - Started process (PID=360) to work on /home/airflow/.local/lib/python3.12/site-packages/airflow/example_dags/example_setup_teardown.py
[2024-07-16T11:50:17.747+0000] {processor.py:830} INFO - Processing file /home/airflow/.local/lib/python3.12/site-packages/airflow/example_dags/example_setup_teardown.py for tasks to queue
[2024-07-16T11:50:17.749+0000] {logging_mixin.py:188} INFO - [2024-07-16T11:50:17.749+0000] {dagbag.py:545} INFO - Filling up the DagBag from /home/airflow/.local/lib/python3.12/site-packages/airflow/example_dags/example_setup_teardown.py
[2024-07-16T11:50:17.757+0000] {processor.py:840} INFO - DAG(s) 'example_setup_teardown' retrieved from /home/airflow/.local/lib/python3.12/site-packages/airflow/example_dags/example_setup_teardown.py
[2024-07-16T11:50:17.788+0000] {logging_mixin.py:188} INFO - [2024-07-16T11:50:17.787+0000] {dag.py:3089} INFO - Sync 1 DAGs
[2024-07-16T11:50:17.840+0000] {logging_mixin.py:188} INFO - [2024-07-16T11:50:17.840+0000] {dag.py:3947} INFO - Setting next_dagrun for example_setup_teardown to 2024-07-15 00:00:00+00:00, run_after=2024-07-16 00:00:00+00:00
[2024-07-16T11:50:18.667+0000] {processor.py:183} INFO - Processing /home/airflow/.local/lib/python3.12/site-packages/airflow/example_dags/example_setup_teardown.py took 0.929 seconds
[2024-07-16T11:50:48.846+0000] {processor.py:161} INFO - Started process (PID=420) to work on /home/airflow/.local/lib/python3.12/site-packages/airflow/example_dags/example_setup_teardown.py
[2024-07-16T11:50:48.848+0000] {processor.py:830} INFO - Processing file /home/airflow/.local/lib/python3.12/site-packages/airflow/example_dags/example_setup_teardown.py for tasks to queue
[2024-07-16T11:50:48.851+0000] {logging_mixin.py:188} INFO - [2024-07-16T11:50:48.851+0000] {dagbag.py:545} INFO - Filling up the DagBag from /home/airflow/.local/lib/python3.12/site-packages/airflow/example_dags/example_setup_teardown.py
[2024-07-16T11:50:48.864+0000] {processor.py:840} INFO - DAG(s) 'example_setup_teardown' retrieved from /home/airflow/.local/lib/python3.12/site-packages/airflow/example_dags/example_setup_teardown.py
[2024-07-16T11:50:48.906+0000] {logging_mixin.py:188} INFO - [2024-07-16T11:50:48.905+0000] {dag.py:3089} INFO - Sync 1 DAGs
[2024-07-16T11:50:48.966+0000] {logging_mixin.py:188} INFO - [2024-07-16T11:50:48.965+0000] {dag.py:3947} INFO - Setting next_dagrun for example_setup_teardown to 2024-07-15 00:00:00+00:00, run_after=2024-07-16 00:00:00+00:00
[2024-07-16T11:50:49.667+0000] {processor.py:183} INFO - Processing /home/airflow/.local/lib/python3.12/site-packages/airflow/example_dags/example_setup_teardown.py took 0.828 seconds
[2024-07-16T11:51:39.550+0000] {processor.py:161} INFO - Started process (PID=486) to work on /home/airflow/.local/lib/python3.12/site-packages/airflow/example_dags/example_setup_teardown.py
[2024-07-16T11:51:39.552+0000] {processor.py:830} INFO - Processing file /home/airflow/.local/lib/python3.12/site-packages/airflow/example_dags/example_setup_teardown.py for tasks to queue
[2024-07-16T11:51:39.555+0000] {logging_mixin.py:188} INFO - [2024-07-16T11:51:39.554+0000] {dagbag.py:545} INFO - Filling up the DagBag from /home/airflow/.local/lib/python3.12/site-packages/airflow/example_dags/example_setup_teardown.py
[2024-07-16T11:51:39.685+0000] {processor.py:840} INFO - DAG(s) 'example_setup_teardown' retrieved from /home/airflow/.local/lib/python3.12/site-packages/airflow/example_dags/example_setup_teardown.py
[2024-07-16T11:51:40.869+0000] {logging_mixin.py:188} INFO - [2024-07-16T11:51:40.868+0000] {dag.py:3089} INFO - Sync 1 DAGs
[2024-07-16T11:51:45.674+0000] {logging_mixin.py:188} INFO - [2024-07-16T11:51:45.673+0000] {dag.py:3947} INFO - Setting next_dagrun for example_setup_teardown to 2024-07-15 00:00:00+00:00, run_after=2024-07-16 00:00:00+00:00
[2024-07-16T11:51:48.918+0000] {processor.py:183} INFO - Processing /home/airflow/.local/lib/python3.12/site-packages/airflow/example_dags/example_setup_teardown.py took 9.375 seconds
