[2024-07-16T11:47:27.916+0000] {processor.py:161} INFO - Started process (PID=46) to work on /home/airflow/.local/lib/python3.12/site-packages/airflow/example_dags/example_xcomargs.py
[2024-07-16T11:47:27.918+0000] {processor.py:830} INFO - Processing file /home/airflow/.local/lib/python3.12/site-packages/airflow/example_dags/example_xcomargs.py for tasks to queue
[2024-07-16T11:47:27.921+0000] {logging_mixin.py:188} INFO - [2024-07-16T11:47:27.921+0000] {dagbag.py:545} INFO - Filling up the DagBag from /home/airflow/.local/lib/python3.12/site-packages/airflow/example_dags/example_xcomargs.py
[2024-07-16T11:47:27.937+0000] {processor.py:840} INFO - DAG(s) 'example_xcom_args', 'example_xcom_args_with_operators' retrieved from /home/airflow/.local/lib/python3.12/site-packages/airflow/example_dags/example_xcomargs.py
[2024-07-16T11:47:28.475+0000] {logging_mixin.py:188} INFO - [2024-07-16T11:47:28.475+0000] {dag.py:3089} INFO - Sync 2 DAGs
[2024-07-16T11:47:28.500+0000] {logging_mixin.py:188} INFO - [2024-07-16T11:47:28.499+0000] {dag.py:3947} INFO - Setting next_dagrun for example_xcom_args to None, run_after=None
[2024-07-16T11:47:28.507+0000] {logging_mixin.py:188} INFO - [2024-07-16T11:47:28.506+0000] {dag.py:3947} INFO - Setting next_dagrun for example_xcom_args_with_operators to None, run_after=None
[2024-07-16T11:47:28.802+0000] {processor.py:183} INFO - Processing /home/airflow/.local/lib/python3.12/site-packages/airflow/example_dags/example_xcomargs.py took 0.894 seconds
[2024-07-16T11:47:59.570+0000] {processor.py:161} INFO - Started process (PID=104) to work on /home/airflow/.local/lib/python3.12/site-packages/airflow/example_dags/example_xcomargs.py
[2024-07-16T11:47:59.572+0000] {processor.py:830} INFO - Processing file /home/airflow/.local/lib/python3.12/site-packages/airflow/example_dags/example_xcomargs.py for tasks to queue
[2024-07-16T11:47:59.575+0000] {logging_mixin.py:188} INFO - [2024-07-16T11:47:59.574+0000] {dagbag.py:545} INFO - Filling up the DagBag from /home/airflow/.local/lib/python3.12/site-packages/airflow/example_dags/example_xcomargs.py
[2024-07-16T11:47:59.586+0000] {processor.py:840} INFO - DAG(s) 'example_xcom_args_with_operators', 'example_xcom_args' retrieved from /home/airflow/.local/lib/python3.12/site-packages/airflow/example_dags/example_xcomargs.py
[2024-07-16T11:47:59.624+0000] {logging_mixin.py:188} INFO - [2024-07-16T11:47:59.623+0000] {dag.py:3089} INFO - Sync 2 DAGs
[2024-07-16T11:47:59.646+0000] {logging_mixin.py:188} INFO - [2024-07-16T11:47:59.645+0000] {dag.py:3947} INFO - Setting next_dagrun for example_xcom_args to None, run_after=None
[2024-07-16T11:47:59.654+0000] {logging_mixin.py:188} INFO - [2024-07-16T11:47:59.653+0000] {dag.py:3947} INFO - Setting next_dagrun for example_xcom_args_with_operators to None, run_after=None
[2024-07-16T11:47:59.944+0000] {processor.py:183} INFO - Processing /home/airflow/.local/lib/python3.12/site-packages/airflow/example_dags/example_xcomargs.py took 0.381 seconds
[2024-07-16T11:48:29.995+0000] {processor.py:161} INFO - Started process (PID=163) to work on /home/airflow/.local/lib/python3.12/site-packages/airflow/example_dags/example_xcomargs.py
[2024-07-16T11:48:29.997+0000] {processor.py:830} INFO - Processing file /home/airflow/.local/lib/python3.12/site-packages/airflow/example_dags/example_xcomargs.py for tasks to queue
[2024-07-16T11:48:30.000+0000] {logging_mixin.py:188} INFO - [2024-07-16T11:48:29.999+0000] {dagbag.py:545} INFO - Filling up the DagBag from /home/airflow/.local/lib/python3.12/site-packages/airflow/example_dags/example_xcomargs.py
[2024-07-16T11:48:30.012+0000] {processor.py:840} INFO - DAG(s) 'example_xcom_args_with_operators', 'example_xcom_args' retrieved from /home/airflow/.local/lib/python3.12/site-packages/airflow/example_dags/example_xcomargs.py
[2024-07-16T11:48:30.046+0000] {logging_mixin.py:188} INFO - [2024-07-16T11:48:30.045+0000] {dag.py:3089} INFO - Sync 2 DAGs
[2024-07-16T11:48:30.063+0000] {logging_mixin.py:188} INFO - [2024-07-16T11:48:30.063+0000] {dag.py:3947} INFO - Setting next_dagrun for example_xcom_args to None, run_after=None
[2024-07-16T11:48:30.071+0000] {logging_mixin.py:188} INFO - [2024-07-16T11:48:30.071+0000] {dag.py:3947} INFO - Setting next_dagrun for example_xcom_args_with_operators to None, run_after=None
[2024-07-16T11:48:30.280+0000] {processor.py:183} INFO - Processing /home/airflow/.local/lib/python3.12/site-packages/airflow/example_dags/example_xcomargs.py took 0.292 seconds
[2024-07-16T11:49:00.601+0000] {processor.py:161} INFO - Started process (PID=224) to work on /home/airflow/.local/lib/python3.12/site-packages/airflow/example_dags/example_xcomargs.py
[2024-07-16T11:49:00.603+0000] {processor.py:830} INFO - Processing file /home/airflow/.local/lib/python3.12/site-packages/airflow/example_dags/example_xcomargs.py for tasks to queue
[2024-07-16T11:49:00.606+0000] {logging_mixin.py:188} INFO - [2024-07-16T11:49:00.605+0000] {dagbag.py:545} INFO - Filling up the DagBag from /home/airflow/.local/lib/python3.12/site-packages/airflow/example_dags/example_xcomargs.py
[2024-07-16T11:49:00.619+0000] {processor.py:840} INFO - DAG(s) 'example_xcom_args_with_operators', 'example_xcom_args' retrieved from /home/airflow/.local/lib/python3.12/site-packages/airflow/example_dags/example_xcomargs.py
[2024-07-16T11:49:00.659+0000] {logging_mixin.py:188} INFO - [2024-07-16T11:49:00.659+0000] {dag.py:3089} INFO - Sync 2 DAGs
[2024-07-16T11:49:00.681+0000] {logging_mixin.py:188} INFO - [2024-07-16T11:49:00.681+0000] {dag.py:3947} INFO - Setting next_dagrun for example_xcom_args to None, run_after=None
[2024-07-16T11:49:00.689+0000] {logging_mixin.py:188} INFO - [2024-07-16T11:49:00.688+0000] {dag.py:3947} INFO - Setting next_dagrun for example_xcom_args_with_operators to None, run_after=None
[2024-07-16T11:49:00.794+0000] {processor.py:183} INFO - Processing /home/airflow/.local/lib/python3.12/site-packages/airflow/example_dags/example_xcomargs.py took 0.203 seconds
[2024-07-16T11:49:31.644+0000] {processor.py:161} INFO - Started process (PID=284) to work on /home/airflow/.local/lib/python3.12/site-packages/airflow/example_dags/example_xcomargs.py
[2024-07-16T11:49:31.646+0000] {processor.py:830} INFO - Processing file /home/airflow/.local/lib/python3.12/site-packages/airflow/example_dags/example_xcomargs.py for tasks to queue
[2024-07-16T11:49:31.649+0000] {logging_mixin.py:188} INFO - [2024-07-16T11:49:31.648+0000] {dagbag.py:545} INFO - Filling up the DagBag from /home/airflow/.local/lib/python3.12/site-packages/airflow/example_dags/example_xcomargs.py
[2024-07-16T11:49:31.659+0000] {processor.py:840} INFO - DAG(s) 'example_xcom_args', 'example_xcom_args_with_operators' retrieved from /home/airflow/.local/lib/python3.12/site-packages/airflow/example_dags/example_xcomargs.py
[2024-07-16T11:49:31.698+0000] {logging_mixin.py:188} INFO - [2024-07-16T11:49:31.697+0000] {dag.py:3089} INFO - Sync 2 DAGs
[2024-07-16T11:49:31.717+0000] {logging_mixin.py:188} INFO - [2024-07-16T11:49:31.717+0000] {dag.py:3947} INFO - Setting next_dagrun for example_xcom_args to None, run_after=None
[2024-07-16T11:49:31.725+0000] {logging_mixin.py:188} INFO - [2024-07-16T11:49:31.724+0000] {dag.py:3947} INFO - Setting next_dagrun for example_xcom_args_with_operators to None, run_after=None
[2024-07-16T11:49:33.603+0000] {processor.py:183} INFO - Processing /home/airflow/.local/lib/python3.12/site-packages/airflow/example_dags/example_xcomargs.py took 1.967 seconds
[2024-07-16T11:50:04.212+0000] {processor.py:161} INFO - Started process (PID=344) to work on /home/airflow/.local/lib/python3.12/site-packages/airflow/example_dags/example_xcomargs.py
[2024-07-16T11:50:04.213+0000] {processor.py:830} INFO - Processing file /home/airflow/.local/lib/python3.12/site-packages/airflow/example_dags/example_xcomargs.py for tasks to queue
[2024-07-16T11:50:04.217+0000] {logging_mixin.py:188} INFO - [2024-07-16T11:50:04.216+0000] {dagbag.py:545} INFO - Filling up the DagBag from /home/airflow/.local/lib/python3.12/site-packages/airflow/example_dags/example_xcomargs.py
[2024-07-16T11:50:04.240+0000] {processor.py:840} INFO - DAG(s) 'example_xcom_args_with_operators', 'example_xcom_args' retrieved from /home/airflow/.local/lib/python3.12/site-packages/airflow/example_dags/example_xcomargs.py
[2024-07-16T11:50:04.296+0000] {logging_mixin.py:188} INFO - [2024-07-16T11:50:04.296+0000] {dag.py:3089} INFO - Sync 2 DAGs
[2024-07-16T11:50:04.325+0000] {logging_mixin.py:188} INFO - [2024-07-16T11:50:04.325+0000] {dag.py:3947} INFO - Setting next_dagrun for example_xcom_args to None, run_after=None
[2024-07-16T11:50:04.335+0000] {logging_mixin.py:188} INFO - [2024-07-16T11:50:04.335+0000] {dag.py:3947} INFO - Setting next_dagrun for example_xcom_args_with_operators to None, run_after=None
[2024-07-16T11:50:04.605+0000] {processor.py:183} INFO - Processing /home/airflow/.local/lib/python3.12/site-packages/airflow/example_dags/example_xcomargs.py took 0.404 seconds
[2024-07-16T11:50:34.924+0000] {processor.py:161} INFO - Started process (PID=405) to work on /home/airflow/.local/lib/python3.12/site-packages/airflow/example_dags/example_xcomargs.py
[2024-07-16T11:50:34.925+0000] {processor.py:830} INFO - Processing file /home/airflow/.local/lib/python3.12/site-packages/airflow/example_dags/example_xcomargs.py for tasks to queue
[2024-07-16T11:50:34.929+0000] {logging_mixin.py:188} INFO - [2024-07-16T11:50:34.928+0000] {dagbag.py:545} INFO - Filling up the DagBag from /home/airflow/.local/lib/python3.12/site-packages/airflow/example_dags/example_xcomargs.py
[2024-07-16T11:50:34.941+0000] {processor.py:840} INFO - DAG(s) 'example_xcom_args', 'example_xcom_args_with_operators' retrieved from /home/airflow/.local/lib/python3.12/site-packages/airflow/example_dags/example_xcomargs.py
[2024-07-16T11:50:34.981+0000] {logging_mixin.py:188} INFO - [2024-07-16T11:50:34.981+0000] {dag.py:3089} INFO - Sync 2 DAGs
[2024-07-16T11:50:35.003+0000] {logging_mixin.py:188} INFO - [2024-07-16T11:50:35.002+0000] {dag.py:3947} INFO - Setting next_dagrun for example_xcom_args to None, run_after=None
[2024-07-16T11:50:35.010+0000] {logging_mixin.py:188} INFO - [2024-07-16T11:50:35.009+0000] {dag.py:3947} INFO - Setting next_dagrun for example_xcom_args_with_operators to None, run_after=None
[2024-07-16T11:50:35.140+0000] {processor.py:183} INFO - Processing /home/airflow/.local/lib/python3.12/site-packages/airflow/example_dags/example_xcomargs.py took 0.223 seconds
[2024-07-16T11:51:05.272+0000] {processor.py:161} INFO - Started process (PID=464) to work on /home/airflow/.local/lib/python3.12/site-packages/airflow/example_dags/example_xcomargs.py
[2024-07-16T11:51:05.274+0000] {processor.py:830} INFO - Processing file /home/airflow/.local/lib/python3.12/site-packages/airflow/example_dags/example_xcomargs.py for tasks to queue
[2024-07-16T11:51:05.276+0000] {logging_mixin.py:188} INFO - [2024-07-16T11:51:05.276+0000] {dagbag.py:545} INFO - Filling up the DagBag from /home/airflow/.local/lib/python3.12/site-packages/airflow/example_dags/example_xcomargs.py
[2024-07-16T11:51:05.288+0000] {processor.py:840} INFO - DAG(s) 'example_xcom_args', 'example_xcom_args_with_operators' retrieved from /home/airflow/.local/lib/python3.12/site-packages/airflow/example_dags/example_xcomargs.py
[2024-07-16T11:51:05.324+0000] {logging_mixin.py:188} INFO - [2024-07-16T11:51:05.323+0000] {dag.py:3089} INFO - Sync 2 DAGs
[2024-07-16T11:51:05.345+0000] {logging_mixin.py:188} INFO - [2024-07-16T11:51:05.345+0000] {dag.py:3947} INFO - Setting next_dagrun for example_xcom_args to None, run_after=None
[2024-07-16T11:51:05.352+0000] {logging_mixin.py:188} INFO - [2024-07-16T11:51:05.351+0000] {dag.py:3947} INFO - Setting next_dagrun for example_xcom_args_with_operators to None, run_after=None
[2024-07-16T11:51:05.868+0000] {processor.py:183} INFO - Processing /home/airflow/.local/lib/python3.12/site-packages/airflow/example_dags/example_xcomargs.py took 0.603 seconds
[2024-07-16T11:52:02.687+0000] {processor.py:161} INFO - Started process (PID=500) to work on /home/airflow/.local/lib/python3.12/site-packages/airflow/example_dags/example_xcomargs.py
[2024-07-16T11:52:02.689+0000] {processor.py:830} INFO - Processing file /home/airflow/.local/lib/python3.12/site-packages/airflow/example_dags/example_xcomargs.py for tasks to queue
[2024-07-16T11:52:02.692+0000] {logging_mixin.py:188} INFO - [2024-07-16T11:52:02.691+0000] {dagbag.py:545} INFO - Filling up the DagBag from /home/airflow/.local/lib/python3.12/site-packages/airflow/example_dags/example_xcomargs.py
[2024-07-16T11:52:02.702+0000] {processor.py:840} INFO - DAG(s) 'example_xcom_args_with_operators', 'example_xcom_args' retrieved from /home/airflow/.local/lib/python3.12/site-packages/airflow/example_dags/example_xcomargs.py
[2024-07-16T11:52:02.739+0000] {logging_mixin.py:188} INFO - [2024-07-16T11:52:02.738+0000] {dag.py:3089} INFO - Sync 2 DAGs
[2024-07-16T11:52:02.756+0000] {logging_mixin.py:188} INFO - [2024-07-16T11:52:02.756+0000] {dag.py:3947} INFO - Setting next_dagrun for example_xcom_args to None, run_after=None
[2024-07-16T11:52:02.762+0000] {logging_mixin.py:188} INFO - [2024-07-16T11:52:02.762+0000] {dag.py:3947} INFO - Setting next_dagrun for example_xcom_args_with_operators to None, run_after=None
[2024-07-16T11:52:03.305+0000] {processor.py:183} INFO - Processing /home/airflow/.local/lib/python3.12/site-packages/airflow/example_dags/example_xcomargs.py took 0.625 seconds
