[2024-07-16T11:47:32.182+0000] {processor.py:161} INFO - Started process (PID=51) to work on /home/airflow/.local/lib/python3.12/site-packages/airflow/example_dags/example_complex.py
[2024-07-16T11:47:32.185+0000] {processor.py:830} INFO - Processing file /home/airflow/.local/lib/python3.12/site-packages/airflow/example_dags/example_complex.py for tasks to queue
[2024-07-16T11:47:32.191+0000] {logging_mixin.py:188} INFO - [2024-07-16T11:47:32.190+0000] {dagbag.py:545} INFO - Filling up the DagBag from /home/airflow/.local/lib/python3.12/site-packages/airflow/example_dags/example_complex.py
[2024-07-16T11:47:32.229+0000] {processor.py:840} INFO - DAG(s) 'example_complex' retrieved from /home/airflow/.local/lib/python3.12/site-packages/airflow/example_dags/example_complex.py
[2024-07-16T11:47:32.551+0000] {logging_mixin.py:188} INFO - [2024-07-16T11:47:32.550+0000] {dag.py:3089} INFO - Sync 1 DAGs
[2024-07-16T11:47:32.575+0000] {logging_mixin.py:188} INFO - [2024-07-16T11:47:32.574+0000] {dag.py:3947} INFO - Setting next_dagrun for example_complex to None, run_after=None
[2024-07-16T11:47:32.677+0000] {processor.py:183} INFO - Processing /home/airflow/.local/lib/python3.12/site-packages/airflow/example_dags/example_complex.py took 0.505 seconds
[2024-07-16T11:48:03.370+0000] {processor.py:161} INFO - Started process (PID=109) to work on /home/airflow/.local/lib/python3.12/site-packages/airflow/example_dags/example_complex.py
[2024-07-16T11:48:03.372+0000] {processor.py:830} INFO - Processing file /home/airflow/.local/lib/python3.12/site-packages/airflow/example_dags/example_complex.py for tasks to queue
[2024-07-16T11:48:03.375+0000] {logging_mixin.py:188} INFO - [2024-07-16T11:48:03.374+0000] {dagbag.py:545} INFO - Filling up the DagBag from /home/airflow/.local/lib/python3.12/site-packages/airflow/example_dags/example_complex.py
[2024-07-16T11:48:03.399+0000] {processor.py:840} INFO - DAG(s) 'example_complex' retrieved from /home/airflow/.local/lib/python3.12/site-packages/airflow/example_dags/example_complex.py
[2024-07-16T11:48:03.454+0000] {logging_mixin.py:188} INFO - [2024-07-16T11:48:03.454+0000] {dag.py:3089} INFO - Sync 1 DAGs
[2024-07-16T11:48:03.479+0000] {logging_mixin.py:188} INFO - [2024-07-16T11:48:03.479+0000] {dag.py:3947} INFO - Setting next_dagrun for example_complex to None, run_after=None
[2024-07-16T11:48:04.169+0000] {processor.py:183} INFO - Processing /home/airflow/.local/lib/python3.12/site-packages/airflow/example_dags/example_complex.py took 0.807 seconds
[2024-07-16T11:48:35.095+0000] {processor.py:161} INFO - Started process (PID=168) to work on /home/airflow/.local/lib/python3.12/site-packages/airflow/example_dags/example_complex.py
[2024-07-16T11:48:35.097+0000] {processor.py:830} INFO - Processing file /home/airflow/.local/lib/python3.12/site-packages/airflow/example_dags/example_complex.py for tasks to queue
[2024-07-16T11:48:35.100+0000] {logging_mixin.py:188} INFO - [2024-07-16T11:48:35.099+0000] {dagbag.py:545} INFO - Filling up the DagBag from /home/airflow/.local/lib/python3.12/site-packages/airflow/example_dags/example_complex.py
[2024-07-16T11:48:35.115+0000] {processor.py:840} INFO - DAG(s) 'example_complex' retrieved from /home/airflow/.local/lib/python3.12/site-packages/airflow/example_dags/example_complex.py
[2024-07-16T11:48:35.168+0000] {logging_mixin.py:188} INFO - [2024-07-16T11:48:35.167+0000] {dag.py:3089} INFO - Sync 1 DAGs
[2024-07-16T11:48:35.187+0000] {logging_mixin.py:188} INFO - [2024-07-16T11:48:35.187+0000] {dag.py:3947} INFO - Setting next_dagrun for example_complex to None, run_after=None
[2024-07-16T11:48:35.411+0000] {processor.py:183} INFO - Processing /home/airflow/.local/lib/python3.12/site-packages/airflow/example_dags/example_complex.py took 0.323 seconds
[2024-07-16T11:49:05.664+0000] {processor.py:161} INFO - Started process (PID=230) to work on /home/airflow/.local/lib/python3.12/site-packages/airflow/example_dags/example_complex.py
[2024-07-16T11:49:05.666+0000] {processor.py:830} INFO - Processing file /home/airflow/.local/lib/python3.12/site-packages/airflow/example_dags/example_complex.py for tasks to queue
[2024-07-16T11:49:05.669+0000] {logging_mixin.py:188} INFO - [2024-07-16T11:49:05.668+0000] {dagbag.py:545} INFO - Filling up the DagBag from /home/airflow/.local/lib/python3.12/site-packages/airflow/example_dags/example_complex.py
[2024-07-16T11:49:05.683+0000] {processor.py:840} INFO - DAG(s) 'example_complex' retrieved from /home/airflow/.local/lib/python3.12/site-packages/airflow/example_dags/example_complex.py
[2024-07-16T11:49:05.728+0000] {logging_mixin.py:188} INFO - [2024-07-16T11:49:05.728+0000] {dag.py:3089} INFO - Sync 1 DAGs
[2024-07-16T11:49:05.744+0000] {logging_mixin.py:188} INFO - [2024-07-16T11:49:05.744+0000] {dag.py:3947} INFO - Setting next_dagrun for example_complex to None, run_after=None
[2024-07-16T11:49:05.874+0000] {processor.py:183} INFO - Processing /home/airflow/.local/lib/python3.12/site-packages/airflow/example_dags/example_complex.py took 0.217 seconds
[2024-07-16T11:49:36.002+0000] {processor.py:161} INFO - Started process (PID=289) to work on /home/airflow/.local/lib/python3.12/site-packages/airflow/example_dags/example_complex.py
[2024-07-16T11:49:36.004+0000] {processor.py:830} INFO - Processing file /home/airflow/.local/lib/python3.12/site-packages/airflow/example_dags/example_complex.py for tasks to queue
[2024-07-16T11:49:36.007+0000] {logging_mixin.py:188} INFO - [2024-07-16T11:49:36.006+0000] {dagbag.py:545} INFO - Filling up the DagBag from /home/airflow/.local/lib/python3.12/site-packages/airflow/example_dags/example_complex.py
[2024-07-16T11:49:36.022+0000] {processor.py:840} INFO - DAG(s) 'example_complex' retrieved from /home/airflow/.local/lib/python3.12/site-packages/airflow/example_dags/example_complex.py
[2024-07-16T11:49:36.068+0000] {logging_mixin.py:188} INFO - [2024-07-16T11:49:36.067+0000] {dag.py:3089} INFO - Sync 1 DAGs
[2024-07-16T11:49:36.089+0000] {logging_mixin.py:188} INFO - [2024-07-16T11:49:36.089+0000] {dag.py:3947} INFO - Setting next_dagrun for example_complex to None, run_after=None
[2024-07-16T11:49:37.225+0000] {processor.py:183} INFO - Processing /home/airflow/.local/lib/python3.12/site-packages/airflow/example_dags/example_complex.py took 1.231 seconds
[2024-07-16T11:50:07.325+0000] {processor.py:161} INFO - Started process (PID=350) to work on /home/airflow/.local/lib/python3.12/site-packages/airflow/example_dags/example_complex.py
[2024-07-16T11:50:07.327+0000] {processor.py:830} INFO - Processing file /home/airflow/.local/lib/python3.12/site-packages/airflow/example_dags/example_complex.py for tasks to queue
[2024-07-16T11:50:07.329+0000] {logging_mixin.py:188} INFO - [2024-07-16T11:50:07.329+0000] {dagbag.py:545} INFO - Filling up the DagBag from /home/airflow/.local/lib/python3.12/site-packages/airflow/example_dags/example_complex.py
[2024-07-16T11:50:07.343+0000] {processor.py:840} INFO - DAG(s) 'example_complex' retrieved from /home/airflow/.local/lib/python3.12/site-packages/airflow/example_dags/example_complex.py
[2024-07-16T11:50:07.405+0000] {logging_mixin.py:188} INFO - [2024-07-16T11:50:07.405+0000] {dag.py:3089} INFO - Sync 1 DAGs
[2024-07-16T11:50:07.427+0000] {logging_mixin.py:188} INFO - [2024-07-16T11:50:07.426+0000] {dag.py:3947} INFO - Setting next_dagrun for example_complex to None, run_after=None
[2024-07-16T11:50:07.714+0000] {processor.py:183} INFO - Processing /home/airflow/.local/lib/python3.12/site-packages/airflow/example_dags/example_complex.py took 0.397 seconds
[2024-07-16T11:50:38.720+0000] {processor.py:161} INFO - Started process (PID=410) to work on /home/airflow/.local/lib/python3.12/site-packages/airflow/example_dags/example_complex.py
[2024-07-16T11:50:38.722+0000] {processor.py:830} INFO - Processing file /home/airflow/.local/lib/python3.12/site-packages/airflow/example_dags/example_complex.py for tasks to queue
[2024-07-16T11:50:38.724+0000] {logging_mixin.py:188} INFO - [2024-07-16T11:50:38.724+0000] {dagbag.py:545} INFO - Filling up the DagBag from /home/airflow/.local/lib/python3.12/site-packages/airflow/example_dags/example_complex.py
[2024-07-16T11:50:38.741+0000] {processor.py:840} INFO - DAG(s) 'example_complex' retrieved from /home/airflow/.local/lib/python3.12/site-packages/airflow/example_dags/example_complex.py
[2024-07-16T11:50:38.791+0000] {logging_mixin.py:188} INFO - [2024-07-16T11:50:38.790+0000] {dag.py:3089} INFO - Sync 1 DAGs
[2024-07-16T11:50:38.808+0000] {logging_mixin.py:188} INFO - [2024-07-16T11:50:38.808+0000] {dag.py:3947} INFO - Setting next_dagrun for example_complex to None, run_after=None
[2024-07-16T11:50:39.536+0000] {processor.py:183} INFO - Processing /home/airflow/.local/lib/python3.12/site-packages/airflow/example_dags/example_complex.py took 0.822 seconds
[2024-07-16T11:51:09.819+0000] {processor.py:161} INFO - Started process (PID=470) to work on /home/airflow/.local/lib/python3.12/site-packages/airflow/example_dags/example_complex.py
[2024-07-16T11:51:09.820+0000] {processor.py:830} INFO - Processing file /home/airflow/.local/lib/python3.12/site-packages/airflow/example_dags/example_complex.py for tasks to queue
[2024-07-16T11:51:09.823+0000] {logging_mixin.py:188} INFO - [2024-07-16T11:51:09.823+0000] {dagbag.py:545} INFO - Filling up the DagBag from /home/airflow/.local/lib/python3.12/site-packages/airflow/example_dags/example_complex.py
[2024-07-16T11:51:09.838+0000] {processor.py:840} INFO - DAG(s) 'example_complex' retrieved from /home/airflow/.local/lib/python3.12/site-packages/airflow/example_dags/example_complex.py
[2024-07-16T11:51:09.888+0000] {logging_mixin.py:188} INFO - [2024-07-16T11:51:09.887+0000] {dag.py:3089} INFO - Sync 1 DAGs
[2024-07-16T11:51:09.906+0000] {logging_mixin.py:188} INFO - [2024-07-16T11:51:09.906+0000] {dag.py:3947} INFO - Setting next_dagrun for example_complex to None, run_after=None
[2024-07-16T11:51:10.206+0000] {processor.py:183} INFO - Processing /home/airflow/.local/lib/python3.12/site-packages/airflow/example_dags/example_complex.py took 0.395 seconds
[2024-07-16T11:52:17.719+0000] {processor.py:161} INFO - Started process (PID=535) to work on /home/airflow/.local/lib/python3.12/site-packages/airflow/example_dags/example_complex.py
[2024-07-16T11:52:17.721+0000] {processor.py:830} INFO - Processing file /home/airflow/.local/lib/python3.12/site-packages/airflow/example_dags/example_complex.py for tasks to queue
[2024-07-16T11:52:17.724+0000] {logging_mixin.py:188} INFO - [2024-07-16T11:52:17.724+0000] {dagbag.py:545} INFO - Filling up the DagBag from /home/airflow/.local/lib/python3.12/site-packages/airflow/example_dags/example_complex.py
[2024-07-16T11:52:17.739+0000] {processor.py:840} INFO - DAG(s) 'example_complex' retrieved from /home/airflow/.local/lib/python3.12/site-packages/airflow/example_dags/example_complex.py
[2024-07-16T11:52:17.790+0000] {logging_mixin.py:188} INFO - [2024-07-16T11:52:17.790+0000] {dag.py:3089} INFO - Sync 1 DAGs
[2024-07-16T11:52:17.811+0000] {logging_mixin.py:188} INFO - [2024-07-16T11:52:17.810+0000] {dag.py:3947} INFO - Setting next_dagrun for example_complex to None, run_after=None
[2024-07-16T11:52:18.467+0000] {processor.py:183} INFO - Processing /home/airflow/.local/lib/python3.12/site-packages/airflow/example_dags/example_complex.py took 0.756 seconds
