[2024-07-16T11:47:41.734+0000] {processor.py:161} INFO - Started process (PID=75) to work on /home/airflow/.local/lib/python3.12/site-packages/airflow/example_dags/example_xcom.py
[2024-07-16T11:47:41.736+0000] {processor.py:830} INFO - Processing file /home/airflow/.local/lib/python3.12/site-packages/airflow/example_dags/example_xcom.py for tasks to queue
[2024-07-16T11:47:41.739+0000] {logging_mixin.py:188} INFO - [2024-07-16T11:47:41.738+0000] {dagbag.py:545} INFO - Filling up the DagBag from /home/airflow/.local/lib/python3.12/site-packages/airflow/example_dags/example_xcom.py
[2024-07-16T11:47:41.750+0000] {processor.py:840} INFO - DAG(s) 'example_xcom' retrieved from /home/airflow/.local/lib/python3.12/site-packages/airflow/example_dags/example_xcom.py
[2024-07-16T11:47:41.918+0000] {logging_mixin.py:188} INFO - [2024-07-16T11:47:41.917+0000] {dag.py:3089} INFO - Sync 1 DAGs
[2024-07-16T11:47:41.949+0000] {logging_mixin.py:188} INFO - [2024-07-16T11:47:41.948+0000] {dag.py:3947} INFO - Setting next_dagrun for example_xcom to 2021-01-01 00:00:00+00:00, run_after=2021-01-01 00:00:00+00:00
[2024-07-16T11:47:42.019+0000] {processor.py:183} INFO - Processing /home/airflow/.local/lib/python3.12/site-packages/airflow/example_dags/example_xcom.py took 0.291 seconds
[2024-07-16T11:48:14.632+0000] {processor.py:161} INFO - Started process (PID=134) to work on /home/airflow/.local/lib/python3.12/site-packages/airflow/example_dags/example_xcom.py
[2024-07-16T11:48:14.634+0000] {processor.py:830} INFO - Processing file /home/airflow/.local/lib/python3.12/site-packages/airflow/example_dags/example_xcom.py for tasks to queue
[2024-07-16T11:48:14.638+0000] {logging_mixin.py:188} INFO - [2024-07-16T11:48:14.637+0000] {dagbag.py:545} INFO - Filling up the DagBag from /home/airflow/.local/lib/python3.12/site-packages/airflow/example_dags/example_xcom.py
[2024-07-16T11:48:14.647+0000] {processor.py:840} INFO - DAG(s) 'example_xcom' retrieved from /home/airflow/.local/lib/python3.12/site-packages/airflow/example_dags/example_xcom.py
[2024-07-16T11:48:14.679+0000] {logging_mixin.py:188} INFO - [2024-07-16T11:48:14.678+0000] {dag.py:3089} INFO - Sync 1 DAGs
[2024-07-16T11:48:14.712+0000] {logging_mixin.py:188} INFO - [2024-07-16T11:48:14.712+0000] {dag.py:3947} INFO - Setting next_dagrun for example_xcom to 2021-01-01 00:00:00+00:00, run_after=2021-01-01 00:00:00+00:00
[2024-07-16T11:48:15.286+0000] {processor.py:183} INFO - Processing /home/airflow/.local/lib/python3.12/site-packages/airflow/example_dags/example_xcom.py took 0.661 seconds
[2024-07-16T11:48:46.331+0000] {processor.py:161} INFO - Started process (PID=188) to work on /home/airflow/.local/lib/python3.12/site-packages/airflow/example_dags/example_xcom.py
[2024-07-16T11:48:46.333+0000] {processor.py:830} INFO - Processing file /home/airflow/.local/lib/python3.12/site-packages/airflow/example_dags/example_xcom.py for tasks to queue
[2024-07-16T11:48:46.336+0000] {logging_mixin.py:188} INFO - [2024-07-16T11:48:46.335+0000] {dagbag.py:545} INFO - Filling up the DagBag from /home/airflow/.local/lib/python3.12/site-packages/airflow/example_dags/example_xcom.py
[2024-07-16T11:48:46.345+0000] {processor.py:840} INFO - DAG(s) 'example_xcom' retrieved from /home/airflow/.local/lib/python3.12/site-packages/airflow/example_dags/example_xcom.py
[2024-07-16T11:48:46.376+0000] {logging_mixin.py:188} INFO - [2024-07-16T11:48:46.376+0000] {dag.py:3089} INFO - Sync 1 DAGs
[2024-07-16T11:48:46.409+0000] {logging_mixin.py:188} INFO - [2024-07-16T11:48:46.408+0000] {dag.py:3947} INFO - Setting next_dagrun for example_xcom to 2021-01-01 00:00:00+00:00, run_after=2021-01-01 00:00:00+00:00
[2024-07-16T11:48:47.216+0000] {processor.py:183} INFO - Processing /home/airflow/.local/lib/python3.12/site-packages/airflow/example_dags/example_xcom.py took 0.892 seconds
[2024-07-16T11:49:17.980+0000] {processor.py:161} INFO - Started process (PID=249) to work on /home/airflow/.local/lib/python3.12/site-packages/airflow/example_dags/example_xcom.py
[2024-07-16T11:49:17.982+0000] {processor.py:830} INFO - Processing file /home/airflow/.local/lib/python3.12/site-packages/airflow/example_dags/example_xcom.py for tasks to queue
[2024-07-16T11:49:17.985+0000] {logging_mixin.py:188} INFO - [2024-07-16T11:49:17.985+0000] {dagbag.py:545} INFO - Filling up the DagBag from /home/airflow/.local/lib/python3.12/site-packages/airflow/example_dags/example_xcom.py
[2024-07-16T11:49:17.999+0000] {processor.py:840} INFO - DAG(s) 'example_xcom' retrieved from /home/airflow/.local/lib/python3.12/site-packages/airflow/example_dags/example_xcom.py
[2024-07-16T11:49:18.034+0000] {logging_mixin.py:188} INFO - [2024-07-16T11:49:18.033+0000] {dag.py:3089} INFO - Sync 1 DAGs
[2024-07-16T11:49:18.067+0000] {logging_mixin.py:188} INFO - [2024-07-16T11:49:18.067+0000] {dag.py:3947} INFO - Setting next_dagrun for example_xcom to 2021-01-01 00:00:00+00:00, run_after=2021-01-01 00:00:00+00:00
[2024-07-16T11:49:18.594+0000] {processor.py:183} INFO - Processing /home/airflow/.local/lib/python3.12/site-packages/airflow/example_dags/example_xcom.py took 0.621 seconds
[2024-07-16T11:49:50.283+0000] {processor.py:161} INFO - Started process (PID=309) to work on /home/airflow/.local/lib/python3.12/site-packages/airflow/example_dags/example_xcom.py
[2024-07-16T11:49:50.285+0000] {processor.py:830} INFO - Processing file /home/airflow/.local/lib/python3.12/site-packages/airflow/example_dags/example_xcom.py for tasks to queue
[2024-07-16T11:49:50.289+0000] {logging_mixin.py:188} INFO - [2024-07-16T11:49:50.288+0000] {dagbag.py:545} INFO - Filling up the DagBag from /home/airflow/.local/lib/python3.12/site-packages/airflow/example_dags/example_xcom.py
[2024-07-16T11:49:50.301+0000] {processor.py:840} INFO - DAG(s) 'example_xcom' retrieved from /home/airflow/.local/lib/python3.12/site-packages/airflow/example_dags/example_xcom.py
[2024-07-16T11:49:50.332+0000] {logging_mixin.py:188} INFO - [2024-07-16T11:49:50.331+0000] {dag.py:3089} INFO - Sync 1 DAGs
[2024-07-16T11:49:50.365+0000] {logging_mixin.py:188} INFO - [2024-07-16T11:49:50.365+0000] {dag.py:3947} INFO - Setting next_dagrun for example_xcom to 2021-01-01 00:00:00+00:00, run_after=2021-01-01 00:00:00+00:00
[2024-07-16T11:49:51.004+0000] {processor.py:183} INFO - Processing /home/airflow/.local/lib/python3.12/site-packages/airflow/example_dags/example_xcom.py took 0.729 seconds
[2024-07-16T11:50:21.481+0000] {processor.py:161} INFO - Started process (PID=369) to work on /home/airflow/.local/lib/python3.12/site-packages/airflow/example_dags/example_xcom.py
[2024-07-16T11:50:21.483+0000] {processor.py:830} INFO - Processing file /home/airflow/.local/lib/python3.12/site-packages/airflow/example_dags/example_xcom.py for tasks to queue
[2024-07-16T11:50:21.485+0000] {logging_mixin.py:188} INFO - [2024-07-16T11:50:21.485+0000] {dagbag.py:545} INFO - Filling up the DagBag from /home/airflow/.local/lib/python3.12/site-packages/airflow/example_dags/example_xcom.py
[2024-07-16T11:50:21.496+0000] {processor.py:840} INFO - DAG(s) 'example_xcom' retrieved from /home/airflow/.local/lib/python3.12/site-packages/airflow/example_dags/example_xcom.py
[2024-07-16T11:50:21.528+0000] {logging_mixin.py:188} INFO - [2024-07-16T11:50:21.528+0000] {dag.py:3089} INFO - Sync 1 DAGs
[2024-07-16T11:50:21.563+0000] {logging_mixin.py:188} INFO - [2024-07-16T11:50:21.563+0000] {dag.py:3947} INFO - Setting next_dagrun for example_xcom to 2021-01-01 00:00:00+00:00, run_after=2021-01-01 00:00:00+00:00
[2024-07-16T11:50:21.886+0000] {processor.py:183} INFO - Processing /home/airflow/.local/lib/python3.12/site-packages/airflow/example_dags/example_xcom.py took 0.412 seconds
[2024-07-16T11:50:52.681+0000] {processor.py:161} INFO - Started process (PID=429) to work on /home/airflow/.local/lib/python3.12/site-packages/airflow/example_dags/example_xcom.py
[2024-07-16T11:50:52.683+0000] {processor.py:830} INFO - Processing file /home/airflow/.local/lib/python3.12/site-packages/airflow/example_dags/example_xcom.py for tasks to queue
[2024-07-16T11:50:52.686+0000] {logging_mixin.py:188} INFO - [2024-07-16T11:50:52.685+0000] {dagbag.py:545} INFO - Filling up the DagBag from /home/airflow/.local/lib/python3.12/site-packages/airflow/example_dags/example_xcom.py
[2024-07-16T11:50:52.695+0000] {processor.py:840} INFO - DAG(s) 'example_xcom' retrieved from /home/airflow/.local/lib/python3.12/site-packages/airflow/example_dags/example_xcom.py
[2024-07-16T11:50:52.726+0000] {logging_mixin.py:188} INFO - [2024-07-16T11:50:52.726+0000] {dag.py:3089} INFO - Sync 1 DAGs
[2024-07-16T11:50:52.758+0000] {logging_mixin.py:188} INFO - [2024-07-16T11:50:52.757+0000] {dag.py:3947} INFO - Setting next_dagrun for example_xcom to 2021-01-01 00:00:00+00:00, run_after=2021-01-01 00:00:00+00:00
[2024-07-16T11:50:53.125+0000] {processor.py:183} INFO - Processing /home/airflow/.local/lib/python3.12/site-packages/airflow/example_dags/example_xcom.py took 0.451 seconds
[2024-07-16T11:52:08.629+0000] {processor.py:161} INFO - Started process (PID=514) to work on /home/airflow/.local/lib/python3.12/site-packages/airflow/example_dags/example_xcom.py
[2024-07-16T11:52:08.631+0000] {processor.py:830} INFO - Processing file /home/airflow/.local/lib/python3.12/site-packages/airflow/example_dags/example_xcom.py for tasks to queue
[2024-07-16T11:52:08.634+0000] {logging_mixin.py:188} INFO - [2024-07-16T11:52:08.633+0000] {dagbag.py:545} INFO - Filling up the DagBag from /home/airflow/.local/lib/python3.12/site-packages/airflow/example_dags/example_xcom.py
[2024-07-16T11:52:08.644+0000] {processor.py:840} INFO - DAG(s) 'example_xcom' retrieved from /home/airflow/.local/lib/python3.12/site-packages/airflow/example_dags/example_xcom.py
[2024-07-16T11:52:08.675+0000] {logging_mixin.py:188} INFO - [2024-07-16T11:52:08.674+0000] {dag.py:3089} INFO - Sync 1 DAGs
[2024-07-16T11:52:08.706+0000] {logging_mixin.py:188} INFO - [2024-07-16T11:52:08.706+0000] {dag.py:3947} INFO - Setting next_dagrun for example_xcom to 2021-01-01 00:00:00+00:00, run_after=2021-01-01 00:00:00+00:00
[2024-07-16T11:52:09.149+0000] {processor.py:183} INFO - Processing /home/airflow/.local/lib/python3.12/site-packages/airflow/example_dags/example_xcom.py took 0.528 seconds
