[2024-07-16T11:47:42.758+0000] {processor.py:161} INFO - Started process (PID=80) to work on /home/airflow/.local/lib/python3.12/site-packages/airflow/example_dags/example_task_group.py
[2024-07-16T11:47:42.760+0000] {processor.py:830} INFO - Processing file /home/airflow/.local/lib/python3.12/site-packages/airflow/example_dags/example_task_group.py for tasks to queue
[2024-07-16T11:47:42.762+0000] {logging_mixin.py:188} INFO - [2024-07-16T11:47:42.762+0000] {dagbag.py:545} INFO - Filling up the DagBag from /home/airflow/.local/lib/python3.12/site-packages/airflow/example_dags/example_task_group.py
[2024-07-16T11:47:42.775+0000] {processor.py:840} INFO - DAG(s) 'example_task_group' retrieved from /home/airflow/.local/lib/python3.12/site-packages/airflow/example_dags/example_task_group.py
[2024-07-16T11:47:42.936+0000] {logging_mixin.py:188} INFO - [2024-07-16T11:47:42.935+0000] {dag.py:3089} INFO - Sync 1 DAGs
[2024-07-16T11:47:42.973+0000] {logging_mixin.py:188} INFO - [2024-07-16T11:47:42.972+0000] {dag.py:3947} INFO - Setting next_dagrun for example_task_group to 2024-07-15 00:00:00+00:00, run_after=2024-07-16 00:00:00+00:00
[2024-07-16T11:47:43.094+0000] {processor.py:183} INFO - Processing /home/airflow/.local/lib/python3.12/site-packages/airflow/example_dags/example_task_group.py took 0.344 seconds
[2024-07-16T11:48:16.319+0000] {processor.py:161} INFO - Started process (PID=139) to work on /home/airflow/.local/lib/python3.12/site-packages/airflow/example_dags/example_task_group.py
[2024-07-16T11:48:16.321+0000] {processor.py:830} INFO - Processing file /home/airflow/.local/lib/python3.12/site-packages/airflow/example_dags/example_task_group.py for tasks to queue
[2024-07-16T11:48:16.324+0000] {logging_mixin.py:188} INFO - [2024-07-16T11:48:16.323+0000] {dagbag.py:545} INFO - Filling up the DagBag from /home/airflow/.local/lib/python3.12/site-packages/airflow/example_dags/example_task_group.py
[2024-07-16T11:48:16.335+0000] {processor.py:840} INFO - DAG(s) 'example_task_group' retrieved from /home/airflow/.local/lib/python3.12/site-packages/airflow/example_dags/example_task_group.py
[2024-07-16T11:48:16.371+0000] {logging_mixin.py:188} INFO - [2024-07-16T11:48:16.371+0000] {dag.py:3089} INFO - Sync 1 DAGs
[2024-07-16T11:48:16.404+0000] {logging_mixin.py:188} INFO - [2024-07-16T11:48:16.403+0000] {dag.py:3947} INFO - Setting next_dagrun for example_task_group to 2024-07-15 00:00:00+00:00, run_after=2024-07-16 00:00:00+00:00
[2024-07-16T11:48:16.572+0000] {processor.py:183} INFO - Processing /home/airflow/.local/lib/python3.12/site-packages/airflow/example_dags/example_task_group.py took 0.261 seconds
[2024-07-16T11:48:48.332+0000] {processor.py:161} INFO - Started process (PID=200) to work on /home/airflow/.local/lib/python3.12/site-packages/airflow/example_dags/example_task_group.py
[2024-07-16T11:48:48.334+0000] {processor.py:830} INFO - Processing file /home/airflow/.local/lib/python3.12/site-packages/airflow/example_dags/example_task_group.py for tasks to queue
[2024-07-16T11:48:48.337+0000] {logging_mixin.py:188} INFO - [2024-07-16T11:48:48.337+0000] {dagbag.py:545} INFO - Filling up the DagBag from /home/airflow/.local/lib/python3.12/site-packages/airflow/example_dags/example_task_group.py
[2024-07-16T11:48:48.347+0000] {processor.py:840} INFO - DAG(s) 'example_task_group' retrieved from /home/airflow/.local/lib/python3.12/site-packages/airflow/example_dags/example_task_group.py
[2024-07-16T11:48:48.378+0000] {logging_mixin.py:188} INFO - [2024-07-16T11:48:48.378+0000] {dag.py:3089} INFO - Sync 1 DAGs
[2024-07-16T11:48:48.409+0000] {logging_mixin.py:188} INFO - [2024-07-16T11:48:48.409+0000] {dag.py:3947} INFO - Setting next_dagrun for example_task_group to 2024-07-15 00:00:00+00:00, run_after=2024-07-16 00:00:00+00:00
[2024-07-16T11:48:49.302+0000] {processor.py:183} INFO - Processing /home/airflow/.local/lib/python3.12/site-packages/airflow/example_dags/example_task_group.py took 0.976 seconds
[2024-07-16T11:49:19.902+0000] {processor.py:161} INFO - Started process (PID=260) to work on /home/airflow/.local/lib/python3.12/site-packages/airflow/example_dags/example_task_group.py
[2024-07-16T11:49:19.903+0000] {processor.py:830} INFO - Processing file /home/airflow/.local/lib/python3.12/site-packages/airflow/example_dags/example_task_group.py for tasks to queue
[2024-07-16T11:49:19.906+0000] {logging_mixin.py:188} INFO - [2024-07-16T11:49:19.905+0000] {dagbag.py:545} INFO - Filling up the DagBag from /home/airflow/.local/lib/python3.12/site-packages/airflow/example_dags/example_task_group.py
[2024-07-16T11:49:19.915+0000] {processor.py:840} INFO - DAG(s) 'example_task_group' retrieved from /home/airflow/.local/lib/python3.12/site-packages/airflow/example_dags/example_task_group.py
[2024-07-16T11:49:19.949+0000] {logging_mixin.py:188} INFO - [2024-07-16T11:49:19.948+0000] {dag.py:3089} INFO - Sync 1 DAGs
[2024-07-16T11:49:19.983+0000] {logging_mixin.py:188} INFO - [2024-07-16T11:49:19.982+0000] {dag.py:3947} INFO - Setting next_dagrun for example_task_group to 2024-07-15 00:00:00+00:00, run_after=2024-07-16 00:00:00+00:00
[2024-07-16T11:49:20.336+0000] {processor.py:183} INFO - Processing /home/airflow/.local/lib/python3.12/site-packages/airflow/example_dags/example_task_group.py took 0.441 seconds
[2024-07-16T11:49:52.759+0000] {processor.py:161} INFO - Started process (PID=320) to work on /home/airflow/.local/lib/python3.12/site-packages/airflow/example_dags/example_task_group.py
[2024-07-16T11:49:52.760+0000] {processor.py:830} INFO - Processing file /home/airflow/.local/lib/python3.12/site-packages/airflow/example_dags/example_task_group.py for tasks to queue
[2024-07-16T11:49:52.762+0000] {logging_mixin.py:188} INFO - [2024-07-16T11:49:52.762+0000] {dagbag.py:545} INFO - Filling up the DagBag from /home/airflow/.local/lib/python3.12/site-packages/airflow/example_dags/example_task_group.py
[2024-07-16T11:49:52.770+0000] {processor.py:840} INFO - DAG(s) 'example_task_group' retrieved from /home/airflow/.local/lib/python3.12/site-packages/airflow/example_dags/example_task_group.py
[2024-07-16T11:49:52.798+0000] {logging_mixin.py:188} INFO - [2024-07-16T11:49:52.798+0000] {dag.py:3089} INFO - Sync 1 DAGs
[2024-07-16T11:49:52.826+0000] {logging_mixin.py:188} INFO - [2024-07-16T11:49:52.826+0000] {dag.py:3947} INFO - Setting next_dagrun for example_task_group to 2024-07-15 00:00:00+00:00, run_after=2024-07-16 00:00:00+00:00
[2024-07-16T11:49:54.198+0000] {processor.py:183} INFO - Processing /home/airflow/.local/lib/python3.12/site-packages/airflow/example_dags/example_task_group.py took 1.446 seconds
[2024-07-16T11:50:24.416+0000] {processor.py:161} INFO - Started process (PID=374) to work on /home/airflow/.local/lib/python3.12/site-packages/airflow/example_dags/example_task_group.py
[2024-07-16T11:50:24.418+0000] {processor.py:830} INFO - Processing file /home/airflow/.local/lib/python3.12/site-packages/airflow/example_dags/example_task_group.py for tasks to queue
[2024-07-16T11:50:24.421+0000] {logging_mixin.py:188} INFO - [2024-07-16T11:50:24.421+0000] {dagbag.py:545} INFO - Filling up the DagBag from /home/airflow/.local/lib/python3.12/site-packages/airflow/example_dags/example_task_group.py
[2024-07-16T11:50:24.432+0000] {processor.py:840} INFO - DAG(s) 'example_task_group' retrieved from /home/airflow/.local/lib/python3.12/site-packages/airflow/example_dags/example_task_group.py
[2024-07-16T11:50:24.466+0000] {logging_mixin.py:188} INFO - [2024-07-16T11:50:24.466+0000] {dag.py:3089} INFO - Sync 1 DAGs
[2024-07-16T11:50:24.503+0000] {logging_mixin.py:188} INFO - [2024-07-16T11:50:24.502+0000] {dag.py:3947} INFO - Setting next_dagrun for example_task_group to 2024-07-15 00:00:00+00:00, run_after=2024-07-16 00:00:00+00:00
[2024-07-16T11:50:24.704+0000] {processor.py:183} INFO - Processing /home/airflow/.local/lib/python3.12/site-packages/airflow/example_dags/example_task_group.py took 0.296 seconds
[2024-07-16T11:50:54.982+0000] {processor.py:161} INFO - Started process (PID=434) to work on /home/airflow/.local/lib/python3.12/site-packages/airflow/example_dags/example_task_group.py
[2024-07-16T11:50:54.984+0000] {processor.py:830} INFO - Processing file /home/airflow/.local/lib/python3.12/site-packages/airflow/example_dags/example_task_group.py for tasks to queue
[2024-07-16T11:50:54.987+0000] {logging_mixin.py:188} INFO - [2024-07-16T11:50:54.986+0000] {dagbag.py:545} INFO - Filling up the DagBag from /home/airflow/.local/lib/python3.12/site-packages/airflow/example_dags/example_task_group.py
[2024-07-16T11:50:54.996+0000] {processor.py:840} INFO - DAG(s) 'example_task_group' retrieved from /home/airflow/.local/lib/python3.12/site-packages/airflow/example_dags/example_task_group.py
[2024-07-16T11:50:55.032+0000] {logging_mixin.py:188} INFO - [2024-07-16T11:50:55.031+0000] {dag.py:3089} INFO - Sync 1 DAGs
[2024-07-16T11:50:55.076+0000] {logging_mixin.py:188} INFO - [2024-07-16T11:50:55.076+0000] {dag.py:3947} INFO - Setting next_dagrun for example_task_group to 2024-07-15 00:00:00+00:00, run_after=2024-07-16 00:00:00+00:00
[2024-07-16T11:50:55.481+0000] {processor.py:183} INFO - Processing /home/airflow/.local/lib/python3.12/site-packages/airflow/example_dags/example_task_group.py took 0.506 seconds
[2024-07-16T11:52:10.435+0000] {processor.py:161} INFO - Started process (PID=519) to work on /home/airflow/.local/lib/python3.12/site-packages/airflow/example_dags/example_task_group.py
[2024-07-16T11:52:10.437+0000] {processor.py:830} INFO - Processing file /home/airflow/.local/lib/python3.12/site-packages/airflow/example_dags/example_task_group.py for tasks to queue
[2024-07-16T11:52:10.440+0000] {logging_mixin.py:188} INFO - [2024-07-16T11:52:10.440+0000] {dagbag.py:545} INFO - Filling up the DagBag from /home/airflow/.local/lib/python3.12/site-packages/airflow/example_dags/example_task_group.py
[2024-07-16T11:52:10.451+0000] {processor.py:840} INFO - DAG(s) 'example_task_group' retrieved from /home/airflow/.local/lib/python3.12/site-packages/airflow/example_dags/example_task_group.py
[2024-07-16T11:52:10.491+0000] {logging_mixin.py:188} INFO - [2024-07-16T11:52:10.491+0000] {dag.py:3089} INFO - Sync 1 DAGs
[2024-07-16T11:52:10.524+0000] {logging_mixin.py:188} INFO - [2024-07-16T11:52:10.523+0000] {dag.py:3947} INFO - Setting next_dagrun for example_task_group to 2024-07-15 00:00:00+00:00, run_after=2024-07-16 00:00:00+00:00
[2024-07-16T11:52:10.938+0000] {processor.py:183} INFO - Processing /home/airflow/.local/lib/python3.12/site-packages/airflow/example_dags/example_task_group.py took 0.512 seconds
