[2024-07-16T11:47:29.116+0000] {processor.py:161} INFO - Started process (PID=47) to work on /home/airflow/.local/lib/python3.12/site-packages/airflow/example_dags/example_latest_only.py
[2024-07-16T11:47:29.118+0000] {processor.py:830} INFO - Processing file /home/airflow/.local/lib/python3.12/site-packages/airflow/example_dags/example_latest_only.py for tasks to queue
[2024-07-16T11:47:29.120+0000] {logging_mixin.py:188} INFO - [2024-07-16T11:47:29.120+0000] {dagbag.py:545} INFO - Filling up the DagBag from /home/airflow/.local/lib/python3.12/site-packages/airflow/example_dags/example_latest_only.py
[2024-07-16T11:47:29.130+0000] {processor.py:840} INFO - DAG(s) 'latest_only' retrieved from /home/airflow/.local/lib/python3.12/site-packages/airflow/example_dags/example_latest_only.py
[2024-07-16T11:47:29.308+0000] {logging_mixin.py:188} INFO - [2024-07-16T11:47:29.308+0000] {dag.py:3089} INFO - Sync 1 DAGs
[2024-07-16T11:47:29.396+0000] {logging_mixin.py:188} INFO - [2024-07-16T11:47:29.396+0000] {dag.py:3947} INFO - Setting next_dagrun for latest_only to 2024-07-16 04:00:00+00:00, run_after=2024-07-16 08:00:00+00:00
[2024-07-16T11:47:29.475+0000] {processor.py:183} INFO - Processing /home/airflow/.local/lib/python3.12/site-packages/airflow/example_dags/example_latest_only.py took 0.367 seconds
[2024-07-16T11:47:59.570+0000] {processor.py:161} INFO - Started process (PID=105) to work on /home/airflow/.local/lib/python3.12/site-packages/airflow/example_dags/example_latest_only.py
[2024-07-16T11:47:59.572+0000] {processor.py:830} INFO - Processing file /home/airflow/.local/lib/python3.12/site-packages/airflow/example_dags/example_latest_only.py for tasks to queue
[2024-07-16T11:47:59.575+0000] {logging_mixin.py:188} INFO - [2024-07-16T11:47:59.574+0000] {dagbag.py:545} INFO - Filling up the DagBag from /home/airflow/.local/lib/python3.12/site-packages/airflow/example_dags/example_latest_only.py
[2024-07-16T11:47:59.581+0000] {processor.py:840} INFO - DAG(s) 'latest_only' retrieved from /home/airflow/.local/lib/python3.12/site-packages/airflow/example_dags/example_latest_only.py
[2024-07-16T11:47:59.614+0000] {logging_mixin.py:188} INFO - [2024-07-16T11:47:59.614+0000] {dag.py:3089} INFO - Sync 1 DAGs
[2024-07-16T11:47:59.649+0000] {logging_mixin.py:188} INFO - [2024-07-16T11:47:59.649+0000] {dag.py:3947} INFO - Setting next_dagrun for latest_only to 2024-07-16 04:00:00+00:00, run_after=2024-07-16 08:00:00+00:00
[2024-07-16T11:47:59.798+0000] {processor.py:183} INFO - Processing /home/airflow/.local/lib/python3.12/site-packages/airflow/example_dags/example_latest_only.py took 0.235 seconds
[2024-07-16T11:48:29.996+0000] {processor.py:161} INFO - Started process (PID=164) to work on /home/airflow/.local/lib/python3.12/site-packages/airflow/example_dags/example_latest_only.py
[2024-07-16T11:48:29.998+0000] {processor.py:830} INFO - Processing file /home/airflow/.local/lib/python3.12/site-packages/airflow/example_dags/example_latest_only.py for tasks to queue
[2024-07-16T11:48:30.000+0000] {logging_mixin.py:188} INFO - [2024-07-16T11:48:30.000+0000] {dagbag.py:545} INFO - Filling up the DagBag from /home/airflow/.local/lib/python3.12/site-packages/airflow/example_dags/example_latest_only.py
[2024-07-16T11:48:30.007+0000] {processor.py:840} INFO - DAG(s) 'latest_only' retrieved from /home/airflow/.local/lib/python3.12/site-packages/airflow/example_dags/example_latest_only.py
[2024-07-16T11:48:30.038+0000] {logging_mixin.py:188} INFO - [2024-07-16T11:48:30.037+0000] {dag.py:3089} INFO - Sync 1 DAGs
[2024-07-16T11:48:30.073+0000] {logging_mixin.py:188} INFO - [2024-07-16T11:48:30.072+0000] {dag.py:3947} INFO - Setting next_dagrun for latest_only to 2024-07-16 04:00:00+00:00, run_after=2024-07-16 08:00:00+00:00
[2024-07-16T11:48:30.495+0000] {processor.py:183} INFO - Processing /home/airflow/.local/lib/python3.12/site-packages/airflow/example_dags/example_latest_only.py took 0.505 seconds
[2024-07-16T11:49:00.601+0000] {processor.py:161} INFO - Started process (PID=225) to work on /home/airflow/.local/lib/python3.12/site-packages/airflow/example_dags/example_latest_only.py
[2024-07-16T11:49:00.603+0000] {processor.py:830} INFO - Processing file /home/airflow/.local/lib/python3.12/site-packages/airflow/example_dags/example_latest_only.py for tasks to queue
[2024-07-16T11:49:00.605+0000] {logging_mixin.py:188} INFO - [2024-07-16T11:49:00.605+0000] {dagbag.py:545} INFO - Filling up the DagBag from /home/airflow/.local/lib/python3.12/site-packages/airflow/example_dags/example_latest_only.py
[2024-07-16T11:49:00.612+0000] {processor.py:840} INFO - DAG(s) 'latest_only' retrieved from /home/airflow/.local/lib/python3.12/site-packages/airflow/example_dags/example_latest_only.py
[2024-07-16T11:49:00.643+0000] {logging_mixin.py:188} INFO - [2024-07-16T11:49:00.643+0000] {dag.py:3089} INFO - Sync 1 DAGs
[2024-07-16T11:49:00.678+0000] {logging_mixin.py:188} INFO - [2024-07-16T11:49:00.677+0000] {dag.py:3947} INFO - Setting next_dagrun for latest_only to 2024-07-16 04:00:00+00:00, run_after=2024-07-16 08:00:00+00:00
[2024-07-16T11:49:00.782+0000] {processor.py:183} INFO - Processing /home/airflow/.local/lib/python3.12/site-packages/airflow/example_dags/example_latest_only.py took 0.188 seconds
[2024-07-16T11:49:32.834+0000] {processor.py:161} INFO - Started process (PID=285) to work on /home/airflow/.local/lib/python3.12/site-packages/airflow/example_dags/example_latest_only.py
[2024-07-16T11:49:32.835+0000] {processor.py:830} INFO - Processing file /home/airflow/.local/lib/python3.12/site-packages/airflow/example_dags/example_latest_only.py for tasks to queue
[2024-07-16T11:49:32.838+0000] {logging_mixin.py:188} INFO - [2024-07-16T11:49:32.837+0000] {dagbag.py:545} INFO - Filling up the DagBag from /home/airflow/.local/lib/python3.12/site-packages/airflow/example_dags/example_latest_only.py
[2024-07-16T11:49:32.844+0000] {processor.py:840} INFO - DAG(s) 'latest_only' retrieved from /home/airflow/.local/lib/python3.12/site-packages/airflow/example_dags/example_latest_only.py
[2024-07-16T11:49:32.872+0000] {logging_mixin.py:188} INFO - [2024-07-16T11:49:32.872+0000] {dag.py:3089} INFO - Sync 1 DAGs
[2024-07-16T11:49:32.904+0000] {logging_mixin.py:188} INFO - [2024-07-16T11:49:32.903+0000] {dag.py:3947} INFO - Setting next_dagrun for latest_only to 2024-07-16 04:00:00+00:00, run_after=2024-07-16 08:00:00+00:00
[2024-07-16T11:49:33.798+0000] {processor.py:183} INFO - Processing /home/airflow/.local/lib/python3.12/site-packages/airflow/example_dags/example_latest_only.py took 0.971 seconds
[2024-07-16T11:50:04.218+0000] {processor.py:161} INFO - Started process (PID=345) to work on /home/airflow/.local/lib/python3.12/site-packages/airflow/example_dags/example_latest_only.py
[2024-07-16T11:50:04.221+0000] {processor.py:830} INFO - Processing file /home/airflow/.local/lib/python3.12/site-packages/airflow/example_dags/example_latest_only.py for tasks to queue
[2024-07-16T11:50:04.224+0000] {logging_mixin.py:188} INFO - [2024-07-16T11:50:04.224+0000] {dagbag.py:545} INFO - Filling up the DagBag from /home/airflow/.local/lib/python3.12/site-packages/airflow/example_dags/example_latest_only.py
[2024-07-16T11:50:04.238+0000] {processor.py:840} INFO - DAG(s) 'latest_only' retrieved from /home/airflow/.local/lib/python3.12/site-packages/airflow/example_dags/example_latest_only.py
[2024-07-16T11:50:04.281+0000] {logging_mixin.py:188} INFO - [2024-07-16T11:50:04.280+0000] {dag.py:3089} INFO - Sync 1 DAGs
[2024-07-16T11:50:04.330+0000] {logging_mixin.py:188} INFO - [2024-07-16T11:50:04.329+0000] {dag.py:3947} INFO - Setting next_dagrun for latest_only to 2024-07-16 04:00:00+00:00, run_after=2024-07-16 08:00:00+00:00
[2024-07-16T11:50:04.389+0000] {processor.py:183} INFO - Processing /home/airflow/.local/lib/python3.12/site-packages/airflow/example_dags/example_latest_only.py took 0.184 seconds
[2024-07-16T11:50:34.629+0000] {processor.py:161} INFO - Started process (PID=404) to work on /home/airflow/.local/lib/python3.12/site-packages/airflow/example_dags/example_latest_only.py
[2024-07-16T11:50:34.631+0000] {processor.py:830} INFO - Processing file /home/airflow/.local/lib/python3.12/site-packages/airflow/example_dags/example_latest_only.py for tasks to queue
[2024-07-16T11:50:34.634+0000] {logging_mixin.py:188} INFO - [2024-07-16T11:50:34.633+0000] {dagbag.py:545} INFO - Filling up the DagBag from /home/airflow/.local/lib/python3.12/site-packages/airflow/example_dags/example_latest_only.py
[2024-07-16T11:50:34.640+0000] {processor.py:840} INFO - DAG(s) 'latest_only' retrieved from /home/airflow/.local/lib/python3.12/site-packages/airflow/example_dags/example_latest_only.py
[2024-07-16T11:50:34.669+0000] {logging_mixin.py:188} INFO - [2024-07-16T11:50:34.669+0000] {dag.py:3089} INFO - Sync 1 DAGs
[2024-07-16T11:50:34.704+0000] {logging_mixin.py:188} INFO - [2024-07-16T11:50:34.703+0000] {dag.py:3947} INFO - Setting next_dagrun for latest_only to 2024-07-16 04:00:00+00:00, run_after=2024-07-16 08:00:00+00:00
[2024-07-16T11:50:34.940+0000] {processor.py:183} INFO - Processing /home/airflow/.local/lib/python3.12/site-packages/airflow/example_dags/example_latest_only.py took 0.317 seconds
[2024-07-16T11:51:05.272+0000] {processor.py:161} INFO - Started process (PID=465) to work on /home/airflow/.local/lib/python3.12/site-packages/airflow/example_dags/example_latest_only.py
[2024-07-16T11:51:05.273+0000] {processor.py:830} INFO - Processing file /home/airflow/.local/lib/python3.12/site-packages/airflow/example_dags/example_latest_only.py for tasks to queue
[2024-07-16T11:51:05.276+0000] {logging_mixin.py:188} INFO - [2024-07-16T11:51:05.276+0000] {dagbag.py:545} INFO - Filling up the DagBag from /home/airflow/.local/lib/python3.12/site-packages/airflow/example_dags/example_latest_only.py
[2024-07-16T11:51:05.282+0000] {processor.py:840} INFO - DAG(s) 'latest_only' retrieved from /home/airflow/.local/lib/python3.12/site-packages/airflow/example_dags/example_latest_only.py
[2024-07-16T11:51:05.312+0000] {logging_mixin.py:188} INFO - [2024-07-16T11:51:05.311+0000] {dag.py:3089} INFO - Sync 1 DAGs
[2024-07-16T11:51:05.347+0000] {logging_mixin.py:188} INFO - [2024-07-16T11:51:05.347+0000] {dag.py:3947} INFO - Setting next_dagrun for latest_only to 2024-07-16 04:00:00+00:00, run_after=2024-07-16 08:00:00+00:00
[2024-07-16T11:51:05.544+0000] {processor.py:183} INFO - Processing /home/airflow/.local/lib/python3.12/site-packages/airflow/example_dags/example_latest_only.py took 0.280 seconds
[2024-07-16T11:52:03.027+0000] {processor.py:161} INFO - Started process (PID=501) to work on /home/airflow/.local/lib/python3.12/site-packages/airflow/example_dags/example_latest_only.py
[2024-07-16T11:52:03.029+0000] {processor.py:830} INFO - Processing file /home/airflow/.local/lib/python3.12/site-packages/airflow/example_dags/example_latest_only.py for tasks to queue
[2024-07-16T11:52:03.032+0000] {logging_mixin.py:188} INFO - [2024-07-16T11:52:03.031+0000] {dagbag.py:545} INFO - Filling up the DagBag from /home/airflow/.local/lib/python3.12/site-packages/airflow/example_dags/example_latest_only.py
[2024-07-16T11:52:03.038+0000] {processor.py:840} INFO - DAG(s) 'latest_only' retrieved from /home/airflow/.local/lib/python3.12/site-packages/airflow/example_dags/example_latest_only.py
[2024-07-16T11:52:03.068+0000] {logging_mixin.py:188} INFO - [2024-07-16T11:52:03.067+0000] {dag.py:3089} INFO - Sync 1 DAGs
[2024-07-16T11:52:03.104+0000] {logging_mixin.py:188} INFO - [2024-07-16T11:52:03.104+0000] {dag.py:3947} INFO - Setting next_dagrun for latest_only to 2024-07-16 04:00:00+00:00, run_after=2024-07-16 08:00:00+00:00
[2024-07-16T11:52:04.110+0000] {processor.py:183} INFO - Processing /home/airflow/.local/lib/python3.12/site-packages/airflow/example_dags/example_latest_only.py took 1.090 seconds
