[2024-07-16T11:47:45.598+0000] {processor.py:161} INFO - Started process (PID=87) to work on /home/airflow/.local/lib/python3.12/site-packages/airflow/example_dags/example_bash_decorator.py
[2024-07-16T11:47:45.599+0000] {processor.py:830} INFO - Processing file /home/airflow/.local/lib/python3.12/site-packages/airflow/example_dags/example_bash_decorator.py for tasks to queue
[2024-07-16T11:47:45.602+0000] {logging_mixin.py:188} INFO - [2024-07-16T11:47:45.602+0000] {dagbag.py:545} INFO - Filling up the DagBag from /home/airflow/.local/lib/python3.12/site-packages/airflow/example_dags/example_bash_decorator.py
[2024-07-16T11:47:45.621+0000] {processor.py:840} INFO - DAG(s) 'example_bash_decorator' retrieved from /home/airflow/.local/lib/python3.12/site-packages/airflow/example_dags/example_bash_decorator.py
[2024-07-16T11:47:45.821+0000] {logging_mixin.py:188} INFO - [2024-07-16T11:47:45.820+0000] {dag.py:3089} INFO - Sync 1 DAGs
[2024-07-16T11:47:45.836+0000] {logging_mixin.py:188} INFO - [2024-07-16T11:47:45.835+0000] {dag.py:3947} INFO - Setting next_dagrun for example_bash_decorator to None, run_after=None
[2024-07-16T11:47:45.939+0000] {processor.py:183} INFO - Processing /home/airflow/.local/lib/python3.12/site-packages/airflow/example_dags/example_bash_decorator.py took 0.349 seconds
[2024-07-16T11:48:19.118+0000] {processor.py:161} INFO - Started process (PID=146) to work on /home/airflow/.local/lib/python3.12/site-packages/airflow/example_dags/example_bash_decorator.py
[2024-07-16T11:48:19.120+0000] {processor.py:830} INFO - Processing file /home/airflow/.local/lib/python3.12/site-packages/airflow/example_dags/example_bash_decorator.py for tasks to queue
[2024-07-16T11:48:19.123+0000] {logging_mixin.py:188} INFO - [2024-07-16T11:48:19.123+0000] {dagbag.py:545} INFO - Filling up the DagBag from /home/airflow/.local/lib/python3.12/site-packages/airflow/example_dags/example_bash_decorator.py
[2024-07-16T11:48:19.141+0000] {processor.py:840} INFO - DAG(s) 'example_bash_decorator' retrieved from /home/airflow/.local/lib/python3.12/site-packages/airflow/example_dags/example_bash_decorator.py
[2024-07-16T11:48:19.178+0000] {logging_mixin.py:188} INFO - [2024-07-16T11:48:19.177+0000] {dag.py:3089} INFO - Sync 1 DAGs
[2024-07-16T11:48:19.197+0000] {logging_mixin.py:188} INFO - [2024-07-16T11:48:19.197+0000] {dag.py:3947} INFO - Setting next_dagrun for example_bash_decorator to None, run_after=None
[2024-07-16T11:48:19.553+0000] {processor.py:183} INFO - Processing /home/airflow/.local/lib/python3.12/site-packages/airflow/example_dags/example_bash_decorator.py took 0.443 seconds
[2024-07-16T11:48:51.639+0000] {processor.py:161} INFO - Started process (PID=207) to work on /home/airflow/.local/lib/python3.12/site-packages/airflow/example_dags/example_bash_decorator.py
[2024-07-16T11:48:51.641+0000] {processor.py:830} INFO - Processing file /home/airflow/.local/lib/python3.12/site-packages/airflow/example_dags/example_bash_decorator.py for tasks to queue
[2024-07-16T11:48:51.644+0000] {logging_mixin.py:188} INFO - [2024-07-16T11:48:51.643+0000] {dagbag.py:545} INFO - Filling up the DagBag from /home/airflow/.local/lib/python3.12/site-packages/airflow/example_dags/example_bash_decorator.py
[2024-07-16T11:48:51.662+0000] {processor.py:840} INFO - DAG(s) 'example_bash_decorator' retrieved from /home/airflow/.local/lib/python3.12/site-packages/airflow/example_dags/example_bash_decorator.py
[2024-07-16T11:48:51.707+0000] {logging_mixin.py:188} INFO - [2024-07-16T11:48:51.707+0000] {dag.py:3089} INFO - Sync 1 DAGs
[2024-07-16T11:48:51.728+0000] {logging_mixin.py:188} INFO - [2024-07-16T11:48:51.728+0000] {dag.py:3947} INFO - Setting next_dagrun for example_bash_decorator to None, run_after=None
[2024-07-16T11:48:52.504+0000] {processor.py:183} INFO - Processing /home/airflow/.local/lib/python3.12/site-packages/airflow/example_dags/example_bash_decorator.py took 0.873 seconds
[2024-07-16T11:49:22.842+0000] {processor.py:161} INFO - Started process (PID=267) to work on /home/airflow/.local/lib/python3.12/site-packages/airflow/example_dags/example_bash_decorator.py
[2024-07-16T11:49:22.843+0000] {processor.py:830} INFO - Processing file /home/airflow/.local/lib/python3.12/site-packages/airflow/example_dags/example_bash_decorator.py for tasks to queue
[2024-07-16T11:49:22.847+0000] {logging_mixin.py:188} INFO - [2024-07-16T11:49:22.846+0000] {dagbag.py:545} INFO - Filling up the DagBag from /home/airflow/.local/lib/python3.12/site-packages/airflow/example_dags/example_bash_decorator.py
[2024-07-16T11:49:22.870+0000] {processor.py:840} INFO - DAG(s) 'example_bash_decorator' retrieved from /home/airflow/.local/lib/python3.12/site-packages/airflow/example_dags/example_bash_decorator.py
[2024-07-16T11:49:22.911+0000] {logging_mixin.py:188} INFO - [2024-07-16T11:49:22.911+0000] {dag.py:3089} INFO - Sync 1 DAGs
[2024-07-16T11:49:22.929+0000] {logging_mixin.py:188} INFO - [2024-07-16T11:49:22.929+0000] {dag.py:3947} INFO - Setting next_dagrun for example_bash_decorator to None, run_after=None
[2024-07-16T11:49:23.091+0000] {processor.py:183} INFO - Processing /home/airflow/.local/lib/python3.12/site-packages/airflow/example_dags/example_bash_decorator.py took 0.259 seconds
[2024-07-16T11:49:55.536+0000] {processor.py:161} INFO - Started process (PID=327) to work on /home/airflow/.local/lib/python3.12/site-packages/airflow/example_dags/example_bash_decorator.py
[2024-07-16T11:49:55.537+0000] {processor.py:830} INFO - Processing file /home/airflow/.local/lib/python3.12/site-packages/airflow/example_dags/example_bash_decorator.py for tasks to queue
[2024-07-16T11:49:55.540+0000] {logging_mixin.py:188} INFO - [2024-07-16T11:49:55.540+0000] {dagbag.py:545} INFO - Filling up the DagBag from /home/airflow/.local/lib/python3.12/site-packages/airflow/example_dags/example_bash_decorator.py
[2024-07-16T11:49:55.558+0000] {processor.py:840} INFO - DAG(s) 'example_bash_decorator' retrieved from /home/airflow/.local/lib/python3.12/site-packages/airflow/example_dags/example_bash_decorator.py
[2024-07-16T11:49:55.592+0000] {logging_mixin.py:188} INFO - [2024-07-16T11:49:55.591+0000] {dag.py:3089} INFO - Sync 1 DAGs
[2024-07-16T11:49:55.609+0000] {logging_mixin.py:188} INFO - [2024-07-16T11:49:55.608+0000] {dag.py:3947} INFO - Setting next_dagrun for example_bash_decorator to None, run_after=None
[2024-07-16T11:49:55.790+0000] {processor.py:183} INFO - Processing /home/airflow/.local/lib/python3.12/site-packages/airflow/example_dags/example_bash_decorator.py took 0.261 seconds
[2024-07-16T11:50:26.917+0000] {processor.py:161} INFO - Started process (PID=387) to work on /home/airflow/.local/lib/python3.12/site-packages/airflow/example_dags/example_bash_decorator.py
[2024-07-16T11:50:26.918+0000] {processor.py:830} INFO - Processing file /home/airflow/.local/lib/python3.12/site-packages/airflow/example_dags/example_bash_decorator.py for tasks to queue
[2024-07-16T11:50:26.921+0000] {logging_mixin.py:188} INFO - [2024-07-16T11:50:26.921+0000] {dagbag.py:545} INFO - Filling up the DagBag from /home/airflow/.local/lib/python3.12/site-packages/airflow/example_dags/example_bash_decorator.py
[2024-07-16T11:50:26.938+0000] {processor.py:840} INFO - DAG(s) 'example_bash_decorator' retrieved from /home/airflow/.local/lib/python3.12/site-packages/airflow/example_dags/example_bash_decorator.py
[2024-07-16T11:50:26.972+0000] {logging_mixin.py:188} INFO - [2024-07-16T11:50:26.971+0000] {dag.py:3089} INFO - Sync 1 DAGs
[2024-07-16T11:50:26.990+0000] {logging_mixin.py:188} INFO - [2024-07-16T11:50:26.989+0000] {dag.py:3947} INFO - Setting next_dagrun for example_bash_decorator to None, run_after=None
[2024-07-16T11:50:27.658+0000] {processor.py:183} INFO - Processing /home/airflow/.local/lib/python3.12/site-packages/airflow/example_dags/example_bash_decorator.py took 0.749 seconds
[2024-07-16T11:50:58.016+0000] {processor.py:161} INFO - Started process (PID=447) to work on /home/airflow/.local/lib/python3.12/site-packages/airflow/example_dags/example_bash_decorator.py
[2024-07-16T11:50:58.018+0000] {processor.py:830} INFO - Processing file /home/airflow/.local/lib/python3.12/site-packages/airflow/example_dags/example_bash_decorator.py for tasks to queue
[2024-07-16T11:50:58.021+0000] {logging_mixin.py:188} INFO - [2024-07-16T11:50:58.020+0000] {dagbag.py:545} INFO - Filling up the DagBag from /home/airflow/.local/lib/python3.12/site-packages/airflow/example_dags/example_bash_decorator.py
[2024-07-16T11:50:58.039+0000] {processor.py:840} INFO - DAG(s) 'example_bash_decorator' retrieved from /home/airflow/.local/lib/python3.12/site-packages/airflow/example_dags/example_bash_decorator.py
[2024-07-16T11:50:58.069+0000] {logging_mixin.py:188} INFO - [2024-07-16T11:50:58.069+0000] {dag.py:3089} INFO - Sync 1 DAGs
[2024-07-16T11:50:58.090+0000] {logging_mixin.py:188} INFO - [2024-07-16T11:50:58.089+0000] {dag.py:3947} INFO - Setting next_dagrun for example_bash_decorator to None, run_after=None
[2024-07-16T11:50:58.269+0000] {processor.py:183} INFO - Processing /home/airflow/.local/lib/python3.12/site-packages/airflow/example_dags/example_bash_decorator.py took 0.259 seconds
[2024-07-16T11:52:15.812+0000] {processor.py:161} INFO - Started process (PID=526) to work on /home/airflow/.local/lib/python3.12/site-packages/airflow/example_dags/example_bash_decorator.py
[2024-07-16T11:52:15.813+0000] {processor.py:830} INFO - Processing file /home/airflow/.local/lib/python3.12/site-packages/airflow/example_dags/example_bash_decorator.py for tasks to queue
[2024-07-16T11:52:15.816+0000] {logging_mixin.py:188} INFO - [2024-07-16T11:52:15.815+0000] {dagbag.py:545} INFO - Filling up the DagBag from /home/airflow/.local/lib/python3.12/site-packages/airflow/example_dags/example_bash_decorator.py
[2024-07-16T11:52:15.831+0000] {processor.py:840} INFO - DAG(s) 'example_bash_decorator' retrieved from /home/airflow/.local/lib/python3.12/site-packages/airflow/example_dags/example_bash_decorator.py
[2024-07-16T11:52:15.872+0000] {logging_mixin.py:188} INFO - [2024-07-16T11:52:15.871+0000] {dag.py:3089} INFO - Sync 1 DAGs
[2024-07-16T11:52:15.893+0000] {logging_mixin.py:188} INFO - [2024-07-16T11:52:15.893+0000] {dag.py:3947} INFO - Setting next_dagrun for example_bash_decorator to None, run_after=None
[2024-07-16T11:52:16.603+0000] {processor.py:183} INFO - Processing /home/airflow/.local/lib/python3.12/site-packages/airflow/example_dags/example_bash_decorator.py took 0.798 seconds
