[2024-07-16T11:47:44.962+0000] {processor.py:161} INFO - Started process (PID=86) to work on /home/airflow/.local/lib/python3.12/site-packages/airflow/example_dags/example_latest_only_with_trigger.py
[2024-07-16T11:47:45.060+0000] {processor.py:830} INFO - Processing file /home/airflow/.local/lib/python3.12/site-packages/airflow/example_dags/example_latest_only_with_trigger.py for tasks to queue
[2024-07-16T11:47:45.065+0000] {logging_mixin.py:188} INFO - [2024-07-16T11:47:45.064+0000] {dagbag.py:545} INFO - Filling up the DagBag from /home/airflow/.local/lib/python3.12/site-packages/airflow/example_dags/example_latest_only_with_trigger.py
[2024-07-16T11:47:45.073+0000] {processor.py:840} INFO - DAG(s) 'latest_only_with_trigger' retrieved from /home/airflow/.local/lib/python3.12/site-packages/airflow/example_dags/example_latest_only_with_trigger.py
[2024-07-16T11:47:45.276+0000] {logging_mixin.py:188} INFO - [2024-07-16T11:47:45.275+0000] {dag.py:3089} INFO - Sync 1 DAGs
[2024-07-16T11:47:45.305+0000] {logging_mixin.py:188} INFO - [2024-07-16T11:47:45.305+0000] {dag.py:3947} INFO - Setting next_dagrun for latest_only_with_trigger to 2024-07-16 04:00:00+00:00, run_after=2024-07-16 08:00:00+00:00
[2024-07-16T11:47:45.684+0000] {processor.py:183} INFO - Processing /home/airflow/.local/lib/python3.12/site-packages/airflow/example_dags/example_latest_only_with_trigger.py took 0.730 seconds
[2024-07-16T11:48:18.601+0000] {processor.py:161} INFO - Started process (PID=145) to work on /home/airflow/.local/lib/python3.12/site-packages/airflow/example_dags/example_latest_only_with_trigger.py
[2024-07-16T11:48:18.603+0000] {processor.py:830} INFO - Processing file /home/airflow/.local/lib/python3.12/site-packages/airflow/example_dags/example_latest_only_with_trigger.py for tasks to queue
[2024-07-16T11:48:18.607+0000] {logging_mixin.py:188} INFO - [2024-07-16T11:48:18.606+0000] {dagbag.py:545} INFO - Filling up the DagBag from /home/airflow/.local/lib/python3.12/site-packages/airflow/example_dags/example_latest_only_with_trigger.py
[2024-07-16T11:48:18.616+0000] {processor.py:840} INFO - DAG(s) 'latest_only_with_trigger' retrieved from /home/airflow/.local/lib/python3.12/site-packages/airflow/example_dags/example_latest_only_with_trigger.py
[2024-07-16T11:48:18.655+0000] {logging_mixin.py:188} INFO - [2024-07-16T11:48:18.655+0000] {dag.py:3089} INFO - Sync 1 DAGs
[2024-07-16T11:48:18.692+0000] {logging_mixin.py:188} INFO - [2024-07-16T11:48:18.692+0000] {dag.py:3947} INFO - Setting next_dagrun for latest_only_with_trigger to 2024-07-16 04:00:00+00:00, run_after=2024-07-16 08:00:00+00:00
[2024-07-16T11:48:19.063+0000] {processor.py:183} INFO - Processing /home/airflow/.local/lib/python3.12/site-packages/airflow/example_dags/example_latest_only_with_trigger.py took 0.470 seconds
[2024-07-16T11:48:50.894+0000] {processor.py:161} INFO - Started process (PID=206) to work on /home/airflow/.local/lib/python3.12/site-packages/airflow/example_dags/example_latest_only_with_trigger.py
[2024-07-16T11:48:50.898+0000] {processor.py:830} INFO - Processing file /home/airflow/.local/lib/python3.12/site-packages/airflow/example_dags/example_latest_only_with_trigger.py for tasks to queue
[2024-07-16T11:48:50.901+0000] {logging_mixin.py:188} INFO - [2024-07-16T11:48:50.900+0000] {dagbag.py:545} INFO - Filling up the DagBag from /home/airflow/.local/lib/python3.12/site-packages/airflow/example_dags/example_latest_only_with_trigger.py
[2024-07-16T11:48:50.909+0000] {processor.py:840} INFO - DAG(s) 'latest_only_with_trigger' retrieved from /home/airflow/.local/lib/python3.12/site-packages/airflow/example_dags/example_latest_only_with_trigger.py
[2024-07-16T11:48:50.944+0000] {logging_mixin.py:188} INFO - [2024-07-16T11:48:50.944+0000] {dag.py:3089} INFO - Sync 1 DAGs
[2024-07-16T11:48:50.979+0000] {logging_mixin.py:188} INFO - [2024-07-16T11:48:50.979+0000] {dag.py:3947} INFO - Setting next_dagrun for latest_only_with_trigger to 2024-07-16 04:00:00+00:00, run_after=2024-07-16 08:00:00+00:00
[2024-07-16T11:48:51.585+0000] {processor.py:183} INFO - Processing /home/airflow/.local/lib/python3.12/site-packages/airflow/example_dags/example_latest_only_with_trigger.py took 0.699 seconds
[2024-07-16T11:49:22.243+0000] {processor.py:161} INFO - Started process (PID=266) to work on /home/airflow/.local/lib/python3.12/site-packages/airflow/example_dags/example_latest_only_with_trigger.py
[2024-07-16T11:49:22.245+0000] {processor.py:830} INFO - Processing file /home/airflow/.local/lib/python3.12/site-packages/airflow/example_dags/example_latest_only_with_trigger.py for tasks to queue
[2024-07-16T11:49:22.247+0000] {logging_mixin.py:188} INFO - [2024-07-16T11:49:22.247+0000] {dagbag.py:545} INFO - Filling up the DagBag from /home/airflow/.local/lib/python3.12/site-packages/airflow/example_dags/example_latest_only_with_trigger.py
[2024-07-16T11:49:22.255+0000] {processor.py:840} INFO - DAG(s) 'latest_only_with_trigger' retrieved from /home/airflow/.local/lib/python3.12/site-packages/airflow/example_dags/example_latest_only_with_trigger.py
[2024-07-16T11:49:22.285+0000] {logging_mixin.py:188} INFO - [2024-07-16T11:49:22.285+0000] {dag.py:3089} INFO - Sync 1 DAGs
[2024-07-16T11:49:22.320+0000] {logging_mixin.py:188} INFO - [2024-07-16T11:49:22.320+0000] {dag.py:3947} INFO - Setting next_dagrun for latest_only_with_trigger to 2024-07-16 04:00:00+00:00, run_after=2024-07-16 08:00:00+00:00
[2024-07-16T11:49:22.780+0000] {processor.py:183} INFO - Processing /home/airflow/.local/lib/python3.12/site-packages/airflow/example_dags/example_latest_only_with_trigger.py took 0.544 seconds
[2024-07-16T11:49:55.363+0000] {processor.py:161} INFO - Started process (PID=326) to work on /home/airflow/.local/lib/python3.12/site-packages/airflow/example_dags/example_latest_only_with_trigger.py
[2024-07-16T11:49:55.365+0000] {processor.py:830} INFO - Processing file /home/airflow/.local/lib/python3.12/site-packages/airflow/example_dags/example_latest_only_with_trigger.py for tasks to queue
[2024-07-16T11:49:55.368+0000] {logging_mixin.py:188} INFO - [2024-07-16T11:49:55.367+0000] {dagbag.py:545} INFO - Filling up the DagBag from /home/airflow/.local/lib/python3.12/site-packages/airflow/example_dags/example_latest_only_with_trigger.py
[2024-07-16T11:49:55.376+0000] {processor.py:840} INFO - DAG(s) 'latest_only_with_trigger' retrieved from /home/airflow/.local/lib/python3.12/site-packages/airflow/example_dags/example_latest_only_with_trigger.py
[2024-07-16T11:49:55.404+0000] {logging_mixin.py:188} INFO - [2024-07-16T11:49:55.404+0000] {dag.py:3089} INFO - Sync 1 DAGs
[2024-07-16T11:49:55.435+0000] {logging_mixin.py:188} INFO - [2024-07-16T11:49:55.435+0000] {dag.py:3947} INFO - Setting next_dagrun for latest_only_with_trigger to 2024-07-16 04:00:00+00:00, run_after=2024-07-16 08:00:00+00:00
[2024-07-16T11:49:55.627+0000] {processor.py:183} INFO - Processing /home/airflow/.local/lib/python3.12/site-packages/airflow/example_dags/example_latest_only_with_trigger.py took 0.272 seconds
[2024-07-16T11:50:26.415+0000] {processor.py:161} INFO - Started process (PID=386) to work on /home/airflow/.local/lib/python3.12/site-packages/airflow/example_dags/example_latest_only_with_trigger.py
[2024-07-16T11:50:26.417+0000] {processor.py:830} INFO - Processing file /home/airflow/.local/lib/python3.12/site-packages/airflow/example_dags/example_latest_only_with_trigger.py for tasks to queue
[2024-07-16T11:50:26.420+0000] {logging_mixin.py:188} INFO - [2024-07-16T11:50:26.420+0000] {dagbag.py:545} INFO - Filling up the DagBag from /home/airflow/.local/lib/python3.12/site-packages/airflow/example_dags/example_latest_only_with_trigger.py
[2024-07-16T11:50:26.427+0000] {processor.py:840} INFO - DAG(s) 'latest_only_with_trigger' retrieved from /home/airflow/.local/lib/python3.12/site-packages/airflow/example_dags/example_latest_only_with_trigger.py
[2024-07-16T11:50:26.456+0000] {logging_mixin.py:188} INFO - [2024-07-16T11:50:26.456+0000] {dag.py:3089} INFO - Sync 1 DAGs
[2024-07-16T11:50:26.488+0000] {logging_mixin.py:188} INFO - [2024-07-16T11:50:26.488+0000] {dag.py:3947} INFO - Setting next_dagrun for latest_only_with_trigger to 2024-07-16 04:00:00+00:00, run_after=2024-07-16 08:00:00+00:00
[2024-07-16T11:50:27.321+0000] {processor.py:183} INFO - Processing /home/airflow/.local/lib/python3.12/site-packages/airflow/example_dags/example_latest_only_with_trigger.py took 0.913 seconds
[2024-07-16T11:50:57.772+0000] {processor.py:161} INFO - Started process (PID=446) to work on /home/airflow/.local/lib/python3.12/site-packages/airflow/example_dags/example_latest_only_with_trigger.py
[2024-07-16T11:50:57.774+0000] {processor.py:830} INFO - Processing file /home/airflow/.local/lib/python3.12/site-packages/airflow/example_dags/example_latest_only_with_trigger.py for tasks to queue
[2024-07-16T11:50:57.777+0000] {logging_mixin.py:188} INFO - [2024-07-16T11:50:57.776+0000] {dagbag.py:545} INFO - Filling up the DagBag from /home/airflow/.local/lib/python3.12/site-packages/airflow/example_dags/example_latest_only_with_trigger.py
[2024-07-16T11:50:57.784+0000] {processor.py:840} INFO - DAG(s) 'latest_only_with_trigger' retrieved from /home/airflow/.local/lib/python3.12/site-packages/airflow/example_dags/example_latest_only_with_trigger.py
[2024-07-16T11:50:57.814+0000] {logging_mixin.py:188} INFO - [2024-07-16T11:50:57.814+0000] {dag.py:3089} INFO - Sync 1 DAGs
[2024-07-16T11:50:57.847+0000] {logging_mixin.py:188} INFO - [2024-07-16T11:50:57.846+0000] {dag.py:3947} INFO - Setting next_dagrun for latest_only_with_trigger to 2024-07-16 04:00:00+00:00, run_after=2024-07-16 08:00:00+00:00
[2024-07-16T11:50:58.103+0000] {processor.py:183} INFO - Processing /home/airflow/.local/lib/python3.12/site-packages/airflow/example_dags/example_latest_only_with_trigger.py took 0.338 seconds
[2024-07-16T11:52:14.431+0000] {processor.py:161} INFO - Started process (PID=525) to work on /home/airflow/.local/lib/python3.12/site-packages/airflow/example_dags/example_latest_only_with_trigger.py
[2024-07-16T11:52:14.433+0000] {processor.py:830} INFO - Processing file /home/airflow/.local/lib/python3.12/site-packages/airflow/example_dags/example_latest_only_with_trigger.py for tasks to queue
[2024-07-16T11:52:14.436+0000] {logging_mixin.py:188} INFO - [2024-07-16T11:52:14.435+0000] {dagbag.py:545} INFO - Filling up the DagBag from /home/airflow/.local/lib/python3.12/site-packages/airflow/example_dags/example_latest_only_with_trigger.py
[2024-07-16T11:52:14.443+0000] {processor.py:840} INFO - DAG(s) 'latest_only_with_trigger' retrieved from /home/airflow/.local/lib/python3.12/site-packages/airflow/example_dags/example_latest_only_with_trigger.py
[2024-07-16T11:52:15.614+0000] {logging_mixin.py:188} INFO - [2024-07-16T11:52:15.614+0000] {dag.py:3089} INFO - Sync 1 DAGs
[2024-07-16T11:52:15.647+0000] {logging_mixin.py:188} INFO - [2024-07-16T11:52:15.646+0000] {dag.py:3947} INFO - Setting next_dagrun for latest_only_with_trigger to 2024-07-16 04:00:00+00:00, run_after=2024-07-16 08:00:00+00:00
[2024-07-16T11:52:16.134+0000] {processor.py:183} INFO - Processing /home/airflow/.local/lib/python3.12/site-packages/airflow/example_dags/example_latest_only_with_trigger.py took 1.710 seconds
