[2024-07-16T11:47:34.147+0000] {processor.py:161} INFO - Started process (PID=53) to work on /home/airflow/.local/lib/python3.12/site-packages/airflow/example_dags/example_datasets.py
[2024-07-16T11:47:34.148+0000] {processor.py:830} INFO - Processing file /home/airflow/.local/lib/python3.12/site-packages/airflow/example_dags/example_datasets.py for tasks to queue
[2024-07-16T11:47:34.151+0000] {logging_mixin.py:188} INFO - [2024-07-16T11:47:34.151+0000] {dagbag.py:545} INFO - Filling up the DagBag from /home/airflow/.local/lib/python3.12/site-packages/airflow/example_dags/example_datasets.py
[2024-07-16T11:47:34.489+0000] {processor.py:840} INFO - DAG(s) 'dataset_consumes_unknown_never_scheduled', 'consume_1_or_2_with_dataset_expressions', 'dataset_consumes_1_and_2', 'dataset_consumes_1', 'dataset_consumes_1_never_scheduled', 'consume_1_or_both_2_and_3_with_dataset_expressions', 'dataset_produces_2', 'consume_1_and_2_with_dataset_expressions', 'dataset_produces_1', 'conditional_dataset_and_time_based_timetable' retrieved from /home/airflow/.local/lib/python3.12/site-packages/airflow/example_dags/example_datasets.py
[2024-07-16T11:47:34.907+0000] {logging_mixin.py:188} INFO - [2024-07-16T11:47:34.907+0000] {dag.py:3089} INFO - Sync 10 DAGs
[2024-07-16T11:47:34.946+0000] {logging_mixin.py:188} INFO - [2024-07-16T11:47:34.946+0000] {dag.py:3947} INFO - Setting next_dagrun for conditional_dataset_and_time_based_timetable to 2024-07-10 01:00:00+00:00, run_after=2024-07-10 01:00:00+00:00
[2024-07-16T11:47:34.953+0000] {logging_mixin.py:188} INFO - [2024-07-16T11:47:34.953+0000] {dag.py:3947} INFO - Setting next_dagrun for consume_1_and_2_with_dataset_expressions to None, run_after=None
[2024-07-16T11:47:34.957+0000] {logging_mixin.py:188} INFO - [2024-07-16T11:47:34.956+0000] {dag.py:3947} INFO - Setting next_dagrun for consume_1_or_2_with_dataset_expressions to None, run_after=None
[2024-07-16T11:47:34.959+0000] {logging_mixin.py:188} INFO - [2024-07-16T11:47:34.959+0000] {dag.py:3947} INFO - Setting next_dagrun for consume_1_or_both_2_and_3_with_dataset_expressions to None, run_after=None
[2024-07-16T11:47:34.962+0000] {logging_mixin.py:188} INFO - [2024-07-16T11:47:34.962+0000] {dag.py:3947} INFO - Setting next_dagrun for dataset_consumes_1 to None, run_after=None
[2024-07-16T11:47:34.967+0000] {logging_mixin.py:188} INFO - [2024-07-16T11:47:34.966+0000] {dag.py:3947} INFO - Setting next_dagrun for dataset_consumes_1_and_2 to None, run_after=None
[2024-07-16T11:47:34.970+0000] {logging_mixin.py:188} INFO - [2024-07-16T11:47:34.970+0000] {dag.py:3947} INFO - Setting next_dagrun for dataset_consumes_1_never_scheduled to None, run_after=None
[2024-07-16T11:47:34.973+0000] {logging_mixin.py:188} INFO - [2024-07-16T11:47:34.973+0000] {dag.py:3947} INFO - Setting next_dagrun for dataset_consumes_unknown_never_scheduled to None, run_after=None
[2024-07-16T11:47:34.977+0000] {logging_mixin.py:188} INFO - [2024-07-16T11:47:34.977+0000] {dag.py:3947} INFO - Setting next_dagrun for dataset_produces_1 to 2024-07-15 00:00:00+00:00, run_after=2024-07-16 00:00:00+00:00
[2024-07-16T11:47:34.980+0000] {logging_mixin.py:188} INFO - [2024-07-16T11:47:34.980+0000] {dag.py:3947} INFO - Setting next_dagrun for dataset_produces_2 to None, run_after=None
[2024-07-16T11:47:35.153+0000] {processor.py:183} INFO - Processing /home/airflow/.local/lib/python3.12/site-packages/airflow/example_dags/example_datasets.py took 1.014 seconds
[2024-07-16T11:48:05.480+0000] {processor.py:161} INFO - Started process (PID=111) to work on /home/airflow/.local/lib/python3.12/site-packages/airflow/example_dags/example_datasets.py
[2024-07-16T11:48:05.482+0000] {processor.py:830} INFO - Processing file /home/airflow/.local/lib/python3.12/site-packages/airflow/example_dags/example_datasets.py for tasks to queue
[2024-07-16T11:48:05.485+0000] {logging_mixin.py:188} INFO - [2024-07-16T11:48:05.484+0000] {dagbag.py:545} INFO - Filling up the DagBag from /home/airflow/.local/lib/python3.12/site-packages/airflow/example_dags/example_datasets.py
[2024-07-16T11:48:05.503+0000] {processor.py:840} INFO - DAG(s) 'dataset_consumes_1_never_scheduled', 'dataset_produces_1', 'consume_1_or_both_2_and_3_with_dataset_expressions', 'dataset_produces_2', 'dataset_consumes_1_and_2', 'consume_1_and_2_with_dataset_expressions', 'conditional_dataset_and_time_based_timetable', 'consume_1_or_2_with_dataset_expressions', 'dataset_consumes_unknown_never_scheduled', 'dataset_consumes_1' retrieved from /home/airflow/.local/lib/python3.12/site-packages/airflow/example_dags/example_datasets.py
[2024-07-16T11:48:05.585+0000] {logging_mixin.py:188} INFO - [2024-07-16T11:48:05.584+0000] {dag.py:3089} INFO - Sync 10 DAGs
[2024-07-16T11:48:05.620+0000] {logging_mixin.py:188} INFO - [2024-07-16T11:48:05.620+0000] {dag.py:3947} INFO - Setting next_dagrun for conditional_dataset_and_time_based_timetable to 2024-07-10 01:00:00+00:00, run_after=2024-07-10 01:00:00+00:00
[2024-07-16T11:48:05.626+0000] {logging_mixin.py:188} INFO - [2024-07-16T11:48:05.626+0000] {dag.py:3947} INFO - Setting next_dagrun for consume_1_and_2_with_dataset_expressions to None, run_after=None
[2024-07-16T11:48:05.629+0000] {logging_mixin.py:188} INFO - [2024-07-16T11:48:05.629+0000] {dag.py:3947} INFO - Setting next_dagrun for consume_1_or_2_with_dataset_expressions to None, run_after=None
[2024-07-16T11:48:05.632+0000] {logging_mixin.py:188} INFO - [2024-07-16T11:48:05.631+0000] {dag.py:3947} INFO - Setting next_dagrun for consume_1_or_both_2_and_3_with_dataset_expressions to None, run_after=None
[2024-07-16T11:48:05.634+0000] {logging_mixin.py:188} INFO - [2024-07-16T11:48:05.634+0000] {dag.py:3947} INFO - Setting next_dagrun for dataset_consumes_1 to None, run_after=None
[2024-07-16T11:48:05.637+0000] {logging_mixin.py:188} INFO - [2024-07-16T11:48:05.636+0000] {dag.py:3947} INFO - Setting next_dagrun for dataset_consumes_1_and_2 to None, run_after=None
[2024-07-16T11:48:05.639+0000] {logging_mixin.py:188} INFO - [2024-07-16T11:48:05.639+0000] {dag.py:3947} INFO - Setting next_dagrun for dataset_consumes_1_never_scheduled to None, run_after=None
[2024-07-16T11:48:05.642+0000] {logging_mixin.py:188} INFO - [2024-07-16T11:48:05.642+0000] {dag.py:3947} INFO - Setting next_dagrun for dataset_consumes_unknown_never_scheduled to None, run_after=None
[2024-07-16T11:48:05.646+0000] {logging_mixin.py:188} INFO - [2024-07-16T11:48:05.646+0000] {dag.py:3947} INFO - Setting next_dagrun for dataset_produces_1 to 2024-07-15 00:00:00+00:00, run_after=2024-07-16 00:00:00+00:00
[2024-07-16T11:48:05.649+0000] {logging_mixin.py:188} INFO - [2024-07-16T11:48:05.648+0000] {dag.py:3947} INFO - Setting next_dagrun for dataset_produces_2 to None, run_after=None
[2024-07-16T11:48:05.936+0000] {processor.py:183} INFO - Processing /home/airflow/.local/lib/python3.12/site-packages/airflow/example_dags/example_datasets.py took 0.464 seconds
[2024-07-16T11:48:36.270+0000] {processor.py:161} INFO - Started process (PID=170) to work on /home/airflow/.local/lib/python3.12/site-packages/airflow/example_dags/example_datasets.py
[2024-07-16T11:48:36.271+0000] {processor.py:830} INFO - Processing file /home/airflow/.local/lib/python3.12/site-packages/airflow/example_dags/example_datasets.py for tasks to queue
[2024-07-16T11:48:36.274+0000] {logging_mixin.py:188} INFO - [2024-07-16T11:48:36.274+0000] {dagbag.py:545} INFO - Filling up the DagBag from /home/airflow/.local/lib/python3.12/site-packages/airflow/example_dags/example_datasets.py
[2024-07-16T11:48:36.293+0000] {processor.py:840} INFO - DAG(s) 'dataset_consumes_1_never_scheduled', 'dataset_produces_2', 'dataset_produces_1', 'consume_1_or_2_with_dataset_expressions', 'consume_1_and_2_with_dataset_expressions', 'conditional_dataset_and_time_based_timetable', 'consume_1_or_both_2_and_3_with_dataset_expressions', 'dataset_consumes_unknown_never_scheduled', 'dataset_consumes_1_and_2', 'dataset_consumes_1' retrieved from /home/airflow/.local/lib/python3.12/site-packages/airflow/example_dags/example_datasets.py
[2024-07-16T11:48:36.368+0000] {logging_mixin.py:188} INFO - [2024-07-16T11:48:36.368+0000] {dag.py:3089} INFO - Sync 10 DAGs
[2024-07-16T11:48:36.400+0000] {logging_mixin.py:188} INFO - [2024-07-16T11:48:36.400+0000] {dag.py:3947} INFO - Setting next_dagrun for conditional_dataset_and_time_based_timetable to 2024-07-10 01:00:00+00:00, run_after=2024-07-10 01:00:00+00:00
[2024-07-16T11:48:36.406+0000] {logging_mixin.py:188} INFO - [2024-07-16T11:48:36.406+0000] {dag.py:3947} INFO - Setting next_dagrun for consume_1_and_2_with_dataset_expressions to None, run_after=None
[2024-07-16T11:48:36.409+0000] {logging_mixin.py:188} INFO - [2024-07-16T11:48:36.408+0000] {dag.py:3947} INFO - Setting next_dagrun for consume_1_or_2_with_dataset_expressions to None, run_after=None
[2024-07-16T11:48:36.411+0000] {logging_mixin.py:188} INFO - [2024-07-16T11:48:36.411+0000] {dag.py:3947} INFO - Setting next_dagrun for consume_1_or_both_2_and_3_with_dataset_expressions to None, run_after=None
[2024-07-16T11:48:36.414+0000] {logging_mixin.py:188} INFO - [2024-07-16T11:48:36.413+0000] {dag.py:3947} INFO - Setting next_dagrun for dataset_consumes_1 to None, run_after=None
[2024-07-16T11:48:36.416+0000] {logging_mixin.py:188} INFO - [2024-07-16T11:48:36.416+0000] {dag.py:3947} INFO - Setting next_dagrun for dataset_consumes_1_and_2 to None, run_after=None
[2024-07-16T11:48:36.419+0000] {logging_mixin.py:188} INFO - [2024-07-16T11:48:36.418+0000] {dag.py:3947} INFO - Setting next_dagrun for dataset_consumes_1_never_scheduled to None, run_after=None
[2024-07-16T11:48:36.421+0000] {logging_mixin.py:188} INFO - [2024-07-16T11:48:36.421+0000] {dag.py:3947} INFO - Setting next_dagrun for dataset_consumes_unknown_never_scheduled to None, run_after=None
[2024-07-16T11:48:36.425+0000] {logging_mixin.py:188} INFO - [2024-07-16T11:48:36.425+0000] {dag.py:3947} INFO - Setting next_dagrun for dataset_produces_1 to 2024-07-15 00:00:00+00:00, run_after=2024-07-16 00:00:00+00:00
[2024-07-16T11:48:36.427+0000] {logging_mixin.py:188} INFO - [2024-07-16T11:48:36.427+0000] {dag.py:3947} INFO - Setting next_dagrun for dataset_produces_2 to None, run_after=None
[2024-07-16T11:48:36.693+0000] {processor.py:183} INFO - Processing /home/airflow/.local/lib/python3.12/site-packages/airflow/example_dags/example_datasets.py took 0.430 seconds
[2024-07-16T11:49:06.936+0000] {processor.py:161} INFO - Started process (PID=231) to work on /home/airflow/.local/lib/python3.12/site-packages/airflow/example_dags/example_datasets.py
[2024-07-16T11:49:06.937+0000] {processor.py:830} INFO - Processing file /home/airflow/.local/lib/python3.12/site-packages/airflow/example_dags/example_datasets.py for tasks to queue
[2024-07-16T11:49:06.940+0000] {logging_mixin.py:188} INFO - [2024-07-16T11:49:06.940+0000] {dagbag.py:545} INFO - Filling up the DagBag from /home/airflow/.local/lib/python3.12/site-packages/airflow/example_dags/example_datasets.py
[2024-07-16T11:49:06.961+0000] {processor.py:840} INFO - DAG(s) 'consume_1_and_2_with_dataset_expressions', 'conditional_dataset_and_time_based_timetable', 'dataset_consumes_1_never_scheduled', 'dataset_produces_2', 'dataset_consumes_unknown_never_scheduled', 'dataset_consumes_1_and_2', 'consume_1_or_2_with_dataset_expressions', 'dataset_produces_1', 'dataset_consumes_1', 'consume_1_or_both_2_and_3_with_dataset_expressions' retrieved from /home/airflow/.local/lib/python3.12/site-packages/airflow/example_dags/example_datasets.py
[2024-07-16T11:49:07.044+0000] {logging_mixin.py:188} INFO - [2024-07-16T11:49:07.043+0000] {dag.py:3089} INFO - Sync 10 DAGs
[2024-07-16T11:49:07.079+0000] {logging_mixin.py:188} INFO - [2024-07-16T11:49:07.079+0000] {dag.py:3947} INFO - Setting next_dagrun for conditional_dataset_and_time_based_timetable to 2024-07-10 01:00:00+00:00, run_after=2024-07-10 01:00:00+00:00
[2024-07-16T11:49:07.086+0000] {logging_mixin.py:188} INFO - [2024-07-16T11:49:07.086+0000] {dag.py:3947} INFO - Setting next_dagrun for consume_1_and_2_with_dataset_expressions to None, run_after=None
[2024-07-16T11:49:07.089+0000] {logging_mixin.py:188} INFO - [2024-07-16T11:49:07.088+0000] {dag.py:3947} INFO - Setting next_dagrun for consume_1_or_2_with_dataset_expressions to None, run_after=None
[2024-07-16T11:49:07.092+0000] {logging_mixin.py:188} INFO - [2024-07-16T11:49:07.091+0000] {dag.py:3947} INFO - Setting next_dagrun for consume_1_or_both_2_and_3_with_dataset_expressions to None, run_after=None
[2024-07-16T11:49:07.095+0000] {logging_mixin.py:188} INFO - [2024-07-16T11:49:07.095+0000] {dag.py:3947} INFO - Setting next_dagrun for dataset_consumes_1 to None, run_after=None
[2024-07-16T11:49:07.098+0000] {logging_mixin.py:188} INFO - [2024-07-16T11:49:07.098+0000] {dag.py:3947} INFO - Setting next_dagrun for dataset_consumes_1_and_2 to None, run_after=None
[2024-07-16T11:49:07.102+0000] {logging_mixin.py:188} INFO - [2024-07-16T11:49:07.102+0000] {dag.py:3947} INFO - Setting next_dagrun for dataset_consumes_1_never_scheduled to None, run_after=None
[2024-07-16T11:49:07.106+0000] {logging_mixin.py:188} INFO - [2024-07-16T11:49:07.105+0000] {dag.py:3947} INFO - Setting next_dagrun for dataset_consumes_unknown_never_scheduled to None, run_after=None
[2024-07-16T11:49:07.111+0000] {logging_mixin.py:188} INFO - [2024-07-16T11:49:07.111+0000] {dag.py:3947} INFO - Setting next_dagrun for dataset_produces_1 to 2024-07-15 00:00:00+00:00, run_after=2024-07-16 00:00:00+00:00
[2024-07-16T11:49:07.115+0000] {logging_mixin.py:188} INFO - [2024-07-16T11:49:07.115+0000] {dag.py:3947} INFO - Setting next_dagrun for dataset_produces_2 to None, run_after=None
[2024-07-16T11:49:07.194+0000] {processor.py:183} INFO - Processing /home/airflow/.local/lib/python3.12/site-packages/airflow/example_dags/example_datasets.py took 0.265 seconds
[2024-07-16T11:49:37.396+0000] {processor.py:161} INFO - Started process (PID=291) to work on /home/airflow/.local/lib/python3.12/site-packages/airflow/example_dags/example_datasets.py
[2024-07-16T11:49:37.398+0000] {processor.py:830} INFO - Processing file /home/airflow/.local/lib/python3.12/site-packages/airflow/example_dags/example_datasets.py for tasks to queue
[2024-07-16T11:49:37.400+0000] {logging_mixin.py:188} INFO - [2024-07-16T11:49:37.400+0000] {dagbag.py:545} INFO - Filling up the DagBag from /home/airflow/.local/lib/python3.12/site-packages/airflow/example_dags/example_datasets.py
[2024-07-16T11:49:37.421+0000] {processor.py:840} INFO - DAG(s) 'dataset_produces_1', 'consume_1_or_2_with_dataset_expressions', 'dataset_produces_2', 'conditional_dataset_and_time_based_timetable', 'dataset_consumes_unknown_never_scheduled', 'dataset_consumes_1', 'dataset_consumes_1_never_scheduled', 'dataset_consumes_1_and_2', 'consume_1_and_2_with_dataset_expressions', 'consume_1_or_both_2_and_3_with_dataset_expressions' retrieved from /home/airflow/.local/lib/python3.12/site-packages/airflow/example_dags/example_datasets.py
[2024-07-16T11:49:37.501+0000] {logging_mixin.py:188} INFO - [2024-07-16T11:49:37.500+0000] {dag.py:3089} INFO - Sync 10 DAGs
[2024-07-16T11:49:37.533+0000] {logging_mixin.py:188} INFO - [2024-07-16T11:49:37.533+0000] {dag.py:3947} INFO - Setting next_dagrun for conditional_dataset_and_time_based_timetable to 2024-07-10 01:00:00+00:00, run_after=2024-07-10 01:00:00+00:00
[2024-07-16T11:49:37.539+0000] {logging_mixin.py:188} INFO - [2024-07-16T11:49:37.539+0000] {dag.py:3947} INFO - Setting next_dagrun for consume_1_and_2_with_dataset_expressions to None, run_after=None
[2024-07-16T11:49:37.542+0000] {logging_mixin.py:188} INFO - [2024-07-16T11:49:37.541+0000] {dag.py:3947} INFO - Setting next_dagrun for consume_1_or_2_with_dataset_expressions to None, run_after=None
[2024-07-16T11:49:37.545+0000] {logging_mixin.py:188} INFO - [2024-07-16T11:49:37.545+0000] {dag.py:3947} INFO - Setting next_dagrun for consume_1_or_both_2_and_3_with_dataset_expressions to None, run_after=None
[2024-07-16T11:49:37.548+0000] {logging_mixin.py:188} INFO - [2024-07-16T11:49:37.548+0000] {dag.py:3947} INFO - Setting next_dagrun for dataset_consumes_1 to None, run_after=None
[2024-07-16T11:49:37.551+0000] {logging_mixin.py:188} INFO - [2024-07-16T11:49:37.551+0000] {dag.py:3947} INFO - Setting next_dagrun for dataset_consumes_1_and_2 to None, run_after=None
[2024-07-16T11:49:37.554+0000] {logging_mixin.py:188} INFO - [2024-07-16T11:49:37.553+0000] {dag.py:3947} INFO - Setting next_dagrun for dataset_consumes_1_never_scheduled to None, run_after=None
[2024-07-16T11:49:37.737+0000] {logging_mixin.py:188} INFO - [2024-07-16T11:49:37.736+0000] {dag.py:3947} INFO - Setting next_dagrun for dataset_consumes_unknown_never_scheduled to None, run_after=None
[2024-07-16T11:49:37.742+0000] {logging_mixin.py:188} INFO - [2024-07-16T11:49:37.742+0000] {dag.py:3947} INFO - Setting next_dagrun for dataset_produces_1 to 2024-07-15 00:00:00+00:00, run_after=2024-07-16 00:00:00+00:00
[2024-07-16T11:49:37.746+0000] {logging_mixin.py:188} INFO - [2024-07-16T11:49:37.745+0000] {dag.py:3947} INFO - Setting next_dagrun for dataset_produces_2 to None, run_after=None
[2024-07-16T11:49:38.485+0000] {processor.py:183} INFO - Processing /home/airflow/.local/lib/python3.12/site-packages/airflow/example_dags/example_datasets.py took 1.097 seconds
[2024-07-16T11:50:08.770+0000] {processor.py:161} INFO - Started process (PID=352) to work on /home/airflow/.local/lib/python3.12/site-packages/airflow/example_dags/example_datasets.py
[2024-07-16T11:50:08.772+0000] {processor.py:830} INFO - Processing file /home/airflow/.local/lib/python3.12/site-packages/airflow/example_dags/example_datasets.py for tasks to queue
[2024-07-16T11:50:08.774+0000] {logging_mixin.py:188} INFO - [2024-07-16T11:50:08.774+0000] {dagbag.py:545} INFO - Filling up the DagBag from /home/airflow/.local/lib/python3.12/site-packages/airflow/example_dags/example_datasets.py
[2024-07-16T11:50:08.793+0000] {processor.py:840} INFO - DAG(s) 'dataset_consumes_1', 'dataset_produces_2', 'dataset_consumes_1_and_2', 'consume_1_or_both_2_and_3_with_dataset_expressions', 'dataset_produces_1', 'dataset_consumes_1_never_scheduled', 'consume_1_and_2_with_dataset_expressions', 'consume_1_or_2_with_dataset_expressions', 'conditional_dataset_and_time_based_timetable', 'dataset_consumes_unknown_never_scheduled' retrieved from /home/airflow/.local/lib/python3.12/site-packages/airflow/example_dags/example_datasets.py
[2024-07-16T11:50:08.878+0000] {logging_mixin.py:188} INFO - [2024-07-16T11:50:08.878+0000] {dag.py:3089} INFO - Sync 10 DAGs
[2024-07-16T11:50:08.920+0000] {logging_mixin.py:188} INFO - [2024-07-16T11:50:08.919+0000] {dag.py:3947} INFO - Setting next_dagrun for conditional_dataset_and_time_based_timetable to 2024-07-10 01:00:00+00:00, run_after=2024-07-10 01:00:00+00:00
[2024-07-16T11:50:08.927+0000] {logging_mixin.py:188} INFO - [2024-07-16T11:50:08.927+0000] {dag.py:3947} INFO - Setting next_dagrun for consume_1_and_2_with_dataset_expressions to None, run_after=None
[2024-07-16T11:50:08.931+0000] {logging_mixin.py:188} INFO - [2024-07-16T11:50:08.930+0000] {dag.py:3947} INFO - Setting next_dagrun for consume_1_or_2_with_dataset_expressions to None, run_after=None
[2024-07-16T11:50:08.934+0000] {logging_mixin.py:188} INFO - [2024-07-16T11:50:08.934+0000] {dag.py:3947} INFO - Setting next_dagrun for consume_1_or_both_2_and_3_with_dataset_expressions to None, run_after=None
[2024-07-16T11:50:08.937+0000] {logging_mixin.py:188} INFO - [2024-07-16T11:50:08.936+0000] {dag.py:3947} INFO - Setting next_dagrun for dataset_consumes_1 to None, run_after=None
[2024-07-16T11:50:08.940+0000] {logging_mixin.py:188} INFO - [2024-07-16T11:50:08.939+0000] {dag.py:3947} INFO - Setting next_dagrun for dataset_consumes_1_and_2 to None, run_after=None
[2024-07-16T11:50:08.943+0000] {logging_mixin.py:188} INFO - [2024-07-16T11:50:08.942+0000] {dag.py:3947} INFO - Setting next_dagrun for dataset_consumes_1_never_scheduled to None, run_after=None
[2024-07-16T11:50:08.946+0000] {logging_mixin.py:188} INFO - [2024-07-16T11:50:08.945+0000] {dag.py:3947} INFO - Setting next_dagrun for dataset_consumes_unknown_never_scheduled to None, run_after=None
[2024-07-16T11:50:08.951+0000] {logging_mixin.py:188} INFO - [2024-07-16T11:50:08.950+0000] {dag.py:3947} INFO - Setting next_dagrun for dataset_produces_1 to 2024-07-15 00:00:00+00:00, run_after=2024-07-16 00:00:00+00:00
[2024-07-16T11:50:08.953+0000] {logging_mixin.py:188} INFO - [2024-07-16T11:50:08.953+0000] {dag.py:3947} INFO - Setting next_dagrun for dataset_produces_2 to None, run_after=None
[2024-07-16T11:50:09.436+0000] {processor.py:183} INFO - Processing /home/airflow/.local/lib/python3.12/site-packages/airflow/example_dags/example_datasets.py took 0.674 seconds
[2024-07-16T11:50:39.592+0000] {processor.py:161} INFO - Started process (PID=411) to work on /home/airflow/.local/lib/python3.12/site-packages/airflow/example_dags/example_datasets.py
[2024-07-16T11:50:39.594+0000] {processor.py:830} INFO - Processing file /home/airflow/.local/lib/python3.12/site-packages/airflow/example_dags/example_datasets.py for tasks to queue
[2024-07-16T11:50:39.597+0000] {logging_mixin.py:188} INFO - [2024-07-16T11:50:39.597+0000] {dagbag.py:545} INFO - Filling up the DagBag from /home/airflow/.local/lib/python3.12/site-packages/airflow/example_dags/example_datasets.py
[2024-07-16T11:50:39.617+0000] {processor.py:840} INFO - DAG(s) 'consume_1_or_2_with_dataset_expressions', 'dataset_consumes_1_never_scheduled', 'dataset_consumes_unknown_never_scheduled', 'dataset_consumes_1_and_2', 'dataset_produces_2', 'dataset_produces_1', 'conditional_dataset_and_time_based_timetable', 'consume_1_or_both_2_and_3_with_dataset_expressions', 'dataset_consumes_1', 'consume_1_and_2_with_dataset_expressions' retrieved from /home/airflow/.local/lib/python3.12/site-packages/airflow/example_dags/example_datasets.py
[2024-07-16T11:50:39.707+0000] {logging_mixin.py:188} INFO - [2024-07-16T11:50:39.707+0000] {dag.py:3089} INFO - Sync 10 DAGs
[2024-07-16T11:50:39.745+0000] {logging_mixin.py:188} INFO - [2024-07-16T11:50:39.745+0000] {dag.py:3947} INFO - Setting next_dagrun for conditional_dataset_and_time_based_timetable to 2024-07-10 01:00:00+00:00, run_after=2024-07-10 01:00:00+00:00
[2024-07-16T11:50:39.752+0000] {logging_mixin.py:188} INFO - [2024-07-16T11:50:39.752+0000] {dag.py:3947} INFO - Setting next_dagrun for consume_1_and_2_with_dataset_expressions to None, run_after=None
[2024-07-16T11:50:39.755+0000] {logging_mixin.py:188} INFO - [2024-07-16T11:50:39.755+0000] {dag.py:3947} INFO - Setting next_dagrun for consume_1_or_2_with_dataset_expressions to None, run_after=None
[2024-07-16T11:50:39.758+0000] {logging_mixin.py:188} INFO - [2024-07-16T11:50:39.757+0000] {dag.py:3947} INFO - Setting next_dagrun for consume_1_or_both_2_and_3_with_dataset_expressions to None, run_after=None
[2024-07-16T11:50:39.760+0000] {logging_mixin.py:188} INFO - [2024-07-16T11:50:39.760+0000] {dag.py:3947} INFO - Setting next_dagrun for dataset_consumes_1 to None, run_after=None
[2024-07-16T11:50:39.763+0000] {logging_mixin.py:188} INFO - [2024-07-16T11:50:39.763+0000] {dag.py:3947} INFO - Setting next_dagrun for dataset_consumes_1_and_2 to None, run_after=None
[2024-07-16T11:50:39.766+0000] {logging_mixin.py:188} INFO - [2024-07-16T11:50:39.766+0000] {dag.py:3947} INFO - Setting next_dagrun for dataset_consumes_1_never_scheduled to None, run_after=None
[2024-07-16T11:50:39.768+0000] {logging_mixin.py:188} INFO - [2024-07-16T11:50:39.768+0000] {dag.py:3947} INFO - Setting next_dagrun for dataset_consumes_unknown_never_scheduled to None, run_after=None
[2024-07-16T11:50:39.773+0000] {logging_mixin.py:188} INFO - [2024-07-16T11:50:39.773+0000] {dag.py:3947} INFO - Setting next_dagrun for dataset_produces_1 to 2024-07-15 00:00:00+00:00, run_after=2024-07-16 00:00:00+00:00
[2024-07-16T11:50:39.776+0000] {logging_mixin.py:188} INFO - [2024-07-16T11:50:39.775+0000] {dag.py:3947} INFO - Setting next_dagrun for dataset_produces_2 to None, run_after=None
[2024-07-16T11:50:40.349+0000] {processor.py:183} INFO - Processing /home/airflow/.local/lib/python3.12/site-packages/airflow/example_dags/example_datasets.py took 0.764 seconds
[2024-07-16T11:51:10.713+0000] {processor.py:161} INFO - Started process (PID=472) to work on /home/airflow/.local/lib/python3.12/site-packages/airflow/example_dags/example_datasets.py
[2024-07-16T11:51:10.714+0000] {processor.py:830} INFO - Processing file /home/airflow/.local/lib/python3.12/site-packages/airflow/example_dags/example_datasets.py for tasks to queue
[2024-07-16T11:51:10.717+0000] {logging_mixin.py:188} INFO - [2024-07-16T11:51:10.717+0000] {dagbag.py:545} INFO - Filling up the DagBag from /home/airflow/.local/lib/python3.12/site-packages/airflow/example_dags/example_datasets.py
[2024-07-16T11:51:10.740+0000] {processor.py:840} INFO - DAG(s) 'conditional_dataset_and_time_based_timetable', 'dataset_consumes_1_never_scheduled', 'dataset_produces_1', 'dataset_consumes_unknown_never_scheduled', 'dataset_produces_2', 'consume_1_or_2_with_dataset_expressions', 'consume_1_and_2_with_dataset_expressions', 'dataset_consumes_1', 'consume_1_or_both_2_and_3_with_dataset_expressions', 'dataset_consumes_1_and_2' retrieved from /home/airflow/.local/lib/python3.12/site-packages/airflow/example_dags/example_datasets.py
[2024-07-16T11:51:10.827+0000] {logging_mixin.py:188} INFO - [2024-07-16T11:51:10.826+0000] {dag.py:3089} INFO - Sync 10 DAGs
[2024-07-16T11:51:10.866+0000] {logging_mixin.py:188} INFO - [2024-07-16T11:51:10.866+0000] {dag.py:3947} INFO - Setting next_dagrun for conditional_dataset_and_time_based_timetable to 2024-07-10 01:00:00+00:00, run_after=2024-07-10 01:00:00+00:00
[2024-07-16T11:51:10.875+0000] {logging_mixin.py:188} INFO - [2024-07-16T11:51:10.874+0000] {dag.py:3947} INFO - Setting next_dagrun for consume_1_and_2_with_dataset_expressions to None, run_after=None
[2024-07-16T11:51:10.878+0000] {logging_mixin.py:188} INFO - [2024-07-16T11:51:10.877+0000] {dag.py:3947} INFO - Setting next_dagrun for consume_1_or_2_with_dataset_expressions to None, run_after=None
[2024-07-16T11:51:10.881+0000] {logging_mixin.py:188} INFO - [2024-07-16T11:51:10.880+0000] {dag.py:3947} INFO - Setting next_dagrun for consume_1_or_both_2_and_3_with_dataset_expressions to None, run_after=None
[2024-07-16T11:51:10.883+0000] {logging_mixin.py:188} INFO - [2024-07-16T11:51:10.883+0000] {dag.py:3947} INFO - Setting next_dagrun for dataset_consumes_1 to None, run_after=None
[2024-07-16T11:51:10.886+0000] {logging_mixin.py:188} INFO - [2024-07-16T11:51:10.886+0000] {dag.py:3947} INFO - Setting next_dagrun for dataset_consumes_1_and_2 to None, run_after=None
[2024-07-16T11:51:10.891+0000] {logging_mixin.py:188} INFO - [2024-07-16T11:51:10.891+0000] {dag.py:3947} INFO - Setting next_dagrun for dataset_consumes_1_never_scheduled to None, run_after=None
[2024-07-16T11:51:10.895+0000] {logging_mixin.py:188} INFO - [2024-07-16T11:51:10.895+0000] {dag.py:3947} INFO - Setting next_dagrun for dataset_consumes_unknown_never_scheduled to None, run_after=None
[2024-07-16T11:51:10.900+0000] {logging_mixin.py:188} INFO - [2024-07-16T11:51:10.900+0000] {dag.py:3947} INFO - Setting next_dagrun for dataset_produces_1 to 2024-07-15 00:00:00+00:00, run_after=2024-07-16 00:00:00+00:00
[2024-07-16T11:51:10.904+0000] {logging_mixin.py:188} INFO - [2024-07-16T11:51:10.903+0000] {dag.py:3947} INFO - Setting next_dagrun for dataset_produces_2 to None, run_after=None
[2024-07-16T11:51:11.231+0000] {processor.py:183} INFO - Processing /home/airflow/.local/lib/python3.12/site-packages/airflow/example_dags/example_datasets.py took 0.528 seconds
[2024-07-16T11:52:18.533+0000] {processor.py:161} INFO - Started process (PID=536) to work on /home/airflow/.local/lib/python3.12/site-packages/airflow/example_dags/example_datasets.py
[2024-07-16T11:52:18.534+0000] {processor.py:830} INFO - Processing file /home/airflow/.local/lib/python3.12/site-packages/airflow/example_dags/example_datasets.py for tasks to queue
[2024-07-16T11:52:18.537+0000] {logging_mixin.py:188} INFO - [2024-07-16T11:52:18.536+0000] {dagbag.py:545} INFO - Filling up the DagBag from /home/airflow/.local/lib/python3.12/site-packages/airflow/example_dags/example_datasets.py
[2024-07-16T11:52:18.557+0000] {processor.py:840} INFO - DAG(s) 'dataset_consumes_1', 'dataset_consumes_unknown_never_scheduled', 'conditional_dataset_and_time_based_timetable', 'dataset_produces_1', 'dataset_consumes_1_never_scheduled', 'consume_1_or_2_with_dataset_expressions', 'consume_1_or_both_2_and_3_with_dataset_expressions', 'consume_1_and_2_with_dataset_expressions', 'dataset_consumes_1_and_2', 'dataset_produces_2' retrieved from /home/airflow/.local/lib/python3.12/site-packages/airflow/example_dags/example_datasets.py
[2024-07-16T11:52:18.635+0000] {logging_mixin.py:188} INFO - [2024-07-16T11:52:18.635+0000] {dag.py:3089} INFO - Sync 10 DAGs
[2024-07-16T11:52:18.672+0000] {logging_mixin.py:188} INFO - [2024-07-16T11:52:18.671+0000] {dag.py:3947} INFO - Setting next_dagrun for conditional_dataset_and_time_based_timetable to 2024-07-10 01:00:00+00:00, run_after=2024-07-10 01:00:00+00:00
[2024-07-16T11:52:18.683+0000] {logging_mixin.py:188} INFO - [2024-07-16T11:52:18.683+0000] {dag.py:3947} INFO - Setting next_dagrun for consume_1_and_2_with_dataset_expressions to None, run_after=None
[2024-07-16T11:52:18.686+0000] {logging_mixin.py:188} INFO - [2024-07-16T11:52:18.686+0000] {dag.py:3947} INFO - Setting next_dagrun for consume_1_or_2_with_dataset_expressions to None, run_after=None
[2024-07-16T11:52:18.690+0000] {logging_mixin.py:188} INFO - [2024-07-16T11:52:18.689+0000] {dag.py:3947} INFO - Setting next_dagrun for consume_1_or_both_2_and_3_with_dataset_expressions to None, run_after=None
[2024-07-16T11:52:18.693+0000] {logging_mixin.py:188} INFO - [2024-07-16T11:52:18.693+0000] {dag.py:3947} INFO - Setting next_dagrun for dataset_consumes_1 to None, run_after=None
[2024-07-16T11:52:18.696+0000] {logging_mixin.py:188} INFO - [2024-07-16T11:52:18.695+0000] {dag.py:3947} INFO - Setting next_dagrun for dataset_consumes_1_and_2 to None, run_after=None
[2024-07-16T11:52:18.698+0000] {logging_mixin.py:188} INFO - [2024-07-16T11:52:18.698+0000] {dag.py:3947} INFO - Setting next_dagrun for dataset_consumes_1_never_scheduled to None, run_after=None
[2024-07-16T11:52:18.701+0000] {logging_mixin.py:188} INFO - [2024-07-16T11:52:18.700+0000] {dag.py:3947} INFO - Setting next_dagrun for dataset_consumes_unknown_never_scheduled to None, run_after=None
[2024-07-16T11:52:18.705+0000] {logging_mixin.py:188} INFO - [2024-07-16T11:52:18.705+0000] {dag.py:3947} INFO - Setting next_dagrun for dataset_produces_1 to 2024-07-15 00:00:00+00:00, run_after=2024-07-16 00:00:00+00:00
[2024-07-16T11:52:18.708+0000] {logging_mixin.py:188} INFO - [2024-07-16T11:52:18.708+0000] {dag.py:3947} INFO - Setting next_dagrun for dataset_produces_2 to None, run_after=None
