[2024-07-16T11:47:46.521+0000] {processor.py:161} INFO - Started process (PID=90) to work on /home/airflow/.local/lib/python3.12/site-packages/airflow/example_dags/example_trigger_target_dag.py
[2024-07-16T11:47:46.523+0000] {processor.py:830} INFO - Processing file /home/airflow/.local/lib/python3.12/site-packages/airflow/example_dags/example_trigger_target_dag.py for tasks to queue
[2024-07-16T11:47:46.527+0000] {logging_mixin.py:188} INFO - [2024-07-16T11:47:46.526+0000] {dagbag.py:545} INFO - Filling up the DagBag from /home/airflow/.local/lib/python3.12/site-packages/airflow/example_dags/example_trigger_target_dag.py
[2024-07-16T11:47:46.537+0000] {processor.py:840} INFO - DAG(s) 'example_trigger_target_dag' retrieved from /home/airflow/.local/lib/python3.12/site-packages/airflow/example_dags/example_trigger_target_dag.py
[2024-07-16T11:47:46.750+0000] {logging_mixin.py:188} INFO - [2024-07-16T11:47:46.749+0000] {dag.py:3089} INFO - Sync 1 DAGs
[2024-07-16T11:47:46.772+0000] {logging_mixin.py:188} INFO - [2024-07-16T11:47:46.771+0000] {dag.py:3947} INFO - Setting next_dagrun for example_trigger_target_dag to None, run_after=None
[2024-07-16T11:47:46.871+0000] {processor.py:183} INFO - Processing /home/airflow/.local/lib/python3.12/site-packages/airflow/example_dags/example_trigger_target_dag.py took 0.362 seconds
[2024-07-16T11:48:20.081+0000] {processor.py:161} INFO - Started process (PID=149) to work on /home/airflow/.local/lib/python3.12/site-packages/airflow/example_dags/example_trigger_target_dag.py
[2024-07-16T11:48:20.082+0000] {processor.py:830} INFO - Processing file /home/airflow/.local/lib/python3.12/site-packages/airflow/example_dags/example_trigger_target_dag.py for tasks to queue
[2024-07-16T11:48:20.085+0000] {logging_mixin.py:188} INFO - [2024-07-16T11:48:20.085+0000] {dagbag.py:545} INFO - Filling up the DagBag from /home/airflow/.local/lib/python3.12/site-packages/airflow/example_dags/example_trigger_target_dag.py
[2024-07-16T11:48:20.093+0000] {processor.py:840} INFO - DAG(s) 'example_trigger_target_dag' retrieved from /home/airflow/.local/lib/python3.12/site-packages/airflow/example_dags/example_trigger_target_dag.py
[2024-07-16T11:48:20.124+0000] {logging_mixin.py:188} INFO - [2024-07-16T11:48:20.124+0000] {dag.py:3089} INFO - Sync 1 DAGs
[2024-07-16T11:48:20.144+0000] {logging_mixin.py:188} INFO - [2024-07-16T11:48:20.144+0000] {dag.py:3947} INFO - Setting next_dagrun for example_trigger_target_dag to None, run_after=None
[2024-07-16T11:48:20.357+0000] {processor.py:183} INFO - Processing /home/airflow/.local/lib/python3.12/site-packages/airflow/example_dags/example_trigger_target_dag.py took 0.284 seconds
[2024-07-16T11:48:52.899+0000] {processor.py:161} INFO - Started process (PID=210) to work on /home/airflow/.local/lib/python3.12/site-packages/airflow/example_dags/example_trigger_target_dag.py
[2024-07-16T11:48:52.901+0000] {processor.py:830} INFO - Processing file /home/airflow/.local/lib/python3.12/site-packages/airflow/example_dags/example_trigger_target_dag.py for tasks to queue
[2024-07-16T11:48:52.903+0000] {logging_mixin.py:188} INFO - [2024-07-16T11:48:52.903+0000] {dagbag.py:545} INFO - Filling up the DagBag from /home/airflow/.local/lib/python3.12/site-packages/airflow/example_dags/example_trigger_target_dag.py
[2024-07-16T11:48:52.910+0000] {processor.py:840} INFO - DAG(s) 'example_trigger_target_dag' retrieved from /home/airflow/.local/lib/python3.12/site-packages/airflow/example_dags/example_trigger_target_dag.py
[2024-07-16T11:48:52.936+0000] {logging_mixin.py:188} INFO - [2024-07-16T11:48:52.936+0000] {dag.py:3089} INFO - Sync 1 DAGs
[2024-07-16T11:48:52.952+0000] {logging_mixin.py:188} INFO - [2024-07-16T11:48:52.951+0000] {dag.py:3947} INFO - Setting next_dagrun for example_trigger_target_dag to None, run_after=None
[2024-07-16T11:48:53.553+0000] {processor.py:183} INFO - Processing /home/airflow/.local/lib/python3.12/site-packages/airflow/example_dags/example_trigger_target_dag.py took 0.660 seconds
[2024-07-16T11:49:23.912+0000] {processor.py:161} INFO - Started process (PID=270) to work on /home/airflow/.local/lib/python3.12/site-packages/airflow/example_dags/example_trigger_target_dag.py
[2024-07-16T11:49:23.914+0000] {processor.py:830} INFO - Processing file /home/airflow/.local/lib/python3.12/site-packages/airflow/example_dags/example_trigger_target_dag.py for tasks to queue
[2024-07-16T11:49:23.917+0000] {logging_mixin.py:188} INFO - [2024-07-16T11:49:23.916+0000] {dagbag.py:545} INFO - Filling up the DagBag from /home/airflow/.local/lib/python3.12/site-packages/airflow/example_dags/example_trigger_target_dag.py
[2024-07-16T11:49:23.926+0000] {processor.py:840} INFO - DAG(s) 'example_trigger_target_dag' retrieved from /home/airflow/.local/lib/python3.12/site-packages/airflow/example_dags/example_trigger_target_dag.py
[2024-07-16T11:49:23.954+0000] {logging_mixin.py:188} INFO - [2024-07-16T11:49:23.954+0000] {dag.py:3089} INFO - Sync 1 DAGs
[2024-07-16T11:49:23.972+0000] {logging_mixin.py:188} INFO - [2024-07-16T11:49:23.971+0000] {dag.py:3947} INFO - Setting next_dagrun for example_trigger_target_dag to None, run_after=None
[2024-07-16T11:49:24.362+0000] {processor.py:183} INFO - Processing /home/airflow/.local/lib/python3.12/site-packages/airflow/example_dags/example_trigger_target_dag.py took 0.458 seconds
[2024-07-16T11:49:56.075+0000] {processor.py:161} INFO - Started process (PID=330) to work on /home/airflow/.local/lib/python3.12/site-packages/airflow/example_dags/example_trigger_target_dag.py
[2024-07-16T11:49:56.076+0000] {processor.py:830} INFO - Processing file /home/airflow/.local/lib/python3.12/site-packages/airflow/example_dags/example_trigger_target_dag.py for tasks to queue
[2024-07-16T11:49:56.079+0000] {logging_mixin.py:188} INFO - [2024-07-16T11:49:56.078+0000] {dagbag.py:545} INFO - Filling up the DagBag from /home/airflow/.local/lib/python3.12/site-packages/airflow/example_dags/example_trigger_target_dag.py
[2024-07-16T11:49:56.086+0000] {processor.py:840} INFO - DAG(s) 'example_trigger_target_dag' retrieved from /home/airflow/.local/lib/python3.12/site-packages/airflow/example_dags/example_trigger_target_dag.py
[2024-07-16T11:49:56.114+0000] {logging_mixin.py:188} INFO - [2024-07-16T11:49:56.114+0000] {dag.py:3089} INFO - Sync 1 DAGs
[2024-07-16T11:49:56.132+0000] {logging_mixin.py:188} INFO - [2024-07-16T11:49:56.132+0000] {dag.py:3947} INFO - Setting next_dagrun for example_trigger_target_dag to None, run_after=None
[2024-07-16T11:49:56.403+0000] {processor.py:183} INFO - Processing /home/airflow/.local/lib/python3.12/site-packages/airflow/example_dags/example_trigger_target_dag.py took 0.336 seconds
[2024-07-16T11:50:27.868+0000] {processor.py:161} INFO - Started process (PID=390) to work on /home/airflow/.local/lib/python3.12/site-packages/airflow/example_dags/example_trigger_target_dag.py
[2024-07-16T11:50:27.869+0000] {processor.py:830} INFO - Processing file /home/airflow/.local/lib/python3.12/site-packages/airflow/example_dags/example_trigger_target_dag.py for tasks to queue
[2024-07-16T11:50:27.872+0000] {logging_mixin.py:188} INFO - [2024-07-16T11:50:27.871+0000] {dagbag.py:545} INFO - Filling up the DagBag from /home/airflow/.local/lib/python3.12/site-packages/airflow/example_dags/example_trigger_target_dag.py
[2024-07-16T11:50:27.880+0000] {processor.py:840} INFO - DAG(s) 'example_trigger_target_dag' retrieved from /home/airflow/.local/lib/python3.12/site-packages/airflow/example_dags/example_trigger_target_dag.py
[2024-07-16T11:50:27.907+0000] {logging_mixin.py:188} INFO - [2024-07-16T11:50:27.907+0000] {dag.py:3089} INFO - Sync 1 DAGs
[2024-07-16T11:50:27.926+0000] {logging_mixin.py:188} INFO - [2024-07-16T11:50:27.925+0000] {dag.py:3947} INFO - Setting next_dagrun for example_trigger_target_dag to None, run_after=None
[2024-07-16T11:50:28.165+0000] {processor.py:183} INFO - Processing /home/airflow/.local/lib/python3.12/site-packages/airflow/example_dags/example_trigger_target_dag.py took 0.305 seconds
[2024-07-16T11:50:58.652+0000] {processor.py:161} INFO - Started process (PID=452) to work on /home/airflow/.local/lib/python3.12/site-packages/airflow/example_dags/example_trigger_target_dag.py
[2024-07-16T11:50:58.654+0000] {processor.py:830} INFO - Processing file /home/airflow/.local/lib/python3.12/site-packages/airflow/example_dags/example_trigger_target_dag.py for tasks to queue
[2024-07-16T11:50:58.657+0000] {logging_mixin.py:188} INFO - [2024-07-16T11:50:58.657+0000] {dagbag.py:545} INFO - Filling up the DagBag from /home/airflow/.local/lib/python3.12/site-packages/airflow/example_dags/example_trigger_target_dag.py
[2024-07-16T11:50:58.664+0000] {processor.py:840} INFO - DAG(s) 'example_trigger_target_dag' retrieved from /home/airflow/.local/lib/python3.12/site-packages/airflow/example_dags/example_trigger_target_dag.py
[2024-07-16T11:50:58.689+0000] {logging_mixin.py:188} INFO - [2024-07-16T11:50:58.688+0000] {dag.py:3089} INFO - Sync 1 DAGs
[2024-07-16T11:50:58.705+0000] {logging_mixin.py:188} INFO - [2024-07-16T11:50:58.704+0000] {dag.py:3947} INFO - Setting next_dagrun for example_trigger_target_dag to None, run_after=None
[2024-07-16T11:50:58.950+0000] {processor.py:183} INFO - Processing /home/airflow/.local/lib/python3.12/site-packages/airflow/example_dags/example_trigger_target_dag.py took 0.305 seconds
[2024-07-16T11:52:16.928+0000] {processor.py:161} INFO - Started process (PID=529) to work on /home/airflow/.local/lib/python3.12/site-packages/airflow/example_dags/example_trigger_target_dag.py
[2024-07-16T11:52:16.930+0000] {processor.py:830} INFO - Processing file /home/airflow/.local/lib/python3.12/site-packages/airflow/example_dags/example_trigger_target_dag.py for tasks to queue
[2024-07-16T11:52:16.933+0000] {logging_mixin.py:188} INFO - [2024-07-16T11:52:16.932+0000] {dagbag.py:545} INFO - Filling up the DagBag from /home/airflow/.local/lib/python3.12/site-packages/airflow/example_dags/example_trigger_target_dag.py
[2024-07-16T11:52:16.941+0000] {processor.py:840} INFO - DAG(s) 'example_trigger_target_dag' retrieved from /home/airflow/.local/lib/python3.12/site-packages/airflow/example_dags/example_trigger_target_dag.py
[2024-07-16T11:52:16.974+0000] {logging_mixin.py:188} INFO - [2024-07-16T11:52:16.974+0000] {dag.py:3089} INFO - Sync 1 DAGs
[2024-07-16T11:52:16.997+0000] {logging_mixin.py:188} INFO - [2024-07-16T11:52:16.996+0000] {dag.py:3947} INFO - Setting next_dagrun for example_trigger_target_dag to None, run_after=None
[2024-07-16T11:52:17.520+0000] {processor.py:183} INFO - Processing /home/airflow/.local/lib/python3.12/site-packages/airflow/example_dags/example_trigger_target_dag.py took 0.601 seconds
