[2024-07-16T11:47:25.662+0000] {processor.py:161} INFO - Started process (PID=43) to work on /home/airflow/.local/lib/python3.12/site-packages/airflow/example_dags/tutorial.py
[2024-07-16T11:47:25.664+0000] {processor.py:830} INFO - Processing file /home/airflow/.local/lib/python3.12/site-packages/airflow/example_dags/tutorial.py for tasks to queue
[2024-07-16T11:47:25.667+0000] {logging_mixin.py:188} INFO - [2024-07-16T11:47:25.666+0000] {dagbag.py:545} INFO - Filling up the DagBag from /home/airflow/.local/lib/python3.12/site-packages/airflow/example_dags/tutorial.py
[2024-07-16T11:47:25.678+0000] {processor.py:840} INFO - DAG(s) 'tutorial' retrieved from /home/airflow/.local/lib/python3.12/site-packages/airflow/example_dags/tutorial.py
[2024-07-16T11:47:25.965+0000] {logging_mixin.py:188} INFO - [2024-07-16T11:47:25.965+0000] {dag.py:3089} INFO - Sync 1 DAGs
[2024-07-16T11:47:25.999+0000] {logging_mixin.py:188} INFO - [2024-07-16T11:47:25.998+0000] {dag.py:3947} INFO - Setting next_dagrun for tutorial to 2024-07-15 00:00:00+00:00, run_after=2024-07-16 00:00:00+00:00
[2024-07-16T11:47:26.052+0000] {processor.py:183} INFO - Processing /home/airflow/.local/lib/python3.12/site-packages/airflow/example_dags/tutorial.py took 0.399 seconds
[2024-07-16T11:47:56.551+0000] {processor.py:161} INFO - Started process (PID=101) to work on /home/airflow/.local/lib/python3.12/site-packages/airflow/example_dags/tutorial.py
[2024-07-16T11:47:56.553+0000] {processor.py:830} INFO - Processing file /home/airflow/.local/lib/python3.12/site-packages/airflow/example_dags/tutorial.py for tasks to queue
[2024-07-16T11:47:56.555+0000] {logging_mixin.py:188} INFO - [2024-07-16T11:47:56.555+0000] {dagbag.py:545} INFO - Filling up the DagBag from /home/airflow/.local/lib/python3.12/site-packages/airflow/example_dags/tutorial.py
[2024-07-16T11:47:56.564+0000] {processor.py:840} INFO - DAG(s) 'tutorial' retrieved from /home/airflow/.local/lib/python3.12/site-packages/airflow/example_dags/tutorial.py
[2024-07-16T11:47:56.596+0000] {logging_mixin.py:188} INFO - [2024-07-16T11:47:56.595+0000] {dag.py:3089} INFO - Sync 1 DAGs
[2024-07-16T11:47:56.631+0000] {logging_mixin.py:188} INFO - [2024-07-16T11:47:56.631+0000] {dag.py:3947} INFO - Setting next_dagrun for tutorial to 2024-07-15 00:00:00+00:00, run_after=2024-07-16 00:00:00+00:00
[2024-07-16T11:47:57.200+0000] {processor.py:183} INFO - Processing /home/airflow/.local/lib/python3.12/site-packages/airflow/example_dags/tutorial.py took 0.656 seconds
[2024-07-16T11:48:27.630+0000] {processor.py:161} INFO - Started process (PID=160) to work on /home/airflow/.local/lib/python3.12/site-packages/airflow/example_dags/tutorial.py
[2024-07-16T11:48:27.632+0000] {processor.py:830} INFO - Processing file /home/airflow/.local/lib/python3.12/site-packages/airflow/example_dags/tutorial.py for tasks to queue
[2024-07-16T11:48:27.635+0000] {logging_mixin.py:188} INFO - [2024-07-16T11:48:27.634+0000] {dagbag.py:545} INFO - Filling up the DagBag from /home/airflow/.local/lib/python3.12/site-packages/airflow/example_dags/tutorial.py
[2024-07-16T11:48:27.643+0000] {processor.py:840} INFO - DAG(s) 'tutorial' retrieved from /home/airflow/.local/lib/python3.12/site-packages/airflow/example_dags/tutorial.py
[2024-07-16T11:48:27.673+0000] {logging_mixin.py:188} INFO - [2024-07-16T11:48:27.672+0000] {dag.py:3089} INFO - Sync 1 DAGs
[2024-07-16T11:48:27.706+0000] {logging_mixin.py:188} INFO - [2024-07-16T11:48:27.706+0000] {dag.py:3947} INFO - Setting next_dagrun for tutorial to 2024-07-15 00:00:00+00:00, run_after=2024-07-16 00:00:00+00:00
[2024-07-16T11:48:28.340+0000] {processor.py:183} INFO - Processing /home/airflow/.local/lib/python3.12/site-packages/airflow/example_dags/tutorial.py took 0.718 seconds
[2024-07-16T11:48:59.324+0000] {processor.py:161} INFO - Started process (PID=221) to work on /home/airflow/.local/lib/python3.12/site-packages/airflow/example_dags/tutorial.py
[2024-07-16T11:48:59.325+0000] {processor.py:830} INFO - Processing file /home/airflow/.local/lib/python3.12/site-packages/airflow/example_dags/tutorial.py for tasks to queue
[2024-07-16T11:48:59.328+0000] {logging_mixin.py:188} INFO - [2024-07-16T11:48:59.328+0000] {dagbag.py:545} INFO - Filling up the DagBag from /home/airflow/.local/lib/python3.12/site-packages/airflow/example_dags/tutorial.py
[2024-07-16T11:48:59.336+0000] {processor.py:840} INFO - DAG(s) 'tutorial' retrieved from /home/airflow/.local/lib/python3.12/site-packages/airflow/example_dags/tutorial.py
[2024-07-16T11:48:59.368+0000] {logging_mixin.py:188} INFO - [2024-07-16T11:48:59.368+0000] {dag.py:3089} INFO - Sync 1 DAGs
[2024-07-16T11:48:59.403+0000] {logging_mixin.py:188} INFO - [2024-07-16T11:48:59.403+0000] {dag.py:3947} INFO - Setting next_dagrun for tutorial to 2024-07-15 00:00:00+00:00, run_after=2024-07-16 00:00:00+00:00
[2024-07-16T11:48:59.524+0000] {processor.py:183} INFO - Processing /home/airflow/.local/lib/python3.12/site-packages/airflow/example_dags/tutorial.py took 0.208 seconds
[2024-07-16T11:49:30.204+0000] {processor.py:161} INFO - Started process (PID=281) to work on /home/airflow/.local/lib/python3.12/site-packages/airflow/example_dags/tutorial.py
[2024-07-16T11:49:30.205+0000] {processor.py:830} INFO - Processing file /home/airflow/.local/lib/python3.12/site-packages/airflow/example_dags/tutorial.py for tasks to queue
[2024-07-16T11:49:30.207+0000] {logging_mixin.py:188} INFO - [2024-07-16T11:49:30.207+0000] {dagbag.py:545} INFO - Filling up the DagBag from /home/airflow/.local/lib/python3.12/site-packages/airflow/example_dags/tutorial.py
[2024-07-16T11:49:30.215+0000] {processor.py:840} INFO - DAG(s) 'tutorial' retrieved from /home/airflow/.local/lib/python3.12/site-packages/airflow/example_dags/tutorial.py
[2024-07-16T11:49:30.242+0000] {logging_mixin.py:188} INFO - [2024-07-16T11:49:30.241+0000] {dag.py:3089} INFO - Sync 1 DAGs
[2024-07-16T11:49:30.275+0000] {logging_mixin.py:188} INFO - [2024-07-16T11:49:30.274+0000] {dag.py:3947} INFO - Setting next_dagrun for tutorial to 2024-07-15 00:00:00+00:00, run_after=2024-07-16 00:00:00+00:00
[2024-07-16T11:49:31.117+0000] {processor.py:183} INFO - Processing /home/airflow/.local/lib/python3.12/site-packages/airflow/example_dags/tutorial.py took 0.921 seconds
[2024-07-16T11:50:01.897+0000] {processor.py:161} INFO - Started process (PID=341) to work on /home/airflow/.local/lib/python3.12/site-packages/airflow/example_dags/tutorial.py
[2024-07-16T11:50:01.899+0000] {processor.py:830} INFO - Processing file /home/airflow/.local/lib/python3.12/site-packages/airflow/example_dags/tutorial.py for tasks to queue
[2024-07-16T11:50:01.903+0000] {logging_mixin.py:188} INFO - [2024-07-16T11:50:01.902+0000] {dagbag.py:545} INFO - Filling up the DagBag from /home/airflow/.local/lib/python3.12/site-packages/airflow/example_dags/tutorial.py
[2024-07-16T11:50:01.914+0000] {processor.py:840} INFO - DAG(s) 'tutorial' retrieved from /home/airflow/.local/lib/python3.12/site-packages/airflow/example_dags/tutorial.py
[2024-07-16T11:50:01.948+0000] {logging_mixin.py:188} INFO - [2024-07-16T11:50:01.948+0000] {dag.py:3089} INFO - Sync 1 DAGs
[2024-07-16T11:50:01.984+0000] {logging_mixin.py:188} INFO - [2024-07-16T11:50:01.983+0000] {dag.py:3947} INFO - Setting next_dagrun for tutorial to 2024-07-15 00:00:00+00:00, run_after=2024-07-16 00:00:00+00:00
[2024-07-16T11:50:02.023+0000] {processor.py:183} INFO - Processing /home/airflow/.local/lib/python3.12/site-packages/airflow/example_dags/tutorial.py took 0.136 seconds
[2024-07-16T11:50:32.216+0000] {processor.py:161} INFO - Started process (PID=401) to work on /home/airflow/.local/lib/python3.12/site-packages/airflow/example_dags/tutorial.py
[2024-07-16T11:50:32.218+0000] {processor.py:830} INFO - Processing file /home/airflow/.local/lib/python3.12/site-packages/airflow/example_dags/tutorial.py for tasks to queue
[2024-07-16T11:50:32.221+0000] {logging_mixin.py:188} INFO - [2024-07-16T11:50:32.220+0000] {dagbag.py:545} INFO - Filling up the DagBag from /home/airflow/.local/lib/python3.12/site-packages/airflow/example_dags/tutorial.py
[2024-07-16T11:50:32.228+0000] {processor.py:840} INFO - DAG(s) 'tutorial' retrieved from /home/airflow/.local/lib/python3.12/site-packages/airflow/example_dags/tutorial.py
[2024-07-16T11:50:32.260+0000] {logging_mixin.py:188} INFO - [2024-07-16T11:50:32.259+0000] {dag.py:3089} INFO - Sync 1 DAGs
[2024-07-16T11:50:32.291+0000] {logging_mixin.py:188} INFO - [2024-07-16T11:50:32.291+0000] {dag.py:3947} INFO - Setting next_dagrun for tutorial to 2024-07-15 00:00:00+00:00, run_after=2024-07-16 00:00:00+00:00
[2024-07-16T11:50:32.544+0000] {processor.py:183} INFO - Processing /home/airflow/.local/lib/python3.12/site-packages/airflow/example_dags/tutorial.py took 0.335 seconds
[2024-07-16T11:51:02.717+0000] {processor.py:161} INFO - Started process (PID=461) to work on /home/airflow/.local/lib/python3.12/site-packages/airflow/example_dags/tutorial.py
[2024-07-16T11:51:02.719+0000] {processor.py:830} INFO - Processing file /home/airflow/.local/lib/python3.12/site-packages/airflow/example_dags/tutorial.py for tasks to queue
[2024-07-16T11:51:02.721+0000] {logging_mixin.py:188} INFO - [2024-07-16T11:51:02.721+0000] {dagbag.py:545} INFO - Filling up the DagBag from /home/airflow/.local/lib/python3.12/site-packages/airflow/example_dags/tutorial.py
[2024-07-16T11:51:02.728+0000] {processor.py:840} INFO - DAG(s) 'tutorial' retrieved from /home/airflow/.local/lib/python3.12/site-packages/airflow/example_dags/tutorial.py
[2024-07-16T11:51:02.757+0000] {logging_mixin.py:188} INFO - [2024-07-16T11:51:02.757+0000] {dag.py:3089} INFO - Sync 1 DAGs
[2024-07-16T11:51:02.788+0000] {logging_mixin.py:188} INFO - [2024-07-16T11:51:02.788+0000] {dag.py:3947} INFO - Setting next_dagrun for tutorial to 2024-07-15 00:00:00+00:00, run_after=2024-07-16 00:00:00+00:00
[2024-07-16T11:51:03.189+0000] {processor.py:183} INFO - Processing /home/airflow/.local/lib/python3.12/site-packages/airflow/example_dags/tutorial.py took 0.478 seconds
[2024-07-16T11:51:59.889+0000] {processor.py:161} INFO - Started process (PID=491) to work on /home/airflow/.local/lib/python3.12/site-packages/airflow/example_dags/tutorial.py
[2024-07-16T11:51:59.891+0000] {processor.py:830} INFO - Processing file /home/airflow/.local/lib/python3.12/site-packages/airflow/example_dags/tutorial.py for tasks to queue
[2024-07-16T11:51:59.896+0000] {logging_mixin.py:188} INFO - [2024-07-16T11:51:59.895+0000] {dagbag.py:545} INFO - Filling up the DagBag from /home/airflow/.local/lib/python3.12/site-packages/airflow/example_dags/tutorial.py
[2024-07-16T11:51:59.907+0000] {processor.py:840} INFO - DAG(s) 'tutorial' retrieved from /home/airflow/.local/lib/python3.12/site-packages/airflow/example_dags/tutorial.py
[2024-07-16T11:51:59.935+0000] {logging_mixin.py:188} INFO - [2024-07-16T11:51:59.935+0000] {dag.py:3089} INFO - Sync 1 DAGs
[2024-07-16T11:51:59.968+0000] {logging_mixin.py:188} INFO - [2024-07-16T11:51:59.967+0000] {dag.py:3947} INFO - Setting next_dagrun for tutorial to 2024-07-15 00:00:00+00:00, run_after=2024-07-16 00:00:00+00:00
[2024-07-16T11:52:01.634+0000] {processor.py:183} INFO - Processing /home/airflow/.local/lib/python3.12/site-packages/airflow/example_dags/tutorial.py took 1.752 seconds
