[2024-07-16T11:47:43.138+0000] {processor.py:161} INFO - Started process (PID=81) to work on /home/airflow/.local/lib/python3.12/site-packages/airflow/example_dags/tutorial_taskflow_api_virtualenv.py
[2024-07-16T11:47:43.140+0000] {processor.py:830} INFO - Processing file /home/airflow/.local/lib/python3.12/site-packages/airflow/example_dags/tutorial_taskflow_api_virtualenv.py for tasks to queue
[2024-07-16T11:47:43.143+0000] {logging_mixin.py:188} INFO - [2024-07-16T11:47:43.142+0000] {dagbag.py:545} INFO - Filling up the DagBag from /home/airflow/.local/lib/python3.12/site-packages/airflow/example_dags/tutorial_taskflow_api_virtualenv.py
[2024-07-16T11:47:43.160+0000] {processor.py:840} INFO - DAG(s) 'tutorial_taskflow_api_virtualenv' retrieved from /home/airflow/.local/lib/python3.12/site-packages/airflow/example_dags/tutorial_taskflow_api_virtualenv.py
[2024-07-16T11:47:43.292+0000] {logging_mixin.py:188} INFO - [2024-07-16T11:47:43.292+0000] {dag.py:3089} INFO - Sync 1 DAGs
[2024-07-16T11:47:43.306+0000] {logging_mixin.py:188} INFO - [2024-07-16T11:47:43.306+0000] {dag.py:3947} INFO - Setting next_dagrun for tutorial_taskflow_api_virtualenv to None, run_after=None
[2024-07-16T11:47:43.422+0000] {processor.py:183} INFO - Processing /home/airflow/.local/lib/python3.12/site-packages/airflow/example_dags/tutorial_taskflow_api_virtualenv.py took 0.291 seconds
[2024-07-16T11:48:16.621+0000] {processor.py:161} INFO - Started process (PID=140) to work on /home/airflow/.local/lib/python3.12/site-packages/airflow/example_dags/tutorial_taskflow_api_virtualenv.py
[2024-07-16T11:48:16.623+0000] {processor.py:830} INFO - Processing file /home/airflow/.local/lib/python3.12/site-packages/airflow/example_dags/tutorial_taskflow_api_virtualenv.py for tasks to queue
[2024-07-16T11:48:16.626+0000] {logging_mixin.py:188} INFO - [2024-07-16T11:48:16.626+0000] {dagbag.py:545} INFO - Filling up the DagBag from /home/airflow/.local/lib/python3.12/site-packages/airflow/example_dags/tutorial_taskflow_api_virtualenv.py
[2024-07-16T11:48:16.641+0000] {processor.py:840} INFO - DAG(s) 'tutorial_taskflow_api_virtualenv' retrieved from /home/airflow/.local/lib/python3.12/site-packages/airflow/example_dags/tutorial_taskflow_api_virtualenv.py
[2024-07-16T11:48:16.678+0000] {logging_mixin.py:188} INFO - [2024-07-16T11:48:16.677+0000] {dag.py:3089} INFO - Sync 1 DAGs
[2024-07-16T11:48:16.700+0000] {logging_mixin.py:188} INFO - [2024-07-16T11:48:16.699+0000] {dag.py:3947} INFO - Setting next_dagrun for tutorial_taskflow_api_virtualenv to None, run_after=None
[2024-07-16T11:48:17.098+0000] {processor.py:183} INFO - Processing /home/airflow/.local/lib/python3.12/site-packages/airflow/example_dags/tutorial_taskflow_api_virtualenv.py took 0.486 seconds
[2024-07-16T11:48:48.745+0000] {processor.py:161} INFO - Started process (PID=201) to work on /home/airflow/.local/lib/python3.12/site-packages/airflow/example_dags/tutorial_taskflow_api_virtualenv.py
[2024-07-16T11:48:48.747+0000] {processor.py:830} INFO - Processing file /home/airflow/.local/lib/python3.12/site-packages/airflow/example_dags/tutorial_taskflow_api_virtualenv.py for tasks to queue
[2024-07-16T11:48:48.750+0000] {logging_mixin.py:188} INFO - [2024-07-16T11:48:48.750+0000] {dagbag.py:545} INFO - Filling up the DagBag from /home/airflow/.local/lib/python3.12/site-packages/airflow/example_dags/tutorial_taskflow_api_virtualenv.py
[2024-07-16T11:48:48.765+0000] {processor.py:840} INFO - DAG(s) 'tutorial_taskflow_api_virtualenv' retrieved from /home/airflow/.local/lib/python3.12/site-packages/airflow/example_dags/tutorial_taskflow_api_virtualenv.py
[2024-07-16T11:48:48.793+0000] {logging_mixin.py:188} INFO - [2024-07-16T11:48:48.793+0000] {dag.py:3089} INFO - Sync 1 DAGs
[2024-07-16T11:48:48.811+0000] {logging_mixin.py:188} INFO - [2024-07-16T11:48:48.811+0000] {dag.py:3947} INFO - Setting next_dagrun for tutorial_taskflow_api_virtualenv to None, run_after=None
[2024-07-16T11:48:49.657+0000] {processor.py:183} INFO - Processing /home/airflow/.local/lib/python3.12/site-packages/airflow/example_dags/tutorial_taskflow_api_virtualenv.py took 0.920 seconds
[2024-07-16T11:49:20.069+0000] {processor.py:161} INFO - Started process (PID=261) to work on /home/airflow/.local/lib/python3.12/site-packages/airflow/example_dags/tutorial_taskflow_api_virtualenv.py
[2024-07-16T11:49:20.071+0000] {processor.py:830} INFO - Processing file /home/airflow/.local/lib/python3.12/site-packages/airflow/example_dags/tutorial_taskflow_api_virtualenv.py for tasks to queue
[2024-07-16T11:49:20.073+0000] {logging_mixin.py:188} INFO - [2024-07-16T11:49:20.073+0000] {dagbag.py:545} INFO - Filling up the DagBag from /home/airflow/.local/lib/python3.12/site-packages/airflow/example_dags/tutorial_taskflow_api_virtualenv.py
[2024-07-16T11:49:20.087+0000] {processor.py:840} INFO - DAG(s) 'tutorial_taskflow_api_virtualenv' retrieved from /home/airflow/.local/lib/python3.12/site-packages/airflow/example_dags/tutorial_taskflow_api_virtualenv.py
[2024-07-16T11:49:20.117+0000] {logging_mixin.py:188} INFO - [2024-07-16T11:49:20.116+0000] {dag.py:3089} INFO - Sync 1 DAGs
[2024-07-16T11:49:20.136+0000] {logging_mixin.py:188} INFO - [2024-07-16T11:49:20.135+0000] {dag.py:3947} INFO - Setting next_dagrun for tutorial_taskflow_api_virtualenv to None, run_after=None
[2024-07-16T11:49:20.492+0000] {processor.py:183} INFO - Processing /home/airflow/.local/lib/python3.12/site-packages/airflow/example_dags/tutorial_taskflow_api_virtualenv.py took 0.430 seconds
[2024-07-16T11:49:54.255+0000] {processor.py:161} INFO - Started process (PID=321) to work on /home/airflow/.local/lib/python3.12/site-packages/airflow/example_dags/tutorial_taskflow_api_virtualenv.py
[2024-07-16T11:49:54.256+0000] {processor.py:830} INFO - Processing file /home/airflow/.local/lib/python3.12/site-packages/airflow/example_dags/tutorial_taskflow_api_virtualenv.py for tasks to queue
[2024-07-16T11:49:54.259+0000] {logging_mixin.py:188} INFO - [2024-07-16T11:49:54.259+0000] {dagbag.py:545} INFO - Filling up the DagBag from /home/airflow/.local/lib/python3.12/site-packages/airflow/example_dags/tutorial_taskflow_api_virtualenv.py
[2024-07-16T11:49:54.275+0000] {processor.py:840} INFO - DAG(s) 'tutorial_taskflow_api_virtualenv' retrieved from /home/airflow/.local/lib/python3.12/site-packages/airflow/example_dags/tutorial_taskflow_api_virtualenv.py
[2024-07-16T11:49:54.304+0000] {logging_mixin.py:188} INFO - [2024-07-16T11:49:54.303+0000] {dag.py:3089} INFO - Sync 1 DAGs
[2024-07-16T11:49:54.320+0000] {logging_mixin.py:188} INFO - [2024-07-16T11:49:54.320+0000] {dag.py:3947} INFO - Setting next_dagrun for tutorial_taskflow_api_virtualenv to None, run_after=None
[2024-07-16T11:49:54.789+0000] {processor.py:183} INFO - Processing /home/airflow/.local/lib/python3.12/site-packages/airflow/example_dags/tutorial_taskflow_api_virtualenv.py took 0.543 seconds
[2024-07-16T11:50:24.929+0000] {processor.py:161} INFO - Started process (PID=375) to work on /home/airflow/.local/lib/python3.12/site-packages/airflow/example_dags/tutorial_taskflow_api_virtualenv.py
[2024-07-16T11:50:24.930+0000] {processor.py:830} INFO - Processing file /home/airflow/.local/lib/python3.12/site-packages/airflow/example_dags/tutorial_taskflow_api_virtualenv.py for tasks to queue
[2024-07-16T11:50:24.933+0000] {logging_mixin.py:188} INFO - [2024-07-16T11:50:24.933+0000] {dagbag.py:545} INFO - Filling up the DagBag from /home/airflow/.local/lib/python3.12/site-packages/airflow/example_dags/tutorial_taskflow_api_virtualenv.py
[2024-07-16T11:50:24.947+0000] {processor.py:840} INFO - DAG(s) 'tutorial_taskflow_api_virtualenv' retrieved from /home/airflow/.local/lib/python3.12/site-packages/airflow/example_dags/tutorial_taskflow_api_virtualenv.py
[2024-07-16T11:50:24.977+0000] {logging_mixin.py:188} INFO - [2024-07-16T11:50:24.977+0000] {dag.py:3089} INFO - Sync 1 DAGs
[2024-07-16T11:50:24.996+0000] {logging_mixin.py:188} INFO - [2024-07-16T11:50:24.996+0000] {dag.py:3947} INFO - Setting next_dagrun for tutorial_taskflow_api_virtualenv to None, run_after=None
[2024-07-16T11:50:25.193+0000] {processor.py:183} INFO - Processing /home/airflow/.local/lib/python3.12/site-packages/airflow/example_dags/tutorial_taskflow_api_virtualenv.py took 0.272 seconds
[2024-07-16T11:50:55.525+0000] {processor.py:161} INFO - Started process (PID=435) to work on /home/airflow/.local/lib/python3.12/site-packages/airflow/example_dags/tutorial_taskflow_api_virtualenv.py
[2024-07-16T11:50:55.527+0000] {processor.py:830} INFO - Processing file /home/airflow/.local/lib/python3.12/site-packages/airflow/example_dags/tutorial_taskflow_api_virtualenv.py for tasks to queue
[2024-07-16T11:50:55.530+0000] {logging_mixin.py:188} INFO - [2024-07-16T11:50:55.530+0000] {dagbag.py:545} INFO - Filling up the DagBag from /home/airflow/.local/lib/python3.12/site-packages/airflow/example_dags/tutorial_taskflow_api_virtualenv.py
[2024-07-16T11:50:55.543+0000] {processor.py:840} INFO - DAG(s) 'tutorial_taskflow_api_virtualenv' retrieved from /home/airflow/.local/lib/python3.12/site-packages/airflow/example_dags/tutorial_taskflow_api_virtualenv.py
[2024-07-16T11:50:55.573+0000] {logging_mixin.py:188} INFO - [2024-07-16T11:50:55.572+0000] {dag.py:3089} INFO - Sync 1 DAGs
[2024-07-16T11:50:55.592+0000] {logging_mixin.py:188} INFO - [2024-07-16T11:50:55.591+0000] {dag.py:3947} INFO - Setting next_dagrun for tutorial_taskflow_api_virtualenv to None, run_after=None
[2024-07-16T11:50:55.807+0000] {processor.py:183} INFO - Processing /home/airflow/.local/lib/python3.12/site-packages/airflow/example_dags/tutorial_taskflow_api_virtualenv.py took 0.289 seconds
[2024-07-16T11:52:10.984+0000] {processor.py:161} INFO - Started process (PID=520) to work on /home/airflow/.local/lib/python3.12/site-packages/airflow/example_dags/tutorial_taskflow_api_virtualenv.py
[2024-07-16T11:52:10.985+0000] {processor.py:830} INFO - Processing file /home/airflow/.local/lib/python3.12/site-packages/airflow/example_dags/tutorial_taskflow_api_virtualenv.py for tasks to queue
[2024-07-16T11:52:10.988+0000] {logging_mixin.py:188} INFO - [2024-07-16T11:52:10.988+0000] {dagbag.py:545} INFO - Filling up the DagBag from /home/airflow/.local/lib/python3.12/site-packages/airflow/example_dags/tutorial_taskflow_api_virtualenv.py
[2024-07-16T11:52:11.002+0000] {processor.py:840} INFO - DAG(s) 'tutorial_taskflow_api_virtualenv' retrieved from /home/airflow/.local/lib/python3.12/site-packages/airflow/example_dags/tutorial_taskflow_api_virtualenv.py
[2024-07-16T11:52:11.031+0000] {logging_mixin.py:188} INFO - [2024-07-16T11:52:11.031+0000] {dag.py:3089} INFO - Sync 1 DAGs
[2024-07-16T11:52:11.049+0000] {logging_mixin.py:188} INFO - [2024-07-16T11:52:11.048+0000] {dag.py:3947} INFO - Setting next_dagrun for tutorial_taskflow_api_virtualenv to None, run_after=None
[2024-07-16T11:52:11.581+0000] {processor.py:183} INFO - Processing /home/airflow/.local/lib/python3.12/site-packages/airflow/example_dags/tutorial_taskflow_api_virtualenv.py took 0.605 seconds
